<?xml version="1.0" encoding="UTF-8"?>
<robot generator="Robot 6.0.2 (Python 3.10.0 on win32)" generated="20231210 23:04:30.612" rpa="false" schemaversion="3">
<suite id="s1" name="Tc04" source="C:\Parent\Testcase\tc04.robot">
<test id="s1-t1" name="Invalid User Name" line="22">
<kw name="Login with invalid credentials should fail">
<arg>invalid</arg>
<arg>secret_sauce</arg>
<kw name="Open Browser" library="SeleniumLibrary">
<arg>https://www.saucedemo.com/</arg>
<arg>Chrome</arg>
<doc>Opens a new browser instance to the optional ``url``.</doc>
<msg timestamp="20231210 23:04:30.910" level="INFO">Opening browser 'Chrome' to base url 'https://www.saucedemo.com/'.</msg>
<status status="PASS" starttime="20231210 23:04:30.910" endtime="20231210 23:04:33.276"/>
</kw>
<kw name="Maximize Browser Window" library="SeleniumLibrary">
<doc>Maximizes current browser window.</doc>
<status status="PASS" starttime="20231210 23:04:33.276" endtime="20231210 23:04:33.396"/>
</kw>
<kw name="Wait Until Page Contains Element" library="SeleniumLibrary">
<arg>//input[@id="user-name"]</arg>
<arg>20</arg>
<doc>Waits until the element ``locator`` appears on the current page.</doc>
<status status="PASS" starttime="20231210 23:04:33.397" endtime="20231210 23:04:33.412"/>
</kw>
<kw name="Input Text" library="SeleniumLibrary">
<arg>//input[@id="user-name"]</arg>
<arg>${name}</arg>
<doc>Types the given ``text`` into the text field identified by ``locator``.</doc>
<msg timestamp="20231210 23:04:33.424" level="INFO">Typing text 'invalid' into text field '//input[@id="user-name"]'.</msg>
<status status="PASS" starttime="20231210 23:04:33.412" endtime="20231210 23:04:33.694"/>
</kw>
<kw name="Input Text" library="SeleniumLibrary">
<arg>//input[@id="user-name"]</arg>
<arg>${password}</arg>
<doc>Types the given ``text`` into the text field identified by ``locator``.</doc>
<msg timestamp="20231210 23:04:33.694" level="INFO">Typing text 'secret_sauce' into text field '//input[@id="user-name"]'.</msg>
<status status="PASS" starttime="20231210 23:04:33.694" endtime="20231210 23:04:33.988"/>
</kw>
<kw name="Wait Until Page Contains Element" library="SeleniumLibrary">
<arg>//input[@id="login-button"]</arg>
<arg>20</arg>
<doc>Waits until the element ``locator`` appears on the current page.</doc>
<status status="PASS" starttime="20231210 23:04:33.988" endtime="20231210 23:04:33.995"/>
</kw>
<kw name="Click Element" library="SeleniumLibrary">
<arg>//input[@id="login-button"]</arg>
<doc>Click the element identified by ``locator``.</doc>
<msg timestamp="20231210 23:04:33.995" level="INFO">Clicking element '//input[@id="login-button"]'.</msg>
<status status="PASS" starttime="20231210 23:04:33.995" endtime="20231210 23:04:34.102"/>
</kw>
<kw name="Sleep" library="BuiltIn">
<arg>2</arg>
<doc>Pauses the test executed for the given time.</doc>
<msg timestamp="20231210 23:04:36.115" level="INFO">Slept 2 seconds</msg>
<status status="PASS" starttime="20231210 23:04:34.102" endtime="20231210 23:04:36.115"/>
</kw>
<kw name="Capture Page Screenshot" library="SeleniumLibrary">
<doc>Takes a screenshot of the current page and embeds it into a log file.</doc>
<msg timestamp="20231210 23:04:36.280" level="INFO" html="true">&lt;/td&gt;&lt;/tr&gt;&lt;tr&gt;&lt;td colspan="3"&gt;&lt;a href="selenium-screenshot-1.png"&gt;&lt;img src="selenium-screenshot-1.png" width="800px"&gt;&lt;/a&gt;</msg>
<status status="PASS" starttime="20231210 23:04:36.115" endtime="20231210 23:04:36.280"/>
</kw>
<kw name="Close Browser" library="SeleniumLibrary">
<doc>Closes the current browser.</doc>
<status status="PASS" starttime="20231210 23:04:36.280" endtime="20231210 23:04:38.555"/>
</kw>
<status status="PASS" starttime="20231210 23:04:30.910" endtime="20231210 23:04:38.555"/>
</kw>
<status status="PASS" starttime="20231210 23:04:30.910" endtime="20231210 23:04:38.555"/>
</test>
<test id="s1-t2" name="Invalid Password" line="23">
<kw name="Login with invalid credentials should fail">
<arg>standard_user</arg>
<arg>invalid</arg>
<kw name="Open Browser" library="SeleniumLibrary">
<arg>https://www.saucedemo.com/</arg>
<arg>Chrome</arg>
<doc>Opens a new browser instance to the optional ``url``.</doc>
<msg timestamp="20231210 23:04:38.555" level="INFO">Opening browser 'Chrome' to base url 'https://www.saucedemo.com/'.</msg>
<status status="PASS" starttime="20231210 23:04:38.555" endtime="20231210 23:04:40.829"/>
</kw>
<kw name="Maximize Browser Window" library="SeleniumLibrary">
<doc>Maximizes current browser window.</doc>
<status status="PASS" starttime="20231210 23:04:40.829" endtime="20231210 23:04:40.963"/>
</kw>
<kw name="Wait Until Page Contains Element" library="SeleniumLibrary">
<arg>//input[@id="user-name"]</arg>
<arg>20</arg>
<doc>Waits until the element ``locator`` appears on the current page.</doc>
<status status="PASS" starttime="20231210 23:04:40.963" endtime="20231210 23:04:40.996"/>
</kw>
<kw name="Input Text" library="SeleniumLibrary">
<arg>//input[@id="user-name"]</arg>
<arg>${name}</arg>
<doc>Types the given ``text`` into the text field identified by ``locator``.</doc>
<msg timestamp="20231210 23:04:40.998" level="INFO">Typing text 'standard_user' into text field '//input[@id="user-name"]'.</msg>
<status status="PASS" starttime="20231210 23:04:40.996" endtime="20231210 23:04:41.308"/>
</kw>
<kw name="Input Text" library="SeleniumLibrary">
<arg>//input[@id="user-name"]</arg>
<arg>${password}</arg>
<doc>Types the given ``text`` into the text field identified by ``locator``.</doc>
<msg timestamp="20231210 23:04:41.308" level="INFO">Typing text 'invalid' into text field '//input[@id="user-name"]'.</msg>
<status status="PASS" starttime="20231210 23:04:41.308" endtime="20231210 23:04:41.581"/>
</kw>
<kw name="Wait Until Page Contains Element" library="SeleniumLibrary">
<arg>//input[@id="login-button"]</arg>
<arg>20</arg>
<doc>Waits until the element ``locator`` appears on the current page.</doc>
<status status="PASS" starttime="20231210 23:04:41.581" endtime="20231210 23:04:41.597"/>
</kw>
<kw name="Click Element" library="SeleniumLibrary">
<arg>//input[@id="login-button"]</arg>
<doc>Click the element identified by ``locator``.</doc>
<msg timestamp="20231210 23:04:41.597" level="INFO">Clicking element '//input[@id="login-button"]'.</msg>
<status status="PASS" starttime="20231210 23:04:41.597" endtime="20231210 23:04:41.724"/>
</kw>
<kw name="Sleep" library="BuiltIn">
<arg>2</arg>
<doc>Pauses the test executed for the given time.</doc>
<msg timestamp="20231210 23:04:43.739" level="INFO">Slept 2 seconds</msg>
<status status="PASS" starttime="20231210 23:04:41.724" endtime="20231210 23:04:43.739"/>
</kw>
<kw name="Capture Page Screenshot" library="SeleniumLibrary">
<doc>Takes a screenshot of the current page and embeds it into a log file.</doc>
<msg timestamp="20231210 23:04:43.897" level="INFO" html="true">&lt;/td&gt;&lt;/tr&gt;&lt;tr&gt;&lt;td colspan="3"&gt;&lt;a href="selenium-screenshot-2.png"&gt;&lt;img src="selenium-screenshot-2.png" width="800px"&gt;&lt;/a&gt;</msg>
<status status="PASS" starttime="20231210 23:04:43.739" endtime="20231210 23:04:43.897"/>
</kw>
<kw name="Close Browser" library="SeleniumLibrary">
<doc>Closes the current browser.</doc>
<status status="PASS" starttime="20231210 23:04:43.897" endtime="20231210 23:04:46.191"/>
</kw>
<status status="PASS" starttime="20231210 23:04:38.555" endtime="20231210 23:04:46.191"/>
</kw>
<status status="PASS" starttime="20231210 23:04:38.555" endtime="20231210 23:04:46.191"/>
</test>
<test id="s1-t3" name="Invalid User Name and Password" line="24">
<kw name="Login with invalid credentials should fail">
<arg>invalid</arg>
<arg>invalid</arg>
<kw name="Open Browser" library="SeleniumLibrary">
<arg>https://www.saucedemo.com/</arg>
<arg>Chrome</arg>
<doc>Opens a new browser instance to the optional ``url``.</doc>
<msg timestamp="20231210 23:04:46.191" level="INFO">Opening browser 'Chrome' to base url 'https://www.saucedemo.com/'.</msg>
<status status="PASS" starttime="20231210 23:04:46.191" endtime="20231210 23:04:48.407"/>
</kw>
<kw name="Maximize Browser Window" library="SeleniumLibrary">
<doc>Maximizes current browser window.</doc>
<status status="PASS" starttime="20231210 23:04:48.407" endtime="20231210 23:04:48.532"/>
</kw>
<kw name="Wait Until Page Contains Element" library="SeleniumLibrary">
<arg>//input[@id="user-name"]</arg>
<arg>20</arg>
<doc>Waits until the element ``locator`` appears on the current page.</doc>
<status status="PASS" starttime="20231210 23:04:48.532" endtime="20231210 23:04:48.556"/>
</kw>
<kw name="Input Text" library="SeleniumLibrary">
<arg>//input[@id="user-name"]</arg>
<arg>${name}</arg>
<doc>Types the given ``text`` into the text field identified by ``locator``.</doc>
<msg timestamp="20231210 23:04:48.556" level="INFO">Typing text 'invalid' into text field '//input[@id="user-name"]'.</msg>
<status status="PASS" starttime="20231210 23:04:48.556" endtime="20231210 23:04:48.828"/>
</kw>
<kw name="Input Text" library="SeleniumLibrary">
<arg>//input[@id="user-name"]</arg>
<arg>${password}</arg>
<doc>Types the given ``text`` into the text field identified by ``locator``.</doc>
<msg timestamp="20231210 23:04:48.828" level="INFO">Typing text 'invalid' into text field '//input[@id="user-name"]'.</msg>
<status status="PASS" starttime="20231210 23:04:48.828" endtime="20231210 23:04:48.987"/>
</kw>
<kw name="Wait Until Page Contains Element" library="SeleniumLibrary">
<arg>//input[@id="login-button"]</arg>
<arg>20</arg>
<doc>Waits until the element ``locator`` appears on the current page.</doc>
<status status="PASS" starttime="20231210 23:04:48.987" endtime="20231210 23:04:49.003"/>
</kw>
<kw name="Click Element" library="SeleniumLibrary">
<arg>//input[@id="login-button"]</arg>
<doc>Click the element identified by ``locator``.</doc>
<msg timestamp="20231210 23:04:49.003" level="INFO">Clicking element '//input[@id="login-button"]'.</msg>
<status status="PASS" starttime="20231210 23:04:49.003" endtime="20231210 23:04:49.094"/>
</kw>
<kw name="Sleep" library="BuiltIn">
<arg>2</arg>
<doc>Pauses the test executed for the given time.</doc>
<msg timestamp="20231210 23:04:51.109" level="INFO">Slept 2 seconds</msg>
<status status="PASS" starttime="20231210 23:04:49.094" endtime="20231210 23:04:51.109"/>
</kw>
<kw name="Capture Page Screenshot" library="SeleniumLibrary">
<doc>Takes a screenshot of the current page and embeds it into a log file.</doc>
<msg timestamp="20231210 23:04:51.260" level="INFO" html="true">&lt;/td&gt;&lt;/tr&gt;&lt;tr&gt;&lt;td colspan="3"&gt;&lt;a href="selenium-screenshot-3.png"&gt;&lt;img src="selenium-screenshot-3.png" width="800px"&gt;&lt;/a&gt;</msg>
<status status="PASS" starttime="20231210 23:04:51.109" endtime="20231210 23:04:51.260"/>
</kw>
<kw name="Close Browser" library="SeleniumLibrary">
<doc>Closes the current browser.</doc>
<status status="PASS" starttime="20231210 23:04:51.260" endtime="20231210 23:04:53.554"/>
</kw>
<status status="PASS" starttime="20231210 23:04:46.191" endtime="20231210 23:04:53.554"/>
</kw>
<status status="PASS" starttime="20231210 23:04:46.191" endtime="20231210 23:04:53.554"/>
</test>
<test id="s1-t4" name="Empty User Name" line="25">
<kw name="Login with invalid credentials should fail">
<arg>${EMPTY}</arg>
<arg>secret_sauce</arg>
<kw name="Open Browser" library="SeleniumLibrary">
<arg>https://www.saucedemo.com/</arg>
<arg>Chrome</arg>
<doc>Opens a new browser instance to the optional ``url``.</doc>
<msg timestamp="20231210 23:04:53.554" level="INFO">Opening browser 'Chrome' to base url 'https://www.saucedemo.com/'.</msg>
<status status="PASS" starttime="20231210 23:04:53.554" endtime="20231210 23:04:55.851"/>
</kw>
<kw name="Maximize Browser Window" library="SeleniumLibrary">
<doc>Maximizes current browser window.</doc>
<status status="PASS" starttime="20231210 23:04:55.855" endtime="20231210 23:04:55.978"/>
</kw>
<kw name="Wait Until Page Contains Element" library="SeleniumLibrary">
<arg>//input[@id="user-name"]</arg>
<arg>20</arg>
<doc>Waits until the element ``locator`` appears on the current page.</doc>
<status status="PASS" starttime="20231210 23:04:55.978" endtime="20231210 23:04:55.996"/>
</kw>
<kw name="Input Text" library="SeleniumLibrary">
<arg>//input[@id="user-name"]</arg>
<arg>${name}</arg>
<doc>Types the given ``text`` into the text field identified by ``locator``.</doc>
<msg timestamp="20231210 23:04:56.007" level="INFO">Typing text '' into text field '//input[@id="user-name"]'.</msg>
<status status="PASS" starttime="20231210 23:04:55.996" endtime="20231210 23:04:56.285"/>
</kw>
<kw name="Input Text" library="SeleniumLibrary">
<arg>//input[@id="user-name"]</arg>
<arg>${password}</arg>
<doc>Types the given ``text`` into the text field identified by ``locator``.</doc>
<msg timestamp="20231210 23:04:56.285" level="INFO">Typing text 'secret_sauce' into text field '//input[@id="user-name"]'.</msg>
<status status="PASS" starttime="20231210 23:04:56.285" endtime="20231210 23:04:56.512"/>
</kw>
<kw name="Wait Until Page Contains Element" library="SeleniumLibrary">
<arg>//input[@id="login-button"]</arg>
<arg>20</arg>
<doc>Waits until the element ``locator`` appears on the current page.</doc>
<status status="PASS" starttime="20231210 23:04:56.512" endtime="20231210 23:04:56.518"/>
</kw>
<kw name="Click Element" library="SeleniumLibrary">
<arg>//input[@id="login-button"]</arg>
<doc>Click the element identified by ``locator``.</doc>
<msg timestamp="20231210 23:04:56.518" level="INFO">Clicking element '//input[@id="login-button"]'.</msg>
<status status="PASS" starttime="20231210 23:04:56.518" endtime="20231210 23:04:56.622"/>
</kw>
<kw name="Sleep" library="BuiltIn">
<arg>2</arg>
<doc>Pauses the test executed for the given time.</doc>
<msg timestamp="20231210 23:04:58.629" level="INFO">Slept 2 seconds</msg>
<status status="PASS" starttime="20231210 23:04:56.622" endtime="20231210 23:04:58.629"/>
</kw>
<kw name="Capture Page Screenshot" library="SeleniumLibrary">
<doc>Takes a screenshot of the current page and embeds it into a log file.</doc>
<msg timestamp="20231210 23:04:58.808" level="INFO" html="true">&lt;/td&gt;&lt;/tr&gt;&lt;tr&gt;&lt;td colspan="3"&gt;&lt;a href="selenium-screenshot-4.png"&gt;&lt;img src="selenium-screenshot-4.png" width="800px"&gt;&lt;/a&gt;</msg>
<status status="PASS" starttime="20231210 23:04:58.629" endtime="20231210 23:04:58.808"/>
</kw>
<kw name="Close Browser" library="SeleniumLibrary">
<doc>Closes the current browser.</doc>
<status status="PASS" starttime="20231210 23:04:58.808" endtime="20231210 23:05:01.065"/>
</kw>
<status status="PASS" starttime="20231210 23:04:53.554" endtime="20231210 23:05:01.065"/>
</kw>
<status status="PASS" starttime="20231210 23:04:53.554" endtime="20231210 23:05:01.065"/>
</test>
<test id="s1-t5" name="Empty Password" line="26">
<kw name="Login with invalid credentials should fail">
<arg>standard_user</arg>
<arg>${EMPTY}</arg>
<kw name="Open Browser" library="SeleniumLibrary">
<arg>https://www.saucedemo.com/</arg>
<arg>Chrome</arg>
<doc>Opens a new browser instance to the optional ``url``.</doc>
<msg timestamp="20231210 23:05:01.065" level="INFO">Opening browser 'Chrome' to base url 'https://www.saucedemo.com/'.</msg>
<status status="PASS" starttime="20231210 23:05:01.065" endtime="20231210 23:05:03.257"/>
</kw>
<kw name="Maximize Browser Window" library="SeleniumLibrary">
<doc>Maximizes current browser window.</doc>
<status status="PASS" starttime="20231210 23:05:03.257" endtime="20231210 23:05:03.395"/>
</kw>
<kw name="Wait Until Page Contains Element" library="SeleniumLibrary">
<arg>//input[@id="user-name"]</arg>
<arg>20</arg>
<doc>Waits until the element ``locator`` appears on the current page.</doc>
<status status="PASS" starttime="20231210 23:05:03.395" endtime="20231210 23:05:03.430"/>
</kw>
<kw name="Input Text" library="SeleniumLibrary">
<arg>//input[@id="user-name"]</arg>
<arg>${name}</arg>
<doc>Types the given ``text`` into the text field identified by ``locator``.</doc>
<msg timestamp="20231210 23:05:03.430" level="INFO">Typing text 'standard_user' into text field '//input[@id="user-name"]'.</msg>
<status status="PASS" starttime="20231210 23:05:03.430" endtime="20231210 23:05:03.819"/>
</kw>
<kw name="Input Text" library="SeleniumLibrary">
<arg>//input[@id="user-name"]</arg>
<arg>${password}</arg>
<doc>Types the given ``text`` into the text field identified by ``locator``.</doc>
<msg timestamp="20231210 23:05:03.819" level="INFO">Typing text '' into text field '//input[@id="user-name"]'.</msg>
<status status="PASS" starttime="20231210 23:05:03.819" endtime="20231210 23:05:04.039"/>
</kw>
<kw name="Wait Until Page Contains Element" library="SeleniumLibrary">
<arg>//input[@id="login-button"]</arg>
<arg>20</arg>
<doc>Waits until the element ``locator`` appears on the current page.</doc>
<status status="PASS" starttime="20231210 23:05:04.039" endtime="20231210 23:05:04.058"/>
</kw>
<kw name="Click Element" library="SeleniumLibrary">
<arg>//input[@id="login-button"]</arg>
<doc>Click the element identified by ``locator``.</doc>
<msg timestamp="20231210 23:05:04.058" level="INFO">Clicking element '//input[@id="login-button"]'.</msg>
<status status="PASS" starttime="20231210 23:05:04.058" endtime="20231210 23:05:04.151"/>
</kw>
<kw name="Sleep" library="BuiltIn">
<arg>2</arg>
<doc>Pauses the test executed for the given time.</doc>
<msg timestamp="20231210 23:05:06.163" level="INFO">Slept 2 seconds</msg>
<status status="PASS" starttime="20231210 23:05:04.151" endtime="20231210 23:05:06.163"/>
</kw>
<kw name="Capture Page Screenshot" library="SeleniumLibrary">
<doc>Takes a screenshot of the current page and embeds it into a log file.</doc>
<msg timestamp="20231210 23:05:06.311" level="INFO" html="true">&lt;/td&gt;&lt;/tr&gt;&lt;tr&gt;&lt;td colspan="3"&gt;&lt;a href="selenium-screenshot-5.png"&gt;&lt;img src="selenium-screenshot-5.png" width="800px"&gt;&lt;/a&gt;</msg>
<status status="PASS" starttime="20231210 23:05:06.163" endtime="20231210 23:05:06.311"/>
</kw>
<kw name="Close Browser" library="SeleniumLibrary">
<doc>Closes the current browser.</doc>
<status status="PASS" starttime="20231210 23:05:06.311" endtime="20231210 23:05:08.574"/>
</kw>
<status status="PASS" starttime="20231210 23:05:01.065" endtime="20231210 23:05:08.574"/>
</kw>
<status status="PASS" starttime="20231210 23:05:01.065" endtime="20231210 23:05:08.574"/>
</test>
<test id="s1-t6" name="Empty User Name and Password" line="27">
<kw name="Login with invalid credentials should fail">
<arg>${EMPTY}</arg>
<arg>${EMPTY}</arg>
<kw name="Open Browser" library="SeleniumLibrary">
<arg>https://www.saucedemo.com/</arg>
<arg>Chrome</arg>
<doc>Opens a new browser instance to the optional ``url``.</doc>
<msg timestamp="20231210 23:05:08.574" level="INFO">Opening browser 'Chrome' to base url 'https://www.saucedemo.com/'.</msg>
<status status="PASS" starttime="20231210 23:05:08.574" endtime="20231210 23:05:10.866"/>
</kw>
<kw name="Maximize Browser Window" library="SeleniumLibrary">
<doc>Maximizes current browser window.</doc>
<status status="PASS" starttime="20231210 23:05:10.866" endtime="20231210 23:05:10.996"/>
</kw>
<kw name="Wait Until Page Contains Element" library="SeleniumLibrary">
<arg>//input[@id="user-name"]</arg>
<arg>20</arg>
<doc>Waits until the element ``locator`` appears on the current page.</doc>
<status status="PASS" starttime="20231210 23:05:10.996" endtime="20231210 23:05:11.017"/>
</kw>
<kw name="Input Text" library="SeleniumLibrary">
<arg>//input[@id="user-name"]</arg>
<arg>${name}</arg>
<doc>Types the given ``text`` into the text field identified by ``locator``.</doc>
<msg timestamp="20231210 23:05:11.017" level="INFO">Typing text '' into text field '//input[@id="user-name"]'.</msg>
<status status="PASS" starttime="20231210 23:05:11.017" endtime="20231210 23:05:11.242"/>
</kw>
<kw name="Input Text" library="SeleniumLibrary">
<arg>//input[@id="user-name"]</arg>
<arg>${password}</arg>
<doc>Types the given ``text`` into the text field identified by ``locator``.</doc>
<msg timestamp="20231210 23:05:11.242" level="INFO">Typing text '' into text field '//input[@id="user-name"]'.</msg>
<status status="PASS" starttime="20231210 23:05:11.242" endtime="20231210 23:05:11.326"/>
</kw>
<kw name="Wait Until Page Contains Element" library="SeleniumLibrary">
<arg>//input[@id="login-button"]</arg>
<arg>20</arg>
<doc>Waits until the element ``locator`` appears on the current page.</doc>
<status status="PASS" starttime="20231210 23:05:11.326" endtime="20231210 23:05:11.335"/>
</kw>
<kw name="Click Element" library="SeleniumLibrary">
<arg>//input[@id="login-button"]</arg>
<doc>Click the element identified by ``locator``.</doc>
<msg timestamp="20231210 23:05:11.335" level="INFO">Clicking element '//input[@id="login-button"]'.</msg>
<status status="PASS" starttime="20231210 23:05:11.335" endtime="20231210 23:05:11.438"/>
</kw>
<kw name="Sleep" library="BuiltIn">
<arg>2</arg>
<doc>Pauses the test executed for the given time.</doc>
<msg timestamp="20231210 23:05:13.449" level="INFO">Slept 2 seconds</msg>
<status status="PASS" starttime="20231210 23:05:11.438" endtime="20231210 23:05:13.449"/>
</kw>
<kw name="Capture Page Screenshot" library="SeleniumLibrary">
<doc>Takes a screenshot of the current page and embeds it into a log file.</doc>
<msg timestamp="20231210 23:05:13.582" level="INFO" html="true">&lt;/td&gt;&lt;/tr&gt;&lt;tr&gt;&lt;td colspan="3"&gt;&lt;a href="selenium-screenshot-6.png"&gt;&lt;img src="selenium-screenshot-6.png" width="800px"&gt;&lt;/a&gt;</msg>
<status status="PASS" starttime="20231210 23:05:13.450" endtime="20231210 23:05:13.582"/>
</kw>
<kw name="Close Browser" library="SeleniumLibrary">
<doc>Closes the current browser.</doc>
<status status="PASS" starttime="20231210 23:05:13.582" endtime="20231210 23:05:15.867"/>
</kw>
<status status="PASS" starttime="20231210 23:05:08.574" endtime="20231210 23:05:15.867"/>
</kw>
<status status="PASS" starttime="20231210 23:05:08.574" endtime="20231210 23:05:15.869"/>
</test>
<status status="PASS" starttime="20231210 23:04:30.615" endtime="20231210 23:05:15.869"/>
</suite>
<statistics>
<total>
<stat pass="6" fail="0" skip="0">All Tests</stat>
</total>
<tag>
</tag>
<suite>
<stat pass="6" fail="0" skip="0" id="s1" name="Tc04">Tc04</stat>
</suite>
</statistics>
<errors>
</errors>
</robot>
