==============================================================================
Productor                                                                     
==============================================================================
Productor.Testcase                                                            
==============================================================================
[ERROR] EXCEPTION RAISED DURING PABOT EXECUTION
[ERROR] PLEASE CONSIDER REPORTING THIS ISSUE TO https://github.com/mkorpela/pabot/issues
Pabot: 2.18.0
Python: 3.10.0 (tags/v3.10.0:b494f59, Oct  4 2021, 19:00:18) [MSC v.1929 64 bit (AMD64)]
Robot Framework: 6.0.2
Total testing: 0.0 seconds
Elapsed time:  0.0 seconds
Error: Command 'pabot -d .\output\ -i TC01 .' returned non-zero exit status 1.
Productor.Testcase.Tc01 :: Create,Edit,Delete Portfolio                       
==============================================================================
TC01                                                                    
  Traceback (most recent call last):
    ~~~~~~~~~~~~~~~~~~~~~~~~~~~~~~~~~~~~~~~~~~~~~~~~~~~~~~~~~~~~~~~~~~~~~~~~~~
    File  C:\Productor\Testcase\tc01.robot:9
    T:  TC01    
    ~~~~~~~~~~~~~~~~~~~~~~~~~~~~~~~~~~~~~~~~~~~~~~~~~~~~~~~~~~~~~~~~~~~~~~~~~~
    File  C:\Productor\Testcase\tc01.robot:10
      Given Login into Productor Application    
    ~~~~~~~~~~~~~~~~~~~~~~~~~~~~~~~~~~~~~~~~~~~~~~~~~~~~~~~~~~~~~~~~~~~~~~~~~~
    File  C:\Productor\Testcase\TC01_Support.robot:8
      Verify an application should be opened    
    ~~~~~~~~~~~~~~~~~~~~~~~~~~~~~~~~~~~~~~~~~~~~~~~~~~~~~~~~~~~~~~~~~~~~~~~~~~
    File  C:\Productor\Testcase\TC01_Support.robot:41
      Login Application    ${username001}
      |  ${username001} = Tparthi@valuefactors.io (str)
    ~~~~~~~~~~~~~~~~~~~~~~~~~~~~~~~~~~~~~~~~~~~~~~~~~~~~~~~~~~~~~~~~~~~~~~~~~~
    File  C:\Productor\Login.robot:28
      Wait Until Page Contains Element    ${Input_Username}    50
      |  ${Input_Username} = //input[@id="auth-email-id"] (str)
______________________________________________________________________________
| FAIL |
NoSuchWindowException: Message: no such window: target window already closed
from unknown error: web view not found
  (Session info: MicrosoftEdge=121.0.2277.83)
Stacktrace:
	GetHandleVerifier [0x00007FF7C8EBAD02+60770]
	Microsoft::Applications::Events::ILogConfiguration::operator* [0x00007FF7C8E484B2+228274]
	(No symbol) [0x00007FF7C8C5ADBB]
	(No symbol) [0x00007FF7C8C322BD]
	(No symbol) [0x00007FF7C8CD3091]
	(No symbol) [0x00007FF7C8CE8BC3]
	(No symbol) [0x00007FF7C8CCC143]
	(No symbol) [0x00007FF7C8C9D4A8]
	(No symbol) [0x00007FF7C8C9C317]
	(No symbol) [0x00007FF7C8C9D041]
	Microsoft::Applications::Events::EventProperty::to_string [0x00007FF7C906B47C+1039884]
	(No symbol) [0x00007FF7C8D20D65]
	Microsoft::Applications::Events::EventProperty::~EventProperty [0x00007FF7C8DBA82C+36956]
	Microsoft::Applications::Events::EventProperty::~EventProperty [0x00007FF7C8DB2352+2946]
	Microsoft::Applications::Events::EventProperty::to_string [0x00007FF7C9069EC3+1034323]
	Microsoft::Applications::Events::ILogConfiguration::operator* [0x00007FF7C8E52418+269080]
	Microsoft::Applications::Events::ILogConfiguration::operator* [0x00007FF7C8E4D0F4+247796]
	Microsoft::Applications::Events::ILogConfiguration::operator* [0x00007FF7C8E4D222+248098]
	Microsoft::Applications::Events::ILogConfiguration::operator* [0x00007FF7C8E43911+208913]
	BaseThreadInitThunk [0x00007FF9A018257D+29]
	RtlUserThreadStart [0x00007FF9A156AA58+40]
------------------------------------------------------------------------------
Productor.Testcase.Tc01 :: Create,Edit,Delete Portfolio               | FAIL |
1 test, 0 passed, 1 failed
==============================================================================
Productor.Testcase                                                    | FAIL |
1 test, 0 passed, 1 failed
==============================================================================
Productor                                                             | FAIL |
1 test, 0 passed, 1 failed
==============================================================================
Output:  C:\Productor\output\pabot_results\0\output.xml
