<?xml version="1.0" encoding="UTF-8"?>
<robot generator="Robot 6.0.2 (Python 3.10.0 on win32)" generated="20231210 20:18:05.652" rpa="false" schemaversion="3">
<suite id="s1" name="Testcase" source="C:\Parent\Testcase">
<suite id="s1-s1" name="Tc01" source="C:\Parent\Testcase\tc01.robot">
<test id="s1-s1-t1" name="Tc01" line="5">
<kw name="Open Browser" library="SeleniumLibrary">
<arg>https://www.saucedemo.com/</arg>
<arg>Chrome</arg>
<doc>Opens a new browser instance to the optional ``url``.</doc>
<msg timestamp="20231210 20:18:05.961" level="INFO">Opening browser 'Chrome' to base url 'https://www.saucedemo.com/'.</msg>
<status status="PASS" starttime="20231210 20:18:05.961" endtime="20231210 20:18:07.744"/>
</kw>
<kw name="Maximize Browser Window" library="SeleniumLibrary">
<doc>Maximizes current browser window.</doc>
<status status="PASS" starttime="20231210 20:18:07.744" endtime="20231210 20:18:07.862"/>
</kw>
<kw name="Sleep" library="BuiltIn">
<arg>5</arg>
<doc>Pauses the test executed for the given time.</doc>
<msg timestamp="20231210 20:18:12.873" level="INFO">Slept 5 seconds</msg>
<status status="PASS" starttime="20231210 20:18:07.862" endtime="20231210 20:18:12.873"/>
</kw>
<kw name="Close Browser" library="SeleniumLibrary">
<doc>Closes the current browser.</doc>
<status status="PASS" starttime="20231210 20:18:12.874" endtime="20231210 20:18:15.122"/>
</kw>
<tag>one</tag>
<status status="PASS" starttime="20231210 20:18:05.961" endtime="20231210 20:18:15.122"/>
</test>
<status status="PASS" starttime="20231210 20:18:05.683" endtime="20231210 20:18:15.122"/>
</suite>
<status status="PASS" starttime="20231210 20:18:05.662" endtime="20231210 20:18:15.122"/>
</suite>
<statistics>
<total>
<stat pass="1" fail="0" skip="0">All Tests</stat>
</total>
<tag>
<stat pass="1" fail="0" skip="0">one</stat>
</tag>
<suite>
<stat pass="1" fail="0" skip="0" id="s1" name="Testcase">Testcase</stat>
<stat pass="1" fail="0" skip="0" id="s1-s1" name="Tc01">Testcase.Tc01</stat>
</suite>
</statistics>
<errors>
</errors>
</robot>
