<?xml version="1.0" encoding="UTF-8"?>
<robot generator="Robot 6.0.2 (Python 3.10.0 on win32)" generated="20240109 17:58:46.777" rpa="false" schemaversion="3">
<suite id="s1" name="Parent" source="c:\Parent">
<kw name="Start" type="SETUP">
<kw name="Log" library="BuiltIn">
<arg>start to run</arg>
<doc>Logs the given message with the given level.</doc>
<msg timestamp="20240109 17:58:47.276" level="INFO">start to run</msg>
<status status="PASS" starttime="20240109 17:58:47.276" endtime="20240109 17:58:47.293"/>
</kw>
<kw name="Empty Directory" library="OperatingSystem">
<arg>./output/allure</arg>
<doc>Deletes all the content from the given directory.</doc>
<msg timestamp="20240109 17:58:47.295" level="INFO" html="true">Listing contents of directory '&lt;a href="file://C:\Parent\output\allure"&gt;C:\Parent\output\allure&lt;/a&gt;'.</msg>
<msg timestamp="20240109 17:58:47.295" level="INFO" html="true">Emptied directory '&lt;a href="file://C:\Parent\output\allure"&gt;C:\Parent\output\allure&lt;/a&gt;'.</msg>
<status status="PASS" starttime="20240109 17:58:47.293" endtime="20240109 17:58:47.295"/>
</kw>
<status status="PASS" starttime="20240109 17:58:47.276" endtime="20240109 17:58:47.295"/>
</kw>
<suite id="s1-s1" name="Testcase" source="c:\Parent\Testcase">
<suite id="s1-s1-s1" name="Tc03" source="c:\Parent\Testcase\tc03.robot">
<test id="s1-s1-s1-t1" name="Tc01" line="5">
<kw name="Evaluate" library="BuiltIn">
<var>${chrome_options}</var>
<arg>sys.modules['selenium.webdriver'].ChromeOptions()</arg>
<arg>sys, selenium.webdriver</arg>
<doc>Evaluates the given expression in Python and returns the result.</doc>
<msg timestamp="20240109 17:58:47.334" level="INFO">${chrome_options} = &lt;selenium.webdriver.chrome.options.Options object at 0x000002443943B760&gt;</msg>
<status status="PASS" starttime="20240109 17:58:47.334" endtime="20240109 17:58:47.334"/>
</kw>
<kw name="Call Method" library="BuiltIn">
<arg>${chrome_options}</arg>
<arg>add_argument</arg>
<arg>--incognito</arg>
<doc>Calls the named method of the given object with the provided arguments.</doc>
<status status="PASS" starttime="20240109 17:58:47.334" endtime="20240109 17:58:47.345"/>
</kw>
<kw name="Open Browser" library="SeleniumLibrary">
<arg>https://www.saucedemo.com/</arg>
<arg>chrome</arg>
<arg>options=${chrome_options}</arg>
<doc>Opens a new browser instance to the optional ``url``.</doc>
<msg timestamp="20240109 17:58:47.345" level="INFO">Opening browser 'chrome' to base url 'https://www.saucedemo.com/'.</msg>
<status status="PASS" starttime="20240109 17:58:47.345" endtime="20240109 17:58:50.186"/>
</kw>
<kw name="Maximize Browser Window" library="SeleniumLibrary">
<doc>Maximizes current browser window.</doc>
<status status="PASS" starttime="20240109 17:58:50.186" endtime="20240109 17:58:50.315"/>
</kw>
<kw name="Sleep" library="BuiltIn">
<arg>5</arg>
<doc>Pauses the test executed for the given time.</doc>
<msg timestamp="20240109 17:58:55.325" level="INFO">Slept 5 seconds</msg>
<status status="PASS" starttime="20240109 17:58:50.315" endtime="20240109 17:58:55.325"/>
</kw>
<kw name="Close Browser" library="SeleniumLibrary">
<doc>Closes the current browser.</doc>
<status status="PASS" starttime="20240109 17:58:55.325" endtime="20240109 17:58:57.579"/>
</kw>
<tag>test</tag>
<status status="PASS" starttime="20240109 17:58:47.334" endtime="20240109 17:58:57.579"/>
</test>
<status status="PASS" starttime="20240109 17:58:47.320" endtime="20240109 17:58:57.579"/>
</suite>
<status status="PASS" starttime="20240109 17:58:47.295" endtime="20240109 17:58:57.587"/>
</suite>
<status status="PASS" starttime="20240109 17:58:46.796" endtime="20240109 17:58:57.587"/>
</suite>
<statistics>
<total>
<stat pass="1" fail="0" skip="0">All Tests</stat>
</total>
<tag>
<stat pass="1" fail="0" skip="0">test</stat>
</tag>
<suite>
<stat pass="1" fail="0" skip="0" id="s1" name="Parent">Parent</stat>
<stat pass="1" fail="0" skip="0" id="s1-s1" name="Testcase">Parent.Testcase</stat>
<stat pass="1" fail="0" skip="0" id="s1-s1-s1" name="Tc03">Parent.Testcase.Tc03</stat>
</suite>
</statistics>
<errors>
</errors>
</robot>
