<?xml version="1.0" encoding="UTF-8"?>
<robot generator="Robot 6.0.2 (Python 3.10.0 on win32)" generated="20240312 22:44:34.191" rpa="false" schemaversion="3">
<suite id="s1" name="PROD-17" source="C:\Productor\Testcase\Custom fields\PROD-17.robot">
<test id="s1-t1" name="Custom fields" line="8">
<kw name="Given Login into application" library="PROD-17_Support">
<arg>${username001}</arg>
<kw name="Verify if user should be able to login successfully" library="PROD-17_Support">
<arg>${username}</arg>
<kw name="Login Application" library="Login">
<arg>${username}</arg>
<doc>Using this keyword we can login Productor Application.</doc>
<kw name="Get File" library="OperatingSystem">
<var>${json_data}</var>
<arg>Data/password.json</arg>
<doc>Returns the contents of a specified file.</doc>
<msg timestamp="20240312 22:44:35.367" level="INFO" html="true">Getting file '&lt;a href="file://C:\Productor\Data\password.json"&gt;C:\Productor\Data\password.json&lt;/a&gt;'.</msg>
<msg timestamp="20240312 22:44:35.369" level="INFO">${json_data} = {
    "Tparthi@valuefactors.io": "gAAAAABlrkVsEdFMiMlTdK5zUdkIrh2gW0m7VKitqu1yc05zjvhEtgtLf1WAMAOHRJpwgI8mhU9rPO9To7wrVhBmzNtn6JJSqg==",
    "neeraj@codebyte.solutions": "gAAAAABlvf_wHd_s-rfaDVYJP09Sz...</msg>
<status status="PASS" starttime="20240312 22:44:35.367" endtime="20240312 22:44:35.369"/>
</kw>
<kw name="Evaluate" library="BuiltIn">
<var>${object}</var>
<arg>json.loads('''${json_data}''')</arg>
<arg>json</arg>
<doc>Evaluates the given expression in Python and returns the result.</doc>
<msg timestamp="20240312 22:44:35.370" level="INFO">${object} = {'Tparthi@valuefactors.io': 'gAAAAABlrkVsEdFMiMlTdK5zUdkIrh2gW0m7VKitqu1yc05zjvhEtgtLf1WAMAOHRJpwgI8mhU9rPO9To7wrVhBmzNtn6JJSqg==', 'neeraj@codebyte.solutions': 'gAAAAABlvf_wHd_s-rfaDVYJP09SzZmO4H8t5J...</msg>
<status status="PASS" starttime="20240312 22:44:35.369" endtime="20240312 22:44:35.370"/>
</kw>
<kw name="Set Variable" library="BuiltIn">
<var>${encry}</var>
<arg>${object['${username}']}</arg>
<doc>Returns the given values which can then be assigned to a variables.</doc>
<msg timestamp="20240312 22:44:35.377" level="INFO">${encry} = gAAAAABlrkVsEdFMiMlTdK5zUdkIrh2gW0m7VKitqu1yc05zjvhEtgtLf1WAMAOHRJpwgI8mhU9rPO9To7wrVhBmzNtn6JJSqg==</msg>
<status status="PASS" starttime="20240312 22:44:35.370" endtime="20240312 22:44:35.377"/>
</kw>
<kw name="Evaluate" library="BuiltIn">
<var>${options}</var>
<arg>sys.modules['selenium.webdriver'].EdgeOptions()</arg>
<arg>sys,selenium.webdriver</arg>
<doc>Evaluates the given expression in Python and returns the result.</doc>
<msg timestamp="20240312 22:44:35.378" level="INFO">${options} = &lt;selenium.webdriver.edge.options.Options object at 0x000002A9471E87F0&gt;</msg>
<status status="PASS" starttime="20240312 22:44:35.378" endtime="20240312 22:44:35.378"/>
</kw>
<kw name="Call Method" library="BuiltIn">
<arg>${options}</arg>
<arg>add_argument</arg>
<arg>inprivate</arg>
<doc>Calls the named method of the given object with the provided arguments.</doc>
<status status="PASS" starttime="20240312 22:44:35.378" endtime="20240312 22:44:35.379"/>
</kw>
<kw name="Call Method" library="BuiltIn">
<arg>${options}</arg>
<arg>add_argument</arg>
<arg>--headless</arg>
<doc>Calls the named method of the given object with the provided arguments.</doc>
<status status="PASS" starttime="20240312 22:44:35.379" endtime="20240312 22:44:35.379"/>
</kw>
<kw name="Create Webdriver" library="SeleniumLibrary">
<var>${driver}</var>
<arg>Edge</arg>
<arg>options=${options}</arg>
<doc>Creates an instance of Selenium WebDriver.</doc>
<msg timestamp="20240312 22:44:35.380" level="INFO">Creating an instance of the Edge WebDriver.</msg>
<msg timestamp="20240312 22:44:35.403" level="INFO">Applicable driver not found; attempting to install with Selenium Manager (Beta)</msg>
<msg timestamp="20240312 22:44:36.794" level="INFO">${driver} = 1</msg>
<status status="PASS" starttime="20240312 22:44:35.380" endtime="20240312 22:44:36.795"/>
</kw>
<kw name="Set Window Size" library="SeleniumLibrary">
<arg>1920</arg>
<arg>1080</arg>
<doc>Sets current windows size to given ``width`` and ``height``.</doc>
<status status="PASS" starttime="20240312 22:44:36.795" endtime="20240312 22:44:36.917"/>
</kw>
<kw name="Go To" library="SeleniumLibrary">
<arg>${Productor_Url}</arg>
<doc>Navigates the current browser window to the provided ``url``.</doc>
<msg timestamp="20240312 22:44:36.919" level="INFO">Opening url 'https://predev-productor.valuefactors.io/auth/login/'</msg>
<status status="PASS" starttime="20240312 22:44:36.918" endtime="20240312 22:44:48.677"/>
</kw>
<kw name="Maximize Browser Window" library="SeleniumLibrary">
<doc>Maximizes current browser window.</doc>
<status status="PASS" starttime="20240312 22:44:48.677" endtime="20240312 22:44:48.802"/>
</kw>
<kw name="Set Selenium Speed" library="SeleniumLibrary">
<arg>700milliseconds</arg>
<doc>Sets the delay that is waited after each Selenium command.</doc>
<status status="PASS" starttime="20240312 22:44:48.803" endtime="20240312 22:44:48.842"/>
</kw>
<kw name="Wait Until Page Contains Element" library="SeleniumLibrary">
<arg>${Input_Username}</arg>
<arg>50</arg>
<doc>Waits until the element ``locator`` appears on the current page.</doc>
<status status="PASS" starttime="20240312 22:44:48.843" endtime="20240312 22:44:49.571"/>
</kw>
<kw name="Press Keys" library="SeleniumLibrary">
<arg>${Input_Username}</arg>
<arg>${username}</arg>
<doc>Simulates the user pressing key(s) to an element or on the active browser.</doc>
<msg timestamp="20240312 22:44:49.574" level="INFO">Sending key(s) ('Tparthi@valuefactors.io',) to //input[@id="auth-email-id"] element.</msg>
<msg timestamp="20240312 22:44:51.356" level="INFO">Sending keys Tparthi@valuefactors.io</msg>
<status status="PASS" starttime="20240312 22:44:49.572" endtime="20240312 22:44:52.195"/>
</kw>
<kw name="Use Encryption Key" library="RPA.Crypto">
<arg>${public_key}</arg>
<doc>Set key for all following encryption/decryption operations.</doc>
<msg timestamp="20240312 22:44:52.198" level="INFO">Protecting keyword: RPA.Crypto.Use Encryption Key</msg>
<msg timestamp="20240312 22:44:52.199" level="INFO">Log level changed from NONE to INFO.</msg>
<status status="PASS" starttime="20240312 22:44:52.196" endtime="20240312 22:44:52.199"/>
</kw>
<kw name="Decrypt String" library="RPA.Crypto">
<var>${Decry}</var>
<arg>${encry}</arg>
<doc>Decrypt a string.</doc>
<msg timestamp="20240312 22:44:52.272" level="INFO">${Decry} = Productor@01</msg>
<status status="PASS" starttime="20240312 22:44:52.200" endtime="20240312 22:44:52.272"/>
</kw>
<kw name="Log" library="BuiltIn">
<arg>${Decry}</arg>
<doc>Logs the given message with the given level.</doc>
<msg timestamp="20240312 22:44:52.274" level="INFO">Productor@01</msg>
<status status="PASS" starttime="20240312 22:44:52.273" endtime="20240312 22:44:52.274"/>
</kw>
<kw name="Press Keys" library="SeleniumLibrary">
<arg>${Input_Password}</arg>
<arg>${Decry}</arg>
<doc>Simulates the user pressing key(s) to an element or on the active browser.</doc>
<msg timestamp="20240312 22:44:52.275" level="INFO">Sending key(s) ('Productor@01',) to //input[@id="auth-password"] element.</msg>
<msg timestamp="20240312 22:44:54.054" level="INFO">Sending keys Productor@01</msg>
<status status="PASS" starttime="20240312 22:44:52.274" endtime="20240312 22:44:54.847"/>
</kw>
<kw name="Wait Until Element is present then click the element" library="common_1">
<arg>${BTN_Login}</arg>
<doc>Using this keyword we can perform click Element</doc>
<kw name="Wait Until Page Contains Element" library="SeleniumLibrary">
<arg>${Element}</arg>
<arg>50</arg>
<doc>Waits until the element ``locator`` appears on the current page.</doc>
<status status="PASS" starttime="20240312 22:44:54.850" endtime="20240312 22:44:55.624"/>
</kw>
<kw name="Wait Until Keyword Succeeds" library="BuiltIn">
<arg>6</arg>
<arg>7</arg>
<arg>Click Element</arg>
<arg>${Element}</arg>
<doc>Runs the specified keyword and retries if it fails.</doc>
<kw name="Click Element" library="SeleniumLibrary">
<arg>${Element}</arg>
<doc>Click the element identified by ``locator``.</doc>
<msg timestamp="20240312 22:44:55.629" level="INFO">Clicking element '//p[text()="Sign In"]/parent::button'.</msg>
<status status="PASS" starttime="20240312 22:44:55.627" endtime="20240312 22:44:57.229"/>
</kw>
<status status="PASS" starttime="20240312 22:44:55.625" endtime="20240312 22:44:57.230"/>
</kw>
<status status="PASS" starttime="20240312 22:44:54.848" endtime="20240312 22:44:57.232"/>
</kw>
<status status="PASS" starttime="20240312 22:44:35.366" endtime="20240312 22:44:57.233"/>
</kw>
<status status="PASS" starttime="20240312 22:44:35.366" endtime="20240312 22:44:57.234"/>
</kw>
<status status="PASS" starttime="20240312 22:44:35.365" endtime="20240312 22:44:57.234"/>
</kw>
<kw name="When Click on Portfolio Management icon ." library="PROD-17_Support">
<kw name="Verify it should display the portfolio management page" library="PROD-17_Support">
<kw name="Wait Until Element is present then click the element" library="common_1">
<arg>${Custom_Portfolio_icon }</arg>
<doc>Using this keyword we can perform click Element</doc>
<kw name="Wait Until Page Contains Element" library="SeleniumLibrary">
<arg>${Element}</arg>
<arg>50</arg>
<doc>Waits until the element ``locator`` appears on the current page.</doc>
<status status="PASS" starttime="20240312 22:44:57.238" endtime="20240312 22:45:06.330"/>
</kw>
<kw name="Wait Until Keyword Succeeds" library="BuiltIn">
<arg>6</arg>
<arg>7</arg>
<arg>Click Element</arg>
<arg>${Element}</arg>
<doc>Runs the specified keyword and retries if it fails.</doc>
<kw name="Click Element" library="SeleniumLibrary">
<arg>${Element}</arg>
<doc>Click the element identified by ``locator``.</doc>
<msg timestamp="20240312 22:45:06.336" level="INFO">Clicking element '//span[@id="icon-Portfolio Management"]'.</msg>
<status status="PASS" starttime="20240312 22:45:06.334" endtime="20240312 22:45:07.822"/>
</kw>
<status status="PASS" starttime="20240312 22:45:06.332" endtime="20240312 22:45:07.822"/>
</kw>
<status status="PASS" starttime="20240312 22:44:57.237" endtime="20240312 22:45:07.823"/>
</kw>
<status status="PASS" starttime="20240312 22:44:57.236" endtime="20240312 22:45:07.823"/>
</kw>
<status status="PASS" starttime="20240312 22:44:57.235" endtime="20240312 22:45:07.823"/>
</kw>
<kw name="Then Navigate to Portfolio." library="PROD-17_Support">
<kw name="verify it should display the porfolio page and by default it should display the dasboard page." library="PROD-17_Support">
<kw name="Search Data" library="common_1">
<arg>${Input_Portfolio_Search}</arg>
<arg>${PROD_17_Portfolio}</arg>
<doc>using this keyword we can search portfolio</doc>
<kw name="Wait Until Element is present then click the element" library="common_1">
<arg>${Element}</arg>
<doc>Using this keyword we can perform click Element</doc>
<kw name="Wait Until Page Contains Element" library="SeleniumLibrary">
<arg>${Element}</arg>
<arg>50</arg>
<doc>Waits until the element ``locator`` appears on the current page.</doc>
<status status="PASS" starttime="20240312 22:45:07.825" endtime="20240312 22:45:08.642"/>
</kw>
<kw name="Wait Until Keyword Succeeds" library="BuiltIn">
<arg>6</arg>
<arg>7</arg>
<arg>Click Element</arg>
<arg>${Element}</arg>
<doc>Runs the specified keyword and retries if it fails.</doc>
<kw name="Click Element" library="SeleniumLibrary">
<arg>${Element}</arg>
<doc>Click the element identified by ``locator``.</doc>
<msg timestamp="20240312 22:45:08.644" level="INFO">Clicking element '//input[@id="portfolio-search-input"]'.</msg>
<status status="PASS" starttime="20240312 22:45:08.643" endtime="20240312 22:45:10.116"/>
</kw>
<status status="PASS" starttime="20240312 22:45:08.643" endtime="20240312 22:45:10.118"/>
</kw>
<status status="PASS" starttime="20240312 22:45:07.824" endtime="20240312 22:45:10.119"/>
</kw>
<kw name="Press Keys" library="SeleniumLibrary">
<arg>${Element}</arg>
<arg>CTRL+A+BACKSPACE</arg>
<doc>Simulates the user pressing key(s) to an element or on the active browser.</doc>
<msg timestamp="20240312 22:45:10.123" level="INFO">Sending key(s) ('CTRL+A+BACKSPACE',) to //input[@id="portfolio-search-input"] element.</msg>
<msg timestamp="20240312 22:45:11.833" level="INFO">Pressing special key CONTROL down.</msg>
<msg timestamp="20240312 22:45:11.835" level="INFO">Sending key A</msg>
<msg timestamp="20240312 22:45:11.836" level="INFO">Pressing special key BACKSPACE down.</msg>
<msg timestamp="20240312 22:45:11.836" level="INFO">Releasing special key CONTROL.</msg>
<msg timestamp="20240312 22:45:11.836" level="INFO">Releasing special key BACKSPACE.</msg>
<status status="PASS" starttime="20240312 22:45:10.120" endtime="20240312 22:45:12.612"/>
</kw>
<kw name="Sleep" library="BuiltIn">
<arg>1</arg>
<doc>Pauses the test executed for the given time.</doc>
<msg timestamp="20240312 22:45:13.626" level="INFO">Slept 1 second</msg>
<status status="PASS" starttime="20240312 22:45:12.613" endtime="20240312 22:45:13.628"/>
</kw>
<kw name="Press Keys" library="SeleniumLibrary">
<arg>${Element}</arg>
<arg>${Name}</arg>
<doc>Simulates the user pressing key(s) to an element or on the active browser.</doc>
<msg timestamp="20240312 22:45:13.632" level="INFO">Sending key(s) ('PROD_17_Portfolio_dont delete',) to //input[@id="portfolio-search-input"] element.</msg>
<msg timestamp="20240312 22:45:15.342" level="INFO">Sending keys PROD_17_Portfolio_dont delete</msg>
<status status="PASS" starttime="20240312 22:45:13.629" endtime="20240312 22:45:16.667"/>
</kw>
<status status="PASS" starttime="20240312 22:45:07.824" endtime="20240312 22:45:16.669"/>
</kw>
<kw name="Wait Until Element is present then click the element" library="common_1">
<arg>${Custom_portfolio}</arg>
<doc>Using this keyword we can perform click Element</doc>
<kw name="Wait Until Page Contains Element" library="SeleniumLibrary">
<arg>${Element}</arg>
<arg>50</arg>
<doc>Waits until the element ``locator`` appears on the current page.</doc>
<status status="PASS" starttime="20240312 22:45:16.671" endtime="20240312 22:45:19.276"/>
</kw>
<kw name="Wait Until Keyword Succeeds" library="BuiltIn">
<arg>6</arg>
<arg>7</arg>
<arg>Click Element</arg>
<arg>${Element}</arg>
<doc>Runs the specified keyword and retries if it fails.</doc>
<kw name="Click Element" library="SeleniumLibrary">
<arg>${Element}</arg>
<doc>Click the element identified by ``locator``.</doc>
<msg timestamp="20240312 22:45:19.281" level="INFO">Clicking element '//td[@id="custom-id-PROD_17_Portfolio_dont delete"]'.</msg>
<status status="PASS" starttime="20240312 22:45:19.280" endtime="20240312 22:45:20.801"/>
</kw>
<status status="PASS" starttime="20240312 22:45:19.278" endtime="20240312 22:45:20.803"/>
</kw>
<status status="PASS" starttime="20240312 22:45:16.670" endtime="20240312 22:45:20.804"/>
</kw>
<status status="PASS" starttime="20240312 22:45:07.824" endtime="20240312 22:45:20.805"/>
</kw>
<status status="PASS" starttime="20240312 22:45:07.823" endtime="20240312 22:45:20.806"/>
</kw>
<kw name="Then Click on Settings tab and navigate to custom fields tab." library="PROD-17_Support">
<kw name="Verify it should display the custom fields tab." library="PROD-17_Support">
<kw name="Wait Until Element is present then click the element" library="common_1">
<arg>${Custom_Settings}</arg>
<doc>Using this keyword we can perform click Element</doc>
<kw name="Wait Until Page Contains Element" library="SeleniumLibrary">
<arg>${Element}</arg>
<arg>50</arg>
<doc>Waits until the element ``locator`` appears on the current page.</doc>
<status status="PASS" starttime="20240312 22:45:20.809" endtime="20240312 22:45:22.447"/>
</kw>
<kw name="Wait Until Keyword Succeeds" library="BuiltIn">
<arg>6</arg>
<arg>7</arg>
<arg>Click Element</arg>
<arg>${Element}</arg>
<doc>Runs the specified keyword and retries if it fails.</doc>
<kw name="Click Element" library="SeleniumLibrary">
<arg>${Element}</arg>
<doc>Click the element identified by ``locator``.</doc>
<msg timestamp="20240312 22:45:22.452" level="INFO">Clicking element '//a[@id="Settings-tabs"]'.</msg>
<status status="PASS" starttime="20240312 22:45:22.451" endtime="20240312 22:45:23.937"/>
</kw>
<status status="PASS" starttime="20240312 22:45:22.449" endtime="20240312 22:45:23.937"/>
</kw>
<status status="PASS" starttime="20240312 22:45:20.808" endtime="20240312 22:45:23.937"/>
</kw>
<kw name="Wait Until Element is present then click the element" library="common_1">
<arg>${Custom_fields_tab}</arg>
<doc>Using this keyword we can perform click Element</doc>
<kw name="Wait Until Page Contains Element" library="SeleniumLibrary">
<arg>${Element}</arg>
<arg>50</arg>
<doc>Waits until the element ``locator`` appears on the current page.</doc>
<status status="PASS" starttime="20240312 22:45:23.938" endtime="20240312 22:45:24.665"/>
</kw>
<kw name="Wait Until Keyword Succeeds" library="BuiltIn">
<arg>6</arg>
<arg>7</arg>
<arg>Click Element</arg>
<arg>${Element}</arg>
<doc>Runs the specified keyword and retries if it fails.</doc>
<kw name="Click Element" library="SeleniumLibrary">
<arg>${Element}</arg>
<doc>Click the element identified by ``locator``.</doc>
<msg timestamp="20240312 22:45:24.672" level="INFO">Clicking element '//p[@id="tabs-name-Custom Fields"]'.</msg>
<status status="PASS" starttime="20240312 22:45:24.669" endtime="20240312 22:45:26.241"/>
</kw>
<status status="PASS" starttime="20240312 22:45:24.667" endtime="20240312 22:45:26.241"/>
</kw>
<status status="PASS" starttime="20240312 22:45:23.938" endtime="20240312 22:45:26.241"/>
</kw>
<status status="PASS" starttime="20240312 22:45:20.807" endtime="20240312 22:45:26.242"/>
</kw>
<status status="PASS" starttime="20240312 22:45:20.806" endtime="20240312 22:45:26.242"/>
</kw>
<kw name="Then Click on Create custom fields button. Don't enter any mandatory details and click on cancel button." library="PROD-17_Support">
<kw name="Verify it should display the Create New Custom Field For Portfolio Popup, Save Button should be disabled and Custom fields shouldn't be created." library="PROD-17_Support">
<kw name="Wait Until Element is present then click the element" library="common_1">
<arg>${Custom_create}</arg>
<doc>Using this keyword we can perform click Element</doc>
<kw name="Wait Until Page Contains Element" library="SeleniumLibrary">
<arg>${Element}</arg>
<arg>50</arg>
<doc>Waits until the element ``locator`` appears on the current page.</doc>
<msg timestamp="20240312 22:46:17.956" level="INFO" html="true">&lt;/td&gt;&lt;/tr&gt;&lt;tr&gt;&lt;td colspan="3"&gt;&lt;a href="selenium-screenshot-98.png"&gt;&lt;img src="selenium-screenshot-98.png" width="800px"&gt;&lt;/a&gt;</msg>
<msg timestamp="20240312 22:46:17.956" level="FAIL">Element '//button[@id="custom-field-create-btn"]' did not appear in 50 seconds.</msg>
<status status="FAIL" starttime="20240312 22:45:26.245" endtime="20240312 22:46:18.077"/>
</kw>
<kw name="Wait Until Keyword Succeeds" library="BuiltIn">
<arg>6</arg>
<arg>7</arg>
<arg>Click Element</arg>
<arg>${Element}</arg>
<doc>Runs the specified keyword and retries if it fails.</doc>
<status status="NOT RUN" starttime="20240312 22:46:18.077" endtime="20240312 22:46:18.077"/>
</kw>
<status status="FAIL" starttime="20240312 22:45:26.244" endtime="20240312 22:46:18.077"/>
</kw>
<kw name="Sleep" library="BuiltIn">
<arg>2</arg>
<doc>Pauses the test executed for the given time.</doc>
<status status="NOT RUN" starttime="20240312 22:46:18.077" endtime="20240312 22:46:18.078"/>
</kw>
<kw name="Wait Until Element is present then click the element" library="common_1">
<arg>${Custom_cancel}</arg>
<doc>Using this keyword we can perform click Element</doc>
<status status="NOT RUN" starttime="20240312 22:46:18.078" endtime="20240312 22:46:18.078"/>
</kw>
<status status="FAIL" starttime="20240312 22:45:26.244" endtime="20240312 22:46:18.078"/>
</kw>
<status status="FAIL" starttime="20240312 22:45:26.242" endtime="20240312 22:46:18.078"/>
</kw>
<kw name="Then Click on Create custom fields button, Enter the data, select type as Text then Add to Finance,Strategic Outcome,Key Results ,Product,Squad ,PPG and Product group and click on Save button." library="PROD-17_Support">
<status status="NOT RUN" starttime="20240312 22:46:18.078" endtime="20240312 22:46:18.078"/>
</kw>
<kw name="Then Navigate to PPG Menu" library="PROD-17_Support">
<status status="NOT RUN" starttime="20240312 22:46:18.078" endtime="20240312 22:46:18.079"/>
</kw>
<kw name="Then Click on Add PPG button, Enter all mandatory fields and Click save it." library="PROD-17_Support">
<status status="NOT RUN" starttime="20240312 22:46:18.079" endtime="20240312 22:46:18.079"/>
</kw>
<kw name="Then Navigate to created ppg" library="PROD-17_Support">
<status status="NOT RUN" starttime="20240312 22:46:18.079" endtime="20240312 22:46:18.079"/>
</kw>
<kw name="Then Navigate to Stragetic outcome Menu." library="PROD-17_Support">
<status status="NOT RUN" starttime="20240312 22:46:18.079" endtime="20240312 22:46:18.079"/>
</kw>
<kw name="Then click on Add Stragetic outcome button, Enter all mandatory fields and save it." library="PROD-17_Support">
<status status="NOT RUN" starttime="20240312 22:46:18.079" endtime="20240312 22:46:18.079"/>
</kw>
<kw name="Then Navigate to created Stragetic outcome" library="PROD-17_Support">
<status status="NOT RUN" starttime="20240312 22:46:18.080" endtime="20240312 22:46:18.080"/>
</kw>
<doc>Portfolio_custom fields JIRA ID - PROD-17</doc>
<tag>PROD-17</tag>
<status status="FAIL" starttime="20240312 22:44:35.365" endtime="20240312 22:46:18.080">Element '//button[@id="custom-field-create-btn"]' did not appear in 50 seconds.</status>
</test>
<doc>Portfolio_custom fields</doc>
<status status="FAIL" starttime="20240312 22:44:34.199" endtime="20240312 22:46:18.080"/>
</suite>
<statistics>
<total>
<stat pass="0" fail="1" skip="0">All Tests</stat>
</total>
<tag>
<stat pass="0" fail="1" skip="0">PROD-17</stat>
</tag>
<suite>
<stat pass="0" fail="1" skip="0" id="s1" name="PROD-17">PROD-17</stat>
</suite>
</statistics>
<errors>
<msg timestamp="20240312 22:44:34.245" level="ERROR">Error in file 'C:\Productor\Testcase\Custom fields\PROD-17_Support.robot' on line 43: Creating keyword 'Then Click on OKRs Tab in PPG' failed: Keyword with same name defined multiple times.</msg>
<msg timestamp="20240312 22:44:34.248" level="ERROR">Error in file 'C:\Productor\Testcase\Custom fields\PROD-17_Support.robot' on line 123: Creating keyword 'Verify OKRs should created along with Custom fields.' failed: Keyword with same name defined multiple times.</msg>
<msg timestamp="20240312 22:44:34.249" level="ERROR">Error in file 'C:\Productor\Testcase\Custom fields\PROD-17_Support.robot' on line 134: Creating keyword 'Verify PPG page should be displayed.' failed: Keyword with same name defined multiple times.</msg>
<msg timestamp="20240312 22:44:34.314" level="ERROR">Error in file 'C:\Productor\Resources\common_1.robot' on line 887: Creating keyword 'Navigate to PPG' failed: Keyword with same name defined multiple times.</msg>
</errors>
</robot>
