<?xml version="1.0" encoding="UTF-8"?>
<robot generator="Robot 6.0.2 (Python 3.10.0 on win32)" generated="20240109 13:11:01.583" rpa="false" schemaversion="3">
<suite id="s1" name="Parent" source="C:\Parent">
<kw name="Start" type="SETUP">
<kw name="Log" library="BuiltIn">
<arg>start to run</arg>
<doc>Logs the given message with the given level.</doc>
<msg timestamp="20240109 13:11:02.122" level="INFO">start to run</msg>
<status status="PASS" starttime="20240109 13:11:02.122" endtime="20240109 13:11:02.122"/>
</kw>
<kw name="Empty Directory" library="OperatingSystem">
<arg>./output/allure</arg>
<doc>Deletes all the content from the given directory.</doc>
<msg timestamp="20240109 13:11:02.122" level="INFO" html="true">Listing contents of directory '&lt;a href="file://C:\Parent\output\allure"&gt;C:\Parent\output\allure&lt;/a&gt;'.</msg>
<msg timestamp="20240109 13:11:02.132" level="INFO" html="true">Emptied directory '&lt;a href="file://C:\Parent\output\allure"&gt;C:\Parent\output\allure&lt;/a&gt;'.</msg>
<status status="PASS" starttime="20240109 13:11:02.122" endtime="20240109 13:11:02.132"/>
</kw>
<status status="PASS" starttime="20240109 13:11:02.122" endtime="20240109 13:11:02.134"/>
</kw>
<suite id="s1-s1" name="Testcase" source="C:\Parent\Testcase">
<suite id="s1-s1-s1" name="Tc02" source="C:\Parent\Testcase\tc02.robot">
<test id="s1-s1-s1-t1" name="Tc01" line="5">
<kw name="Log" library="BuiltIn">
<arg>testreport</arg>
<doc>Logs the given message with the given level.</doc>
<msg timestamp="20240109 13:11:02.147" level="INFO">testreport</msg>
<status status="PASS" starttime="20240109 13:11:02.147" endtime="20240109 13:11:02.147"/>
</kw>
<tag>two</tag>
<status status="PASS" starttime="20240109 13:11:02.146" endtime="20240109 13:11:02.152"/>
</test>
<status status="PASS" starttime="20240109 13:11:02.139" endtime="20240109 13:11:02.154"/>
</suite>
<status status="PASS" starttime="20240109 13:11:02.135" endtime="20240109 13:11:02.164"/>
</suite>
<status status="PASS" starttime="20240109 13:11:01.720" endtime="20240109 13:11:02.164"/>
</suite>
<statistics>
<total>
<stat pass="1" fail="0" skip="0">All Tests</stat>
</total>
<tag>
<stat pass="1" fail="0" skip="0">two</stat>
</tag>
<suite>
<stat pass="1" fail="0" skip="0" id="s1" name="Parent">Parent</stat>
<stat pass="1" fail="0" skip="0" id="s1-s1" name="Testcase">Parent.Testcase</stat>
<stat pass="1" fail="0" skip="0" id="s1-s1-s1" name="Tc02">Parent.Testcase.Tc02</stat>
</suite>
</statistics>
<errors>
</errors>
</robot>
