<?xml version="1.0" encoding="UTF-8"?>
<robot generator="Rebot 6.0.2 (Python 3.10.0 on win32)" generated="20240205 15:46:08.860" rpa="false" schemaversion="3">
<suite id="s1" name="Productor" source="C:\Productor">
<kw name="Setup" type="SETUP">
<kw name="Log" library="BuiltIn">
<arg>start to run</arg>
<doc>Logs the given message with the given level.</doc>
<msg timestamp="20240205 15:42:55.607" level="INFO">start to run</msg>
<status status="PASS" starttime="20240205 15:42:55.607" endtime="20240205 15:42:55.607"/>
</kw>
<kw name="Log" library="BuiltIn">
<arg>start to run</arg>
<doc>Logs the given message with the given level.</doc>
<msg timestamp="20240205 15:42:55.587" level="INFO">start to run</msg>
<status status="PASS" starttime="20240205 15:42:55.587" endtime="20240205 15:42:55.587"/>
</kw>
<kw name="Log" library="BuiltIn">
<arg>start to run</arg>
<doc>Logs the given message with the given level.</doc>
<msg timestamp="20240205 15:42:55.587" level="INFO">start to run</msg>
<status status="PASS" starttime="20240205 15:42:55.587" endtime="20240205 15:42:55.587"/>
</kw>
<status status="PASS" starttime="20240205 15:42:55.607" endtime="20240205 15:42:55.607"/>
</kw>
<suite id="s1-s1" name="Testcase" source="C:\Productor\Testcase">
<suite id="s1-s1-s1" name="PROD-4" source="C:\Productor\Testcase\PROD-4.robot">
<test id="s1-s1-s1-t1" name="Poertfolio Management" line="9">
<kw name="Given Login into Productor Application" library="PROD-4_Support">
<arg>${username002}</arg>
<kw name="Verify an application should be opened" library="PROD-4_Support">
<arg>${username}</arg>
<kw name="Login Application" library="Login">
<arg>${username}</arg>
<doc>Using this keyword we can login Productor Application.</doc>
<kw name="Get File" library="OperatingSystem">
<var>${json_data}</var>
<arg>Data/password.json</arg>
<doc>Returns the contents of a specified file.</doc>
<msg timestamp="20240205 15:42:55.953" level="INFO" html="true">Getting file '&lt;a href="file://C:\Productor\Data\password.json"&gt;C:\Productor\Data\password.json&lt;/a&gt;'.</msg>
<msg timestamp="20240205 15:42:55.953" level="INFO">${json_data} = {
    "Tparthi@valuefactors.io": "gAAAAABlrkVsEdFMiMlTdK5zUdkIrh2gW0m7VKitqu1yc05zjvhEtgtLf1WAMAOHRJpwgI8mhU9rPO9To7wrVhBmzNtn6JJSqg==",
    "neeraj@codebyte.solutions": "gAAAAABlvf_wHd_s-rfaDVYJP09Sz...</msg>
<status status="PASS" starttime="20240205 15:42:55.953" endtime="20240205 15:42:55.953"/>
</kw>
<kw name="Evaluate" library="BuiltIn">
<var>${object}</var>
<arg>json.loads('''${json_data}''')</arg>
<arg>json</arg>
<doc>Evaluates the given expression in Python and returns the result.</doc>
<msg timestamp="20240205 15:42:55.957" level="INFO">${object} = {'Tparthi@valuefactors.io': 'gAAAAABlrkVsEdFMiMlTdK5zUdkIrh2gW0m7VKitqu1yc05zjvhEtgtLf1WAMAOHRJpwgI8mhU9rPO9To7wrVhBmzNtn6JJSqg==', 'neeraj@codebyte.solutions': 'gAAAAABlvf_wHd_s-rfaDVYJP09SzZmO4H8t5J...</msg>
<status status="PASS" starttime="20240205 15:42:55.953" endtime="20240205 15:42:55.957"/>
</kw>
<kw name="Set Variable" library="BuiltIn">
<var>${encry}</var>
<arg>${object['${username}']}</arg>
<doc>Returns the given values which can then be assigned to a variables.</doc>
<msg timestamp="20240205 15:42:55.958" level="INFO">${encry} = gAAAAABlvf_wHd_s-rfaDVYJP09SzZmO4H8t5J09u-ZvB3nvy4zPznfgWrIF25Uq0ihXWaVr3yq0MSlnkAximgkzjaHawUJIXA==</msg>
<status status="PASS" starttime="20240205 15:42:55.958" endtime="20240205 15:42:55.958"/>
</kw>
<kw name="Evaluate" library="BuiltIn">
<var>${options}</var>
<arg>sys.modules['selenium.webdriver'].EdgeOptions()</arg>
<arg>sys,selenium.webdriver</arg>
<doc>Evaluates the given expression in Python and returns the result.</doc>
<msg timestamp="20240205 15:42:55.958" level="INFO">${options} = &lt;selenium.webdriver.edge.options.Options object at 0x0000016706D2B220&gt;</msg>
<status status="PASS" starttime="20240205 15:42:55.958" endtime="20240205 15:42:55.958"/>
</kw>
<kw name="Call Method" library="BuiltIn">
<arg>${options}</arg>
<arg>add_argument</arg>
<arg>inprivate</arg>
<doc>Calls the named method of the given object with the provided arguments.</doc>
<status status="PASS" starttime="20240205 15:42:55.958" endtime="20240205 15:42:55.961"/>
</kw>
<kw name="Create Webdriver" library="SeleniumLibrary">
<var>${driver}</var>
<arg>Edge</arg>
<arg>options=${options}</arg>
<doc>Creates an instance of Selenium WebDriver.</doc>
<msg timestamp="20240205 15:42:55.961" level="INFO">Creating an instance of the Edge WebDriver.</msg>
<msg timestamp="20240205 15:42:59.421" level="INFO">${driver} = 1</msg>
<status status="PASS" starttime="20240205 15:42:55.961" endtime="20240205 15:42:59.421"/>
</kw>
<kw name="Go To" library="SeleniumLibrary">
<arg>${Productor_Url}</arg>
<doc>Navigates the current browser window to the provided ``url``.</doc>
<msg timestamp="20240205 15:42:59.425" level="INFO">Opening url 'https://predev-productor.valuefactors.io/auth/login/'</msg>
<status status="PASS" starttime="20240205 15:42:59.421" endtime="20240205 15:43:03.307"/>
</kw>
<kw name="Maximize Browser Window" library="SeleniumLibrary">
<doc>Maximizes current browser window.</doc>
<status status="PASS" starttime="20240205 15:43:03.307" endtime="20240205 15:43:03.453"/>
</kw>
<kw name="Set Selenium Speed" library="SeleniumLibrary">
<arg>1</arg>
<doc>Sets the delay that is waited after each Selenium command.</doc>
<status status="PASS" starttime="20240205 15:43:03.453" endtime="20240205 15:43:03.457"/>
</kw>
<kw name="Wait Until Page Contains Element" library="SeleniumLibrary">
<arg>${Input_Username}</arg>
<arg>50</arg>
<doc>Waits until the element ``locator`` appears on the current page.</doc>
<status status="PASS" starttime="20240205 15:43:03.458" endtime="20240205 15:43:04.503"/>
</kw>
<kw name="Press Keys" library="SeleniumLibrary">
<arg>${Input_Username}</arg>
<arg>${username}</arg>
<doc>Simulates the user pressing key(s) to an element or on the active browser.</doc>
<msg timestamp="20240205 15:43:04.503" level="INFO">Sending key(s) ('neeraj@codebyte.solutions',) to //input[@id="auth-email-id"] element.</msg>
<msg timestamp="20240205 15:43:06.836" level="INFO">Sending keys neeraj@codebyte.solutions</msg>
<status status="PASS" starttime="20240205 15:43:04.503" endtime="20240205 15:43:08.008"/>
</kw>
<kw name="Use Encryption Key" library="RPA.Crypto">
<arg>${public_key}</arg>
<doc>Set key for all following encryption/decryption operations.</doc>
<msg timestamp="20240205 15:43:08.009" level="INFO">Protecting keyword: RPA.Crypto.Use Encryption Key</msg>
<msg timestamp="20240205 15:43:08.009" level="INFO">Log level changed from NONE to INFO.</msg>
<status status="PASS" starttime="20240205 15:43:08.009" endtime="20240205 15:43:08.009"/>
</kw>
<kw name="Decrypt String" library="RPA.Crypto">
<var>${Decry}</var>
<arg>${encry}</arg>
<doc>Decrypt a string.</doc>
<msg timestamp="20240205 15:43:08.016" level="INFO">${Decry} = Test123$%^</msg>
<status status="PASS" starttime="20240205 15:43:08.012" endtime="20240205 15:43:08.016"/>
</kw>
<kw name="Log" library="BuiltIn">
<arg>${Decry}</arg>
<doc>Logs the given message with the given level.</doc>
<msg timestamp="20240205 15:43:08.020" level="INFO">Test123$%^</msg>
<status status="PASS" starttime="20240205 15:43:08.016" endtime="20240205 15:43:08.020"/>
</kw>
<kw name="Press Keys" library="SeleniumLibrary">
<arg>${Input_Password}</arg>
<arg>${Decry}</arg>
<doc>Simulates the user pressing key(s) to an element or on the active browser.</doc>
<msg timestamp="20240205 15:43:08.024" level="INFO">Sending key(s) ('Test123$%^',) to //input[@id="auth-password"] element.</msg>
<msg timestamp="20240205 15:43:10.341" level="INFO">Sending keys Test123$%^</msg>
<status status="PASS" starttime="20240205 15:43:08.020" endtime="20240205 15:43:11.412"/>
</kw>
<kw name="Wait Until Element is present then click the element" library="common_1">
<arg>${BTN_Login}</arg>
<doc>Using this keyword we can perform click Element</doc>
<kw name="Wait Until Page Contains Element" library="SeleniumLibrary">
<arg>${Element}</arg>
<arg>50</arg>
<doc>Waits until the element ``locator`` appears on the current page.</doc>
<status status="PASS" starttime="20240205 15:43:11.412" endtime="20240205 15:43:12.442"/>
</kw>
<kw name="Wait Until Keyword Succeeds" library="BuiltIn">
<arg>6</arg>
<arg>7</arg>
<arg>Click Element</arg>
<arg>${Element}</arg>
<doc>Runs the specified keyword and retries if it fails.</doc>
<kw name="Click Element" library="SeleniumLibrary">
<arg>${Element}</arg>
<doc>Click the element identified by ``locator``.</doc>
<msg timestamp="20240205 15:43:12.446" level="INFO">Clicking element '//p[text()="Sign In"]/parent::button'.</msg>
<status status="PASS" starttime="20240205 15:43:12.442" endtime="20240205 15:43:14.664"/>
</kw>
<status status="PASS" starttime="20240205 15:43:12.442" endtime="20240205 15:43:14.664"/>
</kw>
<status status="PASS" starttime="20240205 15:43:11.412" endtime="20240205 15:43:14.664"/>
</kw>
<status status="PASS" starttime="20240205 15:42:55.953" endtime="20240205 15:43:14.664"/>
</kw>
<status status="PASS" starttime="20240205 15:42:55.953" endtime="20240205 15:43:14.664"/>
</kw>
<status status="PASS" starttime="20240205 15:42:55.953" endtime="20240205 15:43:14.668"/>
</kw>
<kw name="When Navigate to Portfolio Management Menu" library="PROD-4_Support">
<kw name="Verify a Portfolio Managment Menu should be displayed" library="PROD-4_Support">
<kw name="Wait Until Element is present then click the element" library="common_1">
<arg>${BTN_Portfolio_Man_Menu}</arg>
<doc>Using this keyword we can perform click Element</doc>
<kw name="Wait Until Page Contains Element" library="SeleniumLibrary">
<arg>${Element}</arg>
<arg>50</arg>
<doc>Waits until the element ``locator`` appears on the current page.</doc>
<status status="PASS" starttime="20240205 15:43:14.672" endtime="20240205 15:43:18.190"/>
</kw>
<kw name="Wait Until Keyword Succeeds" library="BuiltIn">
<arg>6</arg>
<arg>7</arg>
<arg>Click Element</arg>
<arg>${Element}</arg>
<doc>Runs the specified keyword and retries if it fails.</doc>
<kw name="Click Element" library="SeleniumLibrary">
<arg>${Element}</arg>
<doc>Click the element identified by ``locator``.</doc>
<msg timestamp="20240205 15:43:18.195" level="INFO">Clicking element '//span[@id="icon-Portfolio Management"]/ancestor::a'.</msg>
<status status="PASS" starttime="20240205 15:43:18.195" endtime="20240205 15:43:20.531"/>
</kw>
<status status="PASS" starttime="20240205 15:43:18.192" endtime="20240205 15:43:20.531"/>
</kw>
<status status="PASS" starttime="20240205 15:43:14.668" endtime="20240205 15:43:20.531"/>
</kw>
<status status="PASS" starttime="20240205 15:43:14.668" endtime="20240205 15:43:20.531"/>
</kw>
<status status="PASS" starttime="20240205 15:43:14.668" endtime="20240205 15:43:20.531"/>
</kw>
<kw name="Then Click on Create portfolio button, Enter the mandatory details and click on cancel button" library="PROD-4_Support">
<kw name="Verify a Save button should be disabled by default and Portfolio shouldn't be created." library="PROD-4_Support">
<kw name="Create Portfolio" library="common_1">
<arg>${TC01_Portfolio_name}</arg>
<arg>${TC01_Portfolio_Description1}</arg>
<arg>${BTN_portfolio_cancel}</arg>
<doc>Using this keyword we can create portfolio</doc>
<kw name="Wait Until Element is present then click the element" library="common_1">
<arg>${BTN_Create_Portfolio}</arg>
<doc>Using this keyword we can perform click Element</doc>
<kw name="Wait Until Page Contains Element" library="SeleniumLibrary">
<arg>${Element}</arg>
<arg>50</arg>
<doc>Waits until the element ``locator`` appears on the current page.</doc>
<status status="PASS" starttime="20240205 15:43:20.539" endtime="20240205 15:43:21.601"/>
</kw>
<kw name="Wait Until Keyword Succeeds" library="BuiltIn">
<arg>6</arg>
<arg>7</arg>
<arg>Click Element</arg>
<arg>${Element}</arg>
<doc>Runs the specified keyword and retries if it fails.</doc>
<kw name="Click Element" library="SeleniumLibrary">
<arg>${Element}</arg>
<doc>Click the element identified by ``locator``.</doc>
<msg timestamp="20240205 15:43:21.605" level="INFO">Clicking element '//button[@id="portfolio-create-btn"]'.</msg>
<status status="PASS" starttime="20240205 15:43:21.601" endtime="20240205 15:43:23.748"/>
</kw>
<status status="PASS" starttime="20240205 15:43:21.601" endtime="20240205 15:43:23.748"/>
</kw>
<status status="PASS" starttime="20240205 15:43:20.539" endtime="20240205 15:43:23.748"/>
</kw>
<kw name="Wait Until Page Contains Element" library="SeleniumLibrary">
<arg>${Input_Portfolio_Name}</arg>
<arg>50</arg>
<doc>Waits until the element ``locator`` appears on the current page.</doc>
<status status="PASS" starttime="20240205 15:43:23.748" endtime="20240205 15:43:24.785"/>
</kw>
<kw name="Input Text" library="SeleniumLibrary">
<arg>${Input_Portfolio_Name}</arg>
<arg>${name}</arg>
<doc>Types the given ``text`` into the text field identified by ``locator``.</doc>
<msg timestamp="20240205 15:43:24.785" level="INFO">Typing text 'TC01_portfolio' into text field '//input[@id="portfolio-management-portfolio-name"]'.</msg>
<status status="PASS" starttime="20240205 15:43:24.785" endtime="20240205 15:43:28.645"/>
</kw>
<kw name="Press Keys" library="SeleniumLibrary">
<arg>${INput_Portfolio_Description}</arg>
<arg>${description}</arg>
<doc>Simulates the user pressing key(s) to an element or on the active browser.</doc>
<msg timestamp="20240205 15:43:28.649" level="INFO">Sending key(s) ('TC01_portfolio_description1',) to //textarea[@id="portfolio-management-portfolio-description"] element.</msg>
<msg timestamp="20240205 15:43:31.019" level="INFO">Sending keys TC01_portfolio_description1</msg>
<status status="PASS" starttime="20240205 15:43:28.646" endtime="20240205 15:43:33.436"/>
</kw>
<kw name="Wait Until Element is present then click the element" library="common_1">
<arg>${Input_Portfolio_Manager}</arg>
<doc>Using this keyword we can perform click Element</doc>
<kw name="Wait Until Page Contains Element" library="SeleniumLibrary">
<arg>${Element}</arg>
<arg>50</arg>
<doc>Waits until the element ``locator`` appears on the current page.</doc>
<status status="PASS" starttime="20240205 15:43:33.436" endtime="20240205 15:43:34.455"/>
</kw>
<kw name="Wait Until Keyword Succeeds" library="BuiltIn">
<arg>6</arg>
<arg>7</arg>
<arg>Click Element</arg>
<arg>${Element}</arg>
<doc>Runs the specified keyword and retries if it fails.</doc>
<kw name="Click Element" library="SeleniumLibrary">
<arg>${Element}</arg>
<doc>Click the element identified by ``locator``.</doc>
<msg timestamp="20240205 15:43:34.456" level="INFO">Clicking element '//div[@id="portfolio-management-manager"]'.</msg>
<status status="PASS" starttime="20240205 15:43:34.456" endtime="20240205 15:43:36.584"/>
</kw>
<status status="PASS" starttime="20240205 15:43:34.456" endtime="20240205 15:43:36.585"/>
</kw>
<status status="PASS" starttime="20240205 15:43:33.436" endtime="20240205 15:43:36.585"/>
</kw>
<kw name="Press Keys" library="SeleniumLibrary">
<arg>${Input_Search_Manager}</arg>
<arg>${TXT_manager_Iyyappan}</arg>
<doc>Simulates the user pressing key(s) to an element or on the active browser.</doc>
<msg timestamp="20240205 15:43:36.585" level="INFO">Sending key(s) ('Iyyappan',) to //input[@id="search-field"] element.</msg>
<msg timestamp="20240205 15:43:38.920" level="INFO">Sending keys Iyyappan</msg>
<status status="PASS" starttime="20240205 15:43:36.585" endtime="20240205 15:43:39.999"/>
</kw>
<kw name="Wait Until Element is present then click the element" library="common_1">
<arg>${Drop_Down_Manager}</arg>
<doc>Using this keyword we can perform click Element</doc>
<kw name="Wait Until Page Contains Element" library="SeleniumLibrary">
<arg>${Element}</arg>
<arg>50</arg>
<doc>Waits until the element ``locator`` appears on the current page.</doc>
<status status="PASS" starttime="20240205 15:43:40.000" endtime="20240205 15:43:42.245"/>
</kw>
<kw name="Wait Until Keyword Succeeds" library="BuiltIn">
<arg>6</arg>
<arg>7</arg>
<arg>Click Element</arg>
<arg>${Element}</arg>
<doc>Runs the specified keyword and retries if it fails.</doc>
<kw name="Click Element" library="SeleniumLibrary">
<arg>${Element}</arg>
<doc>Click the element identified by ``locator``.</doc>
<msg timestamp="20240205 15:43:42.245" level="INFO">Clicking element '//li[text()="Iyyappan"]'.</msg>
<status status="PASS" starttime="20240205 15:43:42.245" endtime="20240205 15:43:44.381"/>
</kw>
<status status="PASS" starttime="20240205 15:43:42.245" endtime="20240205 15:43:44.381"/>
</kw>
<status status="PASS" starttime="20240205 15:43:39.999" endtime="20240205 15:43:44.381"/>
</kw>
<kw name="Capture Page Screenshot" library="SeleniumLibrary">
<doc>Takes a screenshot of the current page and embeds it into a log file.</doc>
<msg timestamp="20240205 15:43:45.537" level="INFO" html="true">&lt;/td&gt;&lt;/tr&gt;&lt;tr&gt;&lt;td colspan="3"&gt;&lt;a href="0-selenium-screenshot-1.png"&gt;&lt;img src="0-selenium-screenshot-1.png" width="800px"&gt;&lt;/a&gt;</msg>
<status status="PASS" starttime="20240205 15:43:44.381" endtime="20240205 15:43:45.537"/>
</kw>
<kw name="Wait Until Element is present then click the element" library="common_1">
<arg>${Element}</arg>
<doc>Using this keyword we can perform click Element</doc>
<kw name="Wait Until Page Contains Element" library="SeleniumLibrary">
<arg>${Element}</arg>
<arg>50</arg>
<doc>Waits until the element ``locator`` appears on the current page.</doc>
<status status="PASS" starttime="20240205 15:43:45.540" endtime="20240205 15:43:46.563"/>
</kw>
<kw name="Wait Until Keyword Succeeds" library="BuiltIn">
<arg>6</arg>
<arg>7</arg>
<arg>Click Element</arg>
<arg>${Element}</arg>
<doc>Runs the specified keyword and retries if it fails.</doc>
<kw name="Click Element" library="SeleniumLibrary">
<arg>${Element}</arg>
<doc>Click the element identified by ``locator``.</doc>
<msg timestamp="20240205 15:43:46.568" level="INFO">Clicking element '//button[@id="portfolio-create-cancel-btn"]'.</msg>
<status status="PASS" starttime="20240205 15:43:46.568" endtime="20240205 15:43:48.699"/>
</kw>
<status status="PASS" starttime="20240205 15:43:46.565" endtime="20240205 15:43:48.699"/>
</kw>
<status status="PASS" starttime="20240205 15:43:45.538" endtime="20240205 15:43:48.700"/>
</kw>
<status status="PASS" starttime="20240205 15:43:20.535" endtime="20240205 15:43:48.700"/>
</kw>
<status status="PASS" starttime="20240205 15:43:20.535" endtime="20240205 15:43:48.700"/>
</kw>
<status status="PASS" starttime="20240205 15:43:20.535" endtime="20240205 15:43:48.700"/>
</kw>
<kw name="Then Click on Create portfolio button and Enter the mandatory details and click on Save button" library="PROD-4_Support">
<kw name="Verify a mandatory fields should be entered, a Save should be enabled, a Portfolio should be created" library="PROD-4_Support">
<kw name="Create Portfolio" library="common_1">
<arg>${TC01_Portfolio_name}</arg>
<arg>${TC01_Portfolio_Description1}</arg>
<arg>${BTN_Portfolio_Save}</arg>
<doc>Using this keyword we can create portfolio</doc>
<kw name="Wait Until Element is present then click the element" library="common_1">
<arg>${BTN_Create_Portfolio}</arg>
<doc>Using this keyword we can perform click Element</doc>
<kw name="Wait Until Page Contains Element" library="SeleniumLibrary">
<arg>${Element}</arg>
<arg>50</arg>
<doc>Waits until the element ``locator`` appears on the current page.</doc>
<status status="PASS" starttime="20240205 15:43:48.705" endtime="20240205 15:43:49.734"/>
</kw>
<kw name="Wait Until Keyword Succeeds" library="BuiltIn">
<arg>6</arg>
<arg>7</arg>
<arg>Click Element</arg>
<arg>${Element}</arg>
<doc>Runs the specified keyword and retries if it fails.</doc>
<kw name="Click Element" library="SeleniumLibrary">
<arg>${Element}</arg>
<doc>Click the element identified by ``locator``.</doc>
<msg timestamp="20240205 15:43:49.734" level="INFO">Clicking element '//button[@id="portfolio-create-btn"]'.</msg>
<status status="PASS" starttime="20240205 15:43:49.734" endtime="20240205 15:43:51.860"/>
</kw>
<status status="PASS" starttime="20240205 15:43:49.734" endtime="20240205 15:43:51.860"/>
</kw>
<status status="PASS" starttime="20240205 15:43:48.705" endtime="20240205 15:43:51.862"/>
</kw>
<kw name="Wait Until Page Contains Element" library="SeleniumLibrary">
<arg>${Input_Portfolio_Name}</arg>
<arg>50</arg>
<doc>Waits until the element ``locator`` appears on the current page.</doc>
<status status="PASS" starttime="20240205 15:43:51.862" endtime="20240205 15:43:52.886"/>
</kw>
<kw name="Input Text" library="SeleniumLibrary">
<arg>${Input_Portfolio_Name}</arg>
<arg>${name}</arg>
<doc>Types the given ``text`` into the text field identified by ``locator``.</doc>
<msg timestamp="20240205 15:43:52.886" level="INFO">Typing text 'TC01_portfolio' into text field '//input[@id="portfolio-management-portfolio-name"]'.</msg>
<status status="PASS" starttime="20240205 15:43:52.886" endtime="20240205 15:43:56.583"/>
</kw>
<kw name="Press Keys" library="SeleniumLibrary">
<arg>${INput_Portfolio_Description}</arg>
<arg>${description}</arg>
<doc>Simulates the user pressing key(s) to an element or on the active browser.</doc>
<msg timestamp="20240205 15:43:56.588" level="INFO">Sending key(s) ('TC01_portfolio_description1',) to //textarea[@id="portfolio-management-portfolio-description"] element.</msg>
<msg timestamp="20240205 15:43:58.961" level="INFO">Sending keys TC01_portfolio_description1</msg>
<status status="PASS" starttime="20240205 15:43:56.585" endtime="20240205 15:44:01.126"/>
</kw>
<kw name="Wait Until Element is present then click the element" library="common_1">
<arg>${Input_Portfolio_Manager}</arg>
<doc>Using this keyword we can perform click Element</doc>
<kw name="Wait Until Page Contains Element" library="SeleniumLibrary">
<arg>${Element}</arg>
<arg>50</arg>
<doc>Waits until the element ``locator`` appears on the current page.</doc>
<status status="PASS" starttime="20240205 15:44:01.126" endtime="20240205 15:44:02.149"/>
</kw>
<kw name="Wait Until Keyword Succeeds" library="BuiltIn">
<arg>6</arg>
<arg>7</arg>
<arg>Click Element</arg>
<arg>${Element}</arg>
<doc>Runs the specified keyword and retries if it fails.</doc>
<kw name="Click Element" library="SeleniumLibrary">
<arg>${Element}</arg>
<doc>Click the element identified by ``locator``.</doc>
<msg timestamp="20240205 15:44:02.153" level="INFO">Clicking element '//div[@id="portfolio-management-manager"]'.</msg>
<status status="PASS" starttime="20240205 15:44:02.149" endtime="20240205 15:44:04.310"/>
</kw>
<status status="PASS" starttime="20240205 15:44:02.149" endtime="20240205 15:44:04.310"/>
</kw>
<status status="PASS" starttime="20240205 15:44:01.126" endtime="20240205 15:44:04.310"/>
</kw>
<kw name="Press Keys" library="SeleniumLibrary">
<arg>${Input_Search_Manager}</arg>
<arg>${TXT_manager_Iyyappan}</arg>
<doc>Simulates the user pressing key(s) to an element or on the active browser.</doc>
<msg timestamp="20240205 15:44:04.314" level="INFO">Sending key(s) ('Iyyappan',) to //input[@id="search-field"] element.</msg>
<msg timestamp="20240205 15:44:06.636" level="INFO">Sending keys Iyyappan</msg>
<status status="PASS" starttime="20240205 15:44:04.310" endtime="20240205 15:44:07.685"/>
</kw>
<kw name="Wait Until Element is present then click the element" library="common_1">
<arg>${Drop_Down_Manager}</arg>
<doc>Using this keyword we can perform click Element</doc>
<kw name="Wait Until Page Contains Element" library="SeleniumLibrary">
<arg>${Element}</arg>
<arg>50</arg>
<doc>Waits until the element ``locator`` appears on the current page.</doc>
<status status="PASS" starttime="20240205 15:44:07.687" endtime="20240205 15:44:09.943"/>
</kw>
<kw name="Wait Until Keyword Succeeds" library="BuiltIn">
<arg>6</arg>
<arg>7</arg>
<arg>Click Element</arg>
<arg>${Element}</arg>
<doc>Runs the specified keyword and retries if it fails.</doc>
<kw name="Click Element" library="SeleniumLibrary">
<arg>${Element}</arg>
<doc>Click the element identified by ``locator``.</doc>
<msg timestamp="20240205 15:44:09.943" level="INFO">Clicking element '//li[text()="Iyyappan"]'.</msg>
<status status="PASS" starttime="20240205 15:44:09.943" endtime="20240205 15:44:12.066"/>
</kw>
<status status="PASS" starttime="20240205 15:44:09.943" endtime="20240205 15:44:12.066"/>
</kw>
<status status="PASS" starttime="20240205 15:44:07.685" endtime="20240205 15:44:12.067"/>
</kw>
<kw name="Capture Page Screenshot" library="SeleniumLibrary">
<doc>Takes a screenshot of the current page and embeds it into a log file.</doc>
<msg timestamp="20240205 15:44:13.204" level="INFO" html="true">&lt;/td&gt;&lt;/tr&gt;&lt;tr&gt;&lt;td colspan="3"&gt;&lt;a href="0-selenium-screenshot-2.png"&gt;&lt;img src="0-selenium-screenshot-2.png" width="800px"&gt;&lt;/a&gt;</msg>
<status status="PASS" starttime="20240205 15:44:12.067" endtime="20240205 15:44:13.205"/>
</kw>
<kw name="Wait Until Element is present then click the element" library="common_1">
<arg>${Element}</arg>
<doc>Using this keyword we can perform click Element</doc>
<kw name="Wait Until Page Contains Element" library="SeleniumLibrary">
<arg>${Element}</arg>
<arg>50</arg>
<doc>Waits until the element ``locator`` appears on the current page.</doc>
<status status="PASS" starttime="20240205 15:44:13.205" endtime="20240205 15:44:14.236"/>
</kw>
<kw name="Wait Until Keyword Succeeds" library="BuiltIn">
<arg>6</arg>
<arg>7</arg>
<arg>Click Element</arg>
<arg>${Element}</arg>
<doc>Runs the specified keyword and retries if it fails.</doc>
<kw name="Click Element" library="SeleniumLibrary">
<arg>${Element}</arg>
<doc>Click the element identified by ``locator``.</doc>
<msg timestamp="20240205 15:44:14.239" level="INFO">Clicking element '//button[@id="portfolio-create-save-btn"]'.</msg>
<status status="PASS" starttime="20240205 15:44:14.239" endtime="20240205 15:44:16.349"/>
</kw>
<status status="PASS" starttime="20240205 15:44:14.236" endtime="20240205 15:44:16.349"/>
</kw>
<status status="PASS" starttime="20240205 15:44:13.205" endtime="20240205 15:44:16.349"/>
</kw>
<status status="PASS" starttime="20240205 15:43:48.704" endtime="20240205 15:44:16.349"/>
</kw>
<status status="PASS" starttime="20240205 15:43:48.700" endtime="20240205 15:44:16.349"/>
</kw>
<status status="PASS" starttime="20240205 15:43:48.700" endtime="20240205 15:44:16.349"/>
</kw>
<kw name="Then Click on Search bar and Enter invalid portfolio name" library="PROD-4_Support">
<kw name="verify if it should not display any result , it display message as &quot; No records to display &quot;" library="PROD-4_Support">
<kw name="Search Data" library="common_1">
<arg>${Input_Portfolio_Search}</arg>
<arg>${TC01_invalidPortfolio}</arg>
<doc>using this keyword we can search portfolio</doc>
<kw name="Wait Until Element is present then click the element" library="common_1">
<arg>${Element}</arg>
<doc>Using this keyword we can perform click Element</doc>
<kw name="Wait Until Page Contains Element" library="SeleniumLibrary">
<arg>${Element}</arg>
<arg>50</arg>
<doc>Waits until the element ``locator`` appears on the current page.</doc>
<status status="PASS" starttime="20240205 15:44:16.357" endtime="20240205 15:44:17.383"/>
</kw>
<kw name="Wait Until Keyword Succeeds" library="BuiltIn">
<arg>6</arg>
<arg>7</arg>
<arg>Click Element</arg>
<arg>${Element}</arg>
<doc>Runs the specified keyword and retries if it fails.</doc>
<kw name="Click Element" library="SeleniumLibrary">
<arg>${Element}</arg>
<doc>Click the element identified by ``locator``.</doc>
<msg timestamp="20240205 15:44:17.387" level="INFO">Clicking element '//input[@id="portfolio-search-products"]'.</msg>
<status status="PASS" starttime="20240205 15:44:17.386" endtime="20240205 15:44:19.468"/>
</kw>
<status status="PASS" starttime="20240205 15:44:17.383" endtime="20240205 15:44:19.468"/>
</kw>
<status status="PASS" starttime="20240205 15:44:16.357" endtime="20240205 15:44:19.470"/>
</kw>
<kw name="Press Keys" library="SeleniumLibrary">
<arg>${Element}</arg>
<arg>CTRL+A+BACKSPACE</arg>
<doc>Simulates the user pressing key(s) to an element or on the active browser.</doc>
<msg timestamp="20240205 15:44:19.472" level="INFO">Sending key(s) ('CTRL+A+BACKSPACE',) to //input[@id="portfolio-search-products"] element.</msg>
<msg timestamp="20240205 15:44:21.799" level="INFO">Pressing special key CONTROL down.</msg>
<msg timestamp="20240205 15:44:21.799" level="INFO">Sending key A</msg>
<msg timestamp="20240205 15:44:21.799" level="INFO">Pressing special key BACKSPACE down.</msg>
<msg timestamp="20240205 15:44:21.799" level="INFO">Releasing special key CONTROL.</msg>
<msg timestamp="20240205 15:44:21.799" level="INFO">Releasing special key BACKSPACE.</msg>
<status status="PASS" starttime="20240205 15:44:19.470" endtime="20240205 15:44:22.833"/>
</kw>
<kw name="Sleep" library="BuiltIn">
<arg>1</arg>
<doc>Pauses the test executed for the given time.</doc>
<msg timestamp="20240205 15:44:23.849" level="INFO">Slept 1 second</msg>
<status status="PASS" starttime="20240205 15:44:22.833" endtime="20240205 15:44:23.849"/>
</kw>
<kw name="Press Keys" library="SeleniumLibrary">
<arg>${Element}</arg>
<arg>${Name}</arg>
<doc>Simulates the user pressing key(s) to an element or on the active browser.</doc>
<msg timestamp="20240205 15:44:23.849" level="INFO">Sending key(s) ('TC02_PORTFOLIO2',) to //input[@id="portfolio-search-products"] element.</msg>
<msg timestamp="20240205 15:44:26.185" level="INFO">Sending keys TC02_PORTFOLIO2</msg>
<status status="PASS" starttime="20240205 15:44:23.849" endtime="20240205 15:44:27.576"/>
</kw>
<status status="PASS" starttime="20240205 15:44:16.353" endtime="20240205 15:44:27.576"/>
</kw>
<kw name="Check element is present" library="common_1">
<arg>${TXT_Portfolio_No_Data}</arg>
<kw name="Wait Until Page Contains Element" library="SeleniumLibrary">
<arg>${element}</arg>
<arg>50</arg>
<doc>Waits until the element ``locator`` appears on the current page.</doc>
<status status="PASS" starttime="20240205 15:44:27.576" endtime="20240205 15:44:29.844"/>
</kw>
<kw name="Page Should Contain Element" library="SeleniumLibrary">
<arg>${element}</arg>
<doc>Verifies that element ``locator`` is found on the current page.</doc>
<msg timestamp="20240205 15:44:30.868" level="INFO">Current page contains element '//p[text()="No records to display"]'.</msg>
<status status="PASS" starttime="20240205 15:44:29.844" endtime="20240205 15:44:30.868"/>
</kw>
<status status="PASS" starttime="20240205 15:44:27.576" endtime="20240205 15:44:30.869"/>
</kw>
<status status="PASS" starttime="20240205 15:44:16.353" endtime="20240205 15:44:30.869"/>
</kw>
<status status="PASS" starttime="20240205 15:44:16.349" endtime="20240205 15:44:30.869"/>
</kw>
<kw name="Then Click on Search bar and search with valid portfolio in the portfolio page" library="PROD-4_Support">
<kw name="verify if the search bar should be enabled to search any portfolio and it should display result as per the search input" library="PROD-4_Support">
<kw name="Search Data" library="common_1">
<arg>${Input_Portfolio_Search}</arg>
<arg>${TC01_Portfolio_name}</arg>
<doc>using this keyword we can search portfolio</doc>
<kw name="Wait Until Element is present then click the element" library="common_1">
<arg>${Element}</arg>
<doc>Using this keyword we can perform click Element</doc>
<kw name="Wait Until Page Contains Element" library="SeleniumLibrary">
<arg>${Element}</arg>
<arg>50</arg>
<doc>Waits until the element ``locator`` appears on the current page.</doc>
<status status="PASS" starttime="20240205 15:44:30.872" endtime="20240205 15:44:31.890"/>
</kw>
<kw name="Wait Until Keyword Succeeds" library="BuiltIn">
<arg>6</arg>
<arg>7</arg>
<arg>Click Element</arg>
<arg>${Element}</arg>
<doc>Runs the specified keyword and retries if it fails.</doc>
<kw name="Click Element" library="SeleniumLibrary">
<arg>${Element}</arg>
<doc>Click the element identified by ``locator``.</doc>
<msg timestamp="20240205 15:44:31.890" level="INFO">Clicking element '//input[@id="portfolio-search-products"]'.</msg>
<status status="PASS" starttime="20240205 15:44:31.890" endtime="20240205 15:44:33.982"/>
</kw>
<status status="PASS" starttime="20240205 15:44:31.890" endtime="20240205 15:44:33.982"/>
</kw>
<status status="PASS" starttime="20240205 15:44:30.869" endtime="20240205 15:44:33.982"/>
</kw>
<kw name="Press Keys" library="SeleniumLibrary">
<arg>${Element}</arg>
<arg>CTRL+A+BACKSPACE</arg>
<doc>Simulates the user pressing key(s) to an element or on the active browser.</doc>
<msg timestamp="20240205 15:44:33.986" level="INFO">Sending key(s) ('CTRL+A+BACKSPACE',) to //input[@id="portfolio-search-products"] element.</msg>
<msg timestamp="20240205 15:44:36.299" level="INFO">Pressing special key CONTROL down.</msg>
<msg timestamp="20240205 15:44:36.299" level="INFO">Sending key A</msg>
<msg timestamp="20240205 15:44:36.299" level="INFO">Pressing special key BACKSPACE down.</msg>
<msg timestamp="20240205 15:44:36.299" level="INFO">Releasing special key CONTROL.</msg>
<msg timestamp="20240205 15:44:36.300" level="INFO">Releasing special key BACKSPACE.</msg>
<status status="PASS" starttime="20240205 15:44:33.985" endtime="20240205 15:44:37.346"/>
</kw>
<kw name="Sleep" library="BuiltIn">
<arg>1</arg>
<doc>Pauses the test executed for the given time.</doc>
<msg timestamp="20240205 15:44:38.356" level="INFO">Slept 1 second</msg>
<status status="PASS" starttime="20240205 15:44:37.346" endtime="20240205 15:44:38.356"/>
</kw>
<kw name="Press Keys" library="SeleniumLibrary">
<arg>${Element}</arg>
<arg>${Name}</arg>
<doc>Simulates the user pressing key(s) to an element or on the active browser.</doc>
<msg timestamp="20240205 15:44:38.357" level="INFO">Sending key(s) ('TC01_portfolio',) to //input[@id="portfolio-search-products"] element.</msg>
<msg timestamp="20240205 15:44:40.666" level="INFO">Sending keys TC01_portfolio</msg>
<status status="PASS" starttime="20240205 15:44:38.357" endtime="20240205 15:44:42.019"/>
</kw>
<status status="PASS" starttime="20240205 15:44:30.869" endtime="20240205 15:44:42.020"/>
</kw>
<kw name="Verify a Portfolio is displayed" library="common_1">
<arg>${TC01_Portfolio_name}</arg>
<doc>Using this keyword we can verify portfolio</doc>
<kw name="Format String" library="String">
<var>${Portfolio}</var>
<arg>${Portfolio_Name}</arg>
<arg>name=${name}</arg>
<doc>Formats a ``template`` using the given ``positional`` and ``named`` arguments.</doc>
<msg timestamp="20240205 15:44:42.022" level="INFO">${Portfolio} = //td[@id="custom-id-TC01_portfolio"]</msg>
<status status="PASS" starttime="20240205 15:44:42.020" endtime="20240205 15:44:42.022"/>
</kw>
<kw name="Check element is present" library="common_1">
<arg>${Portfolio}</arg>
<kw name="Wait Until Page Contains Element" library="SeleniumLibrary">
<arg>${element}</arg>
<arg>50</arg>
<doc>Waits until the element ``locator`` appears on the current page.</doc>
<status status="PASS" starttime="20240205 15:44:42.022" endtime="20240205 15:44:43.059"/>
</kw>
<kw name="Page Should Contain Element" library="SeleniumLibrary">
<arg>${element}</arg>
<doc>Verifies that element ``locator`` is found on the current page.</doc>
<msg timestamp="20240205 15:44:44.081" level="INFO">Current page contains element '//td[@id="custom-id-TC01_portfolio"]'.</msg>
<status status="PASS" starttime="20240205 15:44:43.059" endtime="20240205 15:44:44.081"/>
</kw>
<status status="PASS" starttime="20240205 15:44:42.022" endtime="20240205 15:44:44.081"/>
</kw>
<status status="PASS" starttime="20240205 15:44:42.020" endtime="20240205 15:44:44.081"/>
</kw>
<status status="PASS" starttime="20240205 15:44:30.869" endtime="20240205 15:44:44.081"/>
</kw>
<status status="PASS" starttime="20240205 15:44:30.869" endtime="20240205 15:44:44.081"/>
</kw>
<kw name="Then Click on More icon in portfolio name, Click on Edit button,Enter Data and click on cancel button" library="PROD-4_Support">
<kw name="verify if it display edit and delete button as Dropdown, it should display Edit portfolio popup in editable mode , User to enter the data and It should redirect to the Portfolio page" library="PROD-4_Support">
<kw name="Click the Kebab button on portfolio" library="common_1">
<arg>${TC01_Portfolio_name}</arg>
<doc>Using this keywork we can click kebab button</doc>
<kw name="Format String" library="String">
<var>${portfolio_more_option}</var>
<arg>${BTN_Portfolio_more}</arg>
<arg>name=${name}</arg>
<doc>Formats a ``template`` using the given ``positional`` and ``named`` arguments.</doc>
<msg timestamp="20240205 15:44:44.085" level="INFO">${portfolio_more_option} = //div[@id="more-btn-TC01_portfolio"]/../..</msg>
<status status="PASS" starttime="20240205 15:44:44.085" endtime="20240205 15:44:44.085"/>
</kw>
<kw name="Wait Until Element is present then click the element" library="common_1">
<arg>${portfolio_more_option}</arg>
<doc>Using this keyword we can perform click Element</doc>
<kw name="Wait Until Page Contains Element" library="SeleniumLibrary">
<arg>${Element}</arg>
<arg>50</arg>
<doc>Waits until the element ``locator`` appears on the current page.</doc>
<status status="PASS" starttime="20240205 15:44:44.089" endtime="20240205 15:44:45.112"/>
</kw>
<kw name="Wait Until Keyword Succeeds" library="BuiltIn">
<arg>6</arg>
<arg>7</arg>
<arg>Click Element</arg>
<arg>${Element}</arg>
<doc>Runs the specified keyword and retries if it fails.</doc>
<kw name="Click Element" library="SeleniumLibrary">
<arg>${Element}</arg>
<doc>Click the element identified by ``locator``.</doc>
<msg timestamp="20240205 15:44:45.116" level="INFO">Clicking element '//div[@id="more-btn-TC01_portfolio"]/../..'.</msg>
<status status="PASS" starttime="20240205 15:44:45.112" endtime="20240205 15:44:47.188"/>
</kw>
<status status="PASS" starttime="20240205 15:44:45.112" endtime="20240205 15:44:47.189"/>
</kw>
<status status="PASS" starttime="20240205 15:44:44.089" endtime="20240205 15:44:47.189"/>
</kw>
<status status="PASS" starttime="20240205 15:44:44.085" endtime="20240205 15:44:47.189"/>
</kw>
<kw name="Edit Portfolio" library="common_1">
<arg>${TC01_Portfolio_name}</arg>
<arg>${TC01_Portfolio_name}</arg>
<arg>${TC01_Portfolio_Description2}</arg>
<arg>${BTN_Portfolio_edit_cancel}</arg>
<doc>Using this keyword Edit portfolio</doc>
<kw name="Format String" library="String">
<var>${Portfolio_edit}</var>
<arg>${BTN_Portfolio_Edit}</arg>
<arg>name=${name}</arg>
<doc>Formats a ``template`` using the given ``positional`` and ``named`` arguments.</doc>
<msg timestamp="20240205 15:44:47.192" level="INFO">${Portfolio_edit} = //li[@id="edit-TC01_portfolio"]</msg>
<status status="PASS" starttime="20240205 15:44:47.189" endtime="20240205 15:44:47.192"/>
</kw>
<kw name="Wait Until Element is present then click the element" library="common_1">
<arg>${Portfolio_edit}</arg>
<doc>Using this keyword we can perform click Element</doc>
<kw name="Wait Until Page Contains Element" library="SeleniumLibrary">
<arg>${Element}</arg>
<arg>50</arg>
<doc>Waits until the element ``locator`` appears on the current page.</doc>
<status status="PASS" starttime="20240205 15:44:47.192" endtime="20240205 15:44:48.228"/>
</kw>
<kw name="Wait Until Keyword Succeeds" library="BuiltIn">
<arg>6</arg>
<arg>7</arg>
<arg>Click Element</arg>
<arg>${Element}</arg>
<doc>Runs the specified keyword and retries if it fails.</doc>
<kw name="Click Element" library="SeleniumLibrary">
<arg>${Element}</arg>
<doc>Click the element identified by ``locator``.</doc>
<msg timestamp="20240205 15:44:48.228" level="INFO">Clicking element '//li[@id="edit-TC01_portfolio"]'.</msg>
<status status="PASS" starttime="20240205 15:44:48.228" endtime="20240205 15:44:50.334"/>
</kw>
<status status="PASS" starttime="20240205 15:44:48.228" endtime="20240205 15:44:50.335"/>
</kw>
<status status="PASS" starttime="20240205 15:44:47.192" endtime="20240205 15:44:50.335"/>
</kw>
<kw name="Press Keys" library="SeleniumLibrary">
<arg>${INput_Portfolio_name}</arg>
<arg>CTRL+A+BACKSPACE</arg>
<doc>Simulates the user pressing key(s) to an element or on the active browser.</doc>
<msg timestamp="20240205 15:44:50.335" level="INFO">Sending key(s) ('CTRL+A+BACKSPACE',) to //input[@id="portfolio-management-portfolio-name"] element.</msg>
<msg timestamp="20240205 15:44:52.665" level="INFO">Pressing special key CONTROL down.</msg>
<msg timestamp="20240205 15:44:52.665" level="INFO">Sending key A</msg>
<msg timestamp="20240205 15:44:52.665" level="INFO">Pressing special key BACKSPACE down.</msg>
<msg timestamp="20240205 15:44:52.665" level="INFO">Releasing special key CONTROL.</msg>
<msg timestamp="20240205 15:44:52.665" level="INFO">Releasing special key BACKSPACE.</msg>
<status status="PASS" starttime="20240205 15:44:50.335" endtime="20240205 15:44:53.715"/>
</kw>
<kw name="Input Text" library="SeleniumLibrary">
<arg>${Input_Portfolio_Name}</arg>
<arg>${name1}</arg>
<doc>Types the given ``text`` into the text field identified by ``locator``.</doc>
<msg timestamp="20240205 15:44:53.715" level="INFO">Typing text 'TC01_portfolio' into text field '//input[@id="portfolio-management-portfolio-name"]'.</msg>
<status status="PASS" starttime="20240205 15:44:53.715" endtime="20240205 15:44:57.148"/>
</kw>
<kw name="Press Keys" library="SeleniumLibrary">
<arg>${Input_Portfolio_Description}</arg>
<arg>CTRL+A+BACKSPACE</arg>
<doc>Simulates the user pressing key(s) to an element or on the active browser.</doc>
<msg timestamp="20240205 15:44:57.151" level="INFO">Sending key(s) ('CTRL+A+BACKSPACE',) to //textarea[@id="portfolio-management-portfolio-description"] element.</msg>
<msg timestamp="20240205 15:44:59.500" level="INFO">Pressing special key CONTROL down.</msg>
<msg timestamp="20240205 15:44:59.501" level="INFO">Sending key A</msg>
<msg timestamp="20240205 15:44:59.501" level="INFO">Pressing special key BACKSPACE down.</msg>
<msg timestamp="20240205 15:44:59.501" level="INFO">Releasing special key CONTROL.</msg>
<msg timestamp="20240205 15:44:59.501" level="INFO">Releasing special key BACKSPACE.</msg>
<status status="PASS" starttime="20240205 15:44:57.150" endtime="20240205 15:45:00.554"/>
</kw>
<kw name="Input Text" library="SeleniumLibrary">
<arg>${INput_Portfolio_Description}</arg>
<arg>${description}</arg>
<doc>Types the given ``text`` into the text field identified by ``locator``.</doc>
<msg timestamp="20240205 15:45:00.554" level="INFO">Typing text 'TC01_portfolio_description2' into text field '//textarea[@id="portfolio-management-portfolio-description"]'.</msg>
<status status="PASS" starttime="20240205 15:45:00.554" endtime="20240205 15:45:04.210"/>
</kw>
<kw name="Wait Until Element is present then click the element" library="common_1">
<arg>${element}</arg>
<doc>Using this keyword we can perform click Element</doc>
<kw name="Wait Until Page Contains Element" library="SeleniumLibrary">
<arg>${Element}</arg>
<arg>50</arg>
<doc>Waits until the element ``locator`` appears on the current page.</doc>
<status status="PASS" starttime="20240205 15:45:04.210" endtime="20240205 15:45:05.239"/>
</kw>
<kw name="Wait Until Keyword Succeeds" library="BuiltIn">
<arg>6</arg>
<arg>7</arg>
<arg>Click Element</arg>
<arg>${Element}</arg>
<doc>Runs the specified keyword and retries if it fails.</doc>
<kw name="Click Element" library="SeleniumLibrary">
<arg>${Element}</arg>
<doc>Click the element identified by ``locator``.</doc>
<msg timestamp="20240205 15:45:05.243" level="INFO">Clicking element '//button[@id="portfolio-edit-cancel-btn"]'.</msg>
<status status="PASS" starttime="20240205 15:45:05.239" endtime="20240205 15:45:07.373"/>
</kw>
<status status="PASS" starttime="20240205 15:45:05.239" endtime="20240205 15:45:07.373"/>
</kw>
<status status="PASS" starttime="20240205 15:45:04.210" endtime="20240205 15:45:07.373"/>
</kw>
<status status="PASS" starttime="20240205 15:44:47.189" endtime="20240205 15:45:07.373"/>
</kw>
<status status="PASS" starttime="20240205 15:44:44.085" endtime="20240205 15:45:07.373"/>
</kw>
<status status="PASS" starttime="20240205 15:44:44.081" endtime="20240205 15:45:07.373"/>
</kw>
<kw name="Then Click on More icon in portfolio name, click on Edit button, Enter the data and click on save button" library="PROD-4_Support">
<kw name="verify it should display a dropdown and it should display portfolio popup window in editable mode and save the changes by clicking save button" library="PROD-4_Support">
<kw name="Click the Kebab button on portfolio" library="common_1">
<arg>${TC01_Portfolio_name}</arg>
<doc>Using this keywork we can click kebab button</doc>
<kw name="Format String" library="String">
<var>${portfolio_more_option}</var>
<arg>${BTN_Portfolio_more}</arg>
<arg>name=${name}</arg>
<doc>Formats a ``template`` using the given ``positional`` and ``named`` arguments.</doc>
<msg timestamp="20240205 15:45:07.377" level="INFO">${portfolio_more_option} = //div[@id="more-btn-TC01_portfolio"]/../..</msg>
<status status="PASS" starttime="20240205 15:45:07.377" endtime="20240205 15:45:07.377"/>
</kw>
<kw name="Wait Until Element is present then click the element" library="common_1">
<arg>${portfolio_more_option}</arg>
<doc>Using this keyword we can perform click Element</doc>
<kw name="Wait Until Page Contains Element" library="SeleniumLibrary">
<arg>${Element}</arg>
<arg>50</arg>
<doc>Waits until the element ``locator`` appears on the current page.</doc>
<status status="PASS" starttime="20240205 15:45:07.381" endtime="20240205 15:45:08.408"/>
</kw>
<kw name="Wait Until Keyword Succeeds" library="BuiltIn">
<arg>6</arg>
<arg>7</arg>
<arg>Click Element</arg>
<arg>${Element}</arg>
<doc>Runs the specified keyword and retries if it fails.</doc>
<kw name="Click Element" library="SeleniumLibrary">
<arg>${Element}</arg>
<doc>Click the element identified by ``locator``.</doc>
<msg timestamp="20240205 15:45:08.408" level="INFO">Clicking element '//div[@id="more-btn-TC01_portfolio"]/../..'.</msg>
<status status="PASS" starttime="20240205 15:45:08.408" endtime="20240205 15:45:10.502"/>
</kw>
<status status="PASS" starttime="20240205 15:45:08.408" endtime="20240205 15:45:10.503"/>
</kw>
<status status="PASS" starttime="20240205 15:45:07.381" endtime="20240205 15:45:10.503"/>
</kw>
<status status="PASS" starttime="20240205 15:45:07.377" endtime="20240205 15:45:10.503"/>
</kw>
<kw name="Edit Portfolio" library="common_1">
<arg>${TC01_Portfolio_name}</arg>
<arg>${TC02_Portfolio_name}</arg>
<arg>${TC01_Portfolio_Description2}</arg>
<arg>${BTN_Portfolio_edit_save}</arg>
<doc>Using this keyword Edit portfolio</doc>
<kw name="Format String" library="String">
<var>${Portfolio_edit}</var>
<arg>${BTN_Portfolio_Edit}</arg>
<arg>name=${name}</arg>
<doc>Formats a ``template`` using the given ``positional`` and ``named`` arguments.</doc>
<msg timestamp="20240205 15:45:10.506" level="INFO">${Portfolio_edit} = //li[@id="edit-TC01_portfolio"]</msg>
<status status="PASS" starttime="20240205 15:45:10.506" endtime="20240205 15:45:10.506"/>
</kw>
<kw name="Wait Until Element is present then click the element" library="common_1">
<arg>${Portfolio_edit}</arg>
<doc>Using this keyword we can perform click Element</doc>
<kw name="Wait Until Page Contains Element" library="SeleniumLibrary">
<arg>${Element}</arg>
<arg>50</arg>
<doc>Waits until the element ``locator`` appears on the current page.</doc>
<status status="PASS" starttime="20240205 15:45:10.506" endtime="20240205 15:45:11.536"/>
</kw>
<kw name="Wait Until Keyword Succeeds" library="BuiltIn">
<arg>6</arg>
<arg>7</arg>
<arg>Click Element</arg>
<arg>${Element}</arg>
<doc>Runs the specified keyword and retries if it fails.</doc>
<kw name="Click Element" library="SeleniumLibrary">
<arg>${Element}</arg>
<doc>Click the element identified by ``locator``.</doc>
<msg timestamp="20240205 15:45:11.540" level="INFO">Clicking element '//li[@id="edit-TC01_portfolio"]'.</msg>
<status status="PASS" starttime="20240205 15:45:11.537" endtime="20240205 15:45:13.663"/>
</kw>
<status status="PASS" starttime="20240205 15:45:11.537" endtime="20240205 15:45:13.663"/>
</kw>
<status status="PASS" starttime="20240205 15:45:10.506" endtime="20240205 15:45:13.663"/>
</kw>
<kw name="Press Keys" library="SeleniumLibrary">
<arg>${INput_Portfolio_name}</arg>
<arg>CTRL+A+BACKSPACE</arg>
<doc>Simulates the user pressing key(s) to an element or on the active browser.</doc>
<msg timestamp="20240205 15:45:13.667" level="INFO">Sending key(s) ('CTRL+A+BACKSPACE',) to //input[@id="portfolio-management-portfolio-name"] element.</msg>
<msg timestamp="20240205 15:45:15.986" level="INFO">Pressing special key CONTROL down.</msg>
<msg timestamp="20240205 15:45:15.987" level="INFO">Sending key A</msg>
<msg timestamp="20240205 15:45:15.987" level="INFO">Pressing special key BACKSPACE down.</msg>
<msg timestamp="20240205 15:45:15.987" level="INFO">Releasing special key CONTROL.</msg>
<msg timestamp="20240205 15:45:15.987" level="INFO">Releasing special key BACKSPACE.</msg>
<status status="PASS" starttime="20240205 15:45:13.663" endtime="20240205 15:45:17.037"/>
</kw>
<kw name="Input Text" library="SeleniumLibrary">
<arg>${Input_Portfolio_Name}</arg>
<arg>${name1}</arg>
<doc>Types the given ``text`` into the text field identified by ``locator``.</doc>
<msg timestamp="20240205 15:45:17.038" level="INFO">Typing text 'TC02_portfolio' into text field '//input[@id="portfolio-management-portfolio-name"]'.</msg>
<status status="PASS" starttime="20240205 15:45:17.038" endtime="20240205 15:45:20.479"/>
</kw>
<kw name="Press Keys" library="SeleniumLibrary">
<arg>${Input_Portfolio_Description}</arg>
<arg>CTRL+A+BACKSPACE</arg>
<doc>Simulates the user pressing key(s) to an element or on the active browser.</doc>
<msg timestamp="20240205 15:45:20.483" level="INFO">Sending key(s) ('CTRL+A+BACKSPACE',) to //textarea[@id="portfolio-management-portfolio-description"] element.</msg>
<msg timestamp="20240205 15:45:22.837" level="INFO">Pressing special key CONTROL down.</msg>
<msg timestamp="20240205 15:45:22.837" level="INFO">Sending key A</msg>
<msg timestamp="20240205 15:45:22.837" level="INFO">Pressing special key BACKSPACE down.</msg>
<msg timestamp="20240205 15:45:22.837" level="INFO">Releasing special key CONTROL.</msg>
<msg timestamp="20240205 15:45:22.837" level="INFO">Releasing special key BACKSPACE.</msg>
<status status="PASS" starttime="20240205 15:45:20.481" endtime="20240205 15:45:23.895"/>
</kw>
<kw name="Input Text" library="SeleniumLibrary">
<arg>${INput_Portfolio_Description}</arg>
<arg>${description}</arg>
<doc>Types the given ``text`` into the text field identified by ``locator``.</doc>
<msg timestamp="20240205 15:45:23.895" level="INFO">Typing text 'TC01_portfolio_description2' into text field '//textarea[@id="portfolio-management-portfolio-description"]'.</msg>
<status status="PASS" starttime="20240205 15:45:23.895" endtime="20240205 15:45:27.574"/>
</kw>
<kw name="Wait Until Element is present then click the element" library="common_1">
<arg>${element}</arg>
<doc>Using this keyword we can perform click Element</doc>
<kw name="Wait Until Page Contains Element" library="SeleniumLibrary">
<arg>${Element}</arg>
<arg>50</arg>
<doc>Waits until the element ``locator`` appears on the current page.</doc>
<status status="PASS" starttime="20240205 15:45:27.577" endtime="20240205 15:45:28.608"/>
</kw>
<kw name="Wait Until Keyword Succeeds" library="BuiltIn">
<arg>6</arg>
<arg>7</arg>
<arg>Click Element</arg>
<arg>${Element}</arg>
<doc>Runs the specified keyword and retries if it fails.</doc>
<kw name="Click Element" library="SeleniumLibrary">
<arg>${Element}</arg>
<doc>Click the element identified by ``locator``.</doc>
<msg timestamp="20240205 15:45:28.611" level="INFO">Clicking element '//button[@id="portfolio-edit-save-btn"]'.</msg>
<status status="PASS" starttime="20240205 15:45:28.608" endtime="20240205 15:45:30.763"/>
</kw>
<status status="PASS" starttime="20240205 15:45:28.608" endtime="20240205 15:45:30.763"/>
</kw>
<status status="PASS" starttime="20240205 15:45:27.576" endtime="20240205 15:45:30.763"/>
</kw>
<status status="PASS" starttime="20240205 15:45:10.503" endtime="20240205 15:45:30.763"/>
</kw>
<status status="PASS" starttime="20240205 15:45:07.377" endtime="20240205 15:45:30.763"/>
</kw>
<status status="PASS" starttime="20240205 15:45:07.373" endtime="20240205 15:45:30.763"/>
</kw>
<kw name="Then Click on More icon in Portfolio name, click on Delete Button and Click on Cancel Button" library="PROD-4_Support">
<kw name="verify if it display edit and delete button as dropdown, It Redirect to the Portfolio Page" library="PROD-4_Support">
<kw name="Search Data" library="common_1">
<arg>${Input_Portfolio_Search}</arg>
<arg>${TC02_Portfolio_name}</arg>
<doc>using this keyword we can search portfolio</doc>
<kw name="Wait Until Element is present then click the element" library="common_1">
<arg>${Element}</arg>
<doc>Using this keyword we can perform click Element</doc>
<kw name="Wait Until Page Contains Element" library="SeleniumLibrary">
<arg>${Element}</arg>
<arg>50</arg>
<doc>Waits until the element ``locator`` appears on the current page.</doc>
<status status="PASS" starttime="20240205 15:45:30.771" endtime="20240205 15:45:31.798"/>
</kw>
<kw name="Wait Until Keyword Succeeds" library="BuiltIn">
<arg>6</arg>
<arg>7</arg>
<arg>Click Element</arg>
<arg>${Element}</arg>
<doc>Runs the specified keyword and retries if it fails.</doc>
<kw name="Click Element" library="SeleniumLibrary">
<arg>${Element}</arg>
<doc>Click the element identified by ``locator``.</doc>
<msg timestamp="20240205 15:45:31.800" level="INFO">Clicking element '//input[@id="portfolio-search-products"]'.</msg>
<status status="PASS" starttime="20240205 15:45:31.800" endtime="20240205 15:45:33.895"/>
</kw>
<status status="PASS" starttime="20240205 15:45:31.800" endtime="20240205 15:45:33.896"/>
</kw>
<status status="PASS" starttime="20240205 15:45:30.766" endtime="20240205 15:45:33.896"/>
</kw>
<kw name="Press Keys" library="SeleniumLibrary">
<arg>${Element}</arg>
<arg>CTRL+A+BACKSPACE</arg>
<doc>Simulates the user pressing key(s) to an element or on the active browser.</doc>
<msg timestamp="20240205 15:45:33.899" level="INFO">Sending key(s) ('CTRL+A+BACKSPACE',) to //input[@id="portfolio-search-products"] element.</msg>
<msg timestamp="20240205 15:45:36.203" level="INFO">Pressing special key CONTROL down.</msg>
<msg timestamp="20240205 15:45:36.203" level="INFO">Sending key A</msg>
<msg timestamp="20240205 15:45:36.203" level="INFO">Pressing special key BACKSPACE down.</msg>
<msg timestamp="20240205 15:45:36.203" level="INFO">Releasing special key CONTROL.</msg>
<msg timestamp="20240205 15:45:36.203" level="INFO">Releasing special key BACKSPACE.</msg>
<status status="PASS" starttime="20240205 15:45:33.896" endtime="20240205 15:45:37.253"/>
</kw>
<kw name="Sleep" library="BuiltIn">
<arg>1</arg>
<doc>Pauses the test executed for the given time.</doc>
<msg timestamp="20240205 15:45:38.254" level="INFO">Slept 1 second</msg>
<status status="PASS" starttime="20240205 15:45:37.253" endtime="20240205 15:45:38.254"/>
</kw>
<kw name="Press Keys" library="SeleniumLibrary">
<arg>${Element}</arg>
<arg>${Name}</arg>
<doc>Simulates the user pressing key(s) to an element or on the active browser.</doc>
<msg timestamp="20240205 15:45:38.254" level="INFO">Sending key(s) ('TC02_portfolio',) to //input[@id="portfolio-search-products"] element.</msg>
<msg timestamp="20240205 15:45:40.583" level="INFO">Sending keys TC02_portfolio</msg>
<status status="PASS" starttime="20240205 15:45:38.254" endtime="20240205 15:45:41.895"/>
</kw>
<status status="PASS" starttime="20240205 15:45:30.766" endtime="20240205 15:45:41.895"/>
</kw>
<kw name="Click the Kebab button on portfolio" library="common_1">
<arg>${TC02_Portfolio_name}</arg>
<doc>Using this keywork we can click kebab button</doc>
<kw name="Format String" library="String">
<var>${portfolio_more_option}</var>
<arg>${BTN_Portfolio_more}</arg>
<arg>name=${name}</arg>
<doc>Formats a ``template`` using the given ``positional`` and ``named`` arguments.</doc>
<msg timestamp="20240205 15:45:41.899" level="INFO">${portfolio_more_option} = //div[@id="more-btn-TC02_portfolio"]/../..</msg>
<status status="PASS" starttime="20240205 15:45:41.899" endtime="20240205 15:45:41.899"/>
</kw>
<kw name="Wait Until Element is present then click the element" library="common_1">
<arg>${portfolio_more_option}</arg>
<doc>Using this keyword we can perform click Element</doc>
<kw name="Wait Until Page Contains Element" library="SeleniumLibrary">
<arg>${Element}</arg>
<arg>50</arg>
<doc>Waits until the element ``locator`` appears on the current page.</doc>
<status status="PASS" starttime="20240205 15:45:41.903" endtime="20240205 15:45:42.941"/>
</kw>
<kw name="Wait Until Keyword Succeeds" library="BuiltIn">
<arg>6</arg>
<arg>7</arg>
<arg>Click Element</arg>
<arg>${Element}</arg>
<doc>Runs the specified keyword and retries if it fails.</doc>
<kw name="Click Element" library="SeleniumLibrary">
<arg>${Element}</arg>
<doc>Click the element identified by ``locator``.</doc>
<msg timestamp="20240205 15:45:42.943" level="INFO">Clicking element '//div[@id="more-btn-TC02_portfolio"]/../..'.</msg>
<status status="PASS" starttime="20240205 15:45:42.943" endtime="20240205 15:45:45.016"/>
</kw>
<status status="PASS" starttime="20240205 15:45:42.941" endtime="20240205 15:45:45.016"/>
</kw>
<status status="PASS" starttime="20240205 15:45:41.899" endtime="20240205 15:45:45.016"/>
</kw>
<status status="PASS" starttime="20240205 15:45:41.895" endtime="20240205 15:45:45.016"/>
</kw>
<kw name="Delete Potfolio" library="common_1">
<arg>${TC02_Portfolio_name}</arg>
<arg>${BTN_Portfolio_delete_cancel}</arg>
<doc>Using this keyword delete portfolio</doc>
<kw name="Format String" library="String">
<var>${Portfolio}</var>
<arg>${BTN_Portfolio_delete}</arg>
<arg>name=${name}</arg>
<doc>Formats a ``template`` using the given ``positional`` and ``named`` arguments.</doc>
<msg timestamp="20240205 15:45:45.020" level="INFO">${Portfolio} = //li[@id="delete-TC02_portfolio"]</msg>
<status status="PASS" starttime="20240205 15:45:45.016" endtime="20240205 15:45:45.020"/>
</kw>
<kw name="Wait Until Element is present then click the element" library="common_1">
<arg>${Portfolio}</arg>
<doc>Using this keyword we can perform click Element</doc>
<kw name="Wait Until Page Contains Element" library="SeleniumLibrary">
<arg>${Element}</arg>
<arg>50</arg>
<doc>Waits until the element ``locator`` appears on the current page.</doc>
<status status="PASS" starttime="20240205 15:45:45.020" endtime="20240205 15:45:46.045"/>
</kw>
<kw name="Wait Until Keyword Succeeds" library="BuiltIn">
<arg>6</arg>
<arg>7</arg>
<arg>Click Element</arg>
<arg>${Element}</arg>
<doc>Runs the specified keyword and retries if it fails.</doc>
<kw name="Click Element" library="SeleniumLibrary">
<arg>${Element}</arg>
<doc>Click the element identified by ``locator``.</doc>
<msg timestamp="20240205 15:45:46.045" level="INFO">Clicking element '//li[@id="delete-TC02_portfolio"]'.</msg>
<status status="PASS" starttime="20240205 15:45:46.045" endtime="20240205 15:45:48.129"/>
</kw>
<status status="PASS" starttime="20240205 15:45:46.045" endtime="20240205 15:45:48.129"/>
</kw>
<status status="PASS" starttime="20240205 15:45:45.020" endtime="20240205 15:45:48.129"/>
</kw>
<kw name="Wait Until Element is present then click the element" library="common_1">
<arg>${element}</arg>
<doc>Using this keyword we can perform click Element</doc>
<kw name="Wait Until Page Contains Element" library="SeleniumLibrary">
<arg>${Element}</arg>
<arg>50</arg>
<doc>Waits until the element ``locator`` appears on the current page.</doc>
<status status="PASS" starttime="20240205 15:45:48.129" endtime="20240205 15:45:49.153"/>
</kw>
<kw name="Wait Until Keyword Succeeds" library="BuiltIn">
<arg>6</arg>
<arg>7</arg>
<arg>Click Element</arg>
<arg>${Element}</arg>
<doc>Runs the specified keyword and retries if it fails.</doc>
<kw name="Click Element" library="SeleniumLibrary">
<arg>${Element}</arg>
<doc>Click the element identified by ``locator``.</doc>
<msg timestamp="20240205 15:45:49.153" level="INFO">Clicking element '//p[text()="Cancel"]/parent::button'.</msg>
<status status="PASS" starttime="20240205 15:45:49.153" endtime="20240205 15:45:51.225"/>
</kw>
<status status="PASS" starttime="20240205 15:45:49.153" endtime="20240205 15:45:51.225"/>
</kw>
<status status="PASS" starttime="20240205 15:45:48.129" endtime="20240205 15:45:51.225"/>
</kw>
<status status="PASS" starttime="20240205 15:45:45.016" endtime="20240205 15:45:51.225"/>
</kw>
<status status="PASS" starttime="20240205 15:45:30.766" endtime="20240205 15:45:51.225"/>
</kw>
<status status="PASS" starttime="20240205 15:45:30.766" endtime="20240205 15:45:51.225"/>
</kw>
<kw name="Then Click on More icon in Portfolio name, click on Delete Button and Click on Confirm button" library="PROD-4_Support">
<kw name="verify if it display edit and delete button as dropdown,it Deleted Portfolio should not display in the portfolio page" library="PROD-4_Support">
<kw name="Click the Kebab button on portfolio" library="common_1">
<arg>${TC02_Portfolio_name}</arg>
<doc>Using this keywork we can click kebab button</doc>
<kw name="Format String" library="String">
<var>${portfolio_more_option}</var>
<arg>${BTN_Portfolio_more}</arg>
<arg>name=${name}</arg>
<doc>Formats a ``template`` using the given ``positional`` and ``named`` arguments.</doc>
<msg timestamp="20240205 15:45:51.231" level="INFO">${portfolio_more_option} = //div[@id="more-btn-TC02_portfolio"]/../..</msg>
<status status="PASS" starttime="20240205 15:45:51.231" endtime="20240205 15:45:51.231"/>
</kw>
<kw name="Wait Until Element is present then click the element" library="common_1">
<arg>${portfolio_more_option}</arg>
<doc>Using this keyword we can perform click Element</doc>
<kw name="Wait Until Page Contains Element" library="SeleniumLibrary">
<arg>${Element}</arg>
<arg>50</arg>
<doc>Waits until the element ``locator`` appears on the current page.</doc>
<status status="PASS" starttime="20240205 15:45:51.234" endtime="20240205 15:45:52.266"/>
</kw>
<kw name="Wait Until Keyword Succeeds" library="BuiltIn">
<arg>6</arg>
<arg>7</arg>
<arg>Click Element</arg>
<arg>${Element}</arg>
<doc>Runs the specified keyword and retries if it fails.</doc>
<kw name="Click Element" library="SeleniumLibrary">
<arg>${Element}</arg>
<doc>Click the element identified by ``locator``.</doc>
<msg timestamp="20240205 15:45:52.266" level="INFO">Clicking element '//div[@id="more-btn-TC02_portfolio"]/../..'.</msg>
<status status="PASS" starttime="20240205 15:45:52.266" endtime="20240205 15:45:54.341"/>
</kw>
<status status="PASS" starttime="20240205 15:45:52.266" endtime="20240205 15:45:54.341"/>
</kw>
<status status="PASS" starttime="20240205 15:45:51.234" endtime="20240205 15:45:54.341"/>
</kw>
<status status="PASS" starttime="20240205 15:45:51.231" endtime="20240205 15:45:54.341"/>
</kw>
<kw name="Delete Potfolio" library="common_1">
<arg>${TC02_Portfolio_name}</arg>
<arg>${BTN_Portfolio_delete_confirm}</arg>
<doc>Using this keyword delete portfolio</doc>
<kw name="Format String" library="String">
<var>${Portfolio}</var>
<arg>${BTN_Portfolio_delete}</arg>
<arg>name=${name}</arg>
<doc>Formats a ``template`` using the given ``positional`` and ``named`` arguments.</doc>
<msg timestamp="20240205 15:45:54.345" level="INFO">${Portfolio} = //li[@id="delete-TC02_portfolio"]</msg>
<status status="PASS" starttime="20240205 15:45:54.341" endtime="20240205 15:45:54.345"/>
</kw>
<kw name="Wait Until Element is present then click the element" library="common_1">
<arg>${Portfolio}</arg>
<doc>Using this keyword we can perform click Element</doc>
<kw name="Wait Until Page Contains Element" library="SeleniumLibrary">
<arg>${Element}</arg>
<arg>50</arg>
<doc>Waits until the element ``locator`` appears on the current page.</doc>
<status status="PASS" starttime="20240205 15:45:54.345" endtime="20240205 15:45:55.371"/>
</kw>
<kw name="Wait Until Keyword Succeeds" library="BuiltIn">
<arg>6</arg>
<arg>7</arg>
<arg>Click Element</arg>
<arg>${Element}</arg>
<doc>Runs the specified keyword and retries if it fails.</doc>
<kw name="Click Element" library="SeleniumLibrary">
<arg>${Element}</arg>
<doc>Click the element identified by ``locator``.</doc>
<msg timestamp="20240205 15:45:55.371" level="INFO">Clicking element '//li[@id="delete-TC02_portfolio"]'.</msg>
<status status="PASS" starttime="20240205 15:45:55.371" endtime="20240205 15:45:57.453"/>
</kw>
<status status="PASS" starttime="20240205 15:45:55.371" endtime="20240205 15:45:57.454"/>
</kw>
<status status="PASS" starttime="20240205 15:45:54.345" endtime="20240205 15:45:57.454"/>
</kw>
<kw name="Wait Until Element is present then click the element" library="common_1">
<arg>${element}</arg>
<doc>Using this keyword we can perform click Element</doc>
<kw name="Wait Until Page Contains Element" library="SeleniumLibrary">
<arg>${Element}</arg>
<arg>50</arg>
<doc>Waits until the element ``locator`` appears on the current page.</doc>
<status status="PASS" starttime="20240205 15:45:57.454" endtime="20240205 15:45:58.480"/>
</kw>
<kw name="Wait Until Keyword Succeeds" library="BuiltIn">
<arg>6</arg>
<arg>7</arg>
<arg>Click Element</arg>
<arg>${Element}</arg>
<doc>Runs the specified keyword and retries if it fails.</doc>
<kw name="Click Element" library="SeleniumLibrary">
<arg>${Element}</arg>
<doc>Click the element identified by ``locator``.</doc>
<msg timestamp="20240205 15:45:58.504" level="INFO">Clicking element '//p[text()="Confirm"]/parent::button'.</msg>
<status status="PASS" starttime="20240205 15:45:58.492" endtime="20240205 15:46:01.138"/>
</kw>
<status status="PASS" starttime="20240205 15:45:58.484" endtime="20240205 15:46:01.138"/>
</kw>
<status status="PASS" starttime="20240205 15:45:57.454" endtime="20240205 15:46:01.140"/>
</kw>
<status status="PASS" starttime="20240205 15:45:54.341" endtime="20240205 15:46:01.140"/>
</kw>
<status status="PASS" starttime="20240205 15:45:51.229" endtime="20240205 15:46:01.140"/>
</kw>
<status status="PASS" starttime="20240205 15:45:51.225" endtime="20240205 15:46:01.142"/>
</kw>
<kw name="Then Close the Browser" library="PROD-4_Support">
<kw name="Verify an Application should be closed" library="PROD-4_Support">
<kw name="&quot;Close the Browser&quot;" library="common_1">
<kw name="Close Browser" library="SeleniumLibrary">
<doc>Closes the current browser.</doc>
<status status="PASS" starttime="20240205 15:46:01.146" endtime="20240205 15:46:04.304"/>
</kw>
<status status="PASS" starttime="20240205 15:46:01.146" endtime="20240205 15:46:04.304"/>
</kw>
<status status="PASS" starttime="20240205 15:46:01.145" endtime="20240205 15:46:04.304"/>
</kw>
<status status="PASS" starttime="20240205 15:46:01.142" endtime="20240205 15:46:04.304"/>
</kw>
<doc>Portfolio Create,Edit,Search,Delete</doc>
<tag>Name:Gayathri</tag>
<tag>PROD-4</tag>
<tag>Test</tag>
<status status="PASS" starttime="20240205 15:42:55.951" endtime="20240205 15:46:04.304"/>
</test>
<doc>Portfolio Create,Edit,Search,Delete JIRA ID - PROD-4</doc>
<status status="PASS" starttime="20240205 15:42:55.611" endtime="20240205 15:46:04.308"/>
</suite>
<suite id="s1-s1-s2" name="PROD-5" source="C:\Productor\Testcase\PROD-5.robot">
<test id="s1-s1-s2-t1" name="Category" line="9">
<kw name="Given Login into application" library="PROD-5_Support">
<arg>${username002}</arg>
<kw name="Verify an application should be opened" library="PROD-5_Support">
<arg>${username}</arg>
<kw name="Login Application" library="Login">
<arg>${username}</arg>
<doc>Using this keyword we can login Productor Application.</doc>
<kw name="Get File" library="OperatingSystem">
<var>${json_data}</var>
<arg>Data/password.json</arg>
<doc>Returns the contents of a specified file.</doc>
<msg timestamp="20240205 15:42:55.953" level="INFO" html="true">Getting file '&lt;a href="file://C:\Productor\Data\password.json"&gt;C:\Productor\Data\password.json&lt;/a&gt;'.</msg>
<msg timestamp="20240205 15:42:55.953" level="INFO">${json_data} = {
    "Tparthi@valuefactors.io": "gAAAAABlrkVsEdFMiMlTdK5zUdkIrh2gW0m7VKitqu1yc05zjvhEtgtLf1WAMAOHRJpwgI8mhU9rPO9To7wrVhBmzNtn6JJSqg==",
    "neeraj@codebyte.solutions": "gAAAAABlvf_wHd_s-rfaDVYJP09Sz...</msg>
<status status="PASS" starttime="20240205 15:42:55.953" endtime="20240205 15:42:55.953"/>
</kw>
<kw name="Evaluate" library="BuiltIn">
<var>${object}</var>
<arg>json.loads('''${json_data}''')</arg>
<arg>json</arg>
<doc>Evaluates the given expression in Python and returns the result.</doc>
<msg timestamp="20240205 15:42:55.957" level="INFO">${object} = {'Tparthi@valuefactors.io': 'gAAAAABlrkVsEdFMiMlTdK5zUdkIrh2gW0m7VKitqu1yc05zjvhEtgtLf1WAMAOHRJpwgI8mhU9rPO9To7wrVhBmzNtn6JJSqg==', 'neeraj@codebyte.solutions': 'gAAAAABlvf_wHd_s-rfaDVYJP09SzZmO4H8t5J...</msg>
<status status="PASS" starttime="20240205 15:42:55.953" endtime="20240205 15:42:55.957"/>
</kw>
<kw name="Set Variable" library="BuiltIn">
<var>${encry}</var>
<arg>${object['${username}']}</arg>
<doc>Returns the given values which can then be assigned to a variables.</doc>
<msg timestamp="20240205 15:42:55.958" level="INFO">${encry} = gAAAAABlvf_wHd_s-rfaDVYJP09SzZmO4H8t5J09u-ZvB3nvy4zPznfgWrIF25Uq0ihXWaVr3yq0MSlnkAximgkzjaHawUJIXA==</msg>
<status status="PASS" starttime="20240205 15:42:55.957" endtime="20240205 15:42:55.958"/>
</kw>
<kw name="Evaluate" library="BuiltIn">
<var>${options}</var>
<arg>sys.modules['selenium.webdriver'].EdgeOptions()</arg>
<arg>sys,selenium.webdriver</arg>
<doc>Evaluates the given expression in Python and returns the result.</doc>
<msg timestamp="20240205 15:42:55.958" level="INFO">${options} = &lt;selenium.webdriver.edge.options.Options object at 0x000001B9F7493640&gt;</msg>
<status status="PASS" starttime="20240205 15:42:55.958" endtime="20240205 15:42:55.958"/>
</kw>
<kw name="Call Method" library="BuiltIn">
<arg>${options}</arg>
<arg>add_argument</arg>
<arg>inprivate</arg>
<doc>Calls the named method of the given object with the provided arguments.</doc>
<status status="PASS" starttime="20240205 15:42:55.958" endtime="20240205 15:42:55.958"/>
</kw>
<kw name="Create Webdriver" library="SeleniumLibrary">
<var>${driver}</var>
<arg>Edge</arg>
<arg>options=${options}</arg>
<doc>Creates an instance of Selenium WebDriver.</doc>
<msg timestamp="20240205 15:42:55.961" level="INFO">Creating an instance of the Edge WebDriver.</msg>
<msg timestamp="20240205 15:42:59.557" level="INFO">${driver} = 1</msg>
<status status="PASS" starttime="20240205 15:42:55.958" endtime="20240205 15:42:59.557"/>
</kw>
<kw name="Go To" library="SeleniumLibrary">
<arg>${Productor_Url}</arg>
<doc>Navigates the current browser window to the provided ``url``.</doc>
<msg timestamp="20240205 15:42:59.561" level="INFO">Opening url 'https://predev-productor.valuefactors.io/auth/login/'</msg>
<status status="PASS" starttime="20240205 15:42:59.561" endtime="20240205 15:43:02.454"/>
</kw>
<kw name="Maximize Browser Window" library="SeleniumLibrary">
<doc>Maximizes current browser window.</doc>
<status status="PASS" starttime="20240205 15:43:02.454" endtime="20240205 15:43:02.594"/>
</kw>
<kw name="Set Selenium Speed" library="SeleniumLibrary">
<arg>1</arg>
<doc>Sets the delay that is waited after each Selenium command.</doc>
<status status="PASS" starttime="20240205 15:43:02.594" endtime="20240205 15:43:02.594"/>
</kw>
<kw name="Wait Until Page Contains Element" library="SeleniumLibrary">
<arg>${Input_Username}</arg>
<arg>50</arg>
<doc>Waits until the element ``locator`` appears on the current page.</doc>
<status status="PASS" starttime="20240205 15:43:02.598" endtime="20240205 15:43:03.641"/>
</kw>
<kw name="Press Keys" library="SeleniumLibrary">
<arg>${Input_Username}</arg>
<arg>${username}</arg>
<doc>Simulates the user pressing key(s) to an element or on the active browser.</doc>
<msg timestamp="20240205 15:43:03.642" level="INFO">Sending key(s) ('neeraj@codebyte.solutions',) to //input[@id="auth-email-id"] element.</msg>
<msg timestamp="20240205 15:43:05.998" level="INFO">Sending keys neeraj@codebyte.solutions</msg>
<status status="PASS" starttime="20240205 15:43:03.642" endtime="20240205 15:43:07.153"/>
</kw>
<kw name="Use Encryption Key" library="RPA.Crypto">
<arg>${public_key}</arg>
<doc>Set key for all following encryption/decryption operations.</doc>
<msg timestamp="20240205 15:43:07.154" level="INFO">Protecting keyword: RPA.Crypto.Use Encryption Key</msg>
<msg timestamp="20240205 15:43:07.157" level="INFO">Log level changed from NONE to INFO.</msg>
<status status="PASS" starttime="20240205 15:43:07.154" endtime="20240205 15:43:07.154"/>
</kw>
<kw name="Decrypt String" library="RPA.Crypto">
<var>${Decry}</var>
<arg>${encry}</arg>
<doc>Decrypt a string.</doc>
<msg timestamp="20240205 15:43:07.165" level="INFO">${Decry} = Test123$%^</msg>
<status status="PASS" starttime="20240205 15:43:07.157" endtime="20240205 15:43:07.165"/>
</kw>
<kw name="Log" library="BuiltIn">
<arg>${Decry}</arg>
<doc>Logs the given message with the given level.</doc>
<msg timestamp="20240205 15:43:07.165" level="INFO">Test123$%^</msg>
<status status="PASS" starttime="20240205 15:43:07.165" endtime="20240205 15:43:07.165"/>
</kw>
<kw name="Press Keys" library="SeleniumLibrary">
<arg>${Input_Password}</arg>
<arg>${Decry}</arg>
<doc>Simulates the user pressing key(s) to an element or on the active browser.</doc>
<msg timestamp="20240205 15:43:07.165" level="INFO">Sending key(s) ('Test123$%^',) to //input[@id="auth-password"] element.</msg>
<msg timestamp="20240205 15:43:09.500" level="INFO">Sending keys Test123$%^</msg>
<status status="PASS" starttime="20240205 15:43:07.165" endtime="20240205 15:43:10.585"/>
</kw>
<kw name="Wait Until Element is present then click the element" library="common_1">
<arg>${BTN_Login}</arg>
<doc>Using this keyword we can perform click Element</doc>
<kw name="Wait Until Page Contains Element" library="SeleniumLibrary">
<arg>${Element}</arg>
<arg>50</arg>
<doc>Waits until the element ``locator`` appears on the current page.</doc>
<status status="PASS" starttime="20240205 15:43:10.586" endtime="20240205 15:43:11.612"/>
</kw>
<kw name="Wait Until Keyword Succeeds" library="BuiltIn">
<arg>6</arg>
<arg>7</arg>
<arg>Click Element</arg>
<arg>${Element}</arg>
<doc>Runs the specified keyword and retries if it fails.</doc>
<kw name="Click Element" library="SeleniumLibrary">
<arg>${Element}</arg>
<doc>Click the element identified by ``locator``.</doc>
<msg timestamp="20240205 15:43:11.612" level="INFO">Clicking element '//p[text()="Sign In"]/parent::button'.</msg>
<status status="PASS" starttime="20240205 15:43:11.612" endtime="20240205 15:43:14.124"/>
</kw>
<status status="PASS" starttime="20240205 15:43:11.612" endtime="20240205 15:43:14.124"/>
</kw>
<status status="PASS" starttime="20240205 15:43:10.586" endtime="20240205 15:43:14.124"/>
</kw>
<status status="PASS" starttime="20240205 15:42:55.953" endtime="20240205 15:43:14.126"/>
</kw>
<status status="PASS" starttime="20240205 15:42:55.953" endtime="20240205 15:43:14.126"/>
</kw>
<status status="PASS" starttime="20240205 15:42:55.953" endtime="20240205 15:43:14.126"/>
</kw>
<kw name="When Click on the System Settings Icon" library="PROD-5_Support">
<kw name="Verify it should display Finance Configuration Tab by Default" library="PROD-5_Support">
<kw name="Wait Until Element is present then click the element" library="common_1">
<arg>${Icon_SystemSettings}</arg>
<doc>Using this keyword we can perform click Element</doc>
<kw name="Wait Until Page Contains Element" library="SeleniumLibrary">
<arg>${Element}</arg>
<arg>50</arg>
<doc>Waits until the element ``locator`` appears on the current page.</doc>
<status status="PASS" starttime="20240205 15:43:14.134" endtime="20240205 15:43:18.888"/>
</kw>
<kw name="Wait Until Keyword Succeeds" library="BuiltIn">
<arg>6</arg>
<arg>7</arg>
<arg>Click Element</arg>
<arg>${Element}</arg>
<doc>Runs the specified keyword and retries if it fails.</doc>
<kw name="Click Element" library="SeleniumLibrary">
<arg>${Element}</arg>
<doc>Click the element identified by ``locator``.</doc>
<msg timestamp="20240205 15:43:18.894" level="INFO">Clicking element '//span[@id="icon-System Settings"]'.</msg>
<status status="PASS" starttime="20240205 15:43:18.893" endtime="20240205 15:43:21.239"/>
</kw>
<status status="PASS" starttime="20240205 15:43:18.888" endtime="20240205 15:43:21.239"/>
</kw>
<status status="PASS" starttime="20240205 15:43:14.130" endtime="20240205 15:43:21.239"/>
</kw>
<status status="PASS" starttime="20240205 15:43:14.130" endtime="20240205 15:43:21.239"/>
</kw>
<status status="PASS" starttime="20240205 15:43:14.126" endtime="20240205 15:43:21.239"/>
</kw>
<kw name="Then Click on Add Category button, Don't enter Mandatory fields and Click on cancel button" library="PROD-5_Support">
<kw name="Verify Save Button should be disabled and Category shouldn't be created" library="PROD-5_Support">
<kw name="Add Category" library="common_1">
<arg>${TC02_Category_name}</arg>
<arg>${TC02_Category_Description}</arg>
<doc>Using this keyword we can add a category</doc>
<kw name="Wait Until Element is present then click the element" library="common_1">
<arg>${BTN_Add_Category}</arg>
<doc>Using this keyword we can perform click Element</doc>
<kw name="Wait Until Page Contains Element" library="SeleniumLibrary">
<arg>${Element}</arg>
<arg>50</arg>
<doc>Waits until the element ``locator`` appears on the current page.</doc>
<status status="PASS" starttime="20240205 15:43:21.243" endtime="20240205 15:43:22.277"/>
</kw>
<kw name="Wait Until Keyword Succeeds" library="BuiltIn">
<arg>6</arg>
<arg>7</arg>
<arg>Click Element</arg>
<arg>${Element}</arg>
<doc>Runs the specified keyword and retries if it fails.</doc>
<kw name="Click Element" library="SeleniumLibrary">
<arg>${Element}</arg>
<doc>Click the element identified by ``locator``.</doc>
<msg timestamp="20240205 15:43:22.277" level="INFO">Clicking element '//button[@id="finance-add-category"]'.</msg>
<status status="PASS" starttime="20240205 15:43:22.277" endtime="20240205 15:43:24.394"/>
</kw>
<status status="PASS" starttime="20240205 15:43:22.277" endtime="20240205 15:43:24.394"/>
</kw>
<status status="PASS" starttime="20240205 15:43:21.243" endtime="20240205 15:43:24.395"/>
</kw>
<kw name="Wait Until Page Contains Element" library="SeleniumLibrary">
<arg>${Input_Category_name}</arg>
<arg>50</arg>
<doc>Waits until the element ``locator`` appears on the current page.</doc>
<status status="PASS" starttime="20240205 15:43:24.395" endtime="20240205 15:43:25.429"/>
</kw>
<kw name="Input Text" library="SeleniumLibrary">
<arg>${Input_Category_name}</arg>
<arg>${name}</arg>
<doc>Types the given ``text`` into the text field identified by ``locator``.</doc>
<msg timestamp="20240205 15:43:25.431" level="INFO">Typing text 'TC02_Category' into text field '//input[@id="finance-config-category-name"]'.</msg>
<status status="PASS" starttime="20240205 15:43:25.430" endtime="20240205 15:43:29.145"/>
</kw>
<kw name="Wait Until Page Contains Element" library="SeleniumLibrary">
<arg>${Input_Category_Description}</arg>
<arg>50</arg>
<doc>Waits until the element ``locator`` appears on the current page.</doc>
<status status="PASS" starttime="20240205 15:43:29.146" endtime="20240205 15:43:30.175"/>
</kw>
<kw name="Input Text" library="SeleniumLibrary">
<arg>${Input_Category_Description}</arg>
<arg>${Description}</arg>
<doc>Types the given ``text`` into the text field identified by ``locator``.</doc>
<msg timestamp="20240205 15:43:30.175" level="INFO">Typing text 'TC02_Category_description' into text field '//textarea[@id="finance-config-description"]'.</msg>
<status status="PASS" starttime="20240205 15:43:30.175" endtime="20240205 15:43:34.126"/>
</kw>
<status status="PASS" starttime="20240205 15:43:21.243" endtime="20240205 15:43:34.126"/>
</kw>
<kw name="Wait Until Element is present then click the element" library="common_1">
<arg>${BTN_Cancel}</arg>
[...]
</kw>
<kw name="Press Keys" library="SeleniumLibrary">
<arg>${INPUT_Budget_name}</arg>
<arg>CTRL+A+BACKSPACE</arg>
<doc>Simulates the user pressing key(s) to an element or on the active browser.</doc>
<msg timestamp="20240205 15:44:55.179" level="INFO">Sending key(s) ('CTRL+A+BACKSPACE',) to //input[@id="customize-budget-name"] element.</msg>
<msg timestamp="20240205 15:44:57.514" level="INFO">Pressing special key CONTROL down.</msg>
<msg timestamp="20240205 15:44:57.514" level="INFO">Sending key A</msg>
<msg timestamp="20240205 15:44:57.514" level="INFO">Pressing special key BACKSPACE down.</msg>
<msg timestamp="20240205 15:44:57.514" level="INFO">Releasing special key CONTROL.</msg>
<msg timestamp="20240205 15:44:57.514" level="INFO">Releasing special key BACKSPACE.</msg>
<status status="PASS" starttime="20240205 15:44:55.179" endtime="20240205 15:44:58.586"/>
</kw>
<kw name="Input Text" library="SeleniumLibrary">
<arg>${INPUT_Budget_name}</arg>
<arg>${name_bud}</arg>
<doc>Types the given ``text`` into the text field identified by ``locator``.</doc>
<msg timestamp="20240205 15:44:58.586" level="INFO">Typing text 'TC03_budget' into text field '//input[@id="customize-budget-name"]'.</msg>
<status status="PASS" starttime="20240205 15:44:58.586" endtime="20240205 15:45:02.253"/>
</kw>
<kw name="Press Keys" library="SeleniumLibrary">
<arg>${INPUT_budget_Description}</arg>
<arg>CTRL+A+BACKSPACE</arg>
<doc>Simulates the user pressing key(s) to an element or on the active browser.</doc>
<msg timestamp="20240205 15:45:02.257" level="INFO">Sending key(s) ('CTRL+A+BACKSPACE',) to //textarea[@id="customize-budget-description"] element.</msg>
<msg timestamp="20240205 15:45:04.633" level="INFO">Pressing special key CONTROL down.</msg>
<msg timestamp="20240205 15:45:04.633" level="INFO">Sending key A</msg>
<msg timestamp="20240205 15:45:04.633" level="INFO">Pressing special key BACKSPACE down.</msg>
<msg timestamp="20240205 15:45:04.633" level="INFO">Releasing special key CONTROL.</msg>
<msg timestamp="20240205 15:45:04.633" level="INFO">Releasing special key BACKSPACE.</msg>
<status status="PASS" starttime="20240205 15:45:02.253" endtime="20240205 15:45:05.706"/>
</kw>
<kw name="Input Text" library="SeleniumLibrary">
<arg>${INPUT_budget_Description}</arg>
<arg>${Description}</arg>
<doc>Types the given ``text`` into the text field identified by ``locator``.</doc>
<msg timestamp="20240205 15:45:05.706" level="INFO">Typing text 'TC03_budget' into text field '//textarea[@id="customize-budget-description"]'.</msg>
<status status="PASS" starttime="20240205 15:45:05.706" endtime="20240205 15:45:09.345"/>
</kw>
<kw name="Wait Until Element is present then click the element" library="common_1">
<arg>${element}</arg>
<doc>Using this keyword we can perform click Element</doc>
<kw name="Wait Until Page Contains Element" library="SeleniumLibrary">
<arg>${Element}</arg>
<arg>50</arg>
<doc>Waits until the element ``locator`` appears on the current page.</doc>
<status status="PASS" starttime="20240205 15:45:09.345" endtime="20240205 15:45:10.373"/>
</kw>
<kw name="Wait Until Keyword Succeeds" library="BuiltIn">
<arg>6</arg>
<arg>7</arg>
<arg>Click Element</arg>
<arg>${Element}</arg>
<doc>Runs the specified keyword and retries if it fails.</doc>
<kw name="Click Element" library="SeleniumLibrary">
<arg>${Element}</arg>
<doc>Click the element identified by ``locator``.</doc>
<msg timestamp="20240205 15:45:10.374" level="INFO">Clicking element '//button[@id="edit-finance-budget-save"]'.</msg>
<status status="PASS" starttime="20240205 15:45:10.374" endtime="20240205 15:45:12.583"/>
</kw>
<status status="PASS" starttime="20240205 15:45:10.374" endtime="20240205 15:45:12.584"/>
</kw>
<status status="PASS" starttime="20240205 15:45:09.345" endtime="20240205 15:45:12.585"/>
</kw>
<status status="PASS" starttime="20240205 15:44:51.969" endtime="20240205 15:45:12.585"/>
</kw>
<status status="PASS" starttime="20240205 15:44:48.833" endtime="20240205 15:45:12.587"/>
</kw>
<status status="PASS" starttime="20240205 15:44:48.829" endtime="20240205 15:45:12.587"/>
</kw>
<kw name="Then Click on Delete button in the More icon and click on cancel button." library="PROD-7_Support">
<kw name="Verify a Category name Should not be deleted" library="PROD-7_Support">
<kw name="Search Data" library="common_1">
<arg>${INPUT_budget_search}</arg>
<arg>${PROD_7_budget_name}</arg>
<doc>using this keyword we can search portfolio</doc>
<kw name="Wait Until Element is present then click the element" library="common_1">
<arg>${Element}</arg>
<doc>Using this keyword we can perform click Element</doc>
<kw name="Wait Until Page Contains Element" library="SeleniumLibrary">
<arg>${Element}</arg>
<arg>50</arg>
<doc>Waits until the element ``locator`` appears on the current page.</doc>
<status status="PASS" starttime="20240205 15:45:12.591" endtime="20240205 15:45:13.617"/>
</kw>
<kw name="Wait Until Keyword Succeeds" library="BuiltIn">
<arg>6</arg>
<arg>7</arg>
<arg>Click Element</arg>
<arg>${Element}</arg>
<doc>Runs the specified keyword and retries if it fails.</doc>
<kw name="Click Element" library="SeleniumLibrary">
<arg>${Element}</arg>
<doc>Click the element identified by ``locator``.</doc>
<msg timestamp="20240205 15:45:13.617" level="INFO">Clicking element '//input[@id="customize-finance-budget-search-input"]'.</msg>
<status status="PASS" starttime="20240205 15:45:13.617" endtime="20240205 15:45:15.727"/>
</kw>
<status status="PASS" starttime="20240205 15:45:13.617" endtime="20240205 15:45:15.727"/>
</kw>
<status status="PASS" starttime="20240205 15:45:12.591" endtime="20240205 15:45:15.727"/>
</kw>
<kw name="Press Keys" library="SeleniumLibrary">
<arg>${Element}</arg>
<arg>CTRL+A+BACKSPACE</arg>
<doc>Simulates the user pressing key(s) to an element or on the active browser.</doc>
<msg timestamp="20240205 15:45:15.731" level="INFO">Sending key(s) ('CTRL+A+BACKSPACE',) to //input[@id="customize-finance-budget-search-input"] element.</msg>
<msg timestamp="20240205 15:45:18.052" level="INFO">Pressing special key CONTROL down.</msg>
<msg timestamp="20240205 15:45:18.052" level="INFO">Sending key A</msg>
<msg timestamp="20240205 15:45:18.052" level="INFO">Pressing special key BACKSPACE down.</msg>
<msg timestamp="20240205 15:45:18.052" level="INFO">Releasing special key CONTROL.</msg>
<msg timestamp="20240205 15:45:18.052" level="INFO">Releasing special key BACKSPACE.</msg>
<status status="PASS" starttime="20240205 15:45:15.727" endtime="20240205 15:45:19.094"/>
</kw>
<kw name="Sleep" library="BuiltIn">
<arg>1</arg>
<doc>Pauses the test executed for the given time.</doc>
<msg timestamp="20240205 15:45:20.102" level="INFO">Slept 1 second</msg>
<status status="PASS" starttime="20240205 15:45:19.094" endtime="20240205 15:45:20.102"/>
</kw>
<kw name="Press Keys" library="SeleniumLibrary">
<arg>${Element}</arg>
<arg>${Name}</arg>
<doc>Simulates the user pressing key(s) to an element or on the active browser.</doc>
<msg timestamp="20240205 15:45:20.102" level="INFO">Sending key(s) ('TC03_budget',) to //input[@id="customize-finance-budget-search-input"] element.</msg>
<msg timestamp="20240205 15:45:22.445" level="INFO">Sending keys TC03_budget</msg>
<status status="PASS" starttime="20240205 15:45:20.102" endtime="20240205 15:45:23.970"/>
</kw>
<status status="PASS" starttime="20240205 15:45:12.587" endtime="20240205 15:45:23.970"/>
</kw>
<kw name="Click the Kebab button on budget" library="common_1">
<arg>${PROD_7_budget_name}</arg>
<doc>Using this keywork we can click kebab button</doc>
<kw name="Format String" library="String">
<var>${Bud_more}</var>
<arg>${BTN_Budget_more_icon}</arg>
<arg>name=${name}</arg>
<doc>Formats a ``template`` using the given ``positional`` and ``named`` arguments.</doc>
<msg timestamp="20240205 15:45:23.974" level="INFO">${Bud_more} = //div[@id="finance-budget-action-TC03_budget"]</msg>
<status status="PASS" starttime="20240205 15:45:23.970" endtime="20240205 15:45:23.974"/>
</kw>
<kw name="Wait Until Element is present then click the element" library="common_1">
<arg>${Bud_more}</arg>
<doc>Using this keyword we can perform click Element</doc>
<kw name="Wait Until Page Contains Element" library="SeleniumLibrary">
<arg>${Element}</arg>
<arg>50</arg>
<doc>Waits until the element ``locator`` appears on the current page.</doc>
<status status="PASS" starttime="20240205 15:45:23.974" endtime="20240205 15:45:25.018"/>
</kw>
<kw name="Wait Until Keyword Succeeds" library="BuiltIn">
<arg>6</arg>
<arg>7</arg>
<arg>Click Element</arg>
<arg>${Element}</arg>
<doc>Runs the specified keyword and retries if it fails.</doc>
<kw name="Click Element" library="SeleniumLibrary">
<arg>${Element}</arg>
<doc>Click the element identified by ``locator``.</doc>
<msg timestamp="20240205 15:45:25.019" level="INFO">Clicking element '//div[@id="finance-budget-action-TC03_budget"]'.</msg>
<status status="PASS" starttime="20240205 15:45:25.019" endtime="20240205 15:45:27.149"/>
</kw>
<status status="PASS" starttime="20240205 15:45:25.019" endtime="20240205 15:45:27.150"/>
</kw>
<status status="PASS" starttime="20240205 15:45:23.974" endtime="20240205 15:45:27.150"/>
</kw>
<status status="PASS" starttime="20240205 15:45:23.970" endtime="20240205 15:45:27.150"/>
</kw>
<kw name="Delete Budget" library="common_1">
<arg>${PROD_7_budget_name}</arg>
<arg>${BTN_Delete_cancel}</arg>
<doc>Using this keyword we can delete budget</doc>
<kw name="Format String" library="String">
<var>${budget_delete}</var>
<arg>${BTN_Delete_budget}</arg>
<arg>name=${name}</arg>
<doc>Formats a ``template`` using the given ``positional`` and ``named`` arguments.</doc>
<msg timestamp="20240205 15:45:27.154" level="INFO">${budget_delete} = //li[@id="fin-budget-row-delete-TC03_budget"]</msg>
<status status="PASS" starttime="20240205 15:45:27.154" endtime="20240205 15:45:27.154"/>
</kw>
<kw name="Wait Until Element is present then click the element" library="common_1">
<arg>${budget_delete}</arg>
<doc>Using this keyword we can perform click Element</doc>
<kw name="Wait Until Page Contains Element" library="SeleniumLibrary">
<arg>${Element}</arg>
<arg>50</arg>
<doc>Waits until the element ``locator`` appears on the current page.</doc>
<status status="PASS" starttime="20240205 15:45:27.158" endtime="20240205 15:45:28.185"/>
</kw>
<kw name="Wait Until Keyword Succeeds" library="BuiltIn">
<arg>6</arg>
<arg>7</arg>
<arg>Click Element</arg>
<arg>${Element}</arg>
<doc>Runs the specified keyword and retries if it fails.</doc>
<kw name="Click Element" library="SeleniumLibrary">
<arg>${Element}</arg>
<doc>Click the element identified by ``locator``.</doc>
<msg timestamp="20240205 15:45:28.186" level="INFO">Clicking element '//li[@id="fin-budget-row-delete-TC03_budget"]'.</msg>
<status status="PASS" starttime="20240205 15:45:28.186" endtime="20240205 15:45:30.339"/>
</kw>
<status status="PASS" starttime="20240205 15:45:28.186" endtime="20240205 15:45:30.339"/>
</kw>
<status status="PASS" starttime="20240205 15:45:27.154" endtime="20240205 15:45:30.339"/>
</kw>
<kw name="Wait Until Element is present then click the element" library="common_1">
<arg>${element}</arg>
<doc>Using this keyword we can perform click Element</doc>
<kw name="Wait Until Page Contains Element" library="SeleniumLibrary">
<arg>${Element}</arg>
<arg>50</arg>
<doc>Waits until the element ``locator`` appears on the current page.</doc>
<status status="PASS" starttime="20240205 15:45:30.339" endtime="20240205 15:45:31.377"/>
</kw>
<kw name="Wait Until Keyword Succeeds" library="BuiltIn">
<arg>6</arg>
<arg>7</arg>
<arg>Click Element</arg>
<arg>${Element}</arg>
<doc>Runs the specified keyword and retries if it fails.</doc>
<kw name="Click Element" library="SeleniumLibrary">
<arg>${Element}</arg>
<doc>Click the element identified by ``locator``.</doc>
<msg timestamp="20240205 15:45:31.378" level="INFO">Clicking element '//p[text()="Cancel"]'.</msg>
<status status="PASS" starttime="20240205 15:45:31.378" endtime="20240205 15:45:33.510"/>
</kw>
<status status="PASS" starttime="20240205 15:45:31.378" endtime="20240205 15:45:33.510"/>
</kw>
<status status="PASS" starttime="20240205 15:45:30.339" endtime="20240205 15:45:33.510"/>
</kw>
<status status="PASS" starttime="20240205 15:45:27.150" endtime="20240205 15:45:33.510"/>
</kw>
<status status="PASS" starttime="20240205 15:45:12.587" endtime="20240205 15:45:33.510"/>
</kw>
<status status="PASS" starttime="20240205 15:45:12.587" endtime="20240205 15:45:33.510"/>
</kw>
<kw name="Then Click on Delete button in the More icon and click on confirm button." library="PROD-7_Support">
<kw name="Verify a Category name Should be deleted" library="PROD-7_Support">
<kw name="Click the Kebab button on budget" library="common_1">
<arg>${PROD_7_budget_name}</arg>
<doc>Using this keywork we can click kebab button</doc>
<kw name="Format String" library="String">
<var>${Bud_more}</var>
<arg>${BTN_Budget_more_icon}</arg>
<arg>name=${name}</arg>
<doc>Formats a ``template`` using the given ``positional`` and ``named`` arguments.</doc>
<msg timestamp="20240205 15:45:33.514" level="INFO">${Bud_more} = //div[@id="finance-budget-action-TC03_budget"]</msg>
<status status="PASS" starttime="20240205 15:45:33.514" endtime="20240205 15:45:33.518"/>
</kw>
<kw name="Wait Until Element is present then click the element" library="common_1">
<arg>${Bud_more}</arg>
<doc>Using this keyword we can perform click Element</doc>
<kw name="Wait Until Page Contains Element" library="SeleniumLibrary">
<arg>${Element}</arg>
<arg>50</arg>
<doc>Waits until the element ``locator`` appears on the current page.</doc>
<status status="PASS" starttime="20240205 15:45:33.518" endtime="20240205 15:45:34.540"/>
</kw>
<kw name="Wait Until Keyword Succeeds" library="BuiltIn">
<arg>6</arg>
<arg>7</arg>
<arg>Click Element</arg>
<arg>${Element}</arg>
<doc>Runs the specified keyword and retries if it fails.</doc>
<kw name="Click Element" library="SeleniumLibrary">
<arg>${Element}</arg>
<doc>Click the element identified by ``locator``.</doc>
<msg timestamp="20240205 15:45:34.541" level="INFO">Clicking element '//div[@id="finance-budget-action-TC03_budget"]'.</msg>
<status status="PASS" starttime="20240205 15:45:34.541" endtime="20240205 15:45:36.672"/>
</kw>
<status status="PASS" starttime="20240205 15:45:34.541" endtime="20240205 15:45:36.672"/>
</kw>
<status status="PASS" starttime="20240205 15:45:33.518" endtime="20240205 15:45:36.672"/>
</kw>
<status status="PASS" starttime="20240205 15:45:33.514" endtime="20240205 15:45:36.672"/>
</kw>
<kw name="Delete Budget" library="common_1">
<arg>${PROD_7_budget_name}</arg>
<arg>${BTN_Delete_confirm}</arg>
<doc>Using this keyword we can delete budget</doc>
<kw name="Format String" library="String">
<var>${budget_delete}</var>
<arg>${BTN_Delete_budget}</arg>
<arg>name=${name}</arg>
<doc>Formats a ``template`` using the given ``positional`` and ``named`` arguments.</doc>
<msg timestamp="20240205 15:45:36.676" level="INFO">${budget_delete} = //li[@id="fin-budget-row-delete-TC03_budget"]</msg>
<status status="PASS" starttime="20240205 15:45:36.676" endtime="20240205 15:45:36.676"/>
</kw>
<kw name="Wait Until Element is present then click the element" library="common_1">
<arg>${budget_delete}</arg>
<doc>Using this keyword we can perform click Element</doc>
<kw name="Wait Until Page Contains Element" library="SeleniumLibrary">
<arg>${Element}</arg>
<arg>50</arg>
<doc>Waits until the element ``locator`` appears on the current page.</doc>
<status status="PASS" starttime="20240205 15:45:36.680" endtime="20240205 15:45:37.700"/>
</kw>
<kw name="Wait Until Keyword Succeeds" library="BuiltIn">
<arg>6</arg>
<arg>7</arg>
<arg>Click Element</arg>
<arg>${Element}</arg>
<doc>Runs the specified keyword and retries if it fails.</doc>
<kw name="Click Element" library="SeleniumLibrary">
<arg>${Element}</arg>
<doc>Click the element identified by ``locator``.</doc>
<msg timestamp="20240205 15:45:37.700" level="INFO">Clicking element '//li[@id="fin-budget-row-delete-TC03_budget"]'.</msg>
<status status="PASS" starttime="20240205 15:45:37.700" endtime="20240205 15:45:39.866"/>
</kw>
<status status="PASS" starttime="20240205 15:45:37.700" endtime="20240205 15:45:39.866"/>
</kw>
<status status="PASS" starttime="20240205 15:45:36.676" endtime="20240205 15:45:39.866"/>
</kw>
<kw name="Wait Until Element is present then click the element" library="common_1">
<arg>${element}</arg>
<doc>Using this keyword we can perform click Element</doc>
<kw name="Wait Until Page Contains Element" library="SeleniumLibrary">
<arg>${Element}</arg>
<arg>50</arg>
<doc>Waits until the element ``locator`` appears on the current page.</doc>
<status status="PASS" starttime="20240205 15:45:39.866" endtime="20240205 15:45:40.900"/>
</kw>
<kw name="Wait Until Keyword Succeeds" library="BuiltIn">
<arg>6</arg>
<arg>7</arg>
<arg>Click Element</arg>
<arg>${Element}</arg>
<doc>Runs the specified keyword and retries if it fails.</doc>
<kw name="Click Element" library="SeleniumLibrary">
<arg>${Element}</arg>
<doc>Click the element identified by ``locator``.</doc>
<msg timestamp="20240205 15:45:40.900" level="INFO">Clicking element '//p[text()="Confirm"]'.</msg>
<status status="PASS" starttime="20240205 15:45:40.900" endtime="20240205 15:45:43.045"/>
</kw>
<status status="PASS" starttime="20240205 15:45:40.900" endtime="20240205 15:45:43.045"/>
</kw>
<status status="PASS" starttime="20240205 15:45:39.866" endtime="20240205 15:45:43.045"/>
</kw>
<status status="PASS" starttime="20240205 15:45:36.672" endtime="20240205 15:45:43.045"/>
</kw>
<status status="PASS" starttime="20240205 15:45:33.514" endtime="20240205 15:45:43.045"/>
</kw>
<status status="PASS" starttime="20240205 15:45:33.510" endtime="20240205 15:45:43.045"/>
</kw>
<kw name="And Close the Browser" library="PROD-7_Support">
<kw name="verify application is closed" library="PROD-7_Support">
<kw name="&quot;Close the Browser&quot;" library="common_1">
<kw name="Close Browser" library="SeleniumLibrary">
<doc>Closes the current browser.</doc>
<status status="PASS" starttime="20240205 15:45:43.049" endtime="20240205 15:45:46.169"/>
</kw>
<status status="PASS" starttime="20240205 15:45:43.049" endtime="20240205 15:45:46.169"/>
</kw>
<status status="PASS" starttime="20240205 15:45:43.049" endtime="20240205 15:45:46.169"/>
</kw>
<status status="PASS" starttime="20240205 15:45:43.045" endtime="20240205 15:45:46.169"/>
</kw>
<doc>System Finance Customize Budget</doc>
<tag>Name:Gayathri</tag>
<tag>PROD-7</tag>
<tag>Test</tag>
<status status="PASS" starttime="20240205 15:42:55.948" endtime="20240205 15:45:46.169"/>
</test>
<doc>System Finance Customize Budget</doc>
<status status="PASS" starttime="20240205 15:42:55.591" endtime="20240205 15:45:46.173"/>
</suite>
<status status="PASS" starttime="20240205 15:42:55.587" endtime="20240205 15:46:04.308"/>
</suite>
<doc>[https://pabot.org/?ref=log|Pabot] result from 3 executions.</doc>
<status status="PASS" starttime="20240205 15:42:55.346" endtime="20240205 15:46:04.312"/>
</suite>
<statistics>
<total>
<stat pass="3" fail="0" skip="0">All Tests</stat>
</total>
<tag>
<stat pass="1" fail="0" skip="0">name:Amritha</stat>
<stat pass="2" fail="0" skip="0">Name:Gayathri</stat>
<stat pass="1" fail="0" skip="0">PROD-4</stat>
<stat pass="1" fail="0" skip="0">PROD-5</stat>
<stat pass="1" fail="0" skip="0">PROD-7</stat>
<stat pass="3" fail="0" skip="0">Test</stat>
</tag>
<suite>
<stat pass="3" fail="0" skip="0" id="s1" name="Productor">Productor</stat>
<stat pass="3" fail="0" skip="0" id="s1-s1" name="Testcase">Productor.Testcase</stat>
<stat pass="1" fail="0" skip="0" id="s1-s1-s1" name="PROD-4">Productor.Testcase.PROD-4</stat>
<stat pass="1" fail="0" skip="0" id="s1-s1-s2" name="PROD-5">Productor.Testcase.PROD-5</stat>
<stat pass="1" fail="0" skip="0" id="s1-s1-s3" name="PROD-7">Productor.Testcase.PROD-7</stat>
</suite>
</statistics>
<errors>
</errors>
</robot>
