<?xml version="1.0" encoding="UTF-8"?>
<robot generator="Rebot 6.0.2 (Python 3.10.0 on win32)" generated="20240222 17:42:50.006" rpa="false" schemaversion="3">
<suite id="s1" name="Productor" source="C:\Users\Gayathri\Productor">
<suite id="s1-s1" name="Testcase" source="C:\Users\Gayathri\Productor\Testcase">
<suite id="s1-s1-s1" name="PROD-6" source="C:\Users\Gayathri\Productor\Testcase\PROD-6.robot">
<test id="s1-s1-s1-t1" name="Product / platform OKR and Squad" line="8">
<kw name="Given Login into Productor Application" library="PROD-6_Support">
<arg>${username002}</arg>
<kw name="Verify if user should be able to login successfully" library="PROD-6_Support">
<arg>${username}</arg>
<kw name="Login Application" library="Login">
<arg>${username}</arg>
<doc>Using this keyword we can login Productor Application.</doc>
<kw name="Get File" library="OperatingSystem">
<var>${json_data}</var>
<arg>Data/password.json</arg>
<doc>Returns the contents of a specified file.</doc>
<msg timestamp="20240222 17:41:17.822" level="INFO" html="true">Getting file '&lt;a href="file://C:\Users\Gayathri\Productor\Data\password.json"&gt;C:\Users\Gayathri\Productor\Data\password.json&lt;/a&gt;'.</msg>
<msg timestamp="20240222 17:41:17.822" level="INFO">${json_data} = {
    "Tparthi@valuefactors.io": "gAAAAABlrkVsEdFMiMlTdK5zUdkIrh2gW0m7VKitqu1yc05zjvhEtgtLf1WAMAOHRJpwgI8mhU9rPO9To7wrVhBmzNtn6JJSqg==",
    "neeraj@codebyte.solutions": "gAAAAABlvf_wHd_s-rfaDVYJP09Sz...</msg>
<status status="PASS" starttime="20240222 17:41:17.822" endtime="20240222 17:41:17.822"/>
</kw>
<kw name="Evaluate" library="BuiltIn">
<var>${object}</var>
<arg>json.loads('''${json_data}''')</arg>
<arg>json</arg>
<doc>Evaluates the given expression in Python and returns the result.</doc>
<msg timestamp="20240222 17:41:17.822" level="INFO">${object} = {'Tparthi@valuefactors.io': 'gAAAAABlrkVsEdFMiMlTdK5zUdkIrh2gW0m7VKitqu1yc05zjvhEtgtLf1WAMAOHRJpwgI8mhU9rPO9To7wrVhBmzNtn6JJSqg==', 'neeraj@codebyte.solutions': 'gAAAAABlvf_wHd_s-rfaDVYJP09SzZmO4H8t5J...</msg>
<status status="PASS" starttime="20240222 17:41:17.822" endtime="20240222 17:41:17.822"/>
</kw>
<kw name="Set Variable" library="BuiltIn">
<var>${encry}</var>
<arg>${object['${username}']}</arg>
<doc>Returns the given values which can then be assigned to a variables.</doc>
<msg timestamp="20240222 17:41:17.822" level="INFO">${encry} = gAAAAABlvf_wHd_s-rfaDVYJP09SzZmO4H8t5J09u-ZvB3nvy4zPznfgWrIF25Uq0ihXWaVr3yq0MSlnkAximgkzjaHawUJIXA==</msg>
<status status="PASS" starttime="20240222 17:41:17.822" endtime="20240222 17:41:17.822"/>
</kw>
<kw name="Evaluate" library="BuiltIn">
<var>${options}</var>
<arg>sys.modules['selenium.webdriver'].EdgeOptions()</arg>
<arg>sys,selenium.webdriver</arg>
<doc>Evaluates the given expression in Python and returns the result.</doc>
<msg timestamp="20240222 17:41:17.822" level="INFO">${options} = &lt;selenium.webdriver.edge.options.Options object at 0x00000200A183D7B0&gt;</msg>
<status status="PASS" starttime="20240222 17:41:17.822" endtime="20240222 17:41:17.822"/>
</kw>
<kw name="Call Method" library="BuiltIn">
<arg>${options}</arg>
<arg>add_argument</arg>
<arg>inprivate</arg>
<doc>Calls the named method of the given object with the provided arguments.</doc>
<status status="PASS" starttime="20240222 17:41:17.822" endtime="20240222 17:41:17.822"/>
</kw>
<kw name="Create Webdriver" library="SeleniumLibrary">
<var>${driver}</var>
<arg>Edge</arg>
<arg>options=${options}</arg>
<doc>Creates an instance of Selenium WebDriver.</doc>
<msg timestamp="20240222 17:41:17.822" level="INFO">Creating an instance of the Edge WebDriver.</msg>
<msg timestamp="20240222 17:41:17.837" level="INFO">Applicable driver not found; attempting to install with Selenium Manager (Beta)</msg>
<msg timestamp="20240222 17:41:19.740" level="INFO">${driver} = 1</msg>
<status status="PASS" starttime="20240222 17:41:17.822" endtime="20240222 17:41:19.740"/>
</kw>
<kw name="Set Window Size" library="SeleniumLibrary">
<arg>1920</arg>
<arg>1080</arg>
<doc>Sets current windows size to given ``width`` and ``height``.</doc>
<status status="PASS" starttime="20240222 17:41:19.740" endtime="20240222 17:41:19.873"/>
</kw>
<kw name="Go To" library="SeleniumLibrary">
<arg>${Productor_Url}</arg>
<doc>Navigates the current browser window to the provided ``url``.</doc>
<msg timestamp="20240222 17:41:19.880" level="INFO">Opening url 'https://predev-productor.valuefactors.io/auth/login/'</msg>
<status status="PASS" starttime="20240222 17:41:19.880" endtime="20240222 17:41:23.669"/>
</kw>
<kw name="Maximize Browser Window" library="SeleniumLibrary">
<doc>Maximizes current browser window.</doc>
<status status="PASS" starttime="20240222 17:41:23.669" endtime="20240222 17:41:23.905"/>
</kw>
<kw name="Set Selenium Speed" library="SeleniumLibrary">
<arg>1</arg>
<doc>Sets the delay that is waited after each Selenium command.</doc>
<status status="PASS" starttime="20240222 17:41:23.905" endtime="20240222 17:41:23.905"/>
</kw>
<kw name="Wait Until Page Contains Element" library="SeleniumLibrary">
<arg>${Input_Username}</arg>
<arg>50</arg>
<doc>Waits until the element ``locator`` appears on the current page.</doc>
<status status="PASS" starttime="20240222 17:41:23.905" endtime="20240222 17:41:24.927"/>
</kw>
<kw name="Press Keys" library="SeleniumLibrary">
<arg>${Input_Username}</arg>
<arg>${username}</arg>
<doc>Simulates the user pressing key(s) to an element or on the active browser.</doc>
<msg timestamp="20240222 17:41:24.927" level="INFO">Sending key(s) ('neeraj@codebyte.solutions',) to //input[@id="auth-email-id"] element.</msg>
<msg timestamp="20240222 17:41:27.251" level="INFO">Sending keys neeraj@codebyte.solutions</msg>
<status status="PASS" starttime="20240222 17:41:24.927" endtime="20240222 17:41:28.553"/>
</kw>
<kw name="Use Encryption Key" library="RPA.Crypto">
<arg>${public_key}</arg>
<doc>Set key for all following encryption/decryption operations.</doc>
<msg timestamp="20240222 17:41:28.553" level="INFO">Protecting keyword: RPA.Crypto.Use Encryption Key</msg>
<msg timestamp="20240222 17:41:28.553" level="INFO">Log level changed from NONE to INFO.</msg>
<status status="PASS" starttime="20240222 17:41:28.553" endtime="20240222 17:41:28.553"/>
</kw>
<kw name="Decrypt String" library="RPA.Crypto">
<var>${Decry}</var>
<arg>${encry}</arg>
<doc>Decrypt a string.</doc>
<msg timestamp="20240222 17:41:28.569" level="INFO">${Decry} = Test123$%^</msg>
<status status="PASS" starttime="20240222 17:41:28.553" endtime="20240222 17:41:28.569"/>
</kw>
<kw name="Log" library="BuiltIn">
<arg>${Decry}</arg>
<doc>Logs the given message with the given level.</doc>
<msg timestamp="20240222 17:41:28.569" level="INFO">Test123$%^</msg>
<status status="PASS" starttime="20240222 17:41:28.569" endtime="20240222 17:41:28.569"/>
</kw>
<kw name="Press Keys" library="SeleniumLibrary">
<arg>${Input_Password}</arg>
<arg>${Decry}</arg>
<doc>Simulates the user pressing key(s) to an element or on the active browser.</doc>
<msg timestamp="20240222 17:41:28.569" level="INFO">Sending key(s) ('Test123$%^',) to //input[@id="auth-password"] element.</msg>
<msg timestamp="20240222 17:41:30.912" level="INFO">Sending keys Test123$%^</msg>
<status status="PASS" starttime="20240222 17:41:28.569" endtime="20240222 17:41:32.042"/>
</kw>
<kw name="Wait Until Element is present then click the element" library="common_1">
<arg>${BTN_Login}</arg>
<doc>Using this keyword we can perform click Element</doc>
<kw name="Wait Until Page Contains Element" library="SeleniumLibrary">
<arg>${Element}</arg>
<arg>50</arg>
<doc>Waits until the element ``locator`` appears on the current page.</doc>
<status status="PASS" starttime="20240222 17:41:32.042" endtime="20240222 17:41:33.065"/>
</kw>
<kw name="Wait Until Keyword Succeeds" library="BuiltIn">
<arg>6</arg>
<arg>7</arg>
<arg>Click Element</arg>
<arg>${Element}</arg>
<doc>Runs the specified keyword and retries if it fails.</doc>
<kw name="Click Element" library="SeleniumLibrary">
<arg>${Element}</arg>
<doc>Click the element identified by ``locator``.</doc>
<msg timestamp="20240222 17:41:33.065" level="INFO">Clicking element '//p[text()="Sign In"]/parent::button'.</msg>
<status status="PASS" starttime="20240222 17:41:33.065" endtime="20240222 17:41:35.396"/>
</kw>
<status status="PASS" starttime="20240222 17:41:33.065" endtime="20240222 17:41:35.396"/>
</kw>
<status status="PASS" starttime="20240222 17:41:32.042" endtime="20240222 17:41:35.396"/>
</kw>
<status status="PASS" starttime="20240222 17:41:17.822" endtime="20240222 17:41:35.396"/>
</kw>
<status status="PASS" starttime="20240222 17:41:17.822" endtime="20240222 17:41:35.396"/>
</kw>
<status status="PASS" starttime="20240222 17:41:17.822" endtime="20240222 17:41:35.396"/>
</kw>
<kw name="When navigate to portfolio and click on ppg menu and navigate to ppg" library="PROD-6_Support">
<kw name="verify it should display ppg page" library="PROD-6_Support">
<kw name="Wait Until Element is present then click the element" library="common_1">
<arg>${BTN_Portfolio_Man_Menu}</arg>
<doc>Using this keyword we can perform click Element</doc>
<kw name="Wait Until Page Contains Element" library="SeleniumLibrary">
<arg>${Element}</arg>
<arg>50</arg>
<doc>Waits until the element ``locator`` appears on the current page.</doc>
<status status="PASS" starttime="20240222 17:41:35.396" endtime="20240222 17:41:41.335"/>
</kw>
<kw name="Wait Until Keyword Succeeds" library="BuiltIn">
<arg>6</arg>
<arg>7</arg>
<arg>Click Element</arg>
<arg>${Element}</arg>
<doc>Runs the specified keyword and retries if it fails.</doc>
<kw name="Click Element" library="SeleniumLibrary">
<arg>${Element}</arg>
<doc>Click the element identified by ``locator``.</doc>
<msg timestamp="20240222 17:41:41.335" level="INFO">Clicking element '//span[@id="icon-Portfolio Management"]/ancestor::a'.</msg>
<status status="PASS" starttime="20240222 17:41:41.335" endtime="20240222 17:41:44.552"/>
</kw>
<status status="PASS" starttime="20240222 17:41:41.335" endtime="20240222 17:41:44.552"/>
</kw>
<status status="PASS" starttime="20240222 17:41:35.396" endtime="20240222 17:41:44.552"/>
</kw>
<kw name="Search Data" library="common_1">
<arg>${Input_Portfolio_Search}</arg>
<arg>${PROD_6_portfolio}</arg>
<doc>using this keyword we can search portfolio</doc>
<kw name="Wait Until Element is present then click the element" library="common_1">
<arg>${Element}</arg>
<doc>Using this keyword we can perform click Element</doc>
<kw name="Wait Until Page Contains Element" library="SeleniumLibrary">
<arg>${Element}</arg>
<arg>50</arg>
<doc>Waits until the element ``locator`` appears on the current page.</doc>
<status status="PASS" starttime="20240222 17:41:44.552" endtime="20240222 17:41:45.589"/>
</kw>
<kw name="Wait Until Keyword Succeeds" library="BuiltIn">
<arg>6</arg>
<arg>7</arg>
<arg>Click Element</arg>
<arg>${Element}</arg>
<doc>Runs the specified keyword and retries if it fails.</doc>
<kw name="Click Element" library="SeleniumLibrary">
<arg>${Element}</arg>
<doc>Click the element identified by ``locator``.</doc>
<msg timestamp="20240222 17:41:45.591" level="INFO">Clicking element '//input[@id="portfolio-search-input"]'.</msg>
<status status="PASS" starttime="20240222 17:41:45.589" endtime="20240222 17:41:47.747"/>
</kw>
<status status="PASS" starttime="20240222 17:41:45.589" endtime="20240222 17:41:47.747"/>
</kw>
<status status="PASS" starttime="20240222 17:41:44.552" endtime="20240222 17:41:47.747"/>
</kw>
<kw name="Press Keys" library="SeleniumLibrary">
<arg>${Element}</arg>
<arg>CTRL+A+BACKSPACE</arg>
<doc>Simulates the user pressing key(s) to an element or on the active browser.</doc>
<msg timestamp="20240222 17:41:47.747" level="INFO">Sending key(s) ('CTRL+A+BACKSPACE',) to //input[@id="portfolio-search-input"] element.</msg>
<msg timestamp="20240222 17:41:50.057" level="INFO">Pressing special key CONTROL down.</msg>
<msg timestamp="20240222 17:41:50.057" level="INFO">Sending key A</msg>
<msg timestamp="20240222 17:41:50.057" level="INFO">Pressing special key BACKSPACE down.</msg>
<msg timestamp="20240222 17:41:50.057" level="INFO">Releasing special key CONTROL.</msg>
<msg timestamp="20240222 17:41:50.057" level="INFO">Releasing special key BACKSPACE.</msg>
<status status="PASS" starttime="20240222 17:41:47.747" endtime="20240222 17:41:51.078"/>
</kw>
<kw name="Sleep" library="BuiltIn">
<arg>1</arg>
<doc>Pauses the test executed for the given time.</doc>
<msg timestamp="20240222 17:41:52.083" level="INFO">Slept 1 second</msg>
<status status="PASS" starttime="20240222 17:41:51.078" endtime="20240222 17:41:52.083"/>
</kw>
<kw name="Press Keys" library="SeleniumLibrary">
<arg>${Element}</arg>
<arg>${Name}</arg>
<doc>Simulates the user pressing key(s) to an element or on the active browser.</doc>
<msg timestamp="20240222 17:41:52.083" level="INFO">Sending key(s) ('PROD-6 PORTFOLIO',) to //input[@id="portfolio-search-input"] element.</msg>
<msg timestamp="20240222 17:41:54.404" level="INFO">Sending keys PROD-6 PORTFOLIO</msg>
<status status="PASS" starttime="20240222 17:41:52.083" endtime="20240222 17:41:55.943"/>
</kw>
<status status="PASS" starttime="20240222 17:41:44.552" endtime="20240222 17:41:55.943"/>
</kw>
<kw name="Navigate to portfolio data" library="common_1">
<arg>${PROD_6_portfolio}</arg>
<doc>Using this keywork we can navigate to Portfolio</doc>
<kw name="Format String" library="String">
<var>${Portfolio}</var>
<arg>${BTN_Portfolio_CUSTOM}</arg>
<arg>name=${name}</arg>
<doc>Formats a ``template`` using the given ``positional`` and ``named`` arguments.</doc>
<msg timestamp="20240222 17:41:55.943" level="INFO">${Portfolio} = //td[@id="custom-id-PROD-6 PORTFOLIO"]</msg>
<status status="PASS" starttime="20240222 17:41:55.943" endtime="20240222 17:41:55.943"/>
</kw>
<kw name="Wait Until Element is present then click the element" library="common_1">
<arg>${Portfolio}</arg>
<doc>Using this keyword we can perform click Element</doc>
<kw name="Wait Until Page Contains Element" library="SeleniumLibrary">
<arg>${Element}</arg>
<arg>50</arg>
<doc>Waits until the element ``locator`` appears on the current page.</doc>
<msg timestamp="20240222 17:42:47.476" level="INFO" html="true">&lt;/td&gt;&lt;/tr&gt;&lt;tr&gt;&lt;td colspan="3"&gt;&lt;a href="0-selenium-screenshot-1.png"&gt;&lt;img src="0-selenium-screenshot-1.png" width="800px"&gt;&lt;/a&gt;</msg>
<msg timestamp="20240222 17:42:47.476" level="FAIL">Element '//td[@id="custom-id-PROD-6 PORTFOLIO"]' did not appear in 50 seconds.</msg>
<status status="FAIL" starttime="20240222 17:41:55.943" endtime="20240222 17:42:47.500"/>
</kw>
<kw name="Wait Until Keyword Succeeds" library="BuiltIn">
<arg>6</arg>
<arg>7</arg>
<arg>Click Element</arg>
<arg>${Element}</arg>
<doc>Runs the specified keyword and retries if it fails.</doc>
<status status="NOT RUN" starttime="20240222 17:42:47.500" endtime="20240222 17:42:47.500"/>
</kw>
<status status="FAIL" starttime="20240222 17:41:55.943" endtime="20240222 17:42:47.500"/>
</kw>
<status status="FAIL" starttime="20240222 17:41:55.943" endtime="20240222 17:42:47.500"/>
</kw>
<kw name="Wait Until Element is present then click the element" library="common_1">
<arg>${TAB_PPG}</arg>
<doc>Using this keyword we can perform click Element</doc>
<status status="NOT RUN" starttime="20240222 17:42:47.500" endtime="20240222 17:42:47.500"/>
</kw>
<kw name="Navigate to portfolio data" library="common_1">
<arg>${PROD_6_PPG}</arg>
<doc>Using this keywork we can navigate to Portfolio</doc>
<status status="NOT RUN" starttime="20240222 17:42:47.500" endtime="20240222 17:42:47.500"/>
</kw>
<kw name="Wait Until Element is present then click the element" library="common_1">
<arg>${TAB_Product_Platform}</arg>
<doc>Using this keyword we can perform click Element</doc>
<status status="NOT RUN" starttime="20240222 17:42:47.500" endtime="20240222 17:42:47.500"/>
</kw>
<status status="FAIL" starttime="20240222 17:41:35.396" endtime="20240222 17:42:47.500"/>
</kw>
<status status="FAIL" starttime="20240222 17:41:35.396" endtime="20240222 17:42:47.500"/>
</kw>
<kw name="Then navigate to platform and click on OKR tab" library="PROD-6_Support">
<status status="NOT RUN" starttime="20240222 17:42:47.500" endtime="20240222 17:42:47.500"/>
</kw>
<kw name="Then Click on add OKRs button and enter mandatory fields and click on cancel button" library="PROD-6_Support">
<status status="NOT RUN" starttime="20240222 17:42:47.500" endtime="20240222 17:42:47.500"/>
</kw>
<kw name="Then Click on Add OKRs button and enter mandatory fields and click on save button" library="PROD-6_Support">
<status status="NOT RUN" starttime="20240222 17:42:47.500" endtime="20240222 17:42:47.500"/>
</kw>
<kw name="Then click on search and enter invalid OKR" library="PROD-6_Support">
<status status="NOT RUN" starttime="20240222 17:42:47.500" endtime="20240222 17:42:47.500"/>
</kw>
<kw name="Then click on search and enter valid OKR" library="PROD-6_Support">
<status status="NOT RUN" starttime="20240222 17:42:47.500" endtime="20240222 17:42:47.500"/>
</kw>
<kw name="Then Click on Add Result button in OKR and enter the mandatory fields and cancel button" library="PROD-6_Support">
<status status="NOT RUN" starttime="20240222 17:42:47.500" endtime="20240222 17:42:47.500"/>
</kw>
<kw name="Then Click on Add Result button in OKR and enter the mandatory fields and save button" library="PROD-6_Support">
<status status="NOT RUN" starttime="20240222 17:42:47.500" endtime="20240222 17:42:47.500"/>
</kw>
<kw name="Then navigate to OKR-key Result page" library="PROD-6_Support">
<status status="NOT RUN" starttime="20240222 17:42:47.500" endtime="20240222 17:42:47.500"/>
</kw>
<kw name="Then click on More icon and click on edit button in Key result and modify data and click on Cancel button" library="PROD-6_Support">
<status status="NOT RUN" starttime="20240222 17:42:47.500" endtime="20240222 17:42:47.500"/>
</kw>
<kw name="Then click on More icon and click on edit button in Key result and modify data and click on Save button" library="PROD-6_Support">
<status status="NOT RUN" starttime="20240222 17:42:47.515" endtime="20240222 17:42:47.515"/>
</kw>
<kw name="Then Navigate to key result page and should display edit button" library="PROD-6_Support">
<status status="NOT RUN" starttime="20240222 17:42:47.515" endtime="20240222 17:42:47.515"/>
</kw>
<kw name="Then click on more button and click on delete button and click on cancel button" library="PROD-6_Support">
<status status="NOT RUN" starttime="20240222 17:42:47.515" endtime="20240222 17:42:47.515"/>
</kw>
<kw name="Then click on more button and click on delete button and click on confirm button" library="PROD-6_Support">
<status status="NOT RUN" starttime="20240222 17:42:47.515" endtime="20240222 17:42:47.515"/>
</kw>
<kw name="Then click on more icon and click on Edit button , change the data and cancel button" library="PROD-6_Support">
<status status="NOT RUN" starttime="20240222 17:42:47.515" endtime="20240222 17:42:47.515"/>
</kw>
<kw name="Then Click on more icon and click on Edit button , change the data and Save button" library="PROD-6_Support">
<status status="NOT RUN" starttime="20240222 17:42:47.515" endtime="20240222 17:42:47.515"/>
</kw>
<kw name="Then Click on more icon and Click on delete button and click on cancel button" library="PROD-6_Support">
<status status="NOT RUN" starttime="20240222 17:42:47.515" endtime="20240222 17:42:47.515"/>
</kw>
<kw name="Then Click on more icon , click on delete button and click on Save button" library="PROD-6_Support">
<status status="NOT RUN" starttime="20240222 17:42:47.515" endtime="20240222 17:42:47.515"/>
</kw>
<kw name="Then click on ppg menu and navigate to ppg name" library="PROD-6_Support">
<status status="NOT RUN" starttime="20240222 17:42:47.515" endtime="20240222 17:42:47.515"/>
</kw>
<kw name="Then Navigate to product , click on squad tab" library="PROD-6_Support">
<status status="NOT RUN" starttime="20240222 17:42:47.515" endtime="20240222 17:42:47.515"/>
</kw>
<tag>Name:Gayathri</tag>
<tag>PROD-6</tag>
<tag>Test</tag>
<status status="FAIL" starttime="20240222 17:41:17.822" endtime="20240222 17:42:47.515">Element '//td[@id="custom-id-PROD-6 PORTFOLIO"]' did not appear in 50 seconds.</status>
</test>
<doc>Product/platform OKR and squad JIRA ID - PROD-6</doc>
<status status="FAIL" starttime="20240222 17:41:17.336" endtime="20240222 17:42:47.515"/>
</suite>
<status status="FAIL" starttime="20240222 17:41:17.336" endtime="20240222 17:42:47.515"/>
</suite>
<doc>[https://pabot.org/?ref=log|Pabot] result from 1 executions.</doc>
<status status="FAIL" starttime="20240222 17:41:17.318" endtime="20240222 17:42:47.515"/>
</suite>
<statistics>
<total>
<stat pass="0" fail="1" skip="0">All Tests</stat>
</total>
<tag>
<stat pass="0" fail="1" skip="0">Name:Gayathri</stat>
<stat pass="0" fail="1" skip="0">PROD-6</stat>
<stat pass="0" fail="1" skip="0">Test</stat>
</tag>
<suite>
<stat pass="0" fail="1" skip="0" id="s1" name="Productor">Productor</stat>
<stat pass="0" fail="1" skip="0" id="s1-s1" name="Testcase">Productor.Testcase</stat>
<stat pass="0" fail="1" skip="0" id="s1-s1-s1" name="PROD-6">Productor.Testcase.PROD-6</stat>
</suite>
</statistics>
<errors>
<msg timestamp="20240222 17:41:17.303" level="ERROR">Taking listener 'allure_robotframework' into use failed: Importing listener 'allure_robotframework' failed: ModuleNotFoundError: No module named 'allure_robotframework'
Traceback (most recent call last):
  None
PYTHONPATH:
  C:\Users\Gayathri\AppData\Local\Programs\Python\Python310\Scripts\robot.exe
  C:\Users\Gayathri\AppData\Local\Programs\Python\Python310\python310.zip
  C:\Users\Gayathri\AppData\Local\Programs\Python\Python310\DLLs
  C:\Users\Gayathri\AppData\Local\Programs\Python\Python310\lib
  C:\Users\Gayathri\AppData\Local\Programs\Python\Python310
  C:\Users\Gayathri\AppData\Local\Programs\Python\Python310\lib\site-packages
  C:\Users\Gayathri\AppData\Local\Programs\Python\Python310\lib\site-packages\win32
  C:\Users\Gayathri\AppData\Local\Programs\Python\Python310\lib\site-packages\win32\lib
  C:\Users\Gayathri\AppData\Local\Programs\Python\Python310\lib\site-packages\Pythonwin</msg>
</errors>
</robot>
