<?xml version="1.0" encoding="UTF-8"?>
<robot generator="Rebot 6.0.2 (Python 3.10.0 on win32)" generated="20240203 19:12:02.750" rpa="false" schemaversion="3">
<suite id="s1" name="Productor" source="C:\Productor">
<kw name="Setup" type="SETUP">
<kw name="Log" library="BuiltIn">
<arg>start to run</arg>
<doc>Logs the given message with the given level.</doc>
<msg timestamp="20240203 19:11:45.231" level="INFO">start to run</msg>
<status status="PASS" starttime="20240203 19:11:45.231" endtime="20240203 19:11:45.231"/>
</kw>
<kw name="Log" library="BuiltIn">
<arg>start to run</arg>
<doc>Logs the given message with the given level.</doc>
<msg timestamp="20240203 19:11:45.237" level="INFO">start to run</msg>
<status status="PASS" starttime="20240203 19:11:45.236" endtime="20240203 19:11:45.237"/>
</kw>
<kw name="Log" library="BuiltIn">
<arg>start to run</arg>
<doc>Logs the given message with the given level.</doc>
<msg timestamp="20240203 19:11:45.224" level="INFO">start to run</msg>
<status status="PASS" starttime="20240203 19:11:45.223" endtime="20240203 19:11:45.224"/>
</kw>
<kw name="Log" library="BuiltIn">
<arg>start to run</arg>
<doc>Logs the given message with the given level.</doc>
<msg timestamp="20240203 19:11:45.197" level="INFO">start to run</msg>
<status status="PASS" starttime="20240203 19:11:45.196" endtime="20240203 19:11:45.197"/>
</kw>
<kw name="Log" library="BuiltIn">
<arg>start to run</arg>
<doc>Logs the given message with the given level.</doc>
<msg timestamp="20240203 19:11:45.238" level="INFO">start to run</msg>
<status status="PASS" starttime="20240203 19:11:45.236" endtime="20240203 19:11:45.238"/>
</kw>
<status status="PASS" starttime="20240203 19:11:45.230" endtime="20240203 19:11:45.231"/>
</kw>
<suite id="s1-s1" name="Testcase" source="C:\Productor\Testcase">
<suite id="s1-s1-s1" name="Tc01" source="C:\Productor\Testcase\tc01.robot">
<test id="s1-s1-s1-t1" name="TC01" line="9">
<kw name="Given Login into Productor Application" library="TC01_Support">
<kw name="Verify an application should be opened" library="TC01_Support">
<kw name="Login Application" library="Login">
<arg>${username002}</arg>
<doc>Using this keyword we can login Productor Application.</doc>
<kw name="Get File" library="OperatingSystem">
<var>${json_data}</var>
<arg>Data/password.json</arg>
<doc>Returns the contents of a specified file.</doc>
<msg timestamp="20240203 19:11:45.668" level="INFO" html="true">Getting file '&lt;a href="file://C:\Productor\Data\password.json"&gt;C:\Productor\Data\password.json&lt;/a&gt;'.</msg>
<msg timestamp="20240203 19:11:45.668" level="INFO">${json_data} = {
    "Tparthi@valuefactors.io": "gAAAAABlrkVsEdFMiMlTdK5zUdkIrh2gW0m7VKitqu1yc05zjvhEtgtLf1WAMAOHRJpwgI8mhU9rPO9To7wrVhBmzNtn6JJSqg==",
    "neeraj@codebyte.solutions": "gAAAAABlvf_wHd_s-rfaDVYJP09Sz...</msg>
<status status="PASS" starttime="20240203 19:11:45.667" endtime="20240203 19:11:45.668"/>
</kw>
<kw name="Evaluate" library="BuiltIn">
<var>${object}</var>
<arg>json.loads('''${json_data}''')</arg>
<arg>json</arg>
<doc>Evaluates the given expression in Python and returns the result.</doc>
<msg timestamp="20240203 19:11:45.670" level="INFO">${object} = {'Tparthi@valuefactors.io': 'gAAAAABlrkVsEdFMiMlTdK5zUdkIrh2gW0m7VKitqu1yc05zjvhEtgtLf1WAMAOHRJpwgI8mhU9rPO9To7wrVhBmzNtn6JJSqg==', 'neeraj@codebyte.solutions': 'gAAAAABlvf_wHd_s-rfaDVYJP09SzZmO4H8t5J...</msg>
<status status="PASS" starttime="20240203 19:11:45.669" endtime="20240203 19:11:45.670"/>
</kw>
<kw name="Set Variable" library="BuiltIn">
<var>${encry}</var>
<arg>${object['${username}']}</arg>
<doc>Returns the given values which can then be assigned to a variables.</doc>
<msg timestamp="20240203 19:11:45.672" level="INFO">${encry} = gAAAAABlvf_wHd_s-rfaDVYJP09SzZmO4H8t5J09u-ZvB3nvy4zPznfgWrIF25Uq0ihXWaVr3yq0MSlnkAximgkzjaHawUJIXA==</msg>
<status status="PASS" starttime="20240203 19:11:45.670" endtime="20240203 19:11:45.672"/>
</kw>
<kw name="Evaluate" library="BuiltIn">
<var>${options}</var>
<arg>sys.modules['selenium.webdriver'].EdgeOptions()</arg>
<arg>sys,selenium.webdriver</arg>
<doc>Evaluates the given expression in Python and returns the result.</doc>
<msg timestamp="20240203 19:11:45.673" level="INFO">${options} = &lt;selenium.webdriver.edge.options.Options object at 0x0000019649B6DE70&gt;</msg>
<status status="PASS" starttime="20240203 19:11:45.673" endtime="20240203 19:11:45.673"/>
</kw>
<kw name="Call Method" library="BuiltIn">
<arg>${options}</arg>
<arg>add_argument</arg>
<arg>inprivate</arg>
<doc>Calls the named method of the given object with the provided arguments.</doc>
<status status="PASS" starttime="20240203 19:11:45.674" endtime="20240203 19:11:45.674"/>
</kw>
<kw name="Create Webdriver" library="SeleniumLibrary">
<var>${driver}</var>
<arg>Edge</arg>
<arg>options=${options}</arg>
<doc>Creates an instance of Selenium WebDriver.</doc>
<msg timestamp="20240203 19:11:45.676" level="INFO">Creating an instance of the Edge WebDriver.</msg>
<msg timestamp="20240203 19:11:45.688" level="INFO">Applicable driver not found; attempting to install with Selenium Manager (Beta)</msg>
<msg timestamp="20240203 19:11:51.402" level="INFO">${driver} = 1</msg>
<status status="PASS" starttime="20240203 19:11:45.675" endtime="20240203 19:11:51.402"/>
</kw>
<kw name="Go To" library="SeleniumLibrary">
<arg>${Productor_Url}</arg>
<doc>Navigates the current browser window to the provided ``url``.</doc>
<msg timestamp="20240203 19:11:51.405" level="INFO">Opening url 'https://predev-productor.valuefactors.io/auth/login/'</msg>
<status status="PASS" starttime="20240203 19:11:51.403" endtime="20240203 19:11:53.773"/>
</kw>
<kw name="Maximize Browser Window" library="SeleniumLibrary">
<doc>Maximizes current browser window.</doc>
<status status="PASS" starttime="20240203 19:11:53.773" endtime="20240203 19:11:53.951"/>
</kw>
<kw name="Set Selenium Speed" library="SeleniumLibrary">
<arg>0.1</arg>
<doc>Sets the delay that is waited after each Selenium command.</doc>
<status status="PASS" starttime="20240203 19:11:53.951" endtime="20240203 19:11:53.952"/>
</kw>
<kw name="Wait Until Page Contains Element" library="SeleniumLibrary">
<arg>${Input_Username}</arg>
<arg>50</arg>
<doc>Waits until the element ``locator`` appears on the current page.</doc>
<status status="PASS" starttime="20240203 19:11:53.952" endtime="20240203 19:11:54.155"/>
</kw>
<kw name="Press Keys" library="SeleniumLibrary">
<arg>${Input_Username}</arg>
<arg>${username}</arg>
<doc>Simulates the user pressing key(s) to an element or on the active browser.</doc>
<msg timestamp="20240203 19:11:54.157" level="INFO">Sending key(s) ('neeraj@codebyte.solutions',) to //input[@id="auth-email-id"] element.</msg>
<msg timestamp="20240203 19:11:54.697" level="INFO">Sending keys neeraj@codebyte.solutions</msg>
<status status="PASS" starttime="20240203 19:11:54.156" endtime="20240203 19:11:55.111"/>
</kw>
<kw name="Use Encryption Key" library="RPA.Crypto">
<arg>${public_key}</arg>
<doc>Set key for all following encryption/decryption operations.</doc>
<msg timestamp="20240203 19:11:55.112" level="INFO">Protecting keyword: RPA.Crypto.Use Encryption Key</msg>
<msg timestamp="20240203 19:11:55.113" level="INFO">Log level changed from NONE to INFO.</msg>
<status status="PASS" starttime="20240203 19:11:55.112" endtime="20240203 19:11:55.112"/>
</kw>
<kw name="Decrypt String" library="RPA.Crypto">
<var>${Decry}</var>
<arg>${encry}</arg>
<doc>Decrypt a string.</doc>
<msg timestamp="20240203 19:11:55.117" level="INFO">${Decry} = Test123$%^</msg>
<status status="PASS" starttime="20240203 19:11:55.113" endtime="20240203 19:11:55.117"/>
</kw>
<kw name="Log" library="BuiltIn">
<arg>${Decry}</arg>
<doc>Logs the given message with the given level.</doc>
<msg timestamp="20240203 19:11:55.118" level="INFO">Test123$%^</msg>
<status status="PASS" starttime="20240203 19:11:55.117" endtime="20240203 19:11:55.118"/>
</kw>
<kw name="Press Keys" library="SeleniumLibrary">
<arg>${Input_Password}</arg>
<arg>${Decry}</arg>
<doc>Simulates the user pressing key(s) to an element or on the active browser.</doc>
<msg timestamp="20240203 19:11:55.120" level="INFO">Sending key(s) ('Test123$%^',) to //input[@id="auth-password"] element.</msg>
<msg timestamp="20240203 19:11:55.627" level="INFO">Sending keys Test123$%^</msg>
<status status="PASS" starttime="20240203 19:11:55.118" endtime="20240203 19:11:55.811"/>
</kw>
<status status="PASS" starttime="20240203 19:11:45.666" endtime="20240203 19:11:55.812"/>
</kw>
<status status="PASS" starttime="20240203 19:11:45.666" endtime="20240203 19:11:55.813"/>
</kw>
<status status="PASS" starttime="20240203 19:11:45.665" endtime="20240203 19:11:55.813"/>
</kw>
<kw name="Then Close the Browser" library="TC01_Support">
<kw name="Verify an Application should be closed" library="TC01_Support">
<kw name="&quot;Close the Browser&quot;" library="common_1">
<kw name="Close Browser" library="SeleniumLibrary">
<doc>Closes the current browser.</doc>
<status status="PASS" starttime="20240203 19:11:55.816" endtime="20240203 19:11:58.033"/>
</kw>
<status status="PASS" starttime="20240203 19:11:55.815" endtime="20240203 19:11:58.033"/>
</kw>
<status status="PASS" starttime="20240203 19:11:55.814" endtime="20240203 19:11:58.033"/>
</kw>
<status status="PASS" starttime="20240203 19:11:55.814" endtime="20240203 19:11:58.033"/>
</kw>
<tag>TC01</tag>
<status status="PASS" starttime="20240203 19:11:45.663" endtime="20240203 19:11:58.033"/>
</test>
<doc>Create,Edit,Delete Portfolio</doc>
<status status="PASS" starttime="20240203 19:11:45.235" endtime="20240203 19:11:58.033"/>
</suite>
<suite id="s1-s1-s2" name="TC02" source="C:\Productor\Testcase\TC02.robot">
<test id="s1-s1-s2-t1" name="TC02" line="9">
<kw name="Given Login into Productor Application" library="TC01_Support">
<kw name="Verify an application should be opened" library="TC01_Support">
<kw name="Login Application" library="Login">
<arg>${username002}</arg>
<doc>Using this keyword we can login Productor Application.</doc>
<kw name="Get File" library="OperatingSystem">
<var>${json_data}</var>
<arg>Data/password.json</arg>
<doc>Returns the contents of a specified file.</doc>
<msg timestamp="20240203 19:11:45.672" level="INFO" html="true">Getting file '&lt;a href="file://C:\Productor\Data\password.json"&gt;C:\Productor\Data\password.json&lt;/a&gt;'.</msg>
<msg timestamp="20240203 19:11:45.672" level="INFO">${json_data} = {
    "Tparthi@valuefactors.io": "gAAAAABlrkVsEdFMiMlTdK5zUdkIrh2gW0m7VKitqu1yc05zjvhEtgtLf1WAMAOHRJpwgI8mhU9rPO9To7wrVhBmzNtn6JJSqg==",
    "neeraj@codebyte.solutions": "gAAAAABlvf_wHd_s-rfaDVYJP09Sz...</msg>
<status status="PASS" starttime="20240203 19:11:45.670" endtime="20240203 19:11:45.672"/>
</kw>
<kw name="Evaluate" library="BuiltIn">
<var>${object}</var>
<arg>json.loads('''${json_data}''')</arg>
<arg>json</arg>
<doc>Evaluates the given expression in Python and returns the result.</doc>
<msg timestamp="20240203 19:11:45.673" level="INFO">${object} = {'Tparthi@valuefactors.io': 'gAAAAABlrkVsEdFMiMlTdK5zUdkIrh2gW0m7VKitqu1yc05zjvhEtgtLf1WAMAOHRJpwgI8mhU9rPO9To7wrVhBmzNtn6JJSqg==', 'neeraj@codebyte.solutions': 'gAAAAABlvf_wHd_s-rfaDVYJP09SzZmO4H8t5J...</msg>
<status status="PASS" starttime="20240203 19:11:45.673" endtime="20240203 19:11:45.673"/>
</kw>
<kw name="Set Variable" library="BuiltIn">
<var>${encry}</var>
<arg>${object['${username}']}</arg>
<doc>Returns the given values which can then be assigned to a variables.</doc>
<msg timestamp="20240203 19:11:45.675" level="INFO">${encry} = gAAAAABlvf_wHd_s-rfaDVYJP09SzZmO4H8t5J09u-ZvB3nvy4zPznfgWrIF25Uq0ihXWaVr3yq0MSlnkAximgkzjaHawUJIXA==</msg>
<status status="PASS" starttime="20240203 19:11:45.674" endtime="20240203 19:11:45.675"/>
</kw>
<kw name="Evaluate" library="BuiltIn">
<var>${options}</var>
<arg>sys.modules['selenium.webdriver'].EdgeOptions()</arg>
<arg>sys,selenium.webdriver</arg>
<doc>Evaluates the given expression in Python and returns the result.</doc>
<msg timestamp="20240203 19:11:45.675" level="INFO">${options} = &lt;selenium.webdriver.edge.options.Options object at 0x0000028A6E96DEA0&gt;</msg>
<status status="PASS" starttime="20240203 19:11:45.675" endtime="20240203 19:11:45.675"/>
</kw>
<kw name="Call Method" library="BuiltIn">
<arg>${options}</arg>
<arg>add_argument</arg>
<arg>inprivate</arg>
<doc>Calls the named method of the given object with the provided arguments.</doc>
<status status="PASS" starttime="20240203 19:11:45.676" endtime="20240203 19:11:45.676"/>
</kw>
<kw name="Create Webdriver" library="SeleniumLibrary">
<var>${driver}</var>
<arg>Edge</arg>
<arg>options=${options}</arg>
<doc>Creates an instance of Selenium WebDriver.</doc>
<msg timestamp="20240203 19:11:45.679" level="INFO">Creating an instance of the Edge WebDriver.</msg>
<msg timestamp="20240203 19:11:45.692" level="INFO">Applicable driver not found; attempting to install with Selenium Manager (Beta)</msg>
<msg timestamp="20240203 19:11:51.052" level="INFO">${driver} = 1</msg>
<status status="PASS" starttime="20240203 19:11:45.677" endtime="20240203 19:11:51.052"/>
</kw>
<kw name="Go To" library="SeleniumLibrary">
<arg>${Productor_Url}</arg>
<doc>Navigates the current browser window to the provided ``url``.</doc>
<msg timestamp="20240203 19:11:51.053" level="INFO">Opening url 'https://predev-productor.valuefactors.io/auth/login/'</msg>
<status status="PASS" starttime="20240203 19:11:51.052" endtime="20240203 19:11:53.792"/>
</kw>
<kw name="Maximize Browser Window" library="SeleniumLibrary">
<doc>Maximizes current browser window.</doc>
<status status="PASS" starttime="20240203 19:11:53.792" endtime="20240203 19:11:54.058"/>
</kw>
<kw name="Set Selenium Speed" library="SeleniumLibrary">
<arg>0.1</arg>
<doc>Sets the delay that is waited after each Selenium command.</doc>
<status status="PASS" starttime="20240203 19:11:54.058" endtime="20240203 19:11:54.059"/>
</kw>
<kw name="Wait Until Page Contains Element" library="SeleniumLibrary">
<arg>${Input_Username}</arg>
<arg>50</arg>
<doc>Waits until the element ``locator`` appears on the current page.</doc>
<status status="PASS" starttime="20240203 19:11:54.060" endtime="20240203 19:11:54.211"/>
</kw>
<kw name="Press Keys" library="SeleniumLibrary">
<arg>${Input_Username}</arg>
<arg>${username}</arg>
<doc>Simulates the user pressing key(s) to an element or on the active browser.</doc>
<msg timestamp="20240203 19:11:54.214" level="INFO">Sending key(s) ('neeraj@codebyte.solutions',) to //input[@id="auth-email-id"] element.</msg>
<msg timestamp="20240203 19:11:54.766" level="INFO">Sending keys neeraj@codebyte.solutions</msg>
<status status="PASS" starttime="20240203 19:11:54.211" endtime="20240203 19:11:55.145"/>
</kw>
<kw name="Use Encryption Key" library="RPA.Crypto">
<arg>${public_key}</arg>
<doc>Set key for all following encryption/decryption operations.</doc>
<msg timestamp="20240203 19:11:55.147" level="INFO">Protecting keyword: RPA.Crypto.Use Encryption Key</msg>
<msg timestamp="20240203 19:11:55.147" level="INFO">Log level changed from NONE to INFO.</msg>
<status status="PASS" starttime="20240203 19:11:55.146" endtime="20240203 19:11:55.147"/>
</kw>
<kw name="Decrypt String" library="RPA.Crypto">
<var>${Decry}</var>
<arg>${encry}</arg>
<doc>Decrypt a string.</doc>
<msg timestamp="20240203 19:11:55.152" level="INFO">${Decry} = Test123$%^</msg>
<status status="PASS" starttime="20240203 19:11:55.148" endtime="20240203 19:11:55.152"/>
</kw>
<kw name="Log" library="BuiltIn">
<arg>${Decry}</arg>
<doc>Logs the given message with the given level.</doc>
<msg timestamp="20240203 19:11:55.152" level="INFO">Test123$%^</msg>
<status status="PASS" starttime="20240203 19:11:55.152" endtime="20240203 19:11:55.152"/>
</kw>
<kw name="Press Keys" library="SeleniumLibrary">
<arg>${Input_Password}</arg>
<arg>${Decry}</arg>
<doc>Simulates the user pressing key(s) to an element or on the active browser.</doc>
<msg timestamp="20240203 19:11:55.155" level="INFO">Sending key(s) ('Test123$%^',) to //input[@id="auth-password"] element.</msg>
<msg timestamp="20240203 19:11:55.712" level="INFO">Sending keys Test123$%^</msg>
<status status="PASS" starttime="20240203 19:11:55.152" endtime="20240203 19:11:55.882"/>
</kw>
<status status="PASS" starttime="20240203 19:11:45.670" endtime="20240203 19:11:55.883"/>
</kw>
<status status="PASS" starttime="20240203 19:11:45.669" endtime="20240203 19:11:55.884"/>
</kw>
<status status="PASS" starttime="20240203 19:11:45.668" endtime="20240203 19:11:55.884"/>
</kw>
<kw name="Then Close the Browser" library="TC01_Support">
<kw name="Verify an Application should be closed" library="TC01_Support">
<kw name="&quot;Close the Browser&quot;" library="common_1">
<kw name="Close Browser" library="SeleniumLibrary">
<doc>Closes the current browser.</doc>
<status status="PASS" starttime="20240203 19:11:55.886" endtime="20240203 19:11:58.226"/>
</kw>
<status status="PASS" starttime="20240203 19:11:55.885" endtime="20240203 19:11:58.226"/>
</kw>
<status status="PASS" starttime="20240203 19:11:55.885" endtime="20240203 19:11:58.226"/>
</kw>
<status status="PASS" starttime="20240203 19:11:55.884" endtime="20240203 19:11:58.226"/>
</kw>
<tag>TC01</tag>
<status status="PASS" starttime="20240203 19:11:45.666" endtime="20240203 19:11:58.232"/>
</test>
<doc>Create,Edit,Delete Portfolio</doc>
<status status="PASS" starttime="20240203 19:11:45.242" endtime="20240203 19:11:58.232"/>
</suite>
<suite id="s1-s1-s3" name="TC03" source="C:\Productor\Testcase\TC03.robot">
<test id="s1-s1-s3-t1" name="TC03" line="9">
<kw name="Given Login into Productor Application" library="TC01_Support">
<kw name="Verify an application should be opened" library="TC01_Support">
<kw name="Login Application" library="Login">
<arg>${username002}</arg>
<doc>Using this keyword we can login Productor Application.</doc>
<kw name="Get File" library="OperatingSystem">
<var>${json_data}</var>
<arg>Data/password.json</arg>
<doc>Returns the contents of a specified file.</doc>
<msg timestamp="20240203 19:11:45.657" level="INFO" html="true">Getting file '&lt;a href="file://C:\Productor\Data\password.json"&gt;C:\Productor\Data\password.json&lt;/a&gt;'.</msg>
<msg timestamp="20240203 19:11:45.657" level="INFO">${json_data} = {
    "Tparthi@valuefactors.io": "gAAAAABlrkVsEdFMiMlTdK5zUdkIrh2gW0m7VKitqu1yc05zjvhEtgtLf1WAMAOHRJpwgI8mhU9rPO9To7wrVhBmzNtn6JJSqg==",
    "neeraj@codebyte.solutions": "gAAAAABlvf_wHd_s-rfaDVYJP09Sz...</msg>
<status status="PASS" starttime="20240203 19:11:45.657" endtime="20240203 19:11:45.658"/>
</kw>
<kw name="Evaluate" library="BuiltIn">
<var>${object}</var>
<arg>json.loads('''${json_data}''')</arg>
<arg>json</arg>
<doc>Evaluates the given expression in Python and returns the result.</doc>
<msg timestamp="20240203 19:11:45.658" level="INFO">${object} = {'Tparthi@valuefactors.io': 'gAAAAABlrkVsEdFMiMlTdK5zUdkIrh2gW0m7VKitqu1yc05zjvhEtgtLf1WAMAOHRJpwgI8mhU9rPO9To7wrVhBmzNtn6JJSqg==', 'neeraj@codebyte.solutions': 'gAAAAABlvf_wHd_s-rfaDVYJP09SzZmO4H8t5J...</msg>
<status status="PASS" starttime="20240203 19:11:45.658" endtime="20240203 19:11:45.659"/>
</kw>
<kw name="Set Variable" library="BuiltIn">
<var>${encry}</var>
<arg>${object['${username}']}</arg>
<doc>Returns the given values which can then be assigned to a variables.</doc>
<msg timestamp="20240203 19:11:45.660" level="INFO">${encry} = gAAAAABlvf_wHd_s-rfaDVYJP09SzZmO4H8t5J09u-ZvB3nvy4zPznfgWrIF25Uq0ihXWaVr3yq0MSlnkAximgkzjaHawUJIXA==</msg>
<status status="PASS" starttime="20240203 19:11:45.659" endtime="20240203 19:11:45.660"/>
</kw>
<kw name="Evaluate" library="BuiltIn">
<var>${options}</var>
<arg>sys.modules['selenium.webdriver'].EdgeOptions()</arg>
<arg>sys,selenium.webdriver</arg>
<doc>Evaluates the given expression in Python and returns the result.</doc>
<msg timestamp="20240203 19:11:45.661" level="INFO">${options} = &lt;selenium.webdriver.edge.options.Options object at 0x000001ADBF08DE70&gt;</msg>
<status status="PASS" starttime="20240203 19:11:45.660" endtime="20240203 19:11:45.661"/>
</kw>
<kw name="Call Method" library="BuiltIn">
<arg>${options}</arg>
<arg>add_argument</arg>
<arg>inprivate</arg>
<doc>Calls the named method of the given object with the provided arguments.</doc>
<status status="PASS" starttime="20240203 19:11:45.662" endtime="20240203 19:11:45.662"/>
</kw>
<kw name="Create Webdriver" library="SeleniumLibrary">
<var>${driver}</var>
<arg>Edge</arg>
<arg>options=${options}</arg>
<doc>Creates an instance of Selenium WebDriver.</doc>
<msg timestamp="20240203 19:11:45.664" level="INFO">Creating an instance of the Edge WebDriver.</msg>
<msg timestamp="20240203 19:11:45.675" level="INFO">Applicable driver not found; attempting to install with Selenium Manager (Beta)</msg>
<msg timestamp="20240203 19:11:51.502" level="INFO">${driver} = 1</msg>
<status status="PASS" starttime="20240203 19:11:45.662" endtime="20240203 19:11:51.502"/>
</kw>
<kw name="Go To" library="SeleniumLibrary">
<arg>${Productor_Url}</arg>
<doc>Navigates the current browser window to the provided ``url``.</doc>
<msg timestamp="20240203 19:11:51.506" level="INFO">Opening url 'https://predev-productor.valuefactors.io/auth/login/'</msg>
<status status="PASS" starttime="20240203 19:11:51.504" endtime="20240203 19:11:52.275"/>
</kw>
<kw name="Maximize Browser Window" library="SeleniumLibrary">
<doc>Maximizes current browser window.</doc>
<status status="PASS" starttime="20240203 19:11:52.276" endtime="20240203 19:11:53.659"/>
</kw>
<kw name="Set Selenium Speed" library="SeleniumLibrary">
<arg>0.1</arg>
<doc>Sets the delay that is waited after each Selenium command.</doc>
<status status="PASS" starttime="20240203 19:11:53.660" endtime="20240203 19:11:53.665"/>
</kw>
<kw name="Wait Until Page Contains Element" library="SeleniumLibrary">
<arg>${Input_Username}</arg>
<arg>50</arg>
<doc>Waits until the element ``locator`` appears on the current page.</doc>
<status status="PASS" starttime="20240203 19:11:53.665" endtime="20240203 19:11:53.810"/>
</kw>
<kw name="Press Keys" library="SeleniumLibrary">
<arg>${Input_Username}</arg>
<arg>${username}</arg>
<doc>Simulates the user pressing key(s) to an element or on the active browser.</doc>
<msg timestamp="20240203 19:11:53.825" level="INFO">Sending key(s) ('neeraj@codebyte.solutions',) to //input[@id="auth-email-id"] element.</msg>
<msg timestamp="20240203 19:11:54.458" level="INFO">Sending keys neeraj@codebyte.solutions</msg>
<status status="PASS" starttime="20240203 19:11:53.819" endtime="20240203 19:11:54.815"/>
</kw>
<kw name="Use Encryption Key" library="RPA.Crypto">
<arg>${public_key}</arg>
<doc>Set key for all following encryption/decryption operations.</doc>
<msg timestamp="20240203 19:11:54.817" level="INFO">Protecting keyword: RPA.Crypto.Use Encryption Key</msg>
<msg timestamp="20240203 19:11:54.819" level="INFO">Log level changed from NONE to INFO.</msg>
<status status="PASS" starttime="20240203 19:11:54.816" endtime="20240203 19:11:54.819"/>
</kw>
<kw name="Decrypt String" library="RPA.Crypto">
<var>${Decry}</var>
<arg>${encry}</arg>
<doc>Decrypt a string.</doc>
<msg timestamp="20240203 19:11:54.824" level="INFO">${Decry} = Test123$%^</msg>
<status status="PASS" starttime="20240203 19:11:54.819" endtime="20240203 19:11:54.824"/>
</kw>
<kw name="Log" library="BuiltIn">
<arg>${Decry}</arg>
<doc>Logs the given message with the given level.</doc>
<msg timestamp="20240203 19:11:54.825" level="INFO">Test123$%^</msg>
<status status="PASS" starttime="20240203 19:11:54.825" endtime="20240203 19:11:54.826"/>
</kw>
<kw name="Press Keys" library="SeleniumLibrary">
<arg>${Input_Password}</arg>
<arg>${Decry}</arg>
<doc>Simulates the user pressing key(s) to an element or on the active browser.</doc>
<msg timestamp="20240203 19:11:54.829" level="INFO">Sending key(s) ('Test123$%^',) to //input[@id="auth-password"] element.</msg>
<msg timestamp="20240203 19:11:55.409" level="INFO">Sending keys Test123$%^</msg>
<status status="PASS" starttime="20240203 19:11:54.826" endtime="20240203 19:11:55.575"/>
</kw>
<status status="PASS" starttime="20240203 19:11:45.655" endtime="20240203 19:11:55.576"/>
</kw>
<status status="PASS" starttime="20240203 19:11:45.655" endtime="20240203 19:11:55.577"/>
</kw>
<status status="PASS" starttime="20240203 19:11:45.654" endtime="20240203 19:11:55.577"/>
</kw>
<kw name="Then Close the Browser" library="TC01_Support">
<kw name="Verify an Application should be closed" library="TC01_Support">
<kw name="&quot;Close the Browser&quot;" library="common_1">
<kw name="Close Browser" library="SeleniumLibrary">
<doc>Closes the current browser.</doc>
<status status="PASS" starttime="20240203 19:11:55.580" endtime="20240203 19:11:57.812"/>
</kw>
<status status="PASS" starttime="20240203 19:11:55.580" endtime="20240203 19:11:57.812"/>
</kw>
<status status="PASS" starttime="20240203 19:11:55.579" endtime="20240203 19:11:57.812"/>
</kw>
<status status="PASS" starttime="20240203 19:11:55.578" endtime="20240203 19:11:57.812"/>
</kw>
<tag>TC01</tag>
<status status="PASS" starttime="20240203 19:11:45.653" endtime="20240203 19:11:57.812"/>
</test>
<doc>Create,Edit,Delete Portfolio</doc>
<status status="PASS" starttime="20240203 19:11:45.228" endtime="20240203 19:11:57.812"/>
</suite>
<suite id="s1-s1-s4" name="TC04" source="C:\Productor\Testcase\TC04.robot">
<test id="s1-s1-s4-t1" name="TC04" line="9">
<kw name="Given Login into Productor Application" library="TC01_Support">
<kw name="Verify an application should be opened" library="TC01_Support">
<kw name="Login Application" library="Login">
<arg>${username002}</arg>
<doc>Using this keyword we can login Productor Application.</doc>
<kw name="Get File" library="OperatingSystem">
<var>${json_data}</var>
<arg>Data/password.json</arg>
<doc>Returns the contents of a specified file.</doc>
<msg timestamp="20240203 19:11:45.616" level="INFO" html="true">Getting file '&lt;a href="file://C:\Productor\Data\password.json"&gt;C:\Productor\Data\password.json&lt;/a&gt;'.</msg>
<msg timestamp="20240203 19:11:45.616" level="INFO">${json_data} = {
    "Tparthi@valuefactors.io": "gAAAAABlrkVsEdFMiMlTdK5zUdkIrh2gW0m7VKitqu1yc05zjvhEtgtLf1WAMAOHRJpwgI8mhU9rPO9To7wrVhBmzNtn6JJSqg==",
    "neeraj@codebyte.solutions": "gAAAAABlvf_wHd_s-rfaDVYJP09Sz...</msg>
<status status="PASS" starttime="20240203 19:11:45.615" endtime="20240203 19:11:45.616"/>
</kw>
<kw name="Evaluate" library="BuiltIn">
<var>${object}</var>
<arg>json.loads('''${json_data}''')</arg>
<arg>json</arg>
<doc>Evaluates the given expression in Python and returns the result.</doc>
<msg timestamp="20240203 19:11:45.617" level="INFO">${object} = {'Tparthi@valuefactors.io': 'gAAAAABlrkVsEdFMiMlTdK5zUdkIrh2gW0m7VKitqu1yc05zjvhEtgtLf1WAMAOHRJpwgI8mhU9rPO9To7wrVhBmzNtn6JJSqg==', 'neeraj@codebyte.solutions': 'gAAAAABlvf_wHd_s-rfaDVYJP09SzZmO4H8t5J...</msg>
<status status="PASS" starttime="20240203 19:11:45.616" endtime="20240203 19:11:45.617"/>
</kw>
<kw name="Set Variable" library="BuiltIn">
<var>${encry}</var>
<arg>${object['${username}']}</arg>
<doc>Returns the given values which can then be assigned to a variables.</doc>
<msg timestamp="20240203 19:11:45.619" level="INFO">${encry} = gAAAAABlvf_wHd_s-rfaDVYJP09SzZmO4H8t5J09u-ZvB3nvy4zPznfgWrIF25Uq0ihXWaVr3yq0MSlnkAximgkzjaHawUJIXA==</msg>
<status status="PASS" starttime="20240203 19:11:45.617" endtime="20240203 19:11:45.619"/>
</kw>
<kw name="Evaluate" library="BuiltIn">
<var>${options}</var>
<arg>sys.modules['selenium.webdriver'].EdgeOptions()</arg>
<arg>sys,selenium.webdriver</arg>
<doc>Evaluates the given expression in Python and returns the result.</doc>
<msg timestamp="20240203 19:11:45.620" level="INFO">${options} = &lt;selenium.webdriver.edge.options.Options object at 0x000001CCA17BDED0&gt;</msg>
<status status="PASS" starttime="20240203 19:11:45.619" endtime="20240203 19:11:45.620"/>
</kw>
<kw name="Call Method" library="BuiltIn">
<arg>${options}</arg>
<arg>add_argument</arg>
<arg>inprivate</arg>
<doc>Calls the named method of the given object with the provided arguments.</doc>
<status status="PASS" starttime="20240203 19:11:45.620" endtime="20240203 19:11:45.621"/>
</kw>
<kw name="Create Webdriver" library="SeleniumLibrary">
<var>${driver}</var>
<arg>Edge</arg>
<arg>options=${options}</arg>
<doc>Creates an instance of Selenium WebDriver.</doc>
<msg timestamp="20240203 19:11:45.623" level="INFO">Creating an instance of the Edge WebDriver.</msg>
<msg timestamp="20240203 19:11:45.633" level="INFO">Applicable driver not found; attempting to install with Selenium Manager (Beta)</msg>
<msg timestamp="20240203 19:11:51.056" level="INFO">${driver} = 1</msg>
<status status="PASS" starttime="20240203 19:11:45.622" endtime="20240203 19:11:51.056"/>
</kw>
<kw name="Go To" library="SeleniumLibrary">
<arg>${Productor_Url}</arg>
<doc>Navigates the current browser window to the provided ``url``.</doc>
<msg timestamp="20240203 19:11:51.057" level="INFO">Opening url 'https://predev-productor.valuefactors.io/auth/login/'</msg>
<status status="PASS" starttime="20240203 19:11:51.056" endtime="20240203 19:11:53.042"/>
</kw>
<kw name="Maximize Browser Window" library="SeleniumLibrary">
<doc>Maximizes current browser window.</doc>
<status status="PASS" starttime="20240203 19:11:53.042" endtime="20240203 19:11:53.304"/>
</kw>
<kw name="Set Selenium Speed" library="SeleniumLibrary">
<arg>0.1</arg>
<doc>Sets the delay that is waited after each Selenium command.</doc>
<status status="PASS" starttime="20240203 19:11:53.304" endtime="20240203 19:11:53.306"/>
</kw>
<kw name="Wait Until Page Contains Element" library="SeleniumLibrary">
<arg>${Input_Username}</arg>
<arg>50</arg>
<doc>Waits until the element ``locator`` appears on the current page.</doc>
<status status="PASS" starttime="20240203 19:11:53.306" endtime="20240203 19:11:53.452"/>
</kw>
<kw name="Press Keys" library="SeleniumLibrary">
<arg>${Input_Username}</arg>
<arg>${username}</arg>
<doc>Simulates the user pressing key(s) to an element or on the active browser.</doc>
<msg timestamp="20240203 19:11:53.455" level="INFO">Sending key(s) ('neeraj@codebyte.solutions',) to //input[@id="auth-email-id"] element.</msg>
<msg timestamp="20240203 19:11:54.098" level="INFO">Sending keys neeraj@codebyte.solutions</msg>
<status status="PASS" starttime="20240203 19:11:53.453" endtime="20240203 19:11:54.474"/>
</kw>
<kw name="Use Encryption Key" library="RPA.Crypto">
<arg>${public_key}</arg>
<doc>Set key for all following encryption/decryption operations.</doc>
<msg timestamp="20240203 19:11:54.475" level="INFO">Protecting keyword: RPA.Crypto.Use Encryption Key</msg>
<msg timestamp="20240203 19:11:54.476" level="INFO">Log level changed from NONE to INFO.</msg>
<status status="PASS" starttime="20240203 19:11:54.474" endtime="20240203 19:11:54.476"/>
</kw>
<kw name="Decrypt String" library="RPA.Crypto">
<var>${Decry}</var>
<arg>${encry}</arg>
<doc>Decrypt a string.</doc>
<msg timestamp="20240203 19:11:54.484" level="INFO">${Decry} = Test123$%^</msg>
<status status="PASS" starttime="20240203 19:11:54.477" endtime="20240203 19:11:54.484"/>
</kw>
<kw name="Log" library="BuiltIn">
<arg>${Decry}</arg>
<doc>Logs the given message with the given level.</doc>
<msg timestamp="20240203 19:11:54.485" level="INFO">Test123$%^</msg>
<status status="PASS" starttime="20240203 19:11:54.484" endtime="20240203 19:11:54.485"/>
</kw>
<kw name="Press Keys" library="SeleniumLibrary">
<arg>${Input_Password}</arg>
<arg>${Decry}</arg>
<doc>Simulates the user pressing key(s) to an element or on the active browser.</doc>
<msg timestamp="20240203 19:11:54.488" level="INFO">Sending key(s) ('Test123$%^',) to //input[@id="auth-password"] element.</msg>
<msg timestamp="20240203 19:11:55.111" level="INFO">Sending keys Test123$%^</msg>
<status status="PASS" starttime="20240203 19:11:54.486" endtime="20240203 19:11:55.277"/>
</kw>
<status status="PASS" starttime="20240203 19:11:45.614" endtime="20240203 19:11:55.278"/>
</kw>
<status status="PASS" starttime="20240203 19:11:45.614" endtime="20240203 19:11:55.279"/>
</kw>
<status status="PASS" starttime="20240203 19:11:45.613" endtime="20240203 19:11:55.280"/>
</kw>
<kw name="Then Close the Browser" library="TC01_Support">
<kw name="Verify an Application should be closed" library="TC01_Support">
<kw name="&quot;Close the Browser&quot;" library="common_1">
<kw name="Close Browser" library="SeleniumLibrary">
<doc>Closes the current browser.</doc>
<status status="PASS" starttime="20240203 19:11:55.285" endtime="20240203 19:11:57.510"/>
</kw>
<status status="PASS" starttime="20240203 19:11:55.283" endtime="20240203 19:11:57.511"/>
</kw>
<status status="PASS" starttime="20240203 19:11:55.281" endtime="20240203 19:11:57.512"/>
</kw>
<status status="PASS" starttime="20240203 19:11:55.280" endtime="20240203 19:11:57.514"/>
</kw>
<tag>TC01</tag>
<status status="PASS" starttime="20240203 19:11:45.609" endtime="20240203 19:11:57.515"/>
</test>
<doc>Create,Edit,Delete Portfolio</doc>
<status status="PASS" starttime="20240203 19:11:45.199" endtime="20240203 19:11:57.515"/>
</suite>
<suite id="s1-s1-s5" name="TC05" source="C:\Productor\Testcase\TC05.robot">
<test id="s1-s1-s5-t1" name="TC05" line="9">
<kw name="Given Login into Productor Application" library="TC01_Support">
<kw name="Verify an application should be opened" library="TC01_Support">
<kw name="Login Application" library="Login">
<arg>${username002}</arg>
<doc>Using this keyword we can login Productor Application.</doc>
<kw name="Get File" library="OperatingSystem">
<var>${json_data}</var>
<arg>Data/password.json</arg>
<doc>Returns the contents of a specified file.</doc>
<msg timestamp="20240203 19:11:45.675" level="INFO" html="true">Getting file '&lt;a href="file://C:\Productor\Data\password.json"&gt;C:\Productor\Data\password.json&lt;/a&gt;'.</msg>
<msg timestamp="20240203 19:11:45.675" level="INFO">${json_data} = {
    "Tparthi@valuefactors.io": "gAAAAABlrkVsEdFMiMlTdK5zUdkIrh2gW0m7VKitqu1yc05zjvhEtgtLf1WAMAOHRJpwgI8mhU9rPO9To7wrVhBmzNtn6JJSqg==",
    "neeraj@codebyte.solutions": "gAAAAABlvf_wHd_s-rfaDVYJP09Sz...</msg>
<status status="PASS" starttime="20240203 19:11:45.674" endtime="20240203 19:11:45.675"/>
</kw>
<kw name="Evaluate" library="BuiltIn">
<var>${object}</var>
<arg>json.loads('''${json_data}''')</arg>
<arg>json</arg>
<doc>Evaluates the given expression in Python and returns the result.</doc>
<msg timestamp="20240203 19:11:45.677" level="INFO">${object} = {'Tparthi@valuefactors.io': 'gAAAAABlrkVsEdFMiMlTdK5zUdkIrh2gW0m7VKitqu1yc05zjvhEtgtLf1WAMAOHRJpwgI8mhU9rPO9To7wrVhBmzNtn6JJSqg==', 'neeraj@codebyte.solutions': 'gAAAAABlvf_wHd_s-rfaDVYJP09SzZmO4H8t5J...</msg>
<status status="PASS" starttime="20240203 19:11:45.676" endtime="20240203 19:11:45.677"/>
</kw>
<kw name="Set Variable" library="BuiltIn">
<var>${encry}</var>
<arg>${object['${username}']}</arg>
<doc>Returns the given values which can then be assigned to a variables.</doc>
<msg timestamp="20240203 19:11:45.679" level="INFO">${encry} = gAAAAABlvf_wHd_s-rfaDVYJP09SzZmO4H8t5J09u-ZvB3nvy4zPznfgWrIF25Uq0ihXWaVr3yq0MSlnkAximgkzjaHawUJIXA==</msg>
<status status="PASS" starttime="20240203 19:11:45.677" endtime="20240203 19:11:45.679"/>
</kw>
<kw name="Evaluate" library="BuiltIn">
<var>${options}</var>
<arg>sys.modules['selenium.webdriver'].EdgeOptions()</arg>
<arg>sys,selenium.webdriver</arg>
<doc>Evaluates the given expression in Python and returns the result.</doc>
<msg timestamp="20240203 19:11:45.681" level="INFO">${options} = &lt;selenium.webdriver.edge.options.Options object at 0x0000017C0304DED0&gt;</msg>
<status status="PASS" starttime="20240203 19:11:45.680" endtime="20240203 19:11:45.681"/>
</kw>
<kw name="Call Method" library="BuiltIn">
<arg>${options}</arg>
<arg>add_argument</arg>
<arg>inprivate</arg>
<doc>Calls the named method of the given object with the provided arguments.</doc>
<status status="PASS" starttime="20240203 19:11:45.681" endtime="20240203 19:11:45.682"/>
</kw>
<kw name="Create Webdriver" library="SeleniumLibrary">
<var>${driver}</var>
<arg>Edge</arg>
<arg>options=${options}</arg>
<doc>Creates an instance of Selenium WebDriver.</doc>
<msg timestamp="20240203 19:11:45.683" level="INFO">Creating an instance of the Edge WebDriver.</msg>
<msg timestamp="20240203 19:11:45.695" level="INFO">Applicable driver not found; attempting to install with Selenium Manager (Beta)</msg>
<msg timestamp="20240203 19:11:47.493" level="INFO">${driver} = 1</msg>
<status status="PASS" starttime="20240203 19:11:45.682" endtime="20240203 19:11:47.493"/>
</kw>
<kw name="Go To" library="SeleniumLibrary">
<arg>${Productor_Url}</arg>
<doc>Navigates the current browser window to the provided ``url``.</doc>
<msg timestamp="20240203 19:11:47.497" level="INFO">Opening url 'https://predev-productor.valuefactors.io/auth/login/'</msg>
<status status="PASS" starttime="20240203 19:11:47.496" endtime="20240203 19:11:50.014"/>
</kw>
<kw name="Maximize Browser Window" library="SeleniumLibrary">
<doc>Maximizes current browser window.</doc>
<status status="PASS" starttime="20240203 19:11:50.017" endtime="20240203 19:11:51.167"/>
</kw>
<kw name="Set Selenium Speed" library="SeleniumLibrary">
<arg>0.1</arg>
<doc>Sets the delay that is waited after each Selenium command.</doc>
<status status="PASS" starttime="20240203 19:11:51.167" endtime="20240203 19:11:51.168"/>
</kw>
<kw name="Wait Until Page Contains Element" library="SeleniumLibrary">
<arg>${Input_Username}</arg>
<arg>50</arg>
<doc>Waits until the element ``locator`` appears on the current page.</doc>
<status status="PASS" starttime="20240203 19:11:51.168" endtime="20240203 19:11:51.564"/>
</kw>
<kw name="Press Keys" library="SeleniumLibrary">
<arg>${Input_Username}</arg>
<arg>${username}</arg>
<doc>Simulates the user pressing key(s) to an element or on the active browser.</doc>
<msg timestamp="20240203 19:11:51.567" level="INFO">Sending key(s) ('neeraj@codebyte.solutions',) to //input[@id="auth-email-id"] element.</msg>
<msg timestamp="20240203 19:11:52.266" level="INFO">Sending keys neeraj@codebyte.solutions</msg>
<status status="PASS" starttime="20240203 19:11:51.565" endtime="20240203 19:11:53.364"/>
</kw>
<kw name="Use Encryption Key" library="RPA.Crypto">
<arg>${public_key}</arg>
<doc>Set key for all following encryption/decryption operations.</doc>
<msg timestamp="20240203 19:11:53.367" level="INFO">Protecting keyword: RPA.Crypto.Use Encryption Key</msg>
<msg timestamp="20240203 19:11:53.369" level="INFO">Log level changed from NONE to INFO.</msg>
<status status="PASS" starttime="20240203 19:11:53.365" endtime="20240203 19:11:53.368"/>
</kw>
<kw name="Decrypt String" library="RPA.Crypto">
<var>${Decry}</var>
<arg>${encry}</arg>
<doc>Decrypt a string.</doc>
<msg timestamp="20240203 19:11:53.375" level="INFO">${Decry} = Test123$%^</msg>
<status status="PASS" starttime="20240203 19:11:53.369" endtime="20240203 19:11:53.375"/>
</kw>
<kw name="Log" library="BuiltIn">
<arg>${Decry}</arg>
<doc>Logs the given message with the given level.</doc>
<msg timestamp="20240203 19:11:53.379" level="INFO">Test123$%^</msg>
<status status="PASS" starttime="20240203 19:11:53.376" endtime="20240203 19:11:53.379"/>
</kw>
<kw name="Press Keys" library="SeleniumLibrary">
<arg>${Input_Password}</arg>
<arg>${Decry}</arg>
<doc>Simulates the user pressing key(s) to an element or on the active browser.</doc>
<msg timestamp="20240203 19:11:53.383" level="INFO">Sending key(s) ('Test123$%^',) to //input[@id="auth-password"] element.</msg>
<msg timestamp="20240203 19:11:54.006" level="INFO">Sending keys Test123$%^</msg>
<status status="PASS" starttime="20240203 19:11:53.381" endtime="20240203 19:11:54.282"/>
</kw>
<status status="PASS" starttime="20240203 19:11:45.673" endtime="20240203 19:11:54.282"/>
</kw>
<status status="PASS" starttime="20240203 19:11:45.673" endtime="20240203 19:11:54.284"/>
</kw>
<status status="PASS" starttime="20240203 19:11:45.672" endtime="20240203 19:11:54.284"/>
</kw>
<kw name="Then Close the Browser" library="TC01_Support">
<kw name="Verify an Application should be closed" library="TC01_Support">
<kw name="&quot;Close the Browser&quot;" library="common_1">
<kw name="Close Browser" library="SeleniumLibrary">
<doc>Closes the current browser.</doc>
<status status="PASS" starttime="20240203 19:11:54.287" endtime="20240203 19:11:56.597"/>
</kw>
<status status="PASS" starttime="20240203 19:11:54.287" endtime="20240203 19:11:56.597"/>
</kw>
<status status="PASS" starttime="20240203 19:11:54.285" endtime="20240203 19:11:56.597"/>
</kw>
<status status="PASS" starttime="20240203 19:11:54.284" endtime="20240203 19:11:56.597"/>
</kw>
<tag>TC01</tag>
<status status="PASS" starttime="20240203 19:11:45.670" endtime="20240203 19:11:56.601"/>
</test>
<doc>Create,Edit,Delete Portfolio</doc>
<status status="PASS" starttime="20240203 19:11:45.242" endtime="20240203 19:11:56.601"/>
</suite>
<status status="PASS" starttime="20240203 19:11:45.197" endtime="20240203 19:11:58.232"/>
</suite>
<doc>[https://pabot.org/?ref=log|Pabot] result from 5 executions.</doc>
<status status="PASS" starttime="20240203 19:11:44.855" endtime="20240203 19:11:58.237"/>
</suite>
<statistics>
<total>
<stat pass="5" fail="0" skip="0">All Tests</stat>
</total>
<tag>
<stat pass="5" fail="0" skip="0">TC01</stat>
</tag>
<suite>
<stat pass="5" fail="0" skip="0" id="s1" name="Productor">Productor</stat>
<stat pass="5" fail="0" skip="0" id="s1-s1" name="Testcase">Productor.Testcase</stat>
<stat pass="1" fail="0" skip="0" id="s1-s1-s1" name="Tc01">Productor.Testcase.Tc01</stat>
<stat pass="1" fail="0" skip="0" id="s1-s1-s2" name="TC02">Productor.Testcase.TC02</stat>
<stat pass="1" fail="0" skip="0" id="s1-s1-s3" name="TC03">Productor.Testcase.TC03</stat>
<stat pass="1" fail="0" skip="0" id="s1-s1-s4" name="TC04">Productor.Testcase.TC04</stat>
<stat pass="1" fail="0" skip="0" id="s1-s1-s5" name="TC05">Productor.Testcase.TC05</stat>
</suite>
</statistics>
<errors>
</errors>
</robot>
