<?xml version="1.0" encoding="UTF-8"?>
<robot generator="Robot 6.0.2 (Python 3.10.0 on win32)" generated="20240312 12:32:44.880" rpa="false" schemaversion="3">
<suite id="s1" name="Productor" source="C:\Productor">
<suite id="s1-s1" name="Testcase" source="C:\Productor\Testcase">
<suite id="s1-s1-s1" name="PPG Product Platform" source="C:\Productor\Testcase\PPG Product Platform">
<suite id="s1-s1-s1-s1" name="PPG Product Platform" source="C:\Productor\Testcase\PPG Product Platform\PPG_Product_Platform.robot">
<test id="s1-s1-s1-s1-t1" name="PPG and Product/Platform" line="8">
<kw name="Given Login into application" library="PPG_Product_Platform_Support">
<arg>${username001}</arg>
<kw name="Verify an application should be opened" library="PPG_Product_Platform_Support">
<arg>${username}</arg>
<kw name="Login Application" library="Login">
<arg>${username}</arg>
<doc>Using this keyword we can login Productor Application.</doc>
<kw name="Get File" library="OperatingSystem">
<var>${json_data}</var>
<arg>Data/password.json</arg>
<doc>Returns the contents of a specified file.</doc>
<msg timestamp="20240312 12:32:45.529" level="INFO" html="true">Getting file '&lt;a href="file://C:\Productor\Data\password.json"&gt;C:\Productor\Data\password.json&lt;/a&gt;'.</msg>
<msg timestamp="20240312 12:32:45.529" level="INFO">${json_data} = {
    "Tparthi@valuefactors.io": "gAAAAABlrkVsEdFMiMlTdK5zUdkIrh2gW0m7VKitqu1yc05zjvhEtgtLf1WAMAOHRJpwgI8mhU9rPO9To7wrVhBmzNtn6JJSqg==",
    "neeraj@codebyte.solutions": "gAAAAABlvf_wHd_s-rfaDVYJP09Sz...</msg>
<status status="PASS" starttime="20240312 12:32:45.528" endtime="20240312 12:32:45.529"/>
</kw>
<kw name="Evaluate" library="BuiltIn">
<var>${object}</var>
<arg>json.loads('''${json_data}''')</arg>
<arg>json</arg>
<doc>Evaluates the given expression in Python and returns the result.</doc>
<msg timestamp="20240312 12:32:45.529" level="INFO">${object} = {'Tparthi@valuefactors.io': 'gAAAAABlrkVsEdFMiMlTdK5zUdkIrh2gW0m7VKitqu1yc05zjvhEtgtLf1WAMAOHRJpwgI8mhU9rPO9To7wrVhBmzNtn6JJSqg==', 'neeraj@codebyte.solutions': 'gAAAAABlvf_wHd_s-rfaDVYJP09SzZmO4H8t5J...</msg>
<status status="PASS" starttime="20240312 12:32:45.529" endtime="20240312 12:32:45.529"/>
</kw>
<kw name="Set Variable" library="BuiltIn">
<var>${encry}</var>
<arg>${object['${username}']}</arg>
<doc>Returns the given values which can then be assigned to a variables.</doc>
<msg timestamp="20240312 12:32:45.534" level="INFO">${encry} = gAAAAABlrkVsEdFMiMlTdK5zUdkIrh2gW0m7VKitqu1yc05zjvhEtgtLf1WAMAOHRJpwgI8mhU9rPO9To7wrVhBmzNtn6JJSqg==</msg>
<status status="PASS" starttime="20240312 12:32:45.529" endtime="20240312 12:32:45.534"/>
</kw>
<kw name="Evaluate" library="BuiltIn">
<var>${options}</var>
<arg>sys.modules['selenium.webdriver'].EdgeOptions()</arg>
<arg>sys,selenium.webdriver</arg>
<doc>Evaluates the given expression in Python and returns the result.</doc>
<msg timestamp="20240312 12:32:45.535" level="INFO">${options} = &lt;selenium.webdriver.edge.options.Options object at 0x000001E0F9648580&gt;</msg>
<status status="PASS" starttime="20240312 12:32:45.534" endtime="20240312 12:32:45.535"/>
</kw>
<kw name="Call Method" library="BuiltIn">
<arg>${options}</arg>
<arg>add_argument</arg>
<arg>inprivate</arg>
<doc>Calls the named method of the given object with the provided arguments.</doc>
<status status="PASS" starttime="20240312 12:32:45.535" endtime="20240312 12:32:45.535"/>
</kw>
<kw name="Call Method" library="BuiltIn">
<arg>${options}</arg>
<arg>add_argument</arg>
<arg>--headless</arg>
<doc>Calls the named method of the given object with the provided arguments.</doc>
<status status="PASS" starttime="20240312 12:32:45.535" endtime="20240312 12:32:45.535"/>
</kw>
<kw name="Create Webdriver" library="SeleniumLibrary">
<var>${driver}</var>
<arg>Edge</arg>
<arg>options=${options}</arg>
<doc>Creates an instance of Selenium WebDriver.</doc>
<msg timestamp="20240312 12:32:45.536" level="INFO">Creating an instance of the Edge WebDriver.</msg>
<msg timestamp="20240312 12:32:45.543" level="INFO">Applicable driver not found; attempting to install with Selenium Manager (Beta)</msg>
<msg timestamp="20240312 12:32:49.163" level="INFO">${driver} = 1</msg>
<status status="PASS" starttime="20240312 12:32:45.535" endtime="20240312 12:32:49.163"/>
</kw>
<kw name="Set Window Size" library="SeleniumLibrary">
<arg>1920</arg>
<arg>1080</arg>
<doc>Sets current windows size to given ``width`` and ``height``.</doc>
<status status="PASS" starttime="20240312 12:32:49.163" endtime="20240312 12:32:49.287"/>
</kw>
<kw name="Go To" library="SeleniumLibrary">
<arg>${Productor_Url}</arg>
<doc>Navigates the current browser window to the provided ``url``.</doc>
<msg timestamp="20240312 12:32:49.288" level="INFO">Opening url 'https://predev-productor.valuefactors.io/auth/login/'</msg>
<status status="PASS" starttime="20240312 12:32:49.288" endtime="20240312 12:33:06.371"/>
</kw>
<kw name="Maximize Browser Window" library="SeleniumLibrary">
<doc>Maximizes current browser window.</doc>
<status status="PASS" starttime="20240312 12:33:06.371" endtime="20240312 12:33:06.492"/>
</kw>
<kw name="Set Selenium Speed" library="SeleniumLibrary">
<arg>700milliseconds</arg>
<doc>Sets the delay that is waited after each Selenium command.</doc>
<status status="PASS" starttime="20240312 12:33:06.493" endtime="20240312 12:33:06.493"/>
</kw>
<kw name="Wait Until Page Contains Element" library="SeleniumLibrary">
<arg>${Input_Username}</arg>
<arg>50</arg>
<doc>Waits until the element ``locator`` appears on the current page.</doc>
<status status="PASS" starttime="20240312 12:33:06.493" endtime="20240312 12:33:07.210"/>
</kw>
<kw name="Press Keys" library="SeleniumLibrary">
<arg>${Input_Username}</arg>
<arg>${username}</arg>
<doc>Simulates the user pressing key(s) to an element or on the active browser.</doc>
<msg timestamp="20240312 12:33:07.211" level="INFO">Sending key(s) ('Tparthi@valuefactors.io',) to //input[@id="auth-email-id"] element.</msg>
<msg timestamp="20240312 12:33:08.921" level="INFO">Sending keys Tparthi@valuefactors.io</msg>
<status status="PASS" starttime="20240312 12:33:07.210" endtime="20240312 12:33:09.712"/>
</kw>
<kw name="Use Encryption Key">
<arg>${public_key}</arg>
<msg timestamp="20240312 12:33:09.720" level="FAIL">No keyword with name 'Use Encryption Key' found.</msg>
<status status="FAIL" starttime="20240312 12:33:09.720" endtime="20240312 12:33:09.720"/>
</kw>
<kw name="Decrypt String">
<var>${Decry}</var>
<arg>${encry}</arg>
<status status="NOT RUN" starttime="20240312 12:33:09.728" endtime="20240312 12:33:09.728"/>
</kw>
<kw name="Log" library="BuiltIn">
<arg>${Decry}</arg>
<doc>Logs the given message with the given level.</doc>
<status status="NOT RUN" starttime="20240312 12:33:09.728" endtime="20240312 12:33:09.728"/>
</kw>
<kw name="Press Keys" library="SeleniumLibrary">
<arg>${Input_Password}</arg>
<arg>${Decry}</arg>
<doc>Simulates the user pressing key(s) to an element or on the active browser.</doc>
<status status="NOT RUN" starttime="20240312 12:33:09.728" endtime="20240312 12:33:09.728"/>
</kw>
<kw name="Wait Until Element is present then click the element" library="common_1">
<arg>${BTN_Login}</arg>
<doc>Using this keyword we can perform click Element</doc>
<status status="NOT RUN" starttime="20240312 12:33:09.728" endtime="20240312 12:33:09.728"/>
</kw>
<status status="FAIL" starttime="20240312 12:32:45.528" endtime="20240312 12:33:09.729"/>
</kw>
<status status="FAIL" starttime="20240312 12:32:45.528" endtime="20240312 12:33:09.729"/>
</kw>
<status status="FAIL" starttime="20240312 12:32:45.526" endtime="20240312 12:33:09.729"/>
</kw>
<kw name="Then Navigate to Portfolio, Click on PPG Tab" library="PPG_Product_Platform_Support">
<status status="NOT RUN" starttime="20240312 12:33:09.729" endtime="20240312 12:33:09.729"/>
</kw>
<kw name="Then Click on Add PPG button. Enter data, select type as Platform and Click on Cancel button" library="PPG_Product_Platform_Support">
<status status="NOT RUN" starttime="20240312 12:33:09.729" endtime="20240312 12:33:09.729"/>
</kw>
<kw name="Then Click on Add PPG button. Enter data, select type as Platform and Click on Save button" library="PPG_Product_Platform_Support">
<status status="NOT RUN" starttime="20240312 12:33:09.729" endtime="20240312 12:33:09.729"/>
</kw>
<kw name="Then Click on Edit button ,Change the type as Product and Click on Cancel button" library="PPG_Product_Platform_Support">
<status status="NOT RUN" starttime="20240312 12:33:09.729" endtime="20240312 12:33:09.729"/>
</kw>
<kw name="Then Click on Edit button ,Change the type as Product and Click on Save button" library="PPG_Product_Platform_Support">
<status status="NOT RUN" starttime="20240312 12:33:09.729" endtime="20240312 12:33:09.729"/>
</kw>
<kw name="Then Create Another PPG with the type as Product and Edit the PPG type to Platform" library="PPG_Product_Platform_Support">
<status status="NOT RUN" starttime="20240312 12:33:09.729" endtime="20240312 12:33:09.729"/>
</kw>
<kw name="Then Click on the Search bar and Enter Invalid PPG" library="PPG_Product_Platform_Support">
<status status="NOT RUN" starttime="20240312 12:33:09.729" endtime="20240312 12:33:09.729"/>
</kw>
<kw name="Then Click on the Search bar and Enter Valid PPG" library="PPG_Product_Platform_Support">
<status status="NOT RUN" starttime="20240312 12:33:09.729" endtime="20240312 12:33:09.729"/>
</kw>
<kw name="Then Click on Product PPG and Navigate to Product/Platform Tab" library="PPG_Product_Platform_Support">
<status status="NOT RUN" starttime="20240312 12:33:09.729" endtime="20240312 12:33:09.729"/>
</kw>
<kw name="Then Click on Add Product/Platform button, Enter data ,select type as Product and Click on Cancel button" library="PPG_Product_Platform_Support">
<status status="NOT RUN" starttime="20240312 12:33:09.729" endtime="20240312 12:33:09.729"/>
</kw>
<kw name="Then Click on Add Product/Platform button, Enter data,select type as Product and Click on Save button" library="PPG_Product_Platform_Support">
<status status="NOT RUN" starttime="20240312 12:33:09.729" endtime="20240312 12:33:09.729"/>
</kw>
<kw name="Then Click on Edit button ,Change type to Platform and Click on Cancel button" library="PPG_Product_Platform_Support">
<status status="NOT RUN" starttime="20240312 12:33:09.729" endtime="20240312 12:33:09.729"/>
</kw>
<kw name="Then Click on Edit button ,Change type to Platform and Click on Save button" library="PPG_Product_Platform_Support">
<status status="NOT RUN" starttime="20240312 12:33:09.729" endtime="20240312 12:33:09.729"/>
</kw>
<kw name="Then Click on the Search bar and Enter Invalid Platform" library="PPG_Product_Platform_Support">
<status status="NOT RUN" starttime="20240312 12:33:09.729" endtime="20240312 12:33:09.729"/>
</kw>
<kw name="Then Click on the Search bar and Enter Valid Platform" library="PPG_Product_Platform_Support">
<status status="NOT RUN" starttime="20240312 12:33:09.730" endtime="20240312 12:33:09.730"/>
</kw>
<kw name="Then Delete the Platform and Product PPG Created previously" library="PPG_Product_Platform_Support">
<status status="NOT RUN" starttime="20240312 12:33:09.730" endtime="20240312 12:33:09.730"/>
</kw>
<kw name="Then Click on Platform PPG and Navigate to Product/Platform Tab" library="PPG_Product_Platform_Support">
<status status="NOT RUN" starttime="20240312 12:33:09.730" endtime="20240312 12:33:09.730"/>
</kw>
<kw name="Then Create Platfom, type as Platform and Edit the type to Product" library="PPG_Product_Platform_Support">
<status status="NOT RUN" starttime="20240312 12:33:09.730" endtime="20240312 12:33:09.730"/>
</kw>
<kw name="Then Click on the Search bar and Enter Invalid Product" library="PPG_Product_Platform_Support">
<status status="NOT RUN" starttime="20240312 12:33:09.730" endtime="20240312 12:33:09.730"/>
</kw>
<kw name="Then Click on the Search bar and Enter Valid Product" library="PPG_Product_Platform_Support">
<status status="NOT RUN" starttime="20240312 12:33:09.730" endtime="20240312 12:33:09.730"/>
</kw>
<kw name="Then Delete the Product and Platform PPG Created previously" library="PPG_Product_Platform_Support">
<status status="NOT RUN" starttime="20240312 12:33:09.730" endtime="20240312 12:33:09.730"/>
</kw>
<kw name="And Close the Browser" library="PPG_Product_Platform_Support">
<status status="NOT RUN" starttime="20240312 12:33:09.730" endtime="20240312 12:33:09.730"/>
</kw>
<doc>Create,Search,Edit and Delete PPG and Product/Platform</doc>
<tag>Name:Amritha</tag>
<tag>PPG_Product_Platform</tag>
<tag>Test</tag>
<status status="FAIL" starttime="20240312 12:32:45.525" endtime="20240312 12:33:09.730">No keyword with name 'Use Encryption Key' found.</status>
</test>
<doc>Create,Search,Edit and Delete PPG and Product/Platform</doc>
<status status="FAIL" starttime="20240312 12:32:44.934" endtime="20240312 12:33:09.731"/>
</suite>
<status status="FAIL" starttime="20240312 12:32:44.932" endtime="20240312 12:33:09.732"/>
</suite>
<status status="FAIL" starttime="20240312 12:32:44.929" endtime="20240312 12:33:09.733"/>
</suite>
<status status="FAIL" starttime="20240312 12:32:44.886" endtime="20240312 12:33:09.735"/>
</suite>
<statistics>
<total>
<stat pass="0" fail="1" skip="0">All Tests</stat>
</total>
<tag>
<stat pass="0" fail="1" skip="0">Name:Amritha</stat>
<stat pass="0" fail="1" skip="0">PPG_Product_Platform</stat>
<stat pass="0" fail="1" skip="0">Test</stat>
</tag>
<suite>
<stat pass="0" fail="1" skip="0" id="s1" name="Productor">Productor</stat>
<stat pass="0" fail="1" skip="0" id="s1-s1" name="Testcase">Productor.Testcase</stat>
<stat pass="0" fail="1" skip="0" id="s1-s1-s1" name="PPG Product Platform">Productor.Testcase.PPG Product Platform</stat>
<stat pass="0" fail="1" skip="0" id="s1-s1-s1-s1" name="PPG Product Platform">Productor.Testcase.PPG Product Platform.PPG Product Platform</stat>
</suite>
</statistics>
<errors>
<msg timestamp="20240312 12:32:44.884" level="ERROR">Taking listener 'RobotStackTracer' into use failed: Importing listener 'RobotStackTracer' failed: ModuleNotFoundError: No module named 'RobotStackTracer'
Traceback (most recent call last):
  None
PYTHONPATH:
  C:\Productor\.venv\Scripts\robot.exe
  C:\Users\crazy\AppData\Local\Programs\Python\Python310\python310.zip
  C:\Users\crazy\AppData\Local\Programs\Python\Python310\DLLs
  C:\Users\crazy\AppData\Local\Programs\Python\Python310\lib
  C:\Users\crazy\AppData\Local\Programs\Python\Python310
  C:\Productor\.venv
  C:\Productor\.venv\lib\site-packages</msg>
<msg timestamp="20240312 12:32:45.000" level="ERROR">Error in file 'C:\Productor\Resources\common_1.robot' on line 887: Creating keyword 'Navigate to PPG' failed: Keyword with same name defined multiple times.</msg>
<msg timestamp="20240312 12:32:45.474" level="ERROR">Error in file 'C:\Productor\Resources\Login.robot' on line 4: Importing library 'RPA.JSON' failed: ModuleNotFoundError: No module named 'RPA'
Traceback (most recent call last):
  None
PYTHONPATH:
  C:\Productor\.venv\Scripts\robot.exe
  C:\Users\crazy\AppData\Local\Programs\Python\Python310\python310.zip
  C:\Users\crazy\AppData\Local\Programs\Python\Python310\DLLs
  C:\Users\crazy\AppData\Local\Programs\Python\Python310\lib
  C:\Users\crazy\AppData\Local\Programs\Python\Python310
  C:\Productor\.venv
  C:\Productor\.venv\lib\site-packages</msg>
<msg timestamp="20240312 12:32:45.477" level="ERROR">Error in file 'C:\Productor\Resources\Login.robot' on line 5: Importing library 'RPA.Crypto' failed: ModuleNotFoundError: No module named 'RPA'
Traceback (most recent call last):
  None
PYTHONPATH:
  C:\Productor\.venv\Scripts\robot.exe
  C:\Users\crazy\AppData\Local\Programs\Python\Python310\python310.zip
  C:\Users\crazy\AppData\Local\Programs\Python\Python310\DLLs
  C:\Users\crazy\AppData\Local\Programs\Python\Python310\lib
  C:\Users\crazy\AppData\Local\Programs\Python\Python310
  C:\Productor\.venv
  C:\Productor\.venv\lib\site-packages</msg>
</errors>
</robot>
