<?xml version="1.0" encoding="UTF-8"?>
<robot generator="Robot 6.0.2 (Python 3.10.0 on win32)" generated="20240306 12:07:52.184" rpa="false" schemaversion="3">
<suite id="s1" name="Productor" source="C:\Productor">
<suite id="s1-s1" name="Testcase" source="C:\Productor\Testcase">
<suite id="s1-s1-s1" name="PROD-7" source="C:\Productor\Testcase\PROD-7.robot">
<test id="s1-s1-s1-t1" name="Finance Customize Budget" line="7">
<kw name="Given Login into Productor Application" library="PROD-7_Support">
<arg>${username002}</arg>
<kw name="Verify if user should be able to login successfully" library="PROD-7_Support">
<arg>${username}</arg>
<kw name="Login Application" library="Login">
<arg>${username}</arg>
<doc>Using this keyword we can login Productor Application.</doc>
<kw name="Get File" library="OperatingSystem">
<var>${json_data}</var>
<arg>Data/password.json</arg>
<doc>Returns the contents of a specified file.</doc>
<msg timestamp="20240306 12:07:52.788" level="INFO" html="true">Getting file '&lt;a href="file://C:\Productor\Data\password.json"&gt;C:\Productor\Data\password.json&lt;/a&gt;'.</msg>
<msg timestamp="20240306 12:07:52.788" level="INFO">${json_data} = {
    "Tparthi@valuefactors.io": "gAAAAABlrkVsEdFMiMlTdK5zUdkIrh2gW0m7VKitqu1yc05zjvhEtgtLf1WAMAOHRJpwgI8mhU9rPO9To7wrVhBmzNtn6JJSqg==",
    "neeraj@codebyte.solutions": "gAAAAABlvf_wHd_s-rfaDVYJP09Sz...</msg>
<status status="PASS" starttime="20240306 12:07:52.788" endtime="20240306 12:07:52.788"/>
</kw>
<kw name="Evaluate" library="BuiltIn">
<var>${object}</var>
<arg>json.loads('''${json_data}''')</arg>
<arg>json</arg>
<doc>Evaluates the given expression in Python and returns the result.</doc>
<msg timestamp="20240306 12:07:52.789" level="INFO">${object} = {'Tparthi@valuefactors.io': 'gAAAAABlrkVsEdFMiMlTdK5zUdkIrh2gW0m7VKitqu1yc05zjvhEtgtLf1WAMAOHRJpwgI8mhU9rPO9To7wrVhBmzNtn6JJSqg==', 'neeraj@codebyte.solutions': 'gAAAAABlvf_wHd_s-rfaDVYJP09SzZmO4H8t5J...</msg>
<status status="PASS" starttime="20240306 12:07:52.788" endtime="20240306 12:07:52.789"/>
</kw>
<kw name="Set Variable" library="BuiltIn">
<var>${encry}</var>
<arg>${object['${username}']}</arg>
<doc>Returns the given values which can then be assigned to a variables.</doc>
<msg timestamp="20240306 12:07:52.794" level="INFO">${encry} = gAAAAABlvf_wHd_s-rfaDVYJP09SzZmO4H8t5J09u-ZvB3nvy4zPznfgWrIF25Uq0ihXWaVr3yq0MSlnkAximgkzjaHawUJIXA==</msg>
<status status="PASS" starttime="20240306 12:07:52.789" endtime="20240306 12:07:52.794"/>
</kw>
<kw name="Use Encryption Key">
<arg>${public_key}</arg>
<msg timestamp="20240306 12:07:52.803" level="FAIL">No keyword with name 'Use Encryption Key' found.</msg>
<status status="FAIL" starttime="20240306 12:07:52.803" endtime="20240306 12:07:52.803"/>
</kw>
<kw name="Decrypt String">
<var>${Decry}</var>
<arg>${encry}</arg>
<status status="NOT RUN" starttime="20240306 12:07:52.812" endtime="20240306 12:07:52.813"/>
</kw>
<status status="FAIL" starttime="20240306 12:07:52.787" endtime="20240306 12:07:52.813"/>
</kw>
<status status="FAIL" starttime="20240306 12:07:52.787" endtime="20240306 12:07:52.813"/>
</kw>
<status status="FAIL" starttime="20240306 12:07:52.785" endtime="20240306 12:07:52.813"/>
</kw>
<kw name="When Click on the System Settings Tab and click on Finance Customize Budget Menu" library="PROD-7_Support">
<status status="NOT RUN" starttime="20240306 12:07:52.813" endtime="20240306 12:07:52.813"/>
</kw>
<kw name="Then click on New Budget button.Don't enter Mandatory fields" library="PROD-7_Support">
<status status="NOT RUN" starttime="20240306 12:07:52.813" endtime="20240306 12:07:52.813"/>
</kw>
<kw name="Then Click on Add Category button and enter Mandatory fields and Click on Save button" library="PROD-7_Support">
<status status="NOT RUN" starttime="20240306 12:07:52.813" endtime="20240306 12:07:52.813"/>
</kw>
<kw name="Then Click on Search bar and Enter invalid finance customize budget" library="PROD-7_Support">
<status status="NOT RUN" starttime="20240306 12:07:52.815" endtime="20240306 12:07:52.815"/>
</kw>
<kw name="Then Click onSearch bar and Enter valid finance customize budget" library="PROD-7_Support">
<status status="NOT RUN" starttime="20240306 12:07:52.815" endtime="20240306 12:07:52.815"/>
</kw>
<kw name="Then Click on Edit button in the More icon and click on cancel button." library="PROD-7_Support">
<status status="NOT RUN" starttime="20240306 12:07:52.815" endtime="20240306 12:07:52.815"/>
</kw>
<kw name="Then Click on Edit button in the More icon and click on save button" library="PROD-7_Support">
<status status="NOT RUN" starttime="20240306 12:07:52.815" endtime="20240306 12:07:52.815"/>
</kw>
<kw name="Then Click on Delete button in the More icon and click on cancel button." library="PROD-7_Support">
<status status="NOT RUN" starttime="20240306 12:07:52.815" endtime="20240306 12:07:52.815"/>
</kw>
<kw name="Then Click on Delete button in the More icon and click on confirm button." library="PROD-7_Support">
<status status="NOT RUN" starttime="20240306 12:07:52.815" endtime="20240306 12:07:52.815"/>
</kw>
<kw name="And Close the Browser" library="PROD-7_Support">
<status status="NOT RUN" starttime="20240306 12:07:52.815" endtime="20240306 12:07:52.815"/>
</kw>
<doc>System Finance Customize Budget</doc>
<tag>Name:Gayathri</tag>
<tag>PROD-7</tag>
<tag>Test</tag>
<status status="FAIL" starttime="20240306 12:07:52.784" endtime="20240306 12:07:52.815">No keyword with name 'Use Encryption Key' found.</status>
</test>
<doc>System Finance Customize Budget JIRA ID - PROD-7</doc>
<status status="FAIL" starttime="20240306 12:07:52.236" endtime="20240306 12:07:52.816"/>
</suite>
<status status="FAIL" starttime="20240306 12:07:52.231" endtime="20240306 12:07:52.819"/>
</suite>
<status status="FAIL" starttime="20240306 12:07:52.191" endtime="20240306 12:07:52.819"/>
</suite>
<statistics>
<total>
<stat pass="0" fail="1" skip="0">All Tests</stat>
</total>
<tag>
<stat pass="0" fail="1" skip="0">Name:Gayathri</stat>
<stat pass="0" fail="1" skip="0">PROD-7</stat>
<stat pass="0" fail="1" skip="0">Test</stat>
</tag>
<suite>
<stat pass="0" fail="1" skip="0" id="s1" name="Productor">Productor</stat>
<stat pass="0" fail="1" skip="0" id="s1-s1" name="Testcase">Productor.Testcase</stat>
<stat pass="0" fail="1" skip="0" id="s1-s1-s1" name="PROD-7">Productor.Testcase.PROD-7</stat>
</suite>
</statistics>
<errors>
<msg timestamp="20240306 12:07:52.188" level="ERROR">Taking listener 'allure_robotframework' into use failed: Importing listener 'allure_robotframework' failed: ModuleNotFoundError: No module named 'allure_robotframework'
Traceback (most recent call last):
  None
PYTHONPATH:
  C:\Productor\.venv\Scripts\robot.exe
  C:\Users\crazy\AppData\Local\Programs\Python\Python310\python310.zip
  C:\Users\crazy\AppData\Local\Programs\Python\Python310\DLLs
  C:\Users\crazy\AppData\Local\Programs\Python\Python310\lib
  C:\Users\crazy\AppData\Local\Programs\Python\Python310
  C:\Productor\.venv
  C:\Productor\.venv\lib\site-packages</msg>
<msg timestamp="20240306 12:07:52.772" level="ERROR">Error in file 'C:\Productor\Resources\Login.robot' on line 4: Importing library 'RPA.JSON' failed: ModuleNotFoundError: No module named 'RPA'
Traceback (most recent call last):
  None
PYTHONPATH:
  C:\Productor\.venv\Scripts\robot.exe
  C:\Users\crazy\AppData\Local\Programs\Python\Python310\python310.zip
  C:\Users\crazy\AppData\Local\Programs\Python\Python310\DLLs
  C:\Users\crazy\AppData\Local\Programs\Python\Python310\lib
  C:\Users\crazy\AppData\Local\Programs\Python\Python310
  C:\Productor\.venv
  C:\Productor\.venv\lib\site-packages</msg>
<msg timestamp="20240306 12:07:52.775" level="ERROR">Error in file 'C:\Productor\Resources\Login.robot' on line 5: Importing library 'RPA.Crypto' failed: ModuleNotFoundError: No module named 'RPA'
Traceback (most recent call last):
  None
PYTHONPATH:
  C:\Productor\.venv\Scripts\robot.exe
  C:\Users\crazy\AppData\Local\Programs\Python\Python310\python310.zip
  C:\Users\crazy\AppData\Local\Programs\Python\Python310\DLLs
  C:\Users\crazy\AppData\Local\Programs\Python\Python310\lib
  C:\Users\crazy\AppData\Local\Programs\Python\Python310
  C:\Productor\.venv
  C:\Productor\.venv\lib\site-packages</msg>
</errors>
</robot>
