<?xml version="1.0" encoding="UTF-8"?>
<robot generator="Rebot 6.0.2 (Python 3.10.0 on win32)" generated="20240205 13:22:02.881" rpa="false" schemaversion="3">
<suite id="s1" name="Productor" source="C:\Productor">
<kw name="Setup" type="SETUP">
<kw name="Log" library="BuiltIn">
<arg>start to run</arg>
<doc>Logs the given message with the given level.</doc>
<msg timestamp="20240205 13:19:22.051" level="INFO">start to run</msg>
<status status="PASS" starttime="20240205 13:19:22.051" endtime="20240205 13:19:22.051"/>
</kw>
<kw name="Empty Directory" library="OperatingSystem">
<arg>./output/allure</arg>
<doc>Deletes all the content from the given directory.</doc>
<msg timestamp="20240205 13:19:22.051" level="INFO" html="true">Listing contents of directory '&lt;a href="file://C:\Productor\output\allure"&gt;C:\Productor\output\allure&lt;/a&gt;'.</msg>
<msg timestamp="20240205 13:19:22.052" level="INFO" html="true">Emptied directory '&lt;a href="file://C:\Productor\output\allure"&gt;C:\Productor\output\allure&lt;/a&gt;'.</msg>
<status status="PASS" starttime="20240205 13:19:22.051" endtime="20240205 13:19:22.052"/>
</kw>
<status status="PASS" starttime="20240205 13:19:22.051" endtime="20240205 13:19:22.052"/>
</kw>
<suite id="s1-s1" name="Testcase" source="C:\Productor\Testcase">
<suite id="s1-s1-s1" name="TC02" source="C:\Productor\Testcase\TC02.robot">
<test id="s1-s1-s1-t1" name="Category" line="9">
<kw name="Given Login into application" library="TC02_Support">
<arg>${username002}</arg>
<kw name="Verify an application should be opened" library="TC02_Support">
<arg>${username}</arg>
<kw name="Login Application" library="Login">
<arg>${username}</arg>
<doc>Using this keyword we can login Productor Application.</doc>
<kw name="Get File" library="OperatingSystem">
<var>${json_data}</var>
<arg>Data/password.json</arg>
<doc>Returns the contents of a specified file.</doc>
<msg timestamp="20240205 13:19:22.886" level="INFO" html="true">Getting file '&lt;a href="file://C:\Productor\Data\password.json"&gt;C:\Productor\Data\password.json&lt;/a&gt;'.</msg>
<msg timestamp="20240205 13:19:22.891" level="INFO">${json_data} = {
    "Tparthi@valuefactors.io": "gAAAAABlrkVsEdFMiMlTdK5zUdkIrh2gW0m7VKitqu1yc05zjvhEtgtLf1WAMAOHRJpwgI8mhU9rPO9To7wrVhBmzNtn6JJSqg==",
    "neeraj@codebyte.solutions": "gAAAAABlvf_wHd_s-rfaDVYJP09Sz...</msg>
<status status="PASS" starttime="20240205 13:19:22.886" endtime="20240205 13:19:22.891"/>
</kw>
<kw name="Evaluate" library="BuiltIn">
<var>${object}</var>
<arg>json.loads('''${json_data}''')</arg>
<arg>json</arg>
<doc>Evaluates the given expression in Python and returns the result.</doc>
<msg timestamp="20240205 13:19:22.891" level="INFO">${object} = {'Tparthi@valuefactors.io': 'gAAAAABlrkVsEdFMiMlTdK5zUdkIrh2gW0m7VKitqu1yc05zjvhEtgtLf1WAMAOHRJpwgI8mhU9rPO9To7wrVhBmzNtn6JJSqg==', 'neeraj@codebyte.solutions': 'gAAAAABlvf_wHd_s-rfaDVYJP09SzZmO4H8t5J...</msg>
<status status="PASS" starttime="20240205 13:19:22.891" endtime="20240205 13:19:22.891"/>
</kw>
<kw name="Set Variable" library="BuiltIn">
<var>${encry}</var>
<arg>${object['${username}']}</arg>
<doc>Returns the given values which can then be assigned to a variables.</doc>
<msg timestamp="20240205 13:19:22.892" level="INFO">${encry} = gAAAAABlvf_wHd_s-rfaDVYJP09SzZmO4H8t5J09u-ZvB3nvy4zPznfgWrIF25Uq0ihXWaVr3yq0MSlnkAximgkzjaHawUJIXA==</msg>
<status status="PASS" starttime="20240205 13:19:22.891" endtime="20240205 13:19:22.892"/>
</kw>
<kw name="Evaluate" library="BuiltIn">
<var>${options}</var>
<arg>sys.modules['selenium.webdriver'].EdgeOptions()</arg>
<arg>sys,selenium.webdriver</arg>
<doc>Evaluates the given expression in Python and returns the result.</doc>
<msg timestamp="20240205 13:19:22.893" level="INFO">${options} = &lt;selenium.webdriver.edge.options.Options object at 0x00000162A1C868C0&gt;</msg>
<status status="PASS" starttime="20240205 13:19:22.892" endtime="20240205 13:19:22.893"/>
</kw>
<kw name="Call Method" library="BuiltIn">
<arg>${options}</arg>
<arg>add_argument</arg>
<arg>inprivate</arg>
<doc>Calls the named method of the given object with the provided arguments.</doc>
<status status="PASS" starttime="20240205 13:19:22.893" endtime="20240205 13:19:22.893"/>
</kw>
<kw name="Create Webdriver" library="SeleniumLibrary">
<var>${driver}</var>
<arg>Edge</arg>
<arg>options=${options}</arg>
<doc>Creates an instance of Selenium WebDriver.</doc>
<msg timestamp="20240205 13:19:22.893" level="INFO">Creating an instance of the Edge WebDriver.</msg>
<msg timestamp="20240205 13:19:23.976" level="INFO">${driver} = 1</msg>
<status status="PASS" starttime="20240205 13:19:22.893" endtime="20240205 13:19:23.976"/>
</kw>
<kw name="Go To" library="SeleniumLibrary">
<arg>${Productor_Url}</arg>
<doc>Navigates the current browser window to the provided ``url``.</doc>
<msg timestamp="20240205 13:19:23.978" level="INFO">Opening url 'https://predev-productor.valuefactors.io/auth/login/'</msg>
<status status="PASS" starttime="20240205 13:19:23.976" endtime="20240205 13:19:25.964"/>
</kw>
<kw name="Maximize Browser Window" library="SeleniumLibrary">
<doc>Maximizes current browser window.</doc>
<status status="PASS" starttime="20240205 13:19:25.964" endtime="20240205 13:19:26.093"/>
</kw>
<kw name="Set Selenium Speed" library="SeleniumLibrary">
<arg>1</arg>
<doc>Sets the delay that is waited after each Selenium command.</doc>
<status status="PASS" starttime="20240205 13:19:26.093" endtime="20240205 13:19:26.093"/>
</kw>
<kw name="Wait Until Page Contains Element" library="SeleniumLibrary">
<arg>${Input_Username}</arg>
<arg>50</arg>
<doc>Waits until the element ``locator`` appears on the current page.</doc>
<status status="PASS" starttime="20240205 13:19:26.093" endtime="20240205 13:19:27.112"/>
</kw>
<kw name="Press Keys" library="SeleniumLibrary">
<arg>${Input_Username}</arg>
<arg>${username}</arg>
<doc>Simulates the user pressing key(s) to an element or on the active browser.</doc>
<msg timestamp="20240205 13:19:27.114" level="INFO">Sending key(s) ('neeraj@codebyte.solutions',) to //input[@id="auth-email-id"] element.</msg>
<msg timestamp="20240205 13:19:29.444" level="INFO">Sending keys neeraj@codebyte.solutions</msg>
<status status="PASS" starttime="20240205 13:19:27.113" endtime="20240205 13:19:30.547"/>
</kw>
<kw name="Use Encryption Key" library="RPA.Crypto">
<arg>${public_key}</arg>
<doc>Set key for all following encryption/decryption operations.</doc>
<msg timestamp="20240205 13:19:30.549" level="INFO">Protecting keyword: RPA.Crypto.Use Encryption Key</msg>
<msg timestamp="20240205 13:19:30.550" level="INFO">Log level changed from NONE to INFO.</msg>
<status status="PASS" starttime="20240205 13:19:30.548" endtime="20240205 13:19:30.550"/>
</kw>
<kw name="Decrypt String" library="RPA.Crypto">
<var>${Decry}</var>
<arg>${encry}</arg>
<doc>Decrypt a string.</doc>
<msg timestamp="20240205 13:19:30.554" level="INFO">${Decry} = Test123$%^</msg>
<status status="PASS" starttime="20240205 13:19:30.551" endtime="20240205 13:19:30.554"/>
</kw>
<kw name="Log" library="BuiltIn">
<arg>${Decry}</arg>
<doc>Logs the given message with the given level.</doc>
<msg timestamp="20240205 13:19:30.555" level="INFO">Test123$%^</msg>
<status status="PASS" starttime="20240205 13:19:30.554" endtime="20240205 13:19:30.555"/>
</kw>
<kw name="Press Keys" library="SeleniumLibrary">
<arg>${Input_Password}</arg>
<arg>${Decry}</arg>
<doc>Simulates the user pressing key(s) to an element or on the active browser.</doc>
<msg timestamp="20240205 13:19:30.555" level="INFO">Sending key(s) ('Test123$%^',) to //input[@id="auth-password"] element.</msg>
<msg timestamp="20240205 13:19:32.885" level="INFO">Sending keys Test123$%^</msg>
<status status="PASS" starttime="20240205 13:19:30.555" endtime="20240205 13:19:33.930"/>
</kw>
<kw name="Wait Until Element is present then click the element" library="common_1">
<arg>${BTN_Login}</arg>
<doc>Using this keyword we can perform click Element</doc>
<kw name="Wait Until Page Contains Element" library="SeleniumLibrary">
<arg>${Element}</arg>
<arg>50</arg>
<doc>Waits until the element ``locator`` appears on the current page.</doc>
<status status="PASS" starttime="20240205 13:19:33.932" endtime="20240205 13:19:34.955"/>
</kw>
<kw name="Wait Until Keyword Succeeds" library="BuiltIn">
<arg>6</arg>
<arg>7</arg>
<arg>Click Element</arg>
<arg>${Element}</arg>
<doc>Runs the specified keyword and retries if it fails.</doc>
<kw name="Click Element" library="SeleniumLibrary">
<arg>${Element}</arg>
<doc>Click the element identified by ``locator``.</doc>
<msg timestamp="20240205 13:19:34.957" level="INFO">Clicking element '//p[text()="Sign In"]/parent::button'.</msg>
<status status="PASS" starttime="20240205 13:19:34.956" endtime="20240205 13:19:37.129"/>
</kw>
<status status="PASS" starttime="20240205 13:19:34.955" endtime="20240205 13:19:37.130"/>
</kw>
<status status="PASS" starttime="20240205 13:19:33.931" endtime="20240205 13:19:37.130"/>
</kw>
<status status="PASS" starttime="20240205 13:19:22.885" endtime="20240205 13:19:37.131"/>
</kw>
<status status="PASS" starttime="20240205 13:19:22.885" endtime="20240205 13:19:37.131"/>
</kw>
<status status="PASS" starttime="20240205 13:19:22.885" endtime="20240205 13:19:37.132"/>
</kw>
<kw name="When Click on the System Settings Icon" library="TC02_Support">
<kw name="Verify it should display Finance Configuration Tab by Default" library="TC02_Support">
<kw name="Wait Until Element is present then click the element" library="common_1">
<arg>${Icon_SystemSettings}</arg>
<doc>Using this keyword we can perform click Element</doc>
<kw name="Wait Until Page Contains Element" library="SeleniumLibrary">
<arg>${Element}</arg>
<arg>50</arg>
<doc>Waits until the element ``locator`` appears on the current page.</doc>
<status status="PASS" starttime="20240205 13:19:37.135" endtime="20240205 13:19:40.608"/>
</kw>
<kw name="Wait Until Keyword Succeeds" library="BuiltIn">
<arg>6</arg>
<arg>7</arg>
<arg>Click Element</arg>
<arg>${Element}</arg>
<doc>Runs the specified keyword and retries if it fails.</doc>
<kw name="Click Element" library="SeleniumLibrary">
<arg>${Element}</arg>
<doc>Click the element identified by ``locator``.</doc>
<msg timestamp="20240205 13:19:40.610" level="INFO">Clicking element '//span[@id="icon-System Settings"]'.</msg>
<status status="PASS" starttime="20240205 13:19:40.609" endtime="20240205 13:19:42.785"/>
</kw>
<status status="PASS" starttime="20240205 13:19:40.608" endtime="20240205 13:19:42.785"/>
</kw>
<status status="PASS" starttime="20240205 13:19:37.134" endtime="20240205 13:19:42.786"/>
</kw>
<status status="PASS" starttime="20240205 13:19:37.133" endtime="20240205 13:19:42.786"/>
</kw>
<status status="PASS" starttime="20240205 13:19:37.132" endtime="20240205 13:19:42.786"/>
</kw>
<kw name="Then Click on Add Category button, Don't enter Mandatory fields and Click on cancel button" library="TC02_Support">
<kw name="Verify Save Button should be disabled and Category shouldn't be created" library="TC02_Support">
<kw name="Add Category" library="common_1">
<arg>${TC02_Category_name}</arg>
<arg>${TC02_Category_Description}</arg>
<doc>Adding Category using Keyword</doc>
<kw name="Wait Until Element is present then click the element" library="common_1">
<arg>${BTN_Add_Category}</arg>
<doc>Using this keyword we can perform click Element</doc>
<kw name="Wait Until Page Contains Element" library="SeleniumLibrary">
<arg>${Element}</arg>
<arg>50</arg>
<doc>Waits until the element ``locator`` appears on the current page.</doc>
<status status="PASS" starttime="20240205 13:19:42.789" endtime="20240205 13:19:43.829"/>
</kw>
<kw name="Wait Until Keyword Succeeds" library="BuiltIn">
<arg>6</arg>
<arg>7</arg>
<arg>Click Element</arg>
<arg>${Element}</arg>
<doc>Runs the specified keyword and retries if it fails.</doc>
<kw name="Click Element" library="SeleniumLibrary">
<arg>${Element}</arg>
<doc>Click the element identified by ``locator``.</doc>
<msg timestamp="20240205 13:19:43.832" level="INFO">Clicking element '//button[@id="finance-add-category"]'.</msg>
<status status="PASS" starttime="20240205 13:19:43.831" endtime="20240205 13:19:45.929"/>
</kw>
<status status="PASS" starttime="20240205 13:19:43.830" endtime="20240205 13:19:45.929"/>
</kw>
<status status="PASS" starttime="20240205 13:19:42.788" endtime="20240205 13:19:45.930"/>
</kw>
<kw name="Wait Until Page Contains Element" library="SeleniumLibrary">
<arg>${Input_Category_name}</arg>
<arg>50</arg>
<doc>Waits until the element ``locator`` appears on the current page.</doc>
<status status="PASS" starttime="20240205 13:19:45.931" endtime="20240205 13:19:46.967"/>
</kw>
<kw name="Input Text" library="SeleniumLibrary">
<arg>${Input_Category_name}</arg>
<arg>${name}</arg>
<doc>Types the given ``text`` into the text field identified by ``locator``.</doc>
<msg timestamp="20240205 13:19:46.969" level="INFO">Typing text 'TC02_Category' into text field '//input[@id="finance-config-category-name"]'.</msg>
<status status="PASS" starttime="20240205 13:19:46.968" endtime="20240205 13:19:50.472"/>
</kw>
<kw name="Wait Until Page Contains Element" library="SeleniumLibrary">
<arg>${Input_Category_Description}</arg>
<arg>50</arg>
<doc>Waits until the element ``locator`` appears on the current page.</doc>
<status status="PASS" starttime="20240205 13:19:50.474" endtime="20240205 13:19:51.513"/>
</kw>
<kw name="Input Text" library="SeleniumLibrary">
<arg>${Input_Category_Description}</arg>
<arg>${Description}</arg>
<doc>Types the given ``text`` into the text field identified by ``locator``.</doc>
<msg timestamp="20240205 13:19:51.515" level="INFO">Typing text 'TC02_Category_description' into text field '//textarea[@id="finance-config-description"]'.</msg>
<status status="PASS" starttime="20240205 13:19:51.514" endtime="20240205 13:19:55.290"/>
</kw>
<status status="PASS" starttime="20240205 13:19:42.787" endtime="20240205 13:19:55.291"/>
</kw>
<kw name="Wait Until Element is present then click the element" library="common_1">
<arg>${BTN_Cancel}</arg>
<doc>Using this keyword we can perform click Element</doc>
<kw name="Wait Until Page Contains Element" library="SeleniumLibrary">
<arg>${Element}</arg>
<arg>50</arg>
<doc>Waits until the element ``locator`` appears on the current page.</doc>
<status status="PASS" starttime="20240205 13:19:55.293" endtime="20240205 13:19:56.317"/>
</kw>
<kw name="Wait Until Keyword Succeeds" library="BuiltIn">
<arg>6</arg>
<arg>7</arg>
<arg>Click Element</arg>
<arg>${Element}</arg>
<doc>Runs the specified keyword and retries if it fails.</doc>
<kw name="Click Element" library="SeleniumLibrary">
<arg>${Element}</arg>
<doc>Click the element identified by ``locator``.</doc>
<msg timestamp="20240205 13:19:56.320" level="INFO">Clicking element '//p[text()="Cancel"]/parent::button'.</msg>
<status status="PASS" starttime="20240205 13:19:56.319" endtime="20240205 13:19:58.423"/>
</kw>
<status status="PASS" starttime="20240205 13:19:56.318" endtime="20240205 13:19:58.424"/>
</kw>
<status status="PASS" starttime="20240205 13:19:55.292" endtime="20240205 13:19:58.424"/>
</kw>
<status status="PASS" starttime="20240205 13:19:42.787" endtime="20240205 13:19:58.425"/>
</kw>
<status status="PASS" starttime="20240205 13:19:42.786" endtime="20240205 13:19:58.425"/>
</kw>
<kw name="Then Click on Add Category button and enter Mandatory fields and Cick on Save button" library="TC02_Support">
<kw name="Verify Save button should be enabled and Category should be created" library="TC02_Support">
<kw name="Add Category" library="common_1">
<arg>${TC02_Category_name}</arg>
<arg>${TC02_Category_Description}</arg>
<doc>Adding Category using Keyword</doc>
<kw name="Wait Until Element is present then click the element" library="common_1">
<arg>${BTN_Add_Category}</arg>
<doc>Using this keyword we can perform click Element</doc>
<kw name="Wait Until Page Contains Element" library="SeleniumLibrary">
<arg>${Element}</arg>
<arg>50</arg>
<doc>Waits until the element ``locator`` appears on the current page.</doc>
<status status="PASS" starttime="20240205 13:19:58.427" endtime="20240205 13:19:59.449"/>
</kw>
<kw name="Wait Until Keyword Succeeds" library="BuiltIn">
<arg>6</arg>
<arg>7</arg>
<arg>Click Element</arg>
<arg>${Element}</arg>
<doc>Runs the specified keyword and retries if it fails.</doc>
<kw name="Click Element" library="SeleniumLibrary">
<arg>${Element}</arg>
<doc>Click the element identified by ``locator``.</doc>
<msg timestamp="20240205 13:19:59.452" level="INFO">Clicking element '//button[@id="finance-add-category"]'.</msg>
<status status="PASS" starttime="20240205 13:19:59.450" endtime="20240205 13:20:01.541"/>
</kw>
<status status="PASS" starttime="20240205 13:19:59.450" endtime="20240205 13:20:01.541"/>
</kw>
<status status="PASS" starttime="20240205 13:19:58.427" endtime="20240205 13:20:01.542"/>
</kw>
<kw name="Wait Until Page Contains Element" library="SeleniumLibrary">
<arg>${Input_Category_name}</arg>
<arg>50</arg>
<doc>Waits until the element ``locator`` appears on the current page.</doc>
<status status="PASS" starttime="20240205 13:20:01.542" endtime="20240205 13:20:02.565"/>
</kw>
<kw name="Input Text" library="SeleniumLibrary">
<arg>${Input_Category_name}</arg>
<arg>${name}</arg>
<doc>Types the given ``text`` into the text field identified by ``locator``.</doc>
<msg timestamp="20240205 13:20:02.567" level="INFO">Typing text 'TC02_Category' into text field '//input[@id="finance-config-category-name"]'.</msg>
<status status="PASS" starttime="20240205 13:20:02.566" endtime="20240205 13:20:06.025"/>
</kw>
<kw name="Wait Until Page Contains Element" library="SeleniumLibrary">
<arg>${Input_Category_Description}</arg>
<arg>50</arg>
<doc>Waits until the element ``locator`` appears on the current page.</doc>
<status status="PASS" starttime="20240205 13:20:06.026" endtime="20240205 13:20:07.049"/>
</kw>
<kw name="Input Text" library="SeleniumLibrary">
<arg>${Input_Category_Description}</arg>
<arg>${Description}</arg>
<doc>Types the given ``text`` into the text field identified by ``locator``.</doc>
<msg timestamp="20240205 13:20:07.051" level="INFO">Typing text 'TC02_Category_description' into text field '//textarea[@id="finance-config-description"]'.</msg>
<status status="PASS" starttime="20240205 13:20:07.050" endtime="20240205 13:20:10.802"/>
</kw>
<status status="PASS" starttime="20240205 13:19:58.427" endtime="20240205 13:20:10.804"/>
</kw>
<kw name="Wait Until Element is present then click the element" library="common_1">
<arg>${BTN_Save}</arg>
<doc>Using this keyword we can perform click Element</doc>
<kw name="Wait Until Page Contains Element" library="SeleniumLibrary">
<arg>${Element}</arg>
<arg>50</arg>
<doc>Waits until the element ``locator`` appears on the current page.</doc>
<status status="PASS" starttime="20240205 13:20:10.805" endtime="20240205 13:20:11.831"/>
</kw>
<kw name="Wait Until Keyword Succeeds" library="BuiltIn">
<arg>6</arg>
<arg>7</arg>
<arg>Click Element</arg>
<arg>${Element}</arg>
<doc>Runs the specified keyword and retries if it fails.</doc>
<kw name="Click Element" library="SeleniumLibrary">
<arg>${Element}</arg>
<doc>Click the element identified by ``locator``.</doc>
<msg timestamp="20240205 13:20:11.833" level="INFO">Clicking element '//p[text()="Save"]/parent::button'.</msg>
<status status="PASS" starttime="20240205 13:20:11.832" endtime="20240205 13:20:13.926"/>
</kw>
<status status="PASS" starttime="20240205 13:20:11.831" endtime="20240205 13:20:13.927"/>
</kw>
<status status="PASS" starttime="20240205 13:20:10.804" endtime="20240205 13:20:13.927"/>
</kw>
<status status="PASS" starttime="20240205 13:19:58.426" endtime="20240205 13:20:13.928"/>
</kw>
<status status="PASS" starttime="20240205 13:19:58.425" endtime="20240205 13:20:13.928"/>
</kw>
<kw name="Then Click on the Search bar and Search by invalid Data" library="TC02_Support">
<kw name="Verify an error message shouble be display as &quot; No results found&quot;." library="TC02_Support">
<kw name="Search Category" library="common_1">
<arg>${TC02_Invalid_Category}</arg>
<doc>Searching Category Using</doc>
<kw name="Wait Until Element is present then click the element" library="common_1">
<arg>${Search_FinanceConfiguration}</arg>
<doc>Using this keyword we can perform click Element</doc>
<kw name="Wait Until Page Contains Element" library="SeleniumLibrary">
<arg>${Element}</arg>
<arg>50</arg>
<doc>Waits until the element ``locator`` appears on the current page.</doc>
<status status="PASS" starttime="20240205 13:20:13.930" endtime="20240205 13:20:14.952"/>
</kw>
<kw name="Wait Until Keyword Succeeds" library="BuiltIn">
<arg>6</arg>
<arg>7</arg>
<arg>Click Element</arg>
<arg>${Element}</arg>
<doc>Runs the specified keyword and retries if it fails.</doc>
<kw name="Click Element" library="SeleniumLibrary">
<arg>${Element}</arg>
<doc>Click the element identified by ``locator``.</doc>
<msg timestamp="20240205 13:20:14.955" level="INFO">Clicking element '//input[@id="finance-config-search-input"]'.</msg>
<status status="PASS" starttime="20240205 13:20:14.954" endtime="20240205 13:20:17.037"/>
</kw>
<status status="PASS" starttime="20240205 13:20:14.953" endtime="20240205 13:20:17.037"/>
</kw>
<status status="PASS" starttime="20240205 13:20:13.930" endtime="20240205 13:20:17.039"/>
</kw>
<kw name="Press Keys" library="SeleniumLibrary">
<arg>${Search_FinanceConfiguration}</arg>
<arg>CTRL+A+BACKSPACE</arg>
<doc>Simulates the user pressing key(s) to an element or on the active browser.</doc>
<msg timestamp="20240205 13:20:17.041" level="INFO">Sending key(s) ('CTRL+A+BACKSPACE',) to //input[@id="finance-config-search-input"] element.</msg>
<msg timestamp="20240205 13:20:19.353" level="INFO">Pressing special key CONTROL down.</msg>
<msg timestamp="20240205 13:20:19.353" level="INFO">Sending key A</msg>
<msg timestamp="20240205 13:20:19.353" level="INFO">Pressing special key BACKSPACE down.</msg>
<msg timestamp="20240205 13:20:19.353" level="INFO">Releasing special key CONTROL.</msg>
<msg timestamp="20240205 13:20:19.353" level="INFO">Releasing special key BACKSPACE.</msg>
<status status="PASS" starttime="20240205 13:20:17.039" endtime="20240205 13:20:20.391"/>
</kw>
<kw name="Press Keys" library="SeleniumLibrary">
<arg>${Search_FinanceConfiguration}</arg>
<arg>${Name}</arg>
<doc>Simulates the user pressing key(s) to an element or on the active browser.</doc>
<msg timestamp="20240205 13:20:20.393" level="INFO">Sending key(s) ('TC002_Category',) to //input[@id="finance-config-search-input"] element.</msg>
<msg timestamp="20240205 13:20:22.716" level="INFO">Sending keys TC002_Category</msg>
<status status="PASS" starttime="20240205 13:20:20.392" endtime="20240205 13:20:23.981"/>
</kw>
<status status="PASS" starttime="20240205 13:20:13.930" endtime="20240205 13:20:23.981"/>
</kw>
<kw name="Check element is present" library="common_1">
<arg>${TXT_Category_NO_DATA}</arg>
<kw name="Wait Until Page Contains Element" library="SeleniumLibrary">
<arg>${element}</arg>
<arg>50</arg>
<doc>Waits until the element ``locator`` appears on the current page.</doc>
<status status="PASS" starttime="20240205 13:20:23.982" endtime="20240205 13:20:26.224"/>
</kw>
<kw name="Page Should Contain Element" library="SeleniumLibrary">
<arg>${element}</arg>
<doc>Verifies that element ``locator`` is found on the current page.</doc>
<msg timestamp="20240205 13:20:27.248" level="INFO">Current page contains element '//p[text()="No records to display"]'.</msg>
<status status="PASS" starttime="20240205 13:20:26.225" endtime="20240205 13:20:27.248"/>
</kw>
<status status="PASS" starttime="20240205 13:20:23.981" endtime="20240205 13:20:27.249"/>
</kw>
<status status="PASS" starttime="20240205 13:20:13.929" endtime="20240205 13:20:27.249"/>
</kw>
<status status="PASS" starttime="20240205 13:20:13.928" endtime="20240205 13:20:27.250"/>
</kw>
<kw name="Then Click on the Search bar and Search by which is created previously" library="TC02_Support">
<kw name="Verify if Category Record should be Filtered and Displayed" library="TC02_Support">
<kw name="Search Category" library="common_1">
<arg>${TC02_Category_name}</arg>
<doc>Searching Category Using</doc>
<kw name="Wait Until Element is present then click the element" library="common_1">
<arg>${Search_FinanceConfiguration}</arg>
<doc>Using this keyword we can perform click Element</doc>
<kw name="Wait Until Page Contains Element" library="SeleniumLibrary">
<arg>${Element}</arg>
<arg>50</arg>
<doc>Waits until the element ``locator`` appears on the current page.</doc>
<status status="PASS" starttime="20240205 13:20:27.254" endtime="20240205 13:20:28.275"/>
</kw>
<kw name="Wait Until Keyword Succeeds" library="BuiltIn">
<arg>6</arg>
<arg>7</arg>
<arg>Click Element</arg>
<arg>${Element}</arg>
<doc>Runs the specified keyword and retries if it fails.</doc>
<kw name="Click Element" library="SeleniumLibrary">
<arg>${Element}</arg>
<doc>Click the element identified by ``locator``.</doc>
<msg timestamp="20240205 13:20:28.277" level="INFO">Clicking element '//input[@id="finance-config-search-input"]'.</msg>
<status status="PASS" starttime="20240205 13:20:28.276" endtime="20240205 13:20:30.343"/>
</kw>
<status status="PASS" starttime="20240205 13:20:28.275" endtime="20240205 13:20:30.344"/>
</kw>
<status status="PASS" starttime="20240205 13:20:27.253" endtime="20240205 13:20:30.344"/>
</kw>
<kw name="Press Keys" library="SeleniumLibrary">
<arg>${Search_FinanceConfiguration}</arg>
<arg>CTRL+A+BACKSPACE</arg>
<doc>Simulates the user pressing key(s) to an element or on the active browser.</doc>
<msg timestamp="20240205 13:20:30.347" level="INFO">Sending key(s) ('CTRL+A+BACKSPACE',) to //input[@id="finance-config-search-input"] element.</msg>
<msg timestamp="20240205 13:20:32.681" level="INFO">Pressing special key CONTROL down.</msg>
<msg timestamp="20240205 13:20:32.681" level="INFO">Sending key A</msg>
<msg timestamp="20240205 13:20:32.681" level="INFO">Pressing special key BACKSPACE down.</msg>
<msg timestamp="20240205 13:20:32.681" level="INFO">Releasing special key CONTROL.</msg>
<msg timestamp="20240205 13:20:32.681" level="INFO">Releasing special key BACKSPACE.</msg>
<status status="PASS" starttime="20240205 13:20:30.345" endtime="20240205 13:20:33.720"/>
</kw>
<kw name="Press Keys" library="SeleniumLibrary">
<arg>${Search_FinanceConfiguration}</arg>
<arg>${Name}</arg>
<doc>Simulates the user pressing key(s) to an element or on the active browser.</doc>
<msg timestamp="20240205 13:20:33.723" level="INFO">Sending key(s) ('TC02_Category',) to //input[@id="finance-config-search-input"] element.</msg>
<msg timestamp="20240205 13:20:36.059" level="INFO">Sending keys TC02_Category</msg>
<status status="PASS" starttime="20240205 13:20:33.721" endtime="20240205 13:20:37.273"/>
</kw>
<status status="PASS" starttime="20240205 13:20:27.252" endtime="20240205 13:20:37.274"/>
</kw>
<kw name="Verify a Category is displayed" library="common_1">
<arg>${TC02_Category_name}</arg>
<doc>Filter and Display Category name</doc>
<kw name="Format String" library="String">
<var>${Category}</var>
<arg>${Category_name}</arg>
<arg>name=${name}</arg>
<doc>Formats a ``template`` using the given ``positional`` and ``named`` arguments.</doc>
<msg timestamp="20240205 13:20:37.276" level="INFO">${Category} = //td[@id="custom-id-TC02_Category"]/..</msg>
<status status="PASS" starttime="20240205 13:20:37.276" endtime="20240205 13:20:37.277"/>
</kw>
<kw name="Check element is present" library="common_1">
<arg>${Category}</arg>
<kw name="Wait Until Page Contains Element" library="SeleniumLibrary">
<arg>${element}</arg>
<arg>50</arg>
<doc>Waits until the element ``locator`` appears on the current page.</doc>
<status status="PASS" starttime="20240205 13:20:37.278" endtime="20240205 13:20:38.297"/>
</kw>
<kw name="Page Should Contain Element" library="SeleniumLibrary">
<arg>${element}</arg>
<doc>Verifies that element ``locator`` is found on the current page.</doc>
<msg timestamp="20240205 13:20:39.318" level="INFO">Current page contains element '//td[@id="custom-id-TC02_Category"]/..'.</msg>
<status status="PASS" starttime="20240205 13:20:38.298" endtime="20240205 13:20:39.318"/>
</kw>
<status status="PASS" starttime="20240205 13:20:37.277" endtime="20240205 13:20:39.319"/>
</kw>
<status status="PASS" starttime="20240205 13:20:37.274" endtime="20240205 13:20:39.319"/>
</kw>
<status status="PASS" starttime="20240205 13:20:27.251" endtime="20240205 13:20:39.320"/>
</kw>
<status status="PASS" starttime="20240205 13:20:27.250" endtime="20240205 13:20:39.320"/>
</kw>
<kw name="Then Click on Edit button in the More icon and Click on Cancel Button" library="TC02_Support">
<kw name="Verify if category Fields should not be changed" library="TC02_Support">
<kw name="Click the Kebab button Category" library="common_1">
<arg>${TC02_Category_name}</arg>
<doc>Clicking Kebab in Category name using keyword</doc>
<kw name="Format String" library="String">
<var>${Category_more_option}</var>
<arg>${BTN_Category_More}</arg>
<arg>name=${name}</arg>
<doc>Formats a ``template`` using the given ``positional`` and ``named`` arguments.</doc>
<msg timestamp="20240205 13:20:39.322" level="INFO">${Category_more_option} = //div[@id="more-btn-TC02_Category"]</msg>
<status status="PASS" starttime="20240205 13:20:39.322" endtime="20240205 13:20:39.322"/>
</kw>
<kw name="Wait Until Element is present then click the element" library="common_1">
<arg>${Category_more_option}</arg>
<doc>Using this keyword we can perform click Element</doc>
<kw name="Wait Until Page Contains Element" library="SeleniumLibrary">
<arg>${Element}</arg>
<arg>50</arg>
<doc>Waits until the element ``locator`` appears on the current page.</doc>
<status status="PASS" starttime="20240205 13:20:39.323" endtime="20240205 13:20:40.343"/>
</kw>
<kw name="Wait Until Keyword Succeeds" library="BuiltIn">
<arg>6</arg>
<arg>7</arg>
<arg>Click Element</arg>
<arg>${Element}</arg>
<doc>Runs the specified keyword and retries if it fails.</doc>
<kw name="Click Element" library="SeleniumLibrary">
<arg>${Element}</arg>
<doc>Click the element identified by ``locator``.</doc>
<msg timestamp="20240205 13:20:40.346" level="INFO">Clicking element '//div[@id="more-btn-TC02_Category"]'.</msg>
<status status="PASS" starttime="20240205 13:20:40.345" endtime="20240205 13:20:42.424"/>
</kw>
<status status="PASS" starttime="20240205 13:20:40.344" endtime="20240205 13:20:42.424"/>
</kw>
<status status="PASS" starttime="20240205 13:20:39.322" endtime="20240205 13:20:42.425"/>
</kw>
<status status="PASS" starttime="20240205 13:20:39.321" endtime="20240205 13:20:42.425"/>
</kw>
<kw name="Edit Category" library="common_1">
<arg>${TC02_Category_name}</arg>
<arg>${TC02_Category_name_new}</arg>
<arg>${TC02_Category_Description_new}</arg>
<doc>Editing Category name using keyword</doc>
<kw name="Format String" library="String">
<var>${Category_edit}</var>
<arg>${BTN_Category_Edit}</arg>
<arg>name=${name}</arg>
<doc>Formats a ``template`` using the given ``positional`` and ``named`` arguments.</doc>
<msg timestamp="20240205 13:20:42.429" level="INFO">${Category_edit} = //li[@id="edit-TC02_Category"]</msg>
<status status="PASS" starttime="20240205 13:20:42.427" endtime="20240205 13:20:42.429"/>
</kw>
<kw name="Wait Until Element is present then click the element" library="common_1">
<arg>${Category_edit}</arg>
<doc>Using this keyword we can perform click Element</doc>
<kw name="Wait Until Page Contains Element" library="SeleniumLibrary">
<arg>${Element}</arg>
<arg>50</arg>
<doc>Waits until the element ``locator`` appears on the current page.</doc>
<status status="PASS" starttime="20240205 13:20:42.430" endtime="20240205 13:20:43.468"/>
</kw>
<kw name="Wait Until Keyword Succeeds" library="BuiltIn">
<arg>6</arg>
<arg>7</arg>
<arg>Click Element</arg>
<arg>${Element}</arg>
<doc>Runs the specified keyword and retries if it fails.</doc>
<kw name="Click Element" library="SeleniumLibrary">
<arg>${Element}</arg>
<doc>Click the element identified by ``locator``.</doc>
<msg timestamp="20240205 13:20:43.470" level="INFO">Clicking element '//li[@id="edit-TC02_Category"]'.</msg>
<status status="PASS" starttime="20240205 13:20:43.469" endtime="20240205 13:20:45.564"/>
</kw>
<status status="PASS" starttime="20240205 13:20:43.468" endtime="20240205 13:20:45.564"/>
</kw>
<status status="PASS" starttime="20240205 13:20:42.429" endtime="20240205 13:20:45.566"/>
</kw>
<kw name="Press Keys" library="SeleniumLibrary">
<arg>${Input_Category_name}</arg>
<arg>CTRL+A+BACKSPACE</arg>
<doc>Simulates the user pressing key(s) to an element or on the active browser.</doc>
<msg timestamp="20240205 13:20:45.568" level="INFO">Sending key(s) ('CTRL+A+BACKSPACE',) to //input[@id="finance-config-category-name"] element.</msg>
<msg timestamp="20240205 13:20:47.907" level="INFO">Pressing special key CONTROL down.</msg>
<msg timestamp="20240205 13:20:47.907" level="INFO">Sending key A</msg>
<msg timestamp="20240205 13:20:47.907" level="INFO">Pressing special key BACKSPACE down.</msg>
<msg timestamp="20240205 13:20:47.907" level="INFO">Releasing special key CONTROL.</msg>
<msg timestamp="20240205 13:20:47.907" level="INFO">Releasing special key BACKSPACE.</msg>
<status status="PASS" starttime="20240205 13:20:45.567" endtime="20240205 13:20:48.948"/>
</kw>
<kw name="Press Keys" library="SeleniumLibrary">
<arg>${Input_Category_name}</arg>
<arg>${name1}</arg>
<doc>Simulates the user pressing key(s) to an element or on the active browser.</doc>
<msg timestamp="20240205 13:20:48.951" level="INFO">Sending key(s) ('TC02_Cateorynew',) to //input[@id="finance-config-category-name"] element.</msg>
<msg timestamp="20240205 13:20:51.264" level="INFO">Sending keys TC02_Cateorynew</msg>
<status status="PASS" starttime="20240205 13:20:48.949" endtime="20240205 13:20:52.568"/>
</kw>
<kw name="Press Keys" library="SeleniumLibrary">
<arg>${Input_Category_Description}</arg>
<arg>CTRL+A+BACKSPACE</arg>
<doc>Simulates the user pressing key(s) to an element or on the active browser.</doc>
<msg timestamp="20240205 13:20:52.571" level="INFO">Sending key(s) ('CTRL+A+BACKSPACE',) to //textarea[@id="finance-config-description"] element.</msg>
<msg timestamp="20240205 13:20:54.901" level="INFO">Pressing special key CONTROL down.</msg>
<msg timestamp="20240205 13:20:54.901" level="INFO">Sending key A</msg>
<msg timestamp="20240205 13:20:54.901" level="INFO">Pressing special key BACKSPACE down.</msg>
<msg timestamp="20240205 13:20:54.901" level="INFO">Releasing special key CONTROL.</msg>
<msg timestamp="20240205 13:20:54.901" level="INFO">Releasing special key BACKSPACE.</msg>
<status status="PASS" starttime="20240205 13:20:52.569" endtime="20240205 13:20:55.945"/>
</kw>
<kw name="Press Keys" library="SeleniumLibrary">
<arg>${Input_Category_Description}</arg>
<arg>${Description2}</arg>
<doc>Simulates the user pressing key(s) to an element or on the active browser.</doc>
<msg timestamp="20240205 13:20:55.947" level="INFO">Sending key(s) ('TC02_Category_descriptionnew',) to //textarea[@id="finance-config-description"] element.</msg>
<msg timestamp="20240205 13:20:58.262" level="INFO">Sending keys TC02_Category_descriptionnew</msg>
<status status="PASS" starttime="20240205 13:20:55.945" endtime="20240205 13:20:59.761"/>
</kw>
<status status="PASS" starttime="20240205 13:20:42.426" endtime="20240205 13:20:59.762"/>
</kw>
<kw name="Wait Until Element is present then click the element" library="common_1">
<arg>${BTN_Cancel}</arg>
<doc>Using this keyword we can perform click Element</doc>
<kw name="Wait Until Page Contains Element" library="SeleniumLibrary">
<arg>${Element}</arg>
<arg>50</arg>
<doc>Waits until the element ``locator`` appears on the current page.</doc>
<status status="PASS" starttime="20240205 13:20:59.764" endtime="20240205 13:21:00.789"/>
</kw>
<kw name="Wait Until Keyword Succeeds" library="BuiltIn">
<arg>6</arg>
<arg>7</arg>
<arg>Click Element</arg>
<arg>${Element}</arg>
<doc>Runs the specified keyword and retries if it fails.</doc>
<kw name="Click Element" library="SeleniumLibrary">
<arg>${Element}</arg>
<doc>Click the element identified by ``locator``.</doc>
<msg timestamp="20240205 13:21:00.792" level="INFO">Clicking element '//p[text()="Cancel"]/parent::button'.</msg>
<status status="PASS" starttime="20240205 13:21:00.791" endtime="20240205 13:21:02.905"/>
</kw>
<status status="PASS" starttime="20240205 13:21:00.790" endtime="20240205 13:21:02.906"/>
</kw>
<status status="PASS" starttime="20240205 13:20:59.763" endtime="20240205 13:21:02.906"/>
</kw>
<status status="PASS" starttime="20240205 13:20:39.321" endtime="20240205 13:21:02.907"/>
</kw>
<status status="PASS" starttime="20240205 13:20:39.320" endtime="20240205 13:21:02.907"/>
</kw>
<kw name="Then Click on Edit button in the More icon and Click on Save Button" library="TC02_Support">
<kw name="verify if category Fields should be changed" library="TC02_Support">
<kw name="Click the Kebab button Category" library="common_1">
<arg>${TC02_Category_name}</arg>
<doc>Clicking Kebab in Category name using keyword</doc>
<kw name="Format String" library="String">
<var>${Category_more_option}</var>
<arg>${BTN_Category_More}</arg>
<arg>name=${name}</arg>
<doc>Formats a ``template`` using the given ``positional`` and ``named`` arguments.</doc>
<msg timestamp="20240205 13:21:02.912" level="INFO">${Category_more_option} = //div[@id="more-btn-TC02_Category"]</msg>
<status status="PASS" starttime="20240205 13:21:02.910" endtime="20240205 13:21:02.912"/>
</kw>
<kw name="Wait Until Element is present then click the element" library="common_1">
<arg>${Category_more_option}</arg>
<doc>Using this keyword we can perform click Element</doc>
<kw name="Wait Until Page Contains Element" library="SeleniumLibrary">
<arg>${Element}</arg>
<arg>50</arg>
<doc>Waits until the element ``locator`` appears on the current page.</doc>
<status status="PASS" starttime="20240205 13:21:02.913" endtime="20240205 13:21:03.948"/>
</kw>
<kw name="Wait Until Keyword Succeeds" library="BuiltIn">
<arg>6</arg>
<arg>7</arg>
<arg>Click Element</arg>
<arg>${Element}</arg>
<doc>Runs the specified keyword and retries if it fails.</doc>
<kw name="Click Element" library="SeleniumLibrary">
<arg>${Element}</arg>
<doc>Click the element identified by ``locator``.</doc>
<msg timestamp="20240205 13:21:03.951" level="INFO">Clicking element '//div[@id="more-btn-TC02_Category"]'.</msg>
<status status="PASS" starttime="20240205 13:21:03.950" endtime="20240205 13:21:06.039"/>
</kw>
<status status="PASS" starttime="20240205 13:21:03.949" endtime="20240205 13:21:06.040"/>
</kw>
<status status="PASS" starttime="20240205 13:21:02.912" endtime="20240205 13:21:06.040"/>
</kw>
<status status="PASS" starttime="20240205 13:21:02.909" endtime="20240205 13:21:06.041"/>
</kw>
<kw name="Edit Category" library="common_1">
<arg>${TC02_Category_name}</arg>
<arg>${TC02_Category_name_new}</arg>
<arg>${TC02_Category_Description_new}</arg>
<doc>Editing Category name using keyword</doc>
<kw name="Format String" library="String">
<var>${Category_edit}</var>
<arg>${BTN_Category_Edit}</arg>
<arg>name=${name}</arg>
<doc>Formats a ``template`` using the given ``positional`` and ``named`` arguments.</doc>
<msg timestamp="20240205 13:21:06.044" level="INFO">${Category_edit} = //li[@id="edit-TC02_Category"]</msg>
<status status="PASS" starttime="20240205 13:21:06.042" endtime="20240205 13:21:06.044"/>
</kw>
<kw name="Wait Until Element is present then click the element" library="common_1">
<arg>${Category_edit}</arg>
<doc>Using this keyword we can perform click Element</doc>
<kw name="Wait Until Page Contains Element" library="SeleniumLibrary">
<arg>${Element}</arg>
<arg>50</arg>
<doc>Waits until the element ``locator`` appears on the current page.</doc>
<status status="PASS" starttime="20240205 13:21:06.045" endtime="20240205 13:21:07.066"/>
</kw>
<kw name="Wait Until Keyword Succeeds" library="BuiltIn">
<arg>6</arg>
<arg>7</arg>
<arg>Click Element</arg>
<arg>${Element}</arg>
<doc>Runs the specified keyword and retries if it fails.</doc>
<kw name="Click Element" library="SeleniumLibrary">
<arg>${Element}</arg>
<doc>Click the element identified by ``locator``.</doc>
<msg timestamp="20240205 13:21:07.068" level="INFO">Clicking element '//li[@id="edit-TC02_Category"]'.</msg>
<status status="PASS" starttime="20240205 13:21:07.067" endtime="20240205 13:21:09.163"/>
</kw>
<status status="PASS" starttime="20240205 13:21:07.066" endtime="20240205 13:21:09.163"/>
</kw>
<status status="PASS" starttime="20240205 13:21:06.044" endtime="20240205 13:21:09.164"/>
</kw>
<kw name="Press Keys" library="SeleniumLibrary">
<arg>${Input_Category_name}</arg>
<arg>CTRL+A+BACKSPACE</arg>
<doc>Simulates the user pressing key(s) to an element or on the active browser.</doc>
<msg timestamp="20240205 13:21:09.166" level="INFO">Sending key(s) ('CTRL+A+BACKSPACE',) to //input[@id="finance-config-category-name"] element.</msg>
<msg timestamp="20240205 13:21:11.494" level="INFO">Pressing special key CONTROL down.</msg>
<msg timestamp="20240205 13:21:11.494" level="INFO">Sending key A</msg>
<msg timestamp="20240205 13:21:11.494" level="INFO">Pressing special key BACKSPACE down.</msg>
<msg timestamp="20240205 13:21:11.494" level="INFO">Releasing special key CONTROL.</msg>
<msg timestamp="20240205 13:21:11.494" level="INFO">Releasing special key BACKSPACE.</msg>
<status status="PASS" starttime="20240205 13:21:09.164" endtime="20240205 13:21:12.547"/>
</kw>
<kw name="Press Keys" library="SeleniumLibrary">
<arg>${Input_Category_name}</arg>
<arg>${name1}</arg>
<doc>Simulates the user pressing key(s) to an element or on the active browser.</doc>
<msg timestamp="20240205 13:21:12.550" level="INFO">Sending key(s) ('TC02_Cateorynew',) to //input[@id="finance-config-category-name"] element.</msg>
<msg timestamp="20240205 13:21:14.863" level="INFO">Sending keys TC02_Cateorynew</msg>
<status status="PASS" starttime="20240205 13:21:12.548" endtime="20240205 13:21:16.152"/>
</kw>
<kw name="Press Keys" library="SeleniumLibrary">
<arg>${Input_Category_Description}</arg>
<arg>CTRL+A+BACKSPACE</arg>
<doc>Simulates the user pressing key(s) to an element or on the active browser.</doc>
<msg timestamp="20240205 13:21:16.155" level="INFO">Sending key(s) ('CTRL+A+BACKSPACE',) to //textarea[@id="finance-config-description"] element.</msg>
<msg timestamp="20240205 13:21:18.482" level="INFO">Pressing special key CONTROL down.</msg>
<msg timestamp="20240205 13:21:18.483" level="INFO">Sending key A</msg>
<msg timestamp="20240205 13:21:18.483" level="INFO">Pressing special key BACKSPACE down.</msg>
<msg timestamp="20240205 13:21:18.483" level="INFO">Releasing special key CONTROL.</msg>
<msg timestamp="20240205 13:21:18.483" level="INFO">Releasing special key BACKSPACE.</msg>
<status status="PASS" starttime="20240205 13:21:16.153" endtime="20240205 13:21:19.524"/>
</kw>
<kw name="Press Keys" library="SeleniumLibrary">
<arg>${Input_Category_Description}</arg>
<arg>${Description2}</arg>
<doc>Simulates the user pressing key(s) to an element or on the active browser.</doc>
<msg timestamp="20240205 13:21:19.527" level="INFO">Sending key(s) ('TC02_Category_descriptionnew',) to //textarea[@id="finance-config-description"] element.</msg>
<msg timestamp="20240205 13:21:21.840" level="INFO">Sending keys TC02_Category_descriptionnew</msg>
<status status="PASS" starttime="20240205 13:21:19.525" endtime="20240205 13:21:23.337"/>
</kw>
<status status="PASS" starttime="20240205 13:21:06.041" endtime="20240205 13:21:23.338"/>
</kw>
<kw name="Wait Until Element is present then click the element" library="common_1">
<arg>${BTN_Save}</arg>
<doc>Using this keyword we can perform click Element</doc>
<kw name="Wait Until Page Contains Element" library="SeleniumLibrary">
<arg>${Element}</arg>
<arg>50</arg>
<doc>Waits until the element ``locator`` appears on the current page.</doc>
<status status="PASS" starttime="20240205 13:21:23.340" endtime="20240205 13:21:24.380"/>
</kw>
<kw name="Wait Until Keyword Succeeds" library="BuiltIn">
<arg>6</arg>
<arg>7</arg>
<arg>Click Element</arg>
<arg>${Element}</arg>
<doc>Runs the specified keyword and retries if it fails.</doc>
<kw name="Click Element" library="SeleniumLibrary">
<arg>${Element}</arg>
<doc>Click the element identified by ``locator``.</doc>
<msg timestamp="20240205 13:21:24.383" level="INFO">Clicking element '//p[text()="Save"]/parent::button'.</msg>
<status status="PASS" starttime="20240205 13:21:24.382" endtime="20240205 13:21:26.475"/>
</kw>
<status status="PASS" starttime="20240205 13:21:24.381" endtime="20240205 13:21:26.475"/>
</kw>
<status status="PASS" starttime="20240205 13:21:23.338" endtime="20240205 13:21:26.476"/>
</kw>
<status status="PASS" starttime="20240205 13:21:02.909" endtime="20240205 13:21:26.476"/>
</kw>
<status status="PASS" starttime="20240205 13:21:02.908" endtime="20240205 13:21:26.477"/>
</kw>
<kw name="Then Click on Delete button in the More icon and Click on Cancel Button" library="TC02_Support">
<kw name="Verify a Category name Should not be deleted" library="TC02_Support">
<kw name="Search Category" library="common_1">
<arg>${TC02_Category_name_new}</arg>
<doc>Searching Category Using</doc>
<kw name="Wait Until Element is present then click the element" library="common_1">
<arg>${Search_FinanceConfiguration}</arg>
<doc>Using this keyword we can perform click Element</doc>
<kw name="Wait Until Page Contains Element" library="SeleniumLibrary">
<arg>${Element}</arg>
<arg>50</arg>
<doc>Waits until the element ``locator`` appears on the current page.</doc>
<status status="PASS" starttime="20240205 13:21:26.481" endtime="20240205 13:21:27.514"/>
</kw>
<kw name="Wait Until Keyword Succeeds" library="BuiltIn">
<arg>6</arg>
<arg>7</arg>
<arg>Click Element</arg>
<arg>${Element}</arg>
<doc>Runs the specified keyword and retries if it fails.</doc>
<kw name="Click Element" library="SeleniumLibrary">
<arg>${Element}</arg>
<doc>Click the element identified by ``locator``.</doc>
<msg timestamp="20240205 13:21:27.517" level="INFO">Clicking element '//input[@id="finance-config-search-input"]'.</msg>
<status status="PASS" starttime="20240205 13:21:27.516" endtime="20240205 13:21:29.613"/>
</kw>
<status status="PASS" starttime="20240205 13:21:27.515" endtime="20240205 13:21:29.614"/>
</kw>
<status status="PASS" starttime="20240205 13:21:26.480" endtime="20240205 13:21:29.614"/>
</kw>
<kw name="Press Keys" library="SeleniumLibrary">
<arg>${Search_FinanceConfiguration}</arg>
<arg>CTRL+A+BACKSPACE</arg>
<doc>Simulates the user pressing key(s) to an element or on the active browser.</doc>
<msg timestamp="20240205 13:21:29.616" level="INFO">Sending key(s) ('CTRL+A+BACKSPACE',) to //input[@id="finance-config-search-input"] element.</msg>
<msg timestamp="20240205 13:21:31.929" level="INFO">Pressing special key CONTROL down.</msg>
<msg timestamp="20240205 13:21:31.929" level="INFO">Sending key A</msg>
<msg timestamp="20240205 13:21:31.929" level="INFO">Pressing special key BACKSPACE down.</msg>
<msg timestamp="20240205 13:21:31.929" level="INFO">Releasing special key CONTROL.</msg>
<msg timestamp="20240205 13:21:31.930" level="INFO">Releasing special key BACKSPACE.</msg>
<status status="PASS" starttime="20240205 13:21:29.615" endtime="20240205 13:21:32.974"/>
</kw>
<kw name="Press Keys" library="SeleniumLibrary">
<arg>${Search_FinanceConfiguration}</arg>
<arg>${Name}</arg>
<doc>Simulates the user pressing key(s) to an element or on the active browser.</doc>
<msg timestamp="20240205 13:21:32.976" level="INFO">Sending key(s) ('TC02_Cateorynew',) to //input[@id="finance-config-search-input"] element.</msg>
<msg timestamp="20240205 13:21:35.290" level="INFO">Sending keys TC02_Cateorynew</msg>
<status status="PASS" starttime="20240205 13:21:32.974" endtime="20240205 13:21:36.537"/>
</kw>
<status status="PASS" starttime="20240205 13:21:26.479" endtime="20240205 13:21:36.538"/>
</kw>
<kw name="Click the Kebab button Category" library="common_1">
<arg>${TC02_Category_name_new}</arg>
<doc>Clicking Kebab in Category name using keyword</doc>
<kw name="Format String" library="String">
<var>${Category_more_option}</var>
<arg>${BTN_Category_More}</arg>
<arg>name=${name}</arg>
<doc>Formats a ``template`` using the given ``positional`` and ``named`` arguments.</doc>
<msg timestamp="20240205 13:21:36.541" level="INFO">${Category_more_option} = //div[@id="more-btn-TC02_Cateorynew"]</msg>
<status status="PASS" starttime="20240205 13:21:36.540" endtime="20240205 13:21:36.541"/>
</kw>
<kw name="Wait Until Element is present then click the element" library="common_1">
<arg>${Category_more_option}</arg>
<doc>Using this keyword we can perform click Element</doc>
<kw name="Wait Until Page Contains Element" library="SeleniumLibrary">
<arg>${Element}</arg>
<arg>50</arg>
<doc>Waits until the element ``locator`` appears on the current page.</doc>
<status status="PASS" starttime="20240205 13:21:36.543" endtime="20240205 13:21:37.577"/>
</kw>
<kw name="Wait Until Keyword Succeeds" library="BuiltIn">
<arg>6</arg>
<arg>7</arg>
<arg>Click Element</arg>
<arg>${Element}</arg>
<doc>Runs the specified keyword and retries if it fails.</doc>
<kw name="Click Element" library="SeleniumLibrary">
<arg>${Element}</arg>
<doc>Click the element identified by ``locator``.</doc>
<msg timestamp="20240205 13:21:37.582" level="INFO">Clicking element '//div[@id="more-btn-TC02_Cateorynew"]'.</msg>
<status status="PASS" starttime="20240205 13:21:37.580" endtime="20240205 13:21:39.665"/>
</kw>
<status status="PASS" starttime="20240205 13:21:37.579" endtime="20240205 13:21:39.665"/>
</kw>
<status status="PASS" starttime="20240205 13:21:36.541" endtime="20240205 13:21:39.666"/>
</kw>
<status status="PASS" starttime="20240205 13:21:36.538" endtime="20240205 13:21:39.666"/>
</kw>
<kw name="Delete Category" library="common_1">
<arg>${TC02_Category_name_new}</arg>
<doc>Clicking Delete Button in Category name using keyword</doc>
<kw name="Format String" library="String">
<var>${Category}</var>
<arg>${BTN_Category_Delete}</arg>
<arg>name=${name}</arg>
<doc>Formats a ``template`` using the given ``positional`` and ``named`` arguments.</doc>
<msg timestamp="20240205 13:21:39.669" level="INFO">${Category} = //li[@id="delete-TC02_Cateorynew"]</msg>
<status status="PASS" starttime="20240205 13:21:39.668" endtime="20240205 13:21:39.669"/>
</kw>
<kw name="Wait Until Element is present then click the element" library="common_1">
<arg>${Category}</arg>
<doc>Using this keyword we can perform click Element</doc>
<kw name="Wait Until Page Contains Element" library="SeleniumLibrary">
<arg>${Element}</arg>
<arg>50</arg>
<doc>Waits until the element ``locator`` appears on the current page.</doc>
<status status="PASS" starttime="20240205 13:21:39.670" endtime="20240205 13:21:40.706"/>
</kw>
<kw name="Wait Until Keyword Succeeds" library="BuiltIn">
<arg>6</arg>
<arg>7</arg>
<arg>Click Element</arg>
<arg>${Element}</arg>
<doc>Runs the specified keyword and retries if it fails.</doc>
<kw name="Click Element" library="SeleniumLibrary">
<arg>${Element}</arg>
<doc>Click the element identified by ``locator``.</doc>
<msg timestamp="20240205 13:21:40.710" level="INFO">Clicking element '//li[@id="delete-TC02_Cateorynew"]'.</msg>
<status status="PASS" starttime="20240205 13:21:40.708" endtime="20240205 13:21:42.797"/>
</kw>
<status status="PASS" starttime="20240205 13:21:40.707" endtime="20240205 13:21:42.797"/>
</kw>
<status status="PASS" starttime="20240205 13:21:39.669" endtime="20240205 13:21:42.798"/>
</kw>
<status status="PASS" starttime="20240205 13:21:39.667" endtime="20240205 13:21:42.798"/>
</kw>
<kw name="Wait Until Element is present then click the element" library="common_1">
<arg>${BTN_Cancel}</arg>
<doc>Using this keyword we can perform click Element</doc>
<kw name="Wait Until Page Contains Element" library="SeleniumLibrary">
<arg>${Element}</arg>
<arg>50</arg>
<doc>Waits until the element ``locator`` appears on the current page.</doc>
<status status="PASS" starttime="20240205 13:21:42.800" endtime="20240205 13:21:43.822"/>
</kw>
<kw name="Wait Until Keyword Succeeds" library="BuiltIn">
<arg>6</arg>
<arg>7</arg>
<arg>Click Element</arg>
<arg>${Element}</arg>
<doc>Runs the specified keyword and retries if it fails.</doc>
<kw name="Click Element" library="SeleniumLibrary">
<arg>${Element}</arg>
<doc>Click the element identified by ``locator``.</doc>
<msg timestamp="20240205 13:21:43.824" level="INFO">Clicking element '//p[text()="Cancel"]/parent::button'.</msg>
<status status="PASS" starttime="20240205 13:21:43.823" endtime="20240205 13:21:45.916"/>
</kw>
<status status="PASS" starttime="20240205 13:21:43.822" endtime="20240205 13:21:45.917"/>
</kw>
<status status="PASS" starttime="20240205 13:21:42.799" endtime="20240205 13:21:45.917"/>
</kw>
<status status="PASS" starttime="20240205 13:21:26.478" endtime="20240205 13:21:45.918"/>
</kw>
<status status="PASS" starttime="20240205 13:21:26.477" endtime="20240205 13:21:45.918"/>
</kw>
<kw name="Then Click on Delete button in the More icon and Click on Confirm Button" library="TC02_Support">
<kw name="Verify a Category name Should be deleted" library="TC02_Support">
<kw name="Click the Kebab button Category" library="common_1">
<arg>${TC02_Category_name_new}</arg>
<doc>Clicking Kebab in Category name using keyword</doc>
<kw name="Format String" library="String">
<var>${Category_more_option}</var>
<arg>${BTN_Category_More}</arg>
<arg>name=${name}</arg>
<doc>Formats a ``template`` using the given ``positional`` and ``named`` arguments.</doc>
<msg timestamp="20240205 13:21:45.922" level="INFO">${Category_more_option} = //div[@id="more-btn-TC02_Cateorynew"]</msg>
<status status="PASS" starttime="20240205 13:21:45.921" endtime="20240205 13:21:45.922"/>
</kw>
<kw name="Wait Until Element is present then click the element" library="common_1">
<arg>${Category_more_option}</arg>
<doc>Using this keyword we can perform click Element</doc>
<kw name="Wait Until Page Contains Element" library="SeleniumLibrary">
<arg>${Element}</arg>
<arg>50</arg>
<doc>Waits until the element ``locator`` appears on the current page.</doc>
<status status="PASS" starttime="20240205 13:21:45.923" endtime="20240205 13:21:46.950"/>
</kw>
<kw name="Wait Until Keyword Succeeds" library="BuiltIn">
<arg>6</arg>
<arg>7</arg>
<arg>Click Element</arg>
<arg>${Element}</arg>
<doc>Runs the specified keyword and retries if it fails.</doc>
<kw name="Click Element" library="SeleniumLibrary">
<arg>${Element}</arg>
<doc>Click the element identified by ``locator``.</doc>
<msg timestamp="20240205 13:21:46.952" level="INFO">Clicking element '//div[@id="more-btn-TC02_Cateorynew"]'.</msg>
<status status="PASS" starttime="20240205 13:21:46.951" endtime="20240205 13:21:49.030"/>
</kw>
<status status="PASS" starttime="20240205 13:21:46.950" endtime="20240205 13:21:49.031"/>
</kw>
<status status="PASS" starttime="20240205 13:21:45.922" endtime="20240205 13:21:49.031"/>
</kw>
<status status="PASS" starttime="20240205 13:21:45.920" endtime="20240205 13:21:49.032"/>
</kw>
<kw name="Delete Category" library="common_1">
<arg>${TC02_Category_name_new}</arg>
<doc>Clicking Delete Button in Category name using keyword</doc>
<kw name="Format String" library="String">
<var>${Category}</var>
<arg>${BTN_Category_Delete}</arg>
<arg>name=${name}</arg>
<doc>Formats a ``template`` using the given ``positional`` and ``named`` arguments.</doc>
<msg timestamp="20240205 13:21:49.035" level="INFO">${Category} = //li[@id="delete-TC02_Cateorynew"]</msg>
<status status="PASS" starttime="20240205 13:21:49.033" endtime="20240205 13:21:49.035"/>
</kw>
<kw name="Wait Until Element is present then click the element" library="common_1">
<arg>${Category}</arg>
<doc>Using this keyword we can perform click Element</doc>
<kw name="Wait Until Page Contains Element" library="SeleniumLibrary">
<arg>${Element}</arg>
<arg>50</arg>
<doc>Waits until the element ``locator`` appears on the current page.</doc>
<status status="PASS" starttime="20240205 13:21:49.036" endtime="20240205 13:21:50.066"/>
</kw>
<kw name="Wait Until Keyword Succeeds" library="BuiltIn">
<arg>6</arg>
<arg>7</arg>
<arg>Click Element</arg>
<arg>${Element}</arg>
<doc>Runs the specified keyword and retries if it fails.</doc>
<kw name="Click Element" library="SeleniumLibrary">
<arg>${Element}</arg>
<doc>Click the element identified by ``locator``.</doc>
<msg timestamp="20240205 13:21:50.069" level="INFO">Clicking element '//li[@id="delete-TC02_Cateorynew"]'.</msg>
<status status="PASS" starttime="20240205 13:21:50.068" endtime="20240205 13:21:52.144"/>
</kw>
<status status="PASS" starttime="20240205 13:21:50.067" endtime="20240205 13:21:52.144"/>
</kw>
<status status="PASS" starttime="20240205 13:21:49.035" endtime="20240205 13:21:52.145"/>
</kw>
<status status="PASS" starttime="20240205 13:21:49.032" endtime="20240205 13:21:52.145"/>
</kw>
<kw name="Wait Until Element is present then click the element" library="common_1">
<arg>${BTN_Confirm}</arg>
<doc>Using this keyword we can perform click Element</doc>
<kw name="Wait Until Page Contains Element" library="SeleniumLibrary">
<arg>${Element}</arg>
<arg>50</arg>
<doc>Waits until the element ``locator`` appears on the current page.</doc>
<status status="PASS" starttime="20240205 13:21:52.147" endtime="20240205 13:21:53.173"/>
</kw>
<kw name="Wait Until Keyword Succeeds" library="BuiltIn">
<arg>6</arg>
<arg>7</arg>
<arg>Click Element</arg>
<arg>${Element}</arg>
<doc>Runs the specified keyword and retries if it fails.</doc>
<kw name="Click Element" library="SeleniumLibrary">
<arg>${Element}</arg>
<doc>Click the element identified by ``locator``.</doc>
<msg timestamp="20240205 13:21:53.175" level="INFO">Clicking element '//p[text()="Confirm"]/parent::button'.</msg>
<status status="PASS" starttime="20240205 13:21:53.175" endtime="20240205 13:21:55.268"/>
</kw>
<status status="PASS" starttime="20240205 13:21:53.174" endtime="20240205 13:21:55.269"/>
</kw>
<status status="PASS" starttime="20240205 13:21:52.146" endtime="20240205 13:21:55.270"/>
</kw>
<status status="PASS" starttime="20240205 13:21:45.920" endtime="20240205 13:21:55.271"/>
</kw>
<status status="PASS" starttime="20240205 13:21:45.919" endtime="20240205 13:21:55.272"/>
</kw>
<kw name="And Close the Browser" library="TC02_Support">
<kw name="Verify Application should be Close" library="TC02_Support">
<kw name="&quot;Close the Browser&quot;" library="common_1">
<kw name="Close Browser" library="SeleniumLibrary">
<doc>Closes the current browser.</doc>
<status status="PASS" starttime="20240205 13:21:55.275" endtime="20240205 13:21:58.368"/>
</kw>
<status status="PASS" starttime="20240205 13:21:55.274" endtime="20240205 13:21:58.369"/>
</kw>
<status status="PASS" starttime="20240205 13:21:55.273" endtime="20240205 13:21:58.369"/>
</kw>
<status status="PASS" starttime="20240205 13:21:55.272" endtime="20240205 13:21:58.370"/>
</kw>
<tag>TC02</tag>
<status status="PASS" starttime="20240205 13:19:22.884" endtime="20240205 13:21:58.370"/>
</test>
<status status="PASS" starttime="20240205 13:19:22.053" endtime="20240205 13:21:58.371"/>
</suite>
<status status="PASS" starttime="20240205 13:19:22.052" endtime="20240205 13:21:58.372"/>
</suite>
<doc>[https://pabot.org/?ref=log|Pabot] result from 1 executions.</doc>
<status status="PASS" starttime="20240205 13:19:21.852" endtime="20240205 13:21:58.373"/>
</suite>
<statistics>
<total>
<stat pass="1" fail="0" skip="0">All Tests</stat>
</total>
<tag>
<stat pass="1" fail="0" skip="0">TC02</stat>
</tag>
<suite>
<stat pass="1" fail="0" skip="0" id="s1" name="Productor">Productor</stat>
<stat pass="1" fail="0" skip="0" id="s1-s1" name="Testcase">Productor.Testcase</stat>
<stat pass="1" fail="0" skip="0" id="s1-s1-s1" name="TC02">Productor.Testcase.TC02</stat>
</suite>
</statistics>
<errors>
</errors>
</robot>
