<?xml version="1.0" encoding="UTF-8"?>
<robot generator="Robot 6.0.2 (Python 3.10.0 on win32)" generated="20240306 12:07:52.185" rpa="false" schemaversion="3">
<suite id="s1" name="Productor" source="C:\Productor">
<suite id="s1-s1" name="Testcase" source="C:\Productor\Testcase">
<suite id="s1-s1-s1" name="PROD-8" source="C:\Productor\Testcase\PROD-8.robot">
<test id="s1-s1-s1-t1" name="Product Sqad Role" line="7">
<kw name="Given Login into application" library="PROD-8_Support">
<arg>${username002}</arg>
<kw name="Verify an application should be opened" library="PROD-8_Support">
<arg>${username}</arg>
<kw name="Login Application" library="Login">
<arg>${username}</arg>
<doc>Using this keyword we can login Productor Application.</doc>
<kw name="Get File" library="OperatingSystem">
<var>${json_data}</var>
<arg>Data/password.json</arg>
<doc>Returns the contents of a specified file.</doc>
<msg timestamp="20240306 12:07:52.803" level="INFO" html="true">Getting file '&lt;a href="file://C:\Productor\Data\password.json"&gt;C:\Productor\Data\password.json&lt;/a&gt;'.</msg>
<msg timestamp="20240306 12:07:52.803" level="INFO">${json_data} = {
    "Tparthi@valuefactors.io": "gAAAAABlrkVsEdFMiMlTdK5zUdkIrh2gW0m7VKitqu1yc05zjvhEtgtLf1WAMAOHRJpwgI8mhU9rPO9To7wrVhBmzNtn6JJSqg==",
    "neeraj@codebyte.solutions": "gAAAAABlvf_wHd_s-rfaDVYJP09Sz...</msg>
<status status="PASS" starttime="20240306 12:07:52.802" endtime="20240306 12:07:52.804"/>
</kw>
<kw name="Evaluate" library="BuiltIn">
<var>${object}</var>
<arg>json.loads('''${json_data}''')</arg>
<arg>json</arg>
<doc>Evaluates the given expression in Python and returns the result.</doc>
<msg timestamp="20240306 12:07:52.805" level="INFO">${object} = {'Tparthi@valuefactors.io': 'gAAAAABlrkVsEdFMiMlTdK5zUdkIrh2gW0m7VKitqu1yc05zjvhEtgtLf1WAMAOHRJpwgI8mhU9rPO9To7wrVhBmzNtn6JJSqg==', 'neeraj@codebyte.solutions': 'gAAAAABlvf_wHd_s-rfaDVYJP09SzZmO4H8t5J...</msg>
<status status="PASS" starttime="20240306 12:07:52.804" endtime="20240306 12:07:52.805"/>
</kw>
<kw name="Set Variable" library="BuiltIn">
<var>${encry}</var>
<arg>${object['${username}']}</arg>
<doc>Returns the given values which can then be assigned to a variables.</doc>
<msg timestamp="20240306 12:07:52.809" level="INFO">${encry} = gAAAAABlvf_wHd_s-rfaDVYJP09SzZmO4H8t5J09u-ZvB3nvy4zPznfgWrIF25Uq0ihXWaVr3yq0MSlnkAximgkzjaHawUJIXA==</msg>
<status status="PASS" starttime="20240306 12:07:52.805" endtime="20240306 12:07:52.809"/>
</kw>
<kw name="Use Encryption Key">
<arg>${public_key}</arg>
<msg timestamp="20240306 12:07:52.816" level="FAIL">No keyword with name 'Use Encryption Key' found.</msg>
<status status="FAIL" starttime="20240306 12:07:52.816" endtime="20240306 12:07:52.816"/>
</kw>
<kw name="Decrypt String">
<var>${Decry}</var>
<arg>${encry}</arg>
<status status="NOT RUN" starttime="20240306 12:07:52.823" endtime="20240306 12:07:52.823"/>
</kw>
<status status="FAIL" starttime="20240306 12:07:52.802" endtime="20240306 12:07:52.825"/>
</kw>
<status status="FAIL" starttime="20240306 12:07:52.802" endtime="20240306 12:07:52.825"/>
</kw>
<status status="FAIL" starttime="20240306 12:07:52.801" endtime="20240306 12:07:52.825"/>
</kw>
<kw name="Then Click on System Settings Icon and Click on Product Squad Role Tab" library="PROD-8_Support">
<status status="NOT RUN" starttime="20240306 12:07:52.825" endtime="20240306 12:07:52.825"/>
</kw>
<kw name="Then Click on Add Role button, Don't enter Mandatory fields and Click on cancel button" library="PROD-8_Support">
<status status="NOT RUN" starttime="20240306 12:07:52.825" endtime="20240306 12:07:52.825"/>
</kw>
<kw name="Then Click on Add Role button, Enter Mandatory fields and click on save button" library="PROD-8_Support">
<status status="NOT RUN" starttime="20240306 12:07:52.826" endtime="20240306 12:07:52.826"/>
</kw>
<kw name="Then Click on the Search bar and Enter Invalid product Squad Role name" library="PROD-8_Support">
<status status="NOT RUN" starttime="20240306 12:07:52.826" endtime="20240306 12:07:52.826"/>
</kw>
<kw name="Then Click on the Search bar and Enter Valid Product Squad role name" library="PROD-8_Support">
<status status="NOT RUN" starttime="20240306 12:07:52.826" endtime="20240306 12:07:52.826"/>
</kw>
<kw name="Then Click on Edit button in Kebab button,Enter the data and Click on Cancel button" library="PROD-8_Support">
<status status="NOT RUN" starttime="20240306 12:07:52.826" endtime="20240306 12:07:52.826"/>
</kw>
<kw name="Then Click on Edit button in Kebab button, Enter the data and Click on Save button" library="PROD-8_Support">
<status status="NOT RUN" starttime="20240306 12:07:52.826" endtime="20240306 12:07:52.826"/>
</kw>
<kw name="Then Click on Delete Button in Kebab button and Click on Cancel Button" library="PROD-8_Support">
<status status="NOT RUN" starttime="20240306 12:07:52.826" endtime="20240306 12:07:52.826"/>
</kw>
<kw name="Then Click on Delete Button in Kebab button and Click on Save Button" library="PROD-8_Support">
<status status="NOT RUN" starttime="20240306 12:07:52.826" endtime="20240306 12:07:52.827"/>
</kw>
<kw name="And Close the Browser" library="PROD-8_Support">
<status status="NOT RUN" starttime="20240306 12:07:52.827" endtime="20240306 12:07:52.827"/>
</kw>
<doc>Product Squad Role Create,Search,Edit and Delete</doc>
<tag>Name:Amritha</tag>
<tag>PROD-8</tag>
<tag>Test</tag>
<status status="FAIL" starttime="20240306 12:07:52.800" endtime="20240306 12:07:52.827">No keyword with name 'Use Encryption Key' found.</status>
</test>
<doc>Create,Search,Edit and Delete Product Squad Role JIRA ID - PROD-8</doc>
<status status="FAIL" starttime="20240306 12:07:52.251" endtime="20240306 12:07:52.827"/>
</suite>
<status status="FAIL" starttime="20240306 12:07:52.246" endtime="20240306 12:07:52.828"/>
</suite>
<status status="FAIL" starttime="20240306 12:07:52.193" endtime="20240306 12:07:52.830"/>
</suite>
<statistics>
<total>
<stat pass="0" fail="1" skip="0">All Tests</stat>
</total>
<tag>
<stat pass="0" fail="1" skip="0">Name:Amritha</stat>
<stat pass="0" fail="1" skip="0">PROD-8</stat>
<stat pass="0" fail="1" skip="0">Test</stat>
</tag>
<suite>
<stat pass="0" fail="1" skip="0" id="s1" name="Productor">Productor</stat>
<stat pass="0" fail="1" skip="0" id="s1-s1" name="Testcase">Productor.Testcase</stat>
<stat pass="0" fail="1" skip="0" id="s1-s1-s1" name="PROD-8">Productor.Testcase.PROD-8</stat>
</suite>
</statistics>
<errors>
<msg timestamp="20240306 12:07:52.188" level="ERROR">Taking listener 'allure_robotframework' into use failed: Importing listener 'allure_robotframework' failed: ModuleNotFoundError: No module named 'allure_robotframework'
Traceback (most recent call last):
  None
PYTHONPATH:
  C:\Productor\.venv\Scripts\robot.exe
  C:\Users\crazy\AppData\Local\Programs\Python\Python310\python310.zip
  C:\Users\crazy\AppData\Local\Programs\Python\Python310\DLLs
  C:\Users\crazy\AppData\Local\Programs\Python\Python310\lib
  C:\Users\crazy\AppData\Local\Programs\Python\Python310
  C:\Productor\.venv
  C:\Productor\.venv\lib\site-packages</msg>
<msg timestamp="20240306 12:07:52.781" level="ERROR">Error in file 'C:\Productor\Resources\Login.robot' on line 4: Importing library 'RPA.JSON' failed: ModuleNotFoundError: No module named 'RPA'
Traceback (most recent call last):
  None
PYTHONPATH:
  C:\Productor\.venv\Scripts\robot.exe
  C:\Users\crazy\AppData\Local\Programs\Python\Python310\python310.zip
  C:\Users\crazy\AppData\Local\Programs\Python\Python310\DLLs
  C:\Users\crazy\AppData\Local\Programs\Python\Python310\lib
  C:\Users\crazy\AppData\Local\Programs\Python\Python310
  C:\Productor\.venv
  C:\Productor\.venv\lib\site-packages</msg>
<msg timestamp="20240306 12:07:52.783" level="ERROR">Error in file 'C:\Productor\Resources\Login.robot' on line 5: Importing library 'RPA.Crypto' failed: ModuleNotFoundError: No module named 'RPA'
Traceback (most recent call last):
  None
PYTHONPATH:
  C:\Productor\.venv\Scripts\robot.exe
  C:\Users\crazy\AppData\Local\Programs\Python\Python310\python310.zip
  C:\Users\crazy\AppData\Local\Programs\Python\Python310\DLLs
  C:\Users\crazy\AppData\Local\Programs\Python\Python310\lib
  C:\Users\crazy\AppData\Local\Programs\Python\Python310
  C:\Productor\.venv
  C:\Productor\.venv\lib\site-packages</msg>
</errors>
</robot>
