<?xml version="1.0" encoding="UTF-8"?>
<robot generator="Robot 6.0.2 (Python 3.10.0 on win32)" generated="20240205 15:42:55.334" rpa="false" schemaversion="3">
<suite id="s1" name="Productor" source="C:\Productor">
<kw name="Setup" type="SETUP">
<kw name="Log" library="BuiltIn">
<arg>start to run</arg>
<doc>Logs the given message with the given level.</doc>
<msg timestamp="20240205 15:42:55.587" level="INFO">start to run</msg>
<status status="PASS" starttime="20240205 15:42:55.587" endtime="20240205 15:42:55.587"/>
</kw>
<status status="PASS" starttime="20240205 15:42:55.587" endtime="20240205 15:42:55.587"/>
</kw>
<suite id="s1-s1" name="Testcase" source="C:\Productor\Testcase">
<suite id="s1-s1-s1" name="PROD-5" source="C:\Productor\Testcase\PROD-5.robot">
<test id="s1-s1-s1-t1" name="Category" line="9">
<kw name="Given Login into application" library="PROD-5_Support">
<arg>${username002}</arg>
<kw name="Verify an application should be opened" library="PROD-5_Support">
<arg>${username}</arg>
<kw name="Login Application" library="Login">
<arg>${username}</arg>
<doc>Using this keyword we can login Productor Application.</doc>
<kw name="Get File" library="OperatingSystem">
<var>${json_data}</var>
<arg>Data/password.json</arg>
<doc>Returns the contents of a specified file.</doc>
<msg timestamp="20240205 15:42:55.953" level="INFO" html="true">Getting file '&lt;a href="file://C:\Productor\Data\password.json"&gt;C:\Productor\Data\password.json&lt;/a&gt;'.</msg>
<msg timestamp="20240205 15:42:55.953" level="INFO">${json_data} = {
    "Tparthi@valuefactors.io": "gAAAAABlrkVsEdFMiMlTdK5zUdkIrh2gW0m7VKitqu1yc05zjvhEtgtLf1WAMAOHRJpwgI8mhU9rPO9To7wrVhBmzNtn6JJSqg==",
    "neeraj@codebyte.solutions": "gAAAAABlvf_wHd_s-rfaDVYJP09Sz...</msg>
<status status="PASS" starttime="20240205 15:42:55.953" endtime="20240205 15:42:55.953"/>
</kw>
<kw name="Evaluate" library="BuiltIn">
<var>${object}</var>
<arg>json.loads('''${json_data}''')</arg>
<arg>json</arg>
<doc>Evaluates the given expression in Python and returns the result.</doc>
<msg timestamp="20240205 15:42:55.957" level="INFO">${object} = {'Tparthi@valuefactors.io': 'gAAAAABlrkVsEdFMiMlTdK5zUdkIrh2gW0m7VKitqu1yc05zjvhEtgtLf1WAMAOHRJpwgI8mhU9rPO9To7wrVhBmzNtn6JJSqg==', 'neeraj@codebyte.solutions': 'gAAAAABlvf_wHd_s-rfaDVYJP09SzZmO4H8t5J...</msg>
<status status="PASS" starttime="20240205 15:42:55.953" endtime="20240205 15:42:55.957"/>
</kw>
<kw name="Set Variable" library="BuiltIn">
<var>${encry}</var>
<arg>${object['${username}']}</arg>
<doc>Returns the given values which can then be assigned to a variables.</doc>
<msg timestamp="20240205 15:42:55.958" level="INFO">${encry} = gAAAAABlvf_wHd_s-rfaDVYJP09SzZmO4H8t5J09u-ZvB3nvy4zPznfgWrIF25Uq0ihXWaVr3yq0MSlnkAximgkzjaHawUJIXA==</msg>
<status status="PASS" starttime="20240205 15:42:55.957" endtime="20240205 15:42:55.958"/>
</kw>
<kw name="Evaluate" library="BuiltIn">
<var>${options}</var>
<arg>sys.modules['selenium.webdriver'].EdgeOptions()</arg>
<arg>sys,selenium.webdriver</arg>
<doc>Evaluates the given expression in Python and returns the result.</doc>
<msg timestamp="20240205 15:42:55.958" level="INFO">${options} = &lt;selenium.webdriver.edge.options.Options object at 0x000001B9F7493640&gt;</msg>
<status status="PASS" starttime="20240205 15:42:55.958" endtime="20240205 15:42:55.958"/>
</kw>
<kw name="Call Method" library="BuiltIn">
<arg>${options}</arg>
<arg>add_argument</arg>
<arg>inprivate</arg>
<doc>Calls the named method of the given object with the provided arguments.</doc>
<status status="PASS" starttime="20240205 15:42:55.958" endtime="20240205 15:42:55.958"/>
</kw>
<kw name="Create Webdriver" library="SeleniumLibrary">
<var>${driver}</var>
<arg>Edge</arg>
<arg>options=${options}</arg>
<doc>Creates an instance of Selenium WebDriver.</doc>
<msg timestamp="20240205 15:42:55.961" level="INFO">Creating an instance of the Edge WebDriver.</msg>
<msg timestamp="20240205 15:42:59.557" level="INFO">${driver} = 1</msg>
<status status="PASS" starttime="20240205 15:42:55.958" endtime="20240205 15:42:59.557"/>
</kw>
<kw name="Go To" library="SeleniumLibrary">
<arg>${Productor_Url}</arg>
<doc>Navigates the current browser window to the provided ``url``.</doc>
<msg timestamp="20240205 15:42:59.561" level="INFO">Opening url 'https://predev-productor.valuefactors.io/auth/login/'</msg>
<status status="PASS" starttime="20240205 15:42:59.561" endtime="20240205 15:43:02.454"/>
</kw>
<kw name="Maximize Browser Window" library="SeleniumLibrary">
<doc>Maximizes current browser window.</doc>
<status status="PASS" starttime="20240205 15:43:02.454" endtime="20240205 15:43:02.594"/>
</kw>
<kw name="Set Selenium Speed" library="SeleniumLibrary">
<arg>1</arg>
<doc>Sets the delay that is waited after each Selenium command.</doc>
<status status="PASS" starttime="20240205 15:43:02.594" endtime="20240205 15:43:02.594"/>
</kw>
<kw name="Wait Until Page Contains Element" library="SeleniumLibrary">
<arg>${Input_Username}</arg>
<arg>50</arg>
<doc>Waits until the element ``locator`` appears on the current page.</doc>
<status status="PASS" starttime="20240205 15:43:02.598" endtime="20240205 15:43:03.641"/>
</kw>
<kw name="Press Keys" library="SeleniumLibrary">
<arg>${Input_Username}</arg>
<arg>${username}</arg>
<doc>Simulates the user pressing key(s) to an element or on the active browser.</doc>
<msg timestamp="20240205 15:43:03.642" level="INFO">Sending key(s) ('neeraj@codebyte.solutions',) to //input[@id="auth-email-id"] element.</msg>
<msg timestamp="20240205 15:43:05.998" level="INFO">Sending keys neeraj@codebyte.solutions</msg>
<status status="PASS" starttime="20240205 15:43:03.642" endtime="20240205 15:43:07.153"/>
</kw>
<kw name="Use Encryption Key" library="RPA.Crypto">
<arg>${public_key}</arg>
<doc>Set key for all following encryption/decryption operations.</doc>
<msg timestamp="20240205 15:43:07.154" level="INFO">Protecting keyword: RPA.Crypto.Use Encryption Key</msg>
<msg timestamp="20240205 15:43:07.157" level="INFO">Log level changed from NONE to INFO.</msg>
<status status="PASS" starttime="20240205 15:43:07.154" endtime="20240205 15:43:07.154"/>
</kw>
<kw name="Decrypt String" library="RPA.Crypto">
<var>${Decry}</var>
<arg>${encry}</arg>
<doc>Decrypt a string.</doc>
<msg timestamp="20240205 15:43:07.165" level="INFO">${Decry} = Test123$%^</msg>
<status status="PASS" starttime="20240205 15:43:07.157" endtime="20240205 15:43:07.165"/>
</kw>
<kw name="Log" library="BuiltIn">
<arg>${Decry}</arg>
<doc>Logs the given message with the given level.</doc>
<msg timestamp="20240205 15:43:07.165" level="INFO">Test123$%^</msg>
<status status="PASS" starttime="20240205 15:43:07.165" endtime="20240205 15:43:07.165"/>
</kw>
<kw name="Press Keys" library="SeleniumLibrary">
<arg>${Input_Password}</arg>
<arg>${Decry}</arg>
<doc>Simulates the user pressing key(s) to an element or on the active browser.</doc>
<msg timestamp="20240205 15:43:07.165" level="INFO">Sending key(s) ('Test123$%^',) to //input[@id="auth-password"] element.</msg>
<msg timestamp="20240205 15:43:09.500" level="INFO">Sending keys Test123$%^</msg>
<status status="PASS" starttime="20240205 15:43:07.165" endtime="20240205 15:43:10.585"/>
</kw>
<kw name="Wait Until Element is present then click the element" library="common_1">
<arg>${BTN_Login}</arg>
<doc>Using this keyword we can perform click Element</doc>
<kw name="Wait Until Page Contains Element" library="SeleniumLibrary">
<arg>${Element}</arg>
<arg>50</arg>
<doc>Waits until the element ``locator`` appears on the current page.</doc>
<status status="PASS" starttime="20240205 15:43:10.586" endtime="20240205 15:43:11.612"/>
</kw>
<kw name="Wait Until Keyword Succeeds" library="BuiltIn">
<arg>6</arg>
<arg>7</arg>
<arg>Click Element</arg>
<arg>${Element}</arg>
<doc>Runs the specified keyword and retries if it fails.</doc>
<kw name="Click Element" library="SeleniumLibrary">
<arg>${Element}</arg>
<doc>Click the element identified by ``locator``.</doc>
<msg timestamp="20240205 15:43:11.612" level="INFO">Clicking element '//p[text()="Sign In"]/parent::button'.</msg>
<status status="PASS" starttime="20240205 15:43:11.612" endtime="20240205 15:43:14.124"/>
</kw>
<status status="PASS" starttime="20240205 15:43:11.612" endtime="20240205 15:43:14.124"/>
</kw>
<status status="PASS" starttime="20240205 15:43:10.586" endtime="20240205 15:43:14.124"/>
</kw>
<status status="PASS" starttime="20240205 15:42:55.953" endtime="20240205 15:43:14.126"/>
</kw>
<status status="PASS" starttime="20240205 15:42:55.953" endtime="20240205 15:43:14.126"/>
</kw>
<status status="PASS" starttime="20240205 15:42:55.953" endtime="20240205 15:43:14.126"/>
</kw>
<kw name="When Click on the System Settings Icon" library="PROD-5_Support">
<kw name="Verify it should display Finance Configuration Tab by Default" library="PROD-5_Support">
<kw name="Wait Until Element is present then click the element" library="common_1">
<arg>${Icon_SystemSettings}</arg>
<doc>Using this keyword we can perform click Element</doc>
<kw name="Wait Until Page Contains Element" library="SeleniumLibrary">
<arg>${Element}</arg>
<arg>50</arg>
<doc>Waits until the element ``locator`` appears on the current page.</doc>
<status status="PASS" starttime="20240205 15:43:14.134" endtime="20240205 15:43:18.888"/>
</kw>
<kw name="Wait Until Keyword Succeeds" library="BuiltIn">
<arg>6</arg>
<arg>7</arg>
<arg>Click Element</arg>
<arg>${Element}</arg>
<doc>Runs the specified keyword and retries if it fails.</doc>
<kw name="Click Element" library="SeleniumLibrary">
<arg>${Element}</arg>
<doc>Click the element identified by ``locator``.</doc>
<msg timestamp="20240205 15:43:18.894" level="INFO">Clicking element '//span[@id="icon-System Settings"]'.</msg>
<status status="PASS" starttime="20240205 15:43:18.893" endtime="20240205 15:43:21.239"/>
</kw>
<status status="PASS" starttime="20240205 15:43:18.888" endtime="20240205 15:43:21.239"/>
</kw>
<status status="PASS" starttime="20240205 15:43:14.130" endtime="20240205 15:43:21.239"/>
</kw>
<status status="PASS" starttime="20240205 15:43:14.130" endtime="20240205 15:43:21.239"/>
</kw>
<status status="PASS" starttime="20240205 15:43:14.126" endtime="20240205 15:43:21.239"/>
</kw>
<kw name="Then Click on Add Category button, Don't enter Mandatory fields and Click on cancel button" library="PROD-5_Support">
<kw name="Verify Save Button should be disabled and Category shouldn't be created" library="PROD-5_Support">
<kw name="Add Category" library="common_1">
<arg>${TC02_Category_name}</arg>
<arg>${TC02_Category_Description}</arg>
<doc>Using this keyword we can add a category</doc>
<kw name="Wait Until Element is present then click the element" library="common_1">
<arg>${BTN_Add_Category}</arg>
<doc>Using this keyword we can perform click Element</doc>
<kw name="Wait Until Page Contains Element" library="SeleniumLibrary">
<arg>${Element}</arg>
<arg>50</arg>
<doc>Waits until the element ``locator`` appears on the current page.</doc>
<status status="PASS" starttime="20240205 15:43:21.243" endtime="20240205 15:43:22.277"/>
</kw>
<kw name="Wait Until Keyword Succeeds" library="BuiltIn">
<arg>6</arg>
<arg>7</arg>
<arg>Click Element</arg>
<arg>${Element}</arg>
<doc>Runs the specified keyword and retries if it fails.</doc>
<kw name="Click Element" library="SeleniumLibrary">
<arg>${Element}</arg>
<doc>Click the element identified by ``locator``.</doc>
<msg timestamp="20240205 15:43:22.277" level="INFO">Clicking element '//button[@id="finance-add-category"]'.</msg>
<status status="PASS" starttime="20240205 15:43:22.277" endtime="20240205 15:43:24.394"/>
</kw>
<status status="PASS" starttime="20240205 15:43:22.277" endtime="20240205 15:43:24.394"/>
</kw>
<status status="PASS" starttime="20240205 15:43:21.243" endtime="20240205 15:43:24.395"/>
</kw>
<kw name="Wait Until Page Contains Element" library="SeleniumLibrary">
<arg>${Input_Category_name}</arg>
<arg>50</arg>
<doc>Waits until the element ``locator`` appears on the current page.</doc>
<status status="PASS" starttime="20240205 15:43:24.395" endtime="20240205 15:43:25.429"/>
</kw>
<kw name="Input Text" library="SeleniumLibrary">
<arg>${Input_Category_name}</arg>
<arg>${name}</arg>
<doc>Types the given ``text`` into the text field identified by ``locator``.</doc>
<msg timestamp="20240205 15:43:25.431" level="INFO">Typing text 'TC02_Category' into text field '//input[@id="finance-config-category-name"]'.</msg>
<status status="PASS" starttime="20240205 15:43:25.430" endtime="20240205 15:43:29.145"/>
</kw>
<kw name="Wait Until Page Contains Element" library="SeleniumLibrary">
<arg>${Input_Category_Description}</arg>
<arg>50</arg>
<doc>Waits until the element ``locator`` appears on the current page.</doc>
<status status="PASS" starttime="20240205 15:43:29.146" endtime="20240205 15:43:30.175"/>
</kw>
<kw name="Input Text" library="SeleniumLibrary">
<arg>${Input_Category_Description}</arg>
<arg>${Description}</arg>
<doc>Types the given ``text`` into the text field identified by ``locator``.</doc>
<msg timestamp="20240205 15:43:30.175" level="INFO">Typing text 'TC02_Category_description' into text field '//textarea[@id="finance-config-description"]'.</msg>
<status status="PASS" starttime="20240205 15:43:30.175" endtime="20240205 15:43:34.126"/>
</kw>
<status status="PASS" starttime="20240205 15:43:21.243" endtime="20240205 15:43:34.126"/>
</kw>
<kw name="Wait Until Element is present then click the element" library="common_1">
<arg>${BTN_Cancel}</arg>
<doc>Using this keyword we can perform click Element</doc>
<kw name="Wait Until Page Contains Element" library="SeleniumLibrary">
<arg>${Element}</arg>
<arg>50</arg>
<doc>Waits until the element ``locator`` appears on the current page.</doc>
<status status="PASS" starttime="20240205 15:43:34.126" endtime="20240205 15:43:35.162"/>
</kw>
<kw name="Wait Until Keyword Succeeds" library="BuiltIn">
<arg>6</arg>
<arg>7</arg>
<arg>Click Element</arg>
<arg>${Element}</arg>
<doc>Runs the specified keyword and retries if it fails.</doc>
<kw name="Click Element" library="SeleniumLibrary">
<arg>${Element}</arg>
<doc>Click the element identified by ``locator``.</doc>
<msg timestamp="20240205 15:43:35.162" level="INFO">Clicking element '//p[text()="Cancel"]/parent::button'.</msg>
<status status="PASS" starttime="20240205 15:43:35.162" endtime="20240205 15:43:37.293"/>
</kw>
<status status="PASS" starttime="20240205 15:43:35.162" endtime="20240205 15:43:37.293"/>
</kw>
<status status="PASS" starttime="20240205 15:43:34.126" endtime="20240205 15:43:37.294"/>
</kw>
<status status="PASS" starttime="20240205 15:43:21.239" endtime="20240205 15:43:37.294"/>
</kw>
<status status="PASS" starttime="20240205 15:43:21.239" endtime="20240205 15:43:37.294"/>
</kw>
<kw name="Then Click on Add Category button and enter Mandatory fields and Cick on Save button" library="PROD-5_Support">
<kw name="Verify Save button should be enabled and Category should be created" library="PROD-5_Support">
<kw name="Add Category" library="common_1">
<arg>${TC02_Category_name}</arg>
<arg>${TC02_Category_Description}</arg>
<doc>Using this keyword we can add a category</doc>
<kw name="Wait Until Element is present then click the element" library="common_1">
<arg>${BTN_Add_Category}</arg>
<doc>Using this keyword we can perform click Element</doc>
<kw name="Wait Until Page Contains Element" library="SeleniumLibrary">
<arg>${Element}</arg>
<arg>50</arg>
<doc>Waits until the element ``locator`` appears on the current page.</doc>
<status status="PASS" starttime="20240205 15:43:37.297" endtime="20240205 15:43:38.316"/>
</kw>
<kw name="Wait Until Keyword Succeeds" library="BuiltIn">
<arg>6</arg>
<arg>7</arg>
<arg>Click Element</arg>
<arg>${Element}</arg>
<doc>Runs the specified keyword and retries if it fails.</doc>
<kw name="Click Element" library="SeleniumLibrary">
<arg>${Element}</arg>
<doc>Click the element identified by ``locator``.</doc>
<msg timestamp="20240205 15:43:38.316" level="INFO">Clicking element '//button[@id="finance-add-category"]'.</msg>
<status status="PASS" starttime="20240205 15:43:38.316" endtime="20240205 15:43:40.405"/>
</kw>
<status status="PASS" starttime="20240205 15:43:38.316" endtime="20240205 15:43:40.406"/>
</kw>
<status status="PASS" starttime="20240205 15:43:37.297" endtime="20240205 15:43:40.406"/>
</kw>
<kw name="Wait Until Page Contains Element" library="SeleniumLibrary">
<arg>${Input_Category_name}</arg>
<arg>50</arg>
<doc>Waits until the element ``locator`` appears on the current page.</doc>
<status status="PASS" starttime="20240205 15:43:40.406" endtime="20240205 15:43:41.433"/>
</kw>
<kw name="Input Text" library="SeleniumLibrary">
<arg>${Input_Category_name}</arg>
<arg>${name}</arg>
<doc>Types the given ``text`` into the text field identified by ``locator``.</doc>
<msg timestamp="20240205 15:43:41.433" level="INFO">Typing text 'TC02_Category' into text field '//input[@id="finance-config-category-name"]'.</msg>
<status status="PASS" starttime="20240205 15:43:41.433" endtime="20240205 15:43:45.011"/>
</kw>
<kw name="Wait Until Page Contains Element" library="SeleniumLibrary">
<arg>${Input_Category_Description}</arg>
<arg>50</arg>
<doc>Waits until the element ``locator`` appears on the current page.</doc>
<status status="PASS" starttime="20240205 15:43:45.012" endtime="20240205 15:43:46.036"/>
</kw>
<kw name="Input Text" library="SeleniumLibrary">
<arg>${Input_Category_Description}</arg>
<arg>${Description}</arg>
<doc>Types the given ``text`` into the text field identified by ``locator``.</doc>
<msg timestamp="20240205 15:43:46.036" level="INFO">Typing text 'TC02_Category_description' into text field '//textarea[@id="finance-config-description"]'.</msg>
<status status="PASS" starttime="20240205 15:43:46.036" endtime="20240205 15:43:50.060"/>
</kw>
<status status="PASS" starttime="20240205 15:43:37.297" endtime="20240205 15:43:50.060"/>
</kw>
<kw name="Wait Until Element is present then click the element" library="common_1">
<arg>${BTN_Save}</arg>
<doc>Using this keyword we can perform click Element</doc>
<kw name="Wait Until Page Contains Element" library="SeleniumLibrary">
<arg>${Element}</arg>
<arg>50</arg>
<doc>Waits until the element ``locator`` appears on the current page.</doc>
<status status="PASS" starttime="20240205 15:43:50.060" endtime="20240205 15:43:51.093"/>
</kw>
<kw name="Wait Until Keyword Succeeds" library="BuiltIn">
<arg>6</arg>
<arg>7</arg>
<arg>Click Element</arg>
<arg>${Element}</arg>
<doc>Runs the specified keyword and retries if it fails.</doc>
<kw name="Click Element" library="SeleniumLibrary">
<arg>${Element}</arg>
<doc>Click the element identified by ``locator``.</doc>
<msg timestamp="20240205 15:43:51.093" level="INFO">Clicking element '//p[text()="Save"]/parent::button'.</msg>
<status status="PASS" starttime="20240205 15:43:51.093" endtime="20240205 15:43:53.253"/>
</kw>
<status status="PASS" starttime="20240205 15:43:51.093" endtime="20240205 15:43:53.254"/>
</kw>
<status status="PASS" starttime="20240205 15:43:50.060" endtime="20240205 15:43:53.254"/>
</kw>
<status status="PASS" starttime="20240205 15:43:37.294" endtime="20240205 15:43:53.254"/>
</kw>
<status status="PASS" starttime="20240205 15:43:37.294" endtime="20240205 15:43:53.254"/>
</kw>
<kw name="Then Click on the Search bar and Search by invalid Data" library="PROD-5_Support">
<kw name="Verify an error message shouble be display as &quot; No results found&quot;." library="PROD-5_Support">
<kw name="Search Category" library="common_1">
<arg>${TC02_Invalid_Category}</arg>
<doc>no need</doc>
<kw name="Wait Until Element is present then click the element" library="common_1">
<arg>${Search_FinanceConfiguration}</arg>
<doc>Using this keyword we can perform click Element</doc>
<kw name="Wait Until Page Contains Element" library="SeleniumLibrary">
<arg>${Element}</arg>
<arg>50</arg>
<doc>Waits until the element ``locator`` appears on the current page.</doc>
<status status="PASS" starttime="20240205 15:43:53.257" endtime="20240205 15:43:54.285"/>
</kw>
<kw name="Wait Until Keyword Succeeds" library="BuiltIn">
<arg>6</arg>
<arg>7</arg>
<arg>Click Element</arg>
<arg>${Element}</arg>
<doc>Runs the specified keyword and retries if it fails.</doc>
<kw name="Click Element" library="SeleniumLibrary">
<arg>${Element}</arg>
<doc>Click the element identified by ``locator``.</doc>
<msg timestamp="20240205 15:43:54.289" level="INFO">Clicking element '//input[@id="finance-config-search-input"]'.</msg>
<status status="PASS" starttime="20240205 15:43:54.285" endtime="20240205 15:43:56.397"/>
</kw>
<status status="PASS" starttime="20240205 15:43:54.285" endtime="20240205 15:43:56.397"/>
</kw>
<status status="PASS" starttime="20240205 15:43:53.257" endtime="20240205 15:43:56.397"/>
</kw>
<kw name="Press Keys" library="SeleniumLibrary">
<arg>${Search_FinanceConfiguration}</arg>
<arg>CTRL+A+BACKSPACE</arg>
<doc>Simulates the user pressing key(s) to an element or on the active browser.</doc>
<msg timestamp="20240205 15:43:56.397" level="INFO">Sending key(s) ('CTRL+A+BACKSPACE',) to //input[@id="finance-config-search-input"] element.</msg>
<msg timestamp="20240205 15:43:58.706" level="INFO">Pressing special key CONTROL down.</msg>
<msg timestamp="20240205 15:43:58.706" level="INFO">Sending key A</msg>
<msg timestamp="20240205 15:43:58.706" level="INFO">Pressing special key BACKSPACE down.</msg>
<msg timestamp="20240205 15:43:58.706" level="INFO">Releasing special key CONTROL.</msg>
<msg timestamp="20240205 15:43:58.706" level="INFO">Releasing special key BACKSPACE.</msg>
<status status="PASS" starttime="20240205 15:43:56.397" endtime="20240205 15:43:59.744"/>
</kw>
<kw name="Press Keys" library="SeleniumLibrary">
<arg>${Search_FinanceConfiguration}</arg>
<arg>${Name}</arg>
<doc>Simulates the user pressing key(s) to an element or on the active browser.</doc>
<msg timestamp="20240205 15:43:59.744" level="INFO">Sending key(s) ('TC002_Category',) to //input[@id="finance-config-search-input"] element.</msg>
<msg timestamp="20240205 15:44:02.054" level="INFO">Sending keys TC002_Category</msg>
<status status="PASS" starttime="20240205 15:43:59.744" endtime="20240205 15:44:03.328"/>
</kw>
<status status="PASS" starttime="20240205 15:43:53.257" endtime="20240205 15:44:03.329"/>
</kw>
<kw name="Check element is present" library="common_1">
<arg>${TXT_Category_NO_DATA}</arg>
<kw name="Wait Until Page Contains Element" library="SeleniumLibrary">
<arg>${element}</arg>
<arg>50</arg>
<doc>Waits until the element ``locator`` appears on the current page.</doc>
<status status="PASS" starttime="20240205 15:44:03.329" endtime="20240205 15:44:05.589"/>
</kw>
<kw name="Page Should Contain Element" library="SeleniumLibrary">
<arg>${element}</arg>
<doc>Verifies that element ``locator`` is found on the current page.</doc>
<msg timestamp="20240205 15:44:06.619" level="INFO">Current page contains element '//p[text()="No records to display"]'.</msg>
<status status="PASS" starttime="20240205 15:44:05.589" endtime="20240205 15:44:06.620"/>
</kw>
<status status="PASS" starttime="20240205 15:44:03.329" endtime="20240205 15:44:06.620"/>
</kw>
<status status="PASS" starttime="20240205 15:43:53.257" endtime="20240205 15:44:06.620"/>
</kw>
<status status="PASS" starttime="20240205 15:43:53.254" endtime="20240205 15:44:06.620"/>
</kw>
<kw name="Then Click on the Search bar and Search by which is created previously" library="PROD-5_Support">
<kw name="Verify if Category Record should be Filtered and Displayed" library="PROD-5_Support">
<kw name="Search Category" library="common_1">
<arg>${TC02_Category_name}</arg>
<doc>no need</doc>
<kw name="Wait Until Element is present then click the element" library="common_1">
<arg>${Search_FinanceConfiguration}</arg>
<doc>Using this keyword we can perform click Element</doc>
<kw name="Wait Until Page Contains Element" library="SeleniumLibrary">
<arg>${Element}</arg>
<arg>50</arg>
<doc>Waits until the element ``locator`` appears on the current page.</doc>
<status status="PASS" starttime="20240205 15:44:06.624" endtime="20240205 15:44:07.656"/>
</kw>
<kw name="Wait Until Keyword Succeeds" library="BuiltIn">
<arg>6</arg>
<arg>7</arg>
<arg>Click Element</arg>
<arg>${Element}</arg>
<doc>Runs the specified keyword and retries if it fails.</doc>
<kw name="Click Element" library="SeleniumLibrary">
<arg>${Element}</arg>
<doc>Click the element identified by ``locator``.</doc>
<msg timestamp="20240205 15:44:07.660" level="INFO">Clicking element '//input[@id="finance-config-search-input"]'.</msg>
<status status="PASS" starttime="20240205 15:44:07.656" endtime="20240205 15:44:09.739"/>
</kw>
<status status="PASS" starttime="20240205 15:44:07.656" endtime="20240205 15:44:09.740"/>
</kw>
<status status="PASS" starttime="20240205 15:44:06.624" endtime="20240205 15:44:09.740"/>
</kw>
<kw name="Press Keys" library="SeleniumLibrary">
<arg>${Search_FinanceConfiguration}</arg>
<arg>CTRL+A+BACKSPACE</arg>
<doc>Simulates the user pressing key(s) to an element or on the active browser.</doc>
<msg timestamp="20240205 15:44:09.743" level="INFO">Sending key(s) ('CTRL+A+BACKSPACE',) to //input[@id="finance-config-search-input"] element.</msg>
<msg timestamp="20240205 15:44:12.050" level="INFO">Pressing special key CONTROL down.</msg>
<msg timestamp="20240205 15:44:12.051" level="INFO">Sending key A</msg>
<msg timestamp="20240205 15:44:12.051" level="INFO">Pressing special key BACKSPACE down.</msg>
<msg timestamp="20240205 15:44:12.051" level="INFO">Releasing special key CONTROL.</msg>
<msg timestamp="20240205 15:44:12.051" level="INFO">Releasing special key BACKSPACE.</msg>
<status status="PASS" starttime="20240205 15:44:09.740" endtime="20240205 15:44:13.095"/>
</kw>
<kw name="Press Keys" library="SeleniumLibrary">
<arg>${Search_FinanceConfiguration}</arg>
<arg>${Name}</arg>
<doc>Simulates the user pressing key(s) to an element or on the active browser.</doc>
<msg timestamp="20240205 15:44:13.096" level="INFO">Sending key(s) ('TC02_Category',) to //input[@id="finance-config-search-input"] element.</msg>
<msg timestamp="20240205 15:44:15.405" level="INFO">Sending keys TC02_Category</msg>
<status status="PASS" starttime="20240205 15:44:13.096" endtime="20240205 15:44:16.709"/>
</kw>
<status status="PASS" starttime="20240205 15:44:06.624" endtime="20240205 15:44:16.710"/>
</kw>
<kw name="Verify a Category is displayed" library="common_1">
<arg>${TC02_Category_name}</arg>
<doc>Using this keyword we can Filter Category name</doc>
<kw name="Format String" library="String">
<var>${Category}</var>
<arg>${Category_name}</arg>
<arg>name=${name}</arg>
<doc>Formats a ``template`` using the given ``positional`` and ``named`` arguments.</doc>
<msg timestamp="20240205 15:44:16.710" level="INFO">${Category} = //td[@id="custom-id-TC02_Category"]/..</msg>
<status status="PASS" starttime="20240205 15:44:16.710" endtime="20240205 15:44:16.710"/>
</kw>
<kw name="Check element is present" library="common_1">
<arg>${Category}</arg>
<kw name="Wait Until Page Contains Element" library="SeleniumLibrary">
<arg>${element}</arg>
<arg>50</arg>
<doc>Waits until the element ``locator`` appears on the current page.</doc>
<status status="PASS" starttime="20240205 15:44:16.713" endtime="20240205 15:44:17.748"/>
</kw>
<kw name="Page Should Contain Element" library="SeleniumLibrary">
<arg>${element}</arg>
<doc>Verifies that element ``locator`` is found on the current page.</doc>
<msg timestamp="20240205 15:44:18.765" level="INFO">Current page contains element '//td[@id="custom-id-TC02_Category"]/..'.</msg>
<status status="PASS" starttime="20240205 15:44:17.748" endtime="20240205 15:44:18.765"/>
</kw>
<status status="PASS" starttime="20240205 15:44:16.713" endtime="20240205 15:44:18.765"/>
</kw>
<status status="PASS" starttime="20240205 15:44:16.710" endtime="20240205 15:44:18.765"/>
</kw>
<status status="PASS" starttime="20240205 15:44:06.624" endtime="20240205 15:44:18.765"/>
</kw>
<status status="PASS" starttime="20240205 15:44:06.620" endtime="20240205 15:44:18.765"/>
</kw>
<kw name="Then Click on Edit button in the More icon and Click on Cancel Button" library="PROD-5_Support">
<kw name="Verify if category Fields should not be changed" library="PROD-5_Support">
<kw name="Click the Kebab button Category" library="common_1">
<arg>${TC02_Category_name}</arg>
<doc>Using this keyword we can click the kebab button</doc>
<kw name="Format String" library="String">
<var>${Category_more_option}</var>
<arg>${BTN_Category_More}</arg>
<arg>name=${name}</arg>
<doc>Formats a ``template`` using the given ``positional`` and ``named`` arguments.</doc>
<msg timestamp="20240205 15:44:18.770" level="INFO">${Category_more_option} = //div[@id="more-btn-TC02_Category"]</msg>
<status status="PASS" starttime="20240205 15:44:18.770" endtime="20240205 15:44:18.770"/>
</kw>
<kw name="Wait Until Element is present then click the element" library="common_1">
<arg>${Category_more_option}</arg>
<doc>Using this keyword we can perform click Element</doc>
<kw name="Wait Until Page Contains Element" library="SeleniumLibrary">
<arg>${Element}</arg>
<arg>50</arg>
<doc>Waits until the element ``locator`` appears on the current page.</doc>
<status status="PASS" starttime="20240205 15:44:18.773" endtime="20240205 15:44:19.800"/>
</kw>
<kw name="Wait Until Keyword Succeeds" library="BuiltIn">
<arg>6</arg>
<arg>7</arg>
<arg>Click Element</arg>
<arg>${Element}</arg>
<doc>Runs the specified keyword and retries if it fails.</doc>
<kw name="Click Element" library="SeleniumLibrary">
<arg>${Element}</arg>
<doc>Click the element identified by ``locator``.</doc>
<msg timestamp="20240205 15:44:19.804" level="INFO">Clicking element '//div[@id="more-btn-TC02_Category"]'.</msg>
<status status="PASS" starttime="20240205 15:44:19.804" endtime="20240205 15:44:21.911"/>
</kw>
<status status="PASS" starttime="20240205 15:44:19.800" endtime="20240205 15:44:21.911"/>
</kw>
<status status="PASS" starttime="20240205 15:44:18.773" endtime="20240205 15:44:21.911"/>
</kw>
<status status="PASS" starttime="20240205 15:44:18.770" endtime="20240205 15:44:21.911"/>
</kw>
<kw name="Edit Category" library="common_1">
<arg>${TC02_Category_name}</arg>
<arg>${TC02_Category_name_new}</arg>
<arg>${TC02_Category_Description_new}</arg>
<doc>Using this Keyword we can Editing Category name</doc>
<kw name="Format String" library="String">
<var>${Category_edit}</var>
<arg>${BTN_Category_Edit}</arg>
<arg>name=${name}</arg>
<doc>Formats a ``template`` using the given ``positional`` and ``named`` arguments.</doc>
<msg timestamp="20240205 15:44:21.915" level="INFO">${Category_edit} = //li[@id="edit-TC02_Category"]</msg>
<status status="PASS" starttime="20240205 15:44:21.915" endtime="20240205 15:44:21.915"/>
</kw>
<kw name="Wait Until Element is present then click the element" library="common_1">
<arg>${Category_edit}</arg>
<doc>Using this keyword we can perform click Element</doc>
<kw name="Wait Until Page Contains Element" library="SeleniumLibrary">
<arg>${Element}</arg>
<arg>50</arg>
<doc>Waits until the element ``locator`` appears on the current page.</doc>
<status status="PASS" starttime="20240205 15:44:21.915" endtime="20240205 15:44:22.944"/>
</kw>
<kw name="Wait Until Keyword Succeeds" library="BuiltIn">
<arg>6</arg>
<arg>7</arg>
<arg>Click Element</arg>
<arg>${Element}</arg>
<doc>Runs the specified keyword and retries if it fails.</doc>
<kw name="Click Element" library="SeleniumLibrary">
<arg>${Element}</arg>
<doc>Click the element identified by ``locator``.</doc>
<msg timestamp="20240205 15:44:22.944" level="INFO">Clicking element '//li[@id="edit-TC02_Category"]'.</msg>
<status status="PASS" starttime="20240205 15:44:22.944" endtime="20240205 15:44:25.056"/>
</kw>
<status status="PASS" starttime="20240205 15:44:22.944" endtime="20240205 15:44:25.056"/>
</kw>
<status status="PASS" starttime="20240205 15:44:21.915" endtime="20240205 15:44:25.056"/>
</kw>
<kw name="Press Keys" library="SeleniumLibrary">
<arg>${Input_Category_name}</arg>
<arg>CTRL+A+BACKSPACE</arg>
<doc>Simulates the user pressing key(s) to an element or on the active browser.</doc>
<msg timestamp="20240205 15:44:25.060" level="INFO">Sending key(s) ('CTRL+A+BACKSPACE',) to //input[@id="finance-config-category-name"] element.</msg>
<msg timestamp="20240205 15:44:27.365" level="INFO">Pressing special key CONTROL down.</msg>
<msg timestamp="20240205 15:44:27.365" level="INFO">Sending key A</msg>
<msg timestamp="20240205 15:44:27.365" level="INFO">Pressing special key BACKSPACE down.</msg>
<msg timestamp="20240205 15:44:27.365" level="INFO">Releasing special key CONTROL.</msg>
<msg timestamp="20240205 15:44:27.365" level="INFO">Releasing special key BACKSPACE.</msg>
<status status="PASS" starttime="20240205 15:44:25.056" endtime="20240205 15:44:28.423"/>
</kw>
<kw name="Press Keys" library="SeleniumLibrary">
<arg>${Input_Category_name}</arg>
<arg>${name1}</arg>
<doc>Simulates the user pressing key(s) to an element or on the active browser.</doc>
<msg timestamp="20240205 15:44:28.423" level="INFO">Sending key(s) ('TC02_Cateorynew',) to //input[@id="finance-config-category-name"] element.</msg>
<msg timestamp="20240205 15:44:30.774" level="INFO">Sending keys TC02_Cateorynew</msg>
<status status="PASS" starttime="20240205 15:44:28.423" endtime="20240205 15:44:32.142"/>
</kw>
<kw name="Press Keys" library="SeleniumLibrary">
<arg>${Input_Category_Description}</arg>
<arg>CTRL+A+BACKSPACE</arg>
<doc>Simulates the user pressing key(s) to an element or on the active browser.</doc>
<msg timestamp="20240205 15:44:32.142" level="INFO">Sending key(s) ('CTRL+A+BACKSPACE',) to //textarea[@id="finance-config-description"] element.</msg>
<msg timestamp="20240205 15:44:34.476" level="INFO">Pressing special key CONTROL down.</msg>
<msg timestamp="20240205 15:44:34.476" level="INFO">Sending key A</msg>
<msg timestamp="20240205 15:44:34.476" level="INFO">Pressing special key BACKSPACE down.</msg>
<msg timestamp="20240205 15:44:34.476" level="INFO">Releasing special key CONTROL.</msg>
<msg timestamp="20240205 15:44:34.476" level="INFO">Releasing special key BACKSPACE.</msg>
<status status="PASS" starttime="20240205 15:44:32.142" endtime="20240205 15:44:35.519"/>
</kw>
<kw name="Press Keys" library="SeleniumLibrary">
<arg>${Input_Category_Description}</arg>
<arg>${Description2}</arg>
<doc>Simulates the user pressing key(s) to an element or on the active browser.</doc>
<msg timestamp="20240205 15:44:35.520" level="INFO">Sending key(s) ('TC02_Category_descriptionnew',) to //textarea[@id="finance-config-description"] element.</msg>
<msg timestamp="20240205 15:44:37.833" level="INFO">Sending keys TC02_Category_descriptionnew</msg>
<status status="PASS" starttime="20240205 15:44:35.520" endtime="20240205 15:44:39.440"/>
</kw>
<status status="PASS" starttime="20240205 15:44:21.911" endtime="20240205 15:44:39.441"/>
</kw>
<kw name="Wait Until Element is present then click the element" library="common_1">
<arg>${BTN_Cancel}</arg>
<doc>Using this keyword we can perform click Element</doc>
<kw name="Wait Until Page Contains Element" library="SeleniumLibrary">
<arg>${Element}</arg>
<arg>50</arg>
<doc>Waits until the element ``locator`` appears on the current page.</doc>
<status status="PASS" starttime="20240205 15:44:39.441" endtime="20240205 15:44:40.477"/>
</kw>
<kw name="Wait Until Keyword Succeeds" library="BuiltIn">
<arg>6</arg>
<arg>7</arg>
<arg>Click Element</arg>
<arg>${Element}</arg>
<doc>Runs the specified keyword and retries if it fails.</doc>
<kw name="Click Element" library="SeleniumLibrary">
<arg>${Element}</arg>
<doc>Click the element identified by ``locator``.</doc>
<msg timestamp="20240205 15:44:40.477" level="INFO">Clicking element '//p[text()="Cancel"]/parent::button'.</msg>
<status status="PASS" starttime="20240205 15:44:40.477" endtime="20240205 15:44:42.615"/>
</kw>
<status status="PASS" starttime="20240205 15:44:40.477" endtime="20240205 15:44:42.615"/>
</kw>
<status status="PASS" starttime="20240205 15:44:39.441" endtime="20240205 15:44:42.615"/>
</kw>
<status status="PASS" starttime="20240205 15:44:18.770" endtime="20240205 15:44:42.615"/>
</kw>
<status status="PASS" starttime="20240205 15:44:18.765" endtime="20240205 15:44:42.615"/>
</kw>
<kw name="Then Click on Edit button in the More icon and Click on Save Button" library="PROD-5_Support">
<kw name="verify if category Fields should be changed" library="PROD-5_Support">
<kw name="Click the Kebab button Category" library="common_1">
<arg>${TC02_Category_name}</arg>
<doc>Using this keyword we can click the kebab button</doc>
<kw name="Format String" library="String">
<var>${Category_more_option}</var>
<arg>${BTN_Category_More}</arg>
<arg>name=${name}</arg>
<doc>Formats a ``template`` using the given ``positional`` and ``named`` arguments.</doc>
<msg timestamp="20240205 15:44:42.623" level="INFO">${Category_more_option} = //div[@id="more-btn-TC02_Category"]</msg>
<status status="PASS" starttime="20240205 15:44:42.619" endtime="20240205 15:44:42.623"/>
</kw>
<kw name="Wait Until Element is present then click the element" library="common_1">
<arg>${Category_more_option}</arg>
<doc>Using this keyword we can perform click Element</doc>
<kw name="Wait Until Page Contains Element" library="SeleniumLibrary">
<arg>${Element}</arg>
<arg>50</arg>
<doc>Waits until the element ``locator`` appears on the current page.</doc>
<status status="PASS" starttime="20240205 15:44:42.623" endtime="20240205 15:44:43.646"/>
</kw>
<kw name="Wait Until Keyword Succeeds" library="BuiltIn">
<arg>6</arg>
<arg>7</arg>
<arg>Click Element</arg>
<arg>${Element}</arg>
<doc>Runs the specified keyword and retries if it fails.</doc>
<kw name="Click Element" library="SeleniumLibrary">
<arg>${Element}</arg>
<doc>Click the element identified by ``locator``.</doc>
<msg timestamp="20240205 15:44:43.646" level="INFO">Clicking element '//div[@id="more-btn-TC02_Category"]'.</msg>
<status status="PASS" starttime="20240205 15:44:43.646" endtime="20240205 15:44:45.725"/>
</kw>
<status status="PASS" starttime="20240205 15:44:43.646" endtime="20240205 15:44:45.725"/>
</kw>
<status status="PASS" starttime="20240205 15:44:42.623" endtime="20240205 15:44:45.725"/>
</kw>
<status status="PASS" starttime="20240205 15:44:42.619" endtime="20240205 15:44:45.725"/>
</kw>
<kw name="Edit Category" library="common_1">
<arg>${TC02_Category_name}</arg>
<arg>${TC02_Category_name_new}</arg>
<arg>${TC02_Category_Description_new}</arg>
<doc>Using this Keyword we can Editing Category name</doc>
<kw name="Format String" library="String">
<var>${Category_edit}</var>
<arg>${BTN_Category_Edit}</arg>
<arg>name=${name}</arg>
<doc>Formats a ``template`` using the given ``positional`` and ``named`` arguments.</doc>
<msg timestamp="20240205 15:44:45.729" level="INFO">${Category_edit} = //li[@id="edit-TC02_Category"]</msg>
<status status="PASS" starttime="20240205 15:44:45.729" endtime="20240205 15:44:45.729"/>
</kw>
<kw name="Wait Until Element is present then click the element" library="common_1">
<arg>${Category_edit}</arg>
<doc>Using this keyword we can perform click Element</doc>
<kw name="Wait Until Page Contains Element" library="SeleniumLibrary">
<arg>${Element}</arg>
<arg>50</arg>
<doc>Waits until the element ``locator`` appears on the current page.</doc>
<status status="PASS" starttime="20240205 15:44:45.729" endtime="20240205 15:44:46.748"/>
</kw>
<kw name="Wait Until Keyword Succeeds" library="BuiltIn">
<arg>6</arg>
<arg>7</arg>
<arg>Click Element</arg>
<arg>${Element}</arg>
<doc>Runs the specified keyword and retries if it fails.</doc>
<kw name="Click Element" library="SeleniumLibrary">
<arg>${Element}</arg>
<doc>Click the element identified by ``locator``.</doc>
<msg timestamp="20240205 15:44:46.753" level="INFO">Clicking element '//li[@id="edit-TC02_Category"]'.</msg>
<status status="PASS" starttime="20240205 15:44:46.750" endtime="20240205 15:44:48.891"/>
</kw>
<status status="PASS" starttime="20240205 15:44:46.750" endtime="20240205 15:44:48.891"/>
</kw>
<status status="PASS" starttime="20240205 15:44:45.729" endtime="20240205 15:44:48.891"/>
</kw>
<kw name="Press Keys" library="SeleniumLibrary">
<arg>${Input_Category_name}</arg>
<arg>CTRL+A+BACKSPACE</arg>
<doc>Simulates the user pressing key(s) to an element or on the active browser.</doc>
<msg timestamp="20240205 15:44:48.895" level="INFO">Sending key(s) ('CTRL+A+BACKSPACE',) to //input[@id="finance-config-category-name"] element.</msg>
<msg timestamp="20240205 15:44:51.219" level="INFO">Pressing special key CONTROL down.</msg>
<msg timestamp="20240205 15:44:51.219" level="INFO">Sending key A</msg>
<msg timestamp="20240205 15:44:51.219" level="INFO">Pressing special key BACKSPACE down.</msg>
<msg timestamp="20240205 15:44:51.219" level="INFO">Releasing special key CONTROL.</msg>
<msg timestamp="20240205 15:44:51.219" level="INFO">Releasing special key BACKSPACE.</msg>
<status status="PASS" starttime="20240205 15:44:48.891" endtime="20240205 15:44:52.268"/>
</kw>
<kw name="Press Keys" library="SeleniumLibrary">
<arg>${Input_Category_name}</arg>
<arg>${name1}</arg>
<doc>Simulates the user pressing key(s) to an element or on the active browser.</doc>
<msg timestamp="20240205 15:44:52.268" level="INFO">Sending key(s) ('TC02_Cateorynew',) to //input[@id="finance-config-category-name"] element.</msg>
<msg timestamp="20240205 15:44:54.574" level="INFO">Sending keys TC02_Cateorynew</msg>
<status status="PASS" starttime="20240205 15:44:52.268" endtime="20240205 15:44:55.957"/>
</kw>
<kw name="Press Keys" library="SeleniumLibrary">
<arg>${Input_Category_Description}</arg>
<arg>CTRL+A+BACKSPACE</arg>
<doc>Simulates the user pressing key(s) to an element or on the active browser.</doc>
<msg timestamp="20240205 15:44:55.959" level="INFO">Sending key(s) ('CTRL+A+BACKSPACE',) to //textarea[@id="finance-config-description"] element.</msg>
<msg timestamp="20240205 15:44:58.295" level="INFO">Pressing special key CONTROL down.</msg>
<msg timestamp="20240205 15:44:58.295" level="INFO">Sending key A</msg>
<msg timestamp="20240205 15:44:58.295" level="INFO">Pressing special key BACKSPACE down.</msg>
<msg timestamp="20240205 15:44:58.295" level="INFO">Releasing special key CONTROL.</msg>
<msg timestamp="20240205 15:44:58.295" level="INFO">Releasing special key BACKSPACE.</msg>
<status status="PASS" starttime="20240205 15:44:55.957" endtime="20240205 15:44:59.346"/>
</kw>
<kw name="Press Keys" library="SeleniumLibrary">
<arg>${Input_Category_Description}</arg>
<arg>${Description2}</arg>
<doc>Simulates the user pressing key(s) to an element or on the active browser.</doc>
<msg timestamp="20240205 15:44:59.347" level="INFO">Sending key(s) ('TC02_Category_descriptionnew',) to //textarea[@id="finance-config-description"] element.</msg>
<msg timestamp="20240205 15:45:01.655" level="INFO">Sending keys TC02_Category_descriptionnew</msg>
<status status="PASS" starttime="20240205 15:44:59.347" endtime="20240205 15:45:03.258"/>
</kw>
<status status="PASS" starttime="20240205 15:44:45.725" endtime="20240205 15:45:03.259"/>
</kw>
<kw name="Wait Until Element is present then click the element" library="common_1">
<arg>${BTN_Save}</arg>
<doc>Using this keyword we can perform click Element</doc>
<kw name="Wait Until Page Contains Element" library="SeleniumLibrary">
<arg>${Element}</arg>
<arg>50</arg>
<doc>Waits until the element ``locator`` appears on the current page.</doc>
<status status="PASS" starttime="20240205 15:45:03.259" endtime="20240205 15:45:04.297"/>
</kw>
<kw name="Wait Until Keyword Succeeds" library="BuiltIn">
<arg>6</arg>
<arg>7</arg>
<arg>Click Element</arg>
<arg>${Element}</arg>
<doc>Runs the specified keyword and retries if it fails.</doc>
<kw name="Click Element" library="SeleniumLibrary">
<arg>${Element}</arg>
<doc>Click the element identified by ``locator``.</doc>
<msg timestamp="20240205 15:45:04.302" level="INFO">Clicking element '//p[text()="Save"]/parent::button'.</msg>
<status status="PASS" starttime="20240205 15:45:04.301" endtime="20240205 15:45:06.412"/>
</kw>
<status status="PASS" starttime="20240205 15:45:04.298" endtime="20240205 15:45:06.412"/>
</kw>
<status status="PASS" starttime="20240205 15:45:03.259" endtime="20240205 15:45:06.412"/>
</kw>
<status status="PASS" starttime="20240205 15:44:42.619" endtime="20240205 15:45:06.412"/>
</kw>
<status status="PASS" starttime="20240205 15:44:42.615" endtime="20240205 15:45:06.412"/>
</kw>
<kw name="Then Click on Delete button in the More icon and Click on Cancel Button" library="PROD-5_Support">
<kw name="Verify a Category name Should not be deleted" library="PROD-5_Support">
<kw name="Search Category" library="common_1">
<arg>${TC02_Category_name_new}</arg>
<doc>no need</doc>
<kw name="Wait Until Element is present then click the element" library="common_1">
<arg>${Search_FinanceConfiguration}</arg>
<doc>Using this keyword we can perform click Element</doc>
<kw name="Wait Until Page Contains Element" library="SeleniumLibrary">
<arg>${Element}</arg>
<arg>50</arg>
<doc>Waits until the element ``locator`` appears on the current page.</doc>
<status status="PASS" starttime="20240205 15:45:06.416" endtime="20240205 15:45:07.453"/>
</kw>
<kw name="Wait Until Keyword Succeeds" library="BuiltIn">
<arg>6</arg>
<arg>7</arg>
<arg>Click Element</arg>
<arg>${Element}</arg>
<doc>Runs the specified keyword and retries if it fails.</doc>
<kw name="Click Element" library="SeleniumLibrary">
<arg>${Element}</arg>
<doc>Click the element identified by ``locator``.</doc>
<msg timestamp="20240205 15:45:07.453" level="INFO">Clicking element '//input[@id="finance-config-search-input"]'.</msg>
<status status="PASS" starttime="20240205 15:45:07.453" endtime="20240205 15:45:09.538"/>
</kw>
<status status="PASS" starttime="20240205 15:45:07.453" endtime="20240205 15:45:09.538"/>
</kw>
<status status="PASS" starttime="20240205 15:45:06.416" endtime="20240205 15:45:09.538"/>
</kw>
<kw name="Press Keys" library="SeleniumLibrary">
<arg>${Search_FinanceConfiguration}</arg>
<arg>CTRL+A+BACKSPACE</arg>
<doc>Simulates the user pressing key(s) to an element or on the active browser.</doc>
<msg timestamp="20240205 15:45:09.542" level="INFO">Sending key(s) ('CTRL+A+BACKSPACE',) to //input[@id="finance-config-search-input"] element.</msg>
<msg timestamp="20240205 15:45:11.869" level="INFO">Pressing special key CONTROL down.</msg>
<msg timestamp="20240205 15:45:11.869" level="INFO">Sending key A</msg>
<msg timestamp="20240205 15:45:11.869" level="INFO">Pressing special key BACKSPACE down.</msg>
<msg timestamp="20240205 15:45:11.869" level="INFO">Releasing special key CONTROL.</msg>
<msg timestamp="20240205 15:45:11.869" level="INFO">Releasing special key BACKSPACE.</msg>
<status status="PASS" starttime="20240205 15:45:09.538" endtime="20240205 15:45:12.909"/>
</kw>
<kw name="Press Keys" library="SeleniumLibrary">
<arg>${Search_FinanceConfiguration}</arg>
<arg>${Name}</arg>
<doc>Simulates the user pressing key(s) to an element or on the active browser.</doc>
<msg timestamp="20240205 15:45:12.909" level="INFO">Sending key(s) ('TC02_Cateorynew',) to //input[@id="finance-config-search-input"] element.</msg>
<msg timestamp="20240205 15:45:15.249" level="INFO">Sending keys TC02_Cateorynew</msg>
<status status="PASS" starttime="20240205 15:45:12.909" endtime="20240205 15:45:16.556"/>
</kw>
<status status="PASS" starttime="20240205 15:45:06.416" endtime="20240205 15:45:16.556"/>
</kw>
<kw name="Click the Kebab button Category" library="common_1">
<arg>${TC02_Category_name_new}</arg>
<doc>Using this keyword we can click the kebab button</doc>
<kw name="Format String" library="String">
<var>${Category_more_option}</var>
<arg>${BTN_Category_More}</arg>
<arg>name=${name}</arg>
<doc>Formats a ``template`` using the given ``positional`` and ``named`` arguments.</doc>
<msg timestamp="20240205 15:45:16.560" level="INFO">${Category_more_option} = //div[@id="more-btn-TC02_Cateorynew"]</msg>
<status status="PASS" starttime="20240205 15:45:16.560" endtime="20240205 15:45:16.560"/>
</kw>
<kw name="Wait Until Element is present then click the element" library="common_1">
<arg>${Category_more_option}</arg>
<doc>Using this keyword we can perform click Element</doc>
<kw name="Wait Until Page Contains Element" library="SeleniumLibrary">
<arg>${Element}</arg>
<arg>50</arg>
<doc>Waits until the element ``locator`` appears on the current page.</doc>
<status status="PASS" starttime="20240205 15:45:16.560" endtime="20240205 15:45:17.591"/>
</kw>
<kw name="Wait Until Keyword Succeeds" library="BuiltIn">
<arg>6</arg>
<arg>7</arg>
<arg>Click Element</arg>
<arg>${Element}</arg>
<doc>Runs the specified keyword and retries if it fails.</doc>
<kw name="Click Element" library="SeleniumLibrary">
<arg>${Element}</arg>
<doc>Click the element identified by ``locator``.</doc>
<msg timestamp="20240205 15:45:17.591" level="INFO">Clicking element '//div[@id="more-btn-TC02_Cateorynew"]'.</msg>
<status status="PASS" starttime="20240205 15:45:17.591" endtime="20240205 15:45:19.697"/>
</kw>
<status status="PASS" starttime="20240205 15:45:17.591" endtime="20240205 15:45:19.698"/>
</kw>
<status status="PASS" starttime="20240205 15:45:16.560" endtime="20240205 15:45:19.698"/>
</kw>
<status status="PASS" starttime="20240205 15:45:16.556" endtime="20240205 15:45:19.698"/>
</kw>
<kw name="Delete Category" library="common_1">
<arg>${TC02_Category_name_new}</arg>
<doc>Using this keyword we can click category delete button</doc>
<kw name="Format String" library="String">
<var>${Category}</var>
<arg>${BTN_Category_Delete}</arg>
<arg>name=${name}</arg>
<doc>Formats a ``template`` using the given ``positional`` and ``named`` arguments.</doc>
<msg timestamp="20240205 15:45:19.701" level="INFO">${Category} = //li[@id="delete-TC02_Cateorynew"]</msg>
<status status="PASS" starttime="20240205 15:45:19.700" endtime="20240205 15:45:19.701"/>
</kw>
<kw name="Wait Until Element is present then click the element" library="common_1">
<arg>${Category}</arg>
<doc>Using this keyword we can perform click Element</doc>
<kw name="Wait Until Page Contains Element" library="SeleniumLibrary">
<arg>${Element}</arg>
<arg>50</arg>
<doc>Waits until the element ``locator`` appears on the current page.</doc>
<status status="PASS" starttime="20240205 15:45:19.705" endtime="20240205 15:45:20.727"/>
</kw>
<kw name="Wait Until Keyword Succeeds" library="BuiltIn">
<arg>6</arg>
<arg>7</arg>
<arg>Click Element</arg>
<arg>${Element}</arg>
<doc>Runs the specified keyword and retries if it fails.</doc>
<kw name="Click Element" library="SeleniumLibrary">
<arg>${Element}</arg>
<doc>Click the element identified by ``locator``.</doc>
<msg timestamp="20240205 15:45:20.728" level="INFO">Clicking element '//li[@id="delete-TC02_Cateorynew"]'.</msg>
<status status="PASS" starttime="20240205 15:45:20.728" endtime="20240205 15:45:22.853"/>
</kw>
<status status="PASS" starttime="20240205 15:45:20.728" endtime="20240205 15:45:22.853"/>
</kw>
<status status="PASS" starttime="20240205 15:45:19.701" endtime="20240205 15:45:22.853"/>
</kw>
<status status="PASS" starttime="20240205 15:45:19.698" endtime="20240205 15:45:22.855"/>
</kw>
<kw name="Wait Until Element is present then click the element" library="common_1">
<arg>${BTN_Cancel}</arg>
<doc>Using this keyword we can perform click Element</doc>
<kw name="Wait Until Page Contains Element" library="SeleniumLibrary">
<arg>${Element}</arg>
<arg>50</arg>
<doc>Waits until the element ``locator`` appears on the current page.</doc>
<status status="PASS" starttime="20240205 15:45:22.858" endtime="20240205 15:45:23.895"/>
</kw>
<kw name="Wait Until Keyword Succeeds" library="BuiltIn">
<arg>6</arg>
<arg>7</arg>
<arg>Click Element</arg>
<arg>${Element}</arg>
<doc>Runs the specified keyword and retries if it fails.</doc>
<kw name="Click Element" library="SeleniumLibrary">
<arg>${Element}</arg>
<doc>Click the element identified by ``locator``.</doc>
<msg timestamp="20240205 15:45:23.899" level="INFO">Clicking element '//p[text()="Cancel"]/parent::button'.</msg>
<status status="PASS" starttime="20240205 15:45:23.895" endtime="20240205 15:45:25.989"/>
</kw>
<status status="PASS" starttime="20240205 15:45:23.895" endtime="20240205 15:45:25.989"/>
</kw>
<status status="PASS" starttime="20240205 15:45:22.856" endtime="20240205 15:45:25.989"/>
</kw>
<status status="PASS" starttime="20240205 15:45:06.416" endtime="20240205 15:45:25.989"/>
</kw>
<status status="PASS" starttime="20240205 15:45:06.412" endtime="20240205 15:45:25.989"/>
</kw>
<kw name="Then Click on Delete button in the More icon and Click on Confirm Button" library="PROD-5_Support">
<kw name="Verify a Category name Should be deleted" library="PROD-5_Support">
<kw name="Click the Kebab button Category" library="common_1">
<arg>${TC02_Category_name_new}</arg>
<doc>Using this keyword we can click the kebab button</doc>
<kw name="Format String" library="String">
<var>${Category_more_option}</var>
<arg>${BTN_Category_More}</arg>
<arg>name=${name}</arg>
<doc>Formats a ``template`` using the given ``positional`` and ``named`` arguments.</doc>
<msg timestamp="20240205 15:45:25.993" level="INFO">${Category_more_option} = //div[@id="more-btn-TC02_Cateorynew"]</msg>
<status status="PASS" starttime="20240205 15:45:25.993" endtime="20240205 15:45:25.993"/>
</kw>
<kw name="Wait Until Element is present then click the element" library="common_1">
<arg>${Category_more_option}</arg>
<doc>Using this keyword we can perform click Element</doc>
<kw name="Wait Until Page Contains Element" library="SeleniumLibrary">
<arg>${Element}</arg>
<arg>50</arg>
<doc>Waits until the element ``locator`` appears on the current page.</doc>
<status status="PASS" starttime="20240205 15:45:25.998" endtime="20240205 15:45:27.014"/>
</kw>
<kw name="Wait Until Keyword Succeeds" library="BuiltIn">
<arg>6</arg>
<arg>7</arg>
<arg>Click Element</arg>
<arg>${Element}</arg>
<doc>Runs the specified keyword and retries if it fails.</doc>
<kw name="Click Element" library="SeleniumLibrary">
<arg>${Element}</arg>
<doc>Click the element identified by ``locator``.</doc>
<msg timestamp="20240205 15:45:27.018" level="INFO">Clicking element '//div[@id="more-btn-TC02_Cateorynew"]'.</msg>
<status status="PASS" starttime="20240205 15:45:27.014" endtime="20240205 15:45:29.112"/>
</kw>
<status status="PASS" starttime="20240205 15:45:27.014" endtime="20240205 15:45:29.112"/>
</kw>
<status status="PASS" starttime="20240205 15:45:25.993" endtime="20240205 15:45:29.112"/>
</kw>
<status status="PASS" starttime="20240205 15:45:25.993" endtime="20240205 15:45:29.112"/>
</kw>
<kw name="Delete Category" library="common_1">
<arg>${TC02_Category_name_new}</arg>
<doc>Using this keyword we can click category delete button</doc>
<kw name="Format String" library="String">
<var>${Category}</var>
<arg>${BTN_Category_Delete}</arg>
<arg>name=${name}</arg>
<doc>Formats a ``template`` using the given ``positional`` and ``named`` arguments.</doc>
<msg timestamp="20240205 15:45:29.116" level="INFO">${Category} = //li[@id="delete-TC02_Cateorynew"]</msg>
<status status="PASS" starttime="20240205 15:45:29.116" endtime="20240205 15:45:29.116"/>
</kw>
<kw name="Wait Until Element is present then click the element" library="common_1">
<arg>${Category}</arg>
<doc>Using this keyword we can perform click Element</doc>
<kw name="Wait Until Page Contains Element" library="SeleniumLibrary">
<arg>${Element}</arg>
<arg>50</arg>
<doc>Waits until the element ``locator`` appears on the current page.</doc>
<status status="PASS" starttime="20240205 15:45:29.116" endtime="20240205 15:45:30.146"/>
</kw>
<kw name="Wait Until Keyword Succeeds" library="BuiltIn">
<arg>6</arg>
<arg>7</arg>
<arg>Click Element</arg>
<arg>${Element}</arg>
<doc>Runs the specified keyword and retries if it fails.</doc>
<kw name="Click Element" library="SeleniumLibrary">
<arg>${Element}</arg>
<doc>Click the element identified by ``locator``.</doc>
<msg timestamp="20240205 15:45:30.146" level="INFO">Clicking element '//li[@id="delete-TC02_Cateorynew"]'.</msg>
<status status="PASS" starttime="20240205 15:45:30.146" endtime="20240205 15:45:32.240"/>
</kw>
<status status="PASS" starttime="20240205 15:45:30.146" endtime="20240205 15:45:32.240"/>
</kw>
<status status="PASS" starttime="20240205 15:45:29.116" endtime="20240205 15:45:32.240"/>
</kw>
<status status="PASS" starttime="20240205 15:45:29.112" endtime="20240205 15:45:32.240"/>
</kw>
<kw name="Wait Until Element is present then click the element" library="common_1">
<arg>${BTN_Confirm}</arg>
<doc>Using this keyword we can perform click Element</doc>
<kw name="Wait Until Page Contains Element" library="SeleniumLibrary">
<arg>${Element}</arg>
<arg>50</arg>
<doc>Waits until the element ``locator`` appears on the current page.</doc>
<status status="PASS" starttime="20240205 15:45:32.243" endtime="20240205 15:45:33.261"/>
</kw>
<kw name="Wait Until Keyword Succeeds" library="BuiltIn">
<arg>6</arg>
<arg>7</arg>
<arg>Click Element</arg>
<arg>${Element}</arg>
<doc>Runs the specified keyword and retries if it fails.</doc>
<kw name="Click Element" library="SeleniumLibrary">
<arg>${Element}</arg>
<doc>Click the element identified by ``locator``.</doc>
<msg timestamp="20240205 15:45:33.265" level="INFO">Clicking element '//p[text()="Confirm"]/parent::button'.</msg>
<status status="PASS" starttime="20240205 15:45:33.265" endtime="20240205 15:45:35.388"/>
</kw>
<status status="PASS" starttime="20240205 15:45:33.265" endtime="20240205 15:45:35.388"/>
</kw>
<status status="PASS" starttime="20240205 15:45:32.240" endtime="20240205 15:45:35.388"/>
</kw>
<status status="PASS" starttime="20240205 15:45:25.989" endtime="20240205 15:45:35.388"/>
</kw>
<status status="PASS" starttime="20240205 15:45:25.989" endtime="20240205 15:45:35.388"/>
</kw>
<kw name="And Close the Browser" library="PROD-5_Support">
<kw name="Verify Application should be Close" library="PROD-5_Support">
<kw name="&quot;Close the Browser&quot;" library="common_1">
<kw name="Close Browser" library="SeleniumLibrary">
<doc>Closes the current browser.</doc>
<status status="PASS" starttime="20240205 15:45:35.392" endtime="20240205 15:45:38.516"/>
</kw>
<status status="PASS" starttime="20240205 15:45:35.392" endtime="20240205 15:45:38.517"/>
</kw>
<status status="PASS" starttime="20240205 15:45:35.392" endtime="20240205 15:45:38.517"/>
</kw>
<status status="PASS" starttime="20240205 15:45:35.388" endtime="20240205 15:45:38.517"/>
</kw>
<doc>Category Create,Search,Edit and Delete</doc>
<tag>name:Amritha</tag>
<tag>PROD-5</tag>
<tag>Test</tag>
<status status="PASS" starttime="20240205 15:42:55.952" endtime="20240205 15:45:38.517"/>
</test>
<doc>Category Create,Search,Edit and Delete</doc>
<status status="PASS" starttime="20240205 15:42:55.591" endtime="20240205 15:45:38.520"/>
</suite>
<status status="PASS" starttime="20240205 15:42:55.587" endtime="20240205 15:45:38.520"/>
</suite>
<status status="PASS" starttime="20240205 15:42:55.346" endtime="20240205 15:45:38.524"/>
</suite>
<statistics>
<total>
<stat pass="1" fail="0" skip="0">All Tests</stat>
</total>
<tag>
<stat pass="1" fail="0" skip="0">name:Amritha</stat>
<stat pass="1" fail="0" skip="0">PROD-5</stat>
<stat pass="1" fail="0" skip="0">Test</stat>
</tag>
<suite>
<stat pass="1" fail="0" skip="0" id="s1" name="Productor">Productor</stat>
<stat pass="1" fail="0" skip="0" id="s1-s1" name="Testcase">Productor.Testcase</stat>
<stat pass="1" fail="0" skip="0" id="s1-s1-s1" name="PROD-5">Productor.Testcase.PROD-5</stat>
</suite>
</statistics>
<errors>
</errors>
</robot>
