<?xml version="1.0" encoding="UTF-8"?>
<robot generator="Robot 6.0.2 (Python 3.10.0 on win32)" generated="20240203 19:11:44.874" rpa="false" schemaversion="3">
<suite id="s1" name="Productor" source="C:\Productor">
<kw name="Setup" type="SETUP">
<kw name="Log" library="BuiltIn">
<arg>start to run</arg>
<doc>Logs the given message with the given level.</doc>
<msg timestamp="20240203 19:11:45.238" level="INFO">start to run</msg>
<status status="PASS" starttime="20240203 19:11:45.236" endtime="20240203 19:11:45.238"/>
</kw>
<status status="PASS" starttime="20240203 19:11:45.235" endtime="20240203 19:11:45.238"/>
</kw>
<suite id="s1-s1" name="Testcase" source="C:\Productor\Testcase">
<suite id="s1-s1-s1" name="TC05" source="C:\Productor\Testcase\TC05.robot">
<test id="s1-s1-s1-t1" name="TC05" line="9">
<kw name="Given Login into Productor Application" library="TC01_Support">
<kw name="Verify an application should be opened" library="TC01_Support">
<kw name="Login Application" library="Login">
<arg>${username002}</arg>
<doc>Using this keyword we can login Productor Application.</doc>
<kw name="Get File" library="OperatingSystem">
<var>${json_data}</var>
<arg>Data/password.json</arg>
<doc>Returns the contents of a specified file.</doc>
<msg timestamp="20240203 19:11:45.675" level="INFO" html="true">Getting file '&lt;a href="file://C:\Productor\Data\password.json"&gt;C:\Productor\Data\password.json&lt;/a&gt;'.</msg>
<msg timestamp="20240203 19:11:45.675" level="INFO">${json_data} = {
    "Tparthi@valuefactors.io": "gAAAAABlrkVsEdFMiMlTdK5zUdkIrh2gW0m7VKitqu1yc05zjvhEtgtLf1WAMAOHRJpwgI8mhU9rPO9To7wrVhBmzNtn6JJSqg==",
    "neeraj@codebyte.solutions": "gAAAAABlvf_wHd_s-rfaDVYJP09Sz...</msg>
<status status="PASS" starttime="20240203 19:11:45.674" endtime="20240203 19:11:45.675"/>
</kw>
<kw name="Evaluate" library="BuiltIn">
<var>${object}</var>
<arg>json.loads('''${json_data}''')</arg>
<arg>json</arg>
<doc>Evaluates the given expression in Python and returns the result.</doc>
<msg timestamp="20240203 19:11:45.677" level="INFO">${object} = {'Tparthi@valuefactors.io': 'gAAAAABlrkVsEdFMiMlTdK5zUdkIrh2gW0m7VKitqu1yc05zjvhEtgtLf1WAMAOHRJpwgI8mhU9rPO9To7wrVhBmzNtn6JJSqg==', 'neeraj@codebyte.solutions': 'gAAAAABlvf_wHd_s-rfaDVYJP09SzZmO4H8t5J...</msg>
<status status="PASS" starttime="20240203 19:11:45.676" endtime="20240203 19:11:45.677"/>
</kw>
<kw name="Set Variable" library="BuiltIn">
<var>${encry}</var>
<arg>${object['${username}']}</arg>
<doc>Returns the given values which can then be assigned to a variables.</doc>
<msg timestamp="20240203 19:11:45.679" level="INFO">${encry} = gAAAAABlvf_wHd_s-rfaDVYJP09SzZmO4H8t5J09u-ZvB3nvy4zPznfgWrIF25Uq0ihXWaVr3yq0MSlnkAximgkzjaHawUJIXA==</msg>
<status status="PASS" starttime="20240203 19:11:45.677" endtime="20240203 19:11:45.679"/>
</kw>
<kw name="Evaluate" library="BuiltIn">
<var>${options}</var>
<arg>sys.modules['selenium.webdriver'].EdgeOptions()</arg>
<arg>sys,selenium.webdriver</arg>
<doc>Evaluates the given expression in Python and returns the result.</doc>
<msg timestamp="20240203 19:11:45.681" level="INFO">${options} = &lt;selenium.webdriver.edge.options.Options object at 0x0000017C0304DED0&gt;</msg>
<status status="PASS" starttime="20240203 19:11:45.680" endtime="20240203 19:11:45.681"/>
</kw>
<kw name="Call Method" library="BuiltIn">
<arg>${options}</arg>
<arg>add_argument</arg>
<arg>inprivate</arg>
<doc>Calls the named method of the given object with the provided arguments.</doc>
<status status="PASS" starttime="20240203 19:11:45.681" endtime="20240203 19:11:45.682"/>
</kw>
<kw name="Create Webdriver" library="SeleniumLibrary">
<var>${driver}</var>
<arg>Edge</arg>
<arg>options=${options}</arg>
<doc>Creates an instance of Selenium WebDriver.</doc>
<msg timestamp="20240203 19:11:45.683" level="INFO">Creating an instance of the Edge WebDriver.</msg>
<msg timestamp="20240203 19:11:45.695" level="INFO">Applicable driver not found; attempting to install with Selenium Manager (Beta)</msg>
<msg timestamp="20240203 19:11:47.493" level="INFO">${driver} = 1</msg>
<status status="PASS" starttime="20240203 19:11:45.682" endtime="20240203 19:11:47.493"/>
</kw>
<kw name="Go To" library="SeleniumLibrary">
<arg>${Productor_Url}</arg>
<doc>Navigates the current browser window to the provided ``url``.</doc>
<msg timestamp="20240203 19:11:47.497" level="INFO">Opening url 'https://predev-productor.valuefactors.io/auth/login/'</msg>
<status status="PASS" starttime="20240203 19:11:47.496" endtime="20240203 19:11:50.014"/>
</kw>
<kw name="Maximize Browser Window" library="SeleniumLibrary">
<doc>Maximizes current browser window.</doc>
<status status="PASS" starttime="20240203 19:11:50.017" endtime="20240203 19:11:51.167"/>
</kw>
<kw name="Set Selenium Speed" library="SeleniumLibrary">
<arg>0.1</arg>
<doc>Sets the delay that is waited after each Selenium command.</doc>
<status status="PASS" starttime="20240203 19:11:51.167" endtime="20240203 19:11:51.168"/>
</kw>
<kw name="Wait Until Page Contains Element" library="SeleniumLibrary">
<arg>${Input_Username}</arg>
<arg>50</arg>
<doc>Waits until the element ``locator`` appears on the current page.</doc>
<status status="PASS" starttime="20240203 19:11:51.168" endtime="20240203 19:11:51.564"/>
</kw>
<kw name="Press Keys" library="SeleniumLibrary">
<arg>${Input_Username}</arg>
<arg>${username}</arg>
<doc>Simulates the user pressing key(s) to an element or on the active browser.</doc>
<msg timestamp="20240203 19:11:51.567" level="INFO">Sending key(s) ('neeraj@codebyte.solutions',) to //input[@id="auth-email-id"] element.</msg>
<msg timestamp="20240203 19:11:52.266" level="INFO">Sending keys neeraj@codebyte.solutions</msg>
<status status="PASS" starttime="20240203 19:11:51.565" endtime="20240203 19:11:53.364"/>
</kw>
<kw name="Use Encryption Key" library="RPA.Crypto">
<arg>${public_key}</arg>
<doc>Set key for all following encryption/decryption operations.</doc>
<msg timestamp="20240203 19:11:53.367" level="INFO">Protecting keyword: RPA.Crypto.Use Encryption Key</msg>
<msg timestamp="20240203 19:11:53.369" level="INFO">Log level changed from NONE to INFO.</msg>
<status status="PASS" starttime="20240203 19:11:53.365" endtime="20240203 19:11:53.368"/>
</kw>
<kw name="Decrypt String" library="RPA.Crypto">
<var>${Decry}</var>
<arg>${encry}</arg>
<doc>Decrypt a string.</doc>
<msg timestamp="20240203 19:11:53.375" level="INFO">${Decry} = Test123$%^</msg>
<status status="PASS" starttime="20240203 19:11:53.369" endtime="20240203 19:11:53.375"/>
</kw>
<kw name="Log" library="BuiltIn">
<arg>${Decry}</arg>
<doc>Logs the given message with the given level.</doc>
<msg timestamp="20240203 19:11:53.379" level="INFO">Test123$%^</msg>
<status status="PASS" starttime="20240203 19:11:53.376" endtime="20240203 19:11:53.379"/>
</kw>
<kw name="Press Keys" library="SeleniumLibrary">
<arg>${Input_Password}</arg>
<arg>${Decry}</arg>
<doc>Simulates the user pressing key(s) to an element or on the active browser.</doc>
<msg timestamp="20240203 19:11:53.383" level="INFO">Sending key(s) ('Test123$%^',) to //input[@id="auth-password"] element.</msg>
<msg timestamp="20240203 19:11:54.006" level="INFO">Sending keys Test123$%^</msg>
<status status="PASS" starttime="20240203 19:11:53.381" endtime="20240203 19:11:54.282"/>
</kw>
<status status="PASS" starttime="20240203 19:11:45.673" endtime="20240203 19:11:54.282"/>
</kw>
<status status="PASS" starttime="20240203 19:11:45.673" endtime="20240203 19:11:54.284"/>
</kw>
<status status="PASS" starttime="20240203 19:11:45.672" endtime="20240203 19:11:54.284"/>
</kw>
<kw name="Then Close the Browser" library="TC01_Support">
<kw name="Verify an Application should be closed" library="TC01_Support">
<kw name="&quot;Close the Browser&quot;" library="common_1">
<kw name="Close Browser" library="SeleniumLibrary">
<doc>Closes the current browser.</doc>
<status status="PASS" starttime="20240203 19:11:54.287" endtime="20240203 19:11:56.597"/>
</kw>
<status status="PASS" starttime="20240203 19:11:54.287" endtime="20240203 19:11:56.597"/>
</kw>
<status status="PASS" starttime="20240203 19:11:54.285" endtime="20240203 19:11:56.597"/>
</kw>
<status status="PASS" starttime="20240203 19:11:54.284" endtime="20240203 19:11:56.597"/>
</kw>
<tag>TC01</tag>
<status status="PASS" starttime="20240203 19:11:45.670" endtime="20240203 19:11:56.601"/>
</test>
<doc>Create,Edit,Delete Portfolio</doc>
<status status="PASS" starttime="20240203 19:11:45.242" endtime="20240203 19:11:56.601"/>
</suite>
<status status="PASS" starttime="20240203 19:11:45.238" endtime="20240203 19:11:56.606"/>
</suite>
<status status="PASS" starttime="20240203 19:11:44.898" endtime="20240203 19:11:56.606"/>
</suite>
<statistics>
<total>
<stat pass="1" fail="0" skip="0">All Tests</stat>
</total>
<tag>
<stat pass="1" fail="0" skip="0">TC01</stat>
</tag>
<suite>
<stat pass="1" fail="0" skip="0" id="s1" name="Productor">Productor</stat>
<stat pass="1" fail="0" skip="0" id="s1-s1" name="Testcase">Productor.Testcase</stat>
<stat pass="1" fail="0" skip="0" id="s1-s1-s1" name="TC05">Productor.Testcase.TC05</stat>
</suite>
</statistics>
<errors>
</errors>
</robot>
